{
  "stats": {
    "suites": 5,
    "tests": 13,
    "passes": 10,
    "pending": 1,
    "failures": 2,
    "testsRegistered": 13,
    "passPercent": 76.92307692307692,
    "pendingPercent": 7.6923076923076925,
    "other": 0,
    "hasOther": false,
    "skipped": 0,
    "hasSkipped": false,
    "start": "2025-08-06T12:46:42.412Z",
    "end": "2025-08-06T12:49:44.261Z",
    "duration": 181849
  },
  "results": [
    {
      "uuid": "cad51c83-8ba4-4dd1-b4f4-6a961b3ec425",
      "title": "",
      "fullFile": "cypress\\e2e\\dsa\\referrers\\create.js",
      "file": "cypress\\e2e\\dsa\\referrers\\create.js",
      "beforeHooks": [],
      "afterHooks": [],
      "tests": [],
      "suites": [
        {
          "uuid": "c133d74b-c947-4758-8e21-ae979c15ac5a",
          "title": "Nevigate to the referrers asset",
          "fullFile": "cypress\\e2e\\dsa\\referrers\\create.js",
          "file": "cypress\\e2e\\dsa\\referrers\\create.js",
          "beforeHooks": [],
          "afterHooks": [],
          "tests": [
            {
              "title": "create referrer",
              "fullTitle": "Nevigate to the referrers asset create referrer",
              "timedOut": null,
              "duration": 11452,
              "state": "passed",
              "speed": "slow",
              "pass": true,
              "fail": false,
              "pending": false,
              "context": null,
              "code": "cy.wait(\"@appAuth\", {\n  timeout: 10000\n}).then(({\n  response\n}) => {\n  userRole = response.body.result.user.role;\n  if (userRole === \"std\") {\n    (void 0).skip();\n  }\n  ;\n  cyGet('[data-testid=\"Create Referrer\"]').click();\n  cy.wait(\"@getfieldOnForm\", {\n    timeout: 10000\n  }).then(({\n    response\n  }) => {\n    var _response$body;\n    const fieldConfig = (response === null || response === void 0 || (_response$body = response.body) === null || _response$body === void 0 || (_response$body = _response$body.result) === null || _response$body === void 0 ? void 0 : _response$body.values) || [];\n    propwiseFields(fieldConfig);\n    cyGet('[data-testid=\"Create\"]').click();\n  });\n});",
              "err": {},
              "uuid": "ac9777c5-6fbe-45e6-9169-2a0bfe247a70",
              "parentUUID": "c133d74b-c947-4758-8e21-ae979c15ac5a",
              "isHook": false,
              "skipped": false
            }
          ],
          "suites": [],
          "passes": [
            "ac9777c5-6fbe-45e6-9169-2a0bfe247a70"
          ],
          "failures": [],
          "pending": [],
          "skipped": [],
          "duration": 11452,
          "root": false,
          "rootEmpty": false,
          "_timeout": 2000
        }
      ],
      "passes": [],
      "failures": [],
      "pending": [],
      "skipped": [],
      "duration": 0,
      "root": true,
      "rootEmpty": true,
      "_timeout": 2000
    },
    {
      "uuid": "813134dc-22ea-4f08-8967-f5e42b27a217",
      "title": "",
      "fullFile": "cypress\\e2e\\dsa\\partnerBanks\\create.js",
      "file": "cypress\\e2e\\dsa\\partnerBanks\\create.js",
      "beforeHooks": [],
      "afterHooks": [],
      "tests": [],
      "suites": [
        {
          "uuid": "63250e64-b4fe-4fd3-8595-dc051498397a",
          "title": "Nevigate to the partner bank asset",
          "fullFile": "cypress\\e2e\\dsa\\partnerBanks\\create.js",
          "file": "cypress\\e2e\\dsa\\partnerBanks\\create.js",
          "beforeHooks": [],
          "afterHooks": [],
          "tests": [
            {
              "title": "Add partner bank",
              "fullTitle": "Nevigate to the partner bank asset Add partner bank",
              "timedOut": null,
              "duration": 10237,
              "state": "passed",
              "speed": "slow",
              "pass": true,
              "fail": false,
              "pending": false,
              "context": null,
              "code": "cy.wait(\"@appAuth\", {\n  timeout: 10000\n}).then(({\n  response\n}) => {\n  userRole = response.body.result.user.role;\n  if (userRole === \"std\") {\n    (void 0).skip();\n  }\n  ;\n  cy.log(JSON.stringify(userRole));\n  cyGet('[data-testid=\"Create Partner Bank\"]').click();\n  cy.wait(\"@getfieldOnForm\", {\n    timeout: 10000\n  }).then(({\n    response\n  }) => {\n    var _response$body;\n    const fieldConfig = (response === null || response === void 0 || (_response$body = response.body) === null || _response$body === void 0 || (_response$body = _response$body.result) === null || _response$body === void 0 ? void 0 : _response$body.values) || [];\n    propwiseFields(fieldConfig);\n    cyGet('[data-testid=\"Create\"]').click();\n  });\n});",
              "err": {},
              "uuid": "0c713787-a118-4afc-9c55-c34cdd1ffbed",
              "parentUUID": "63250e64-b4fe-4fd3-8595-dc051498397a",
              "isHook": false,
              "skipped": false
            }
          ],
          "suites": [],
          "passes": [
            "0c713787-a118-4afc-9c55-c34cdd1ffbed"
          ],
          "failures": [],
          "pending": [],
          "skipped": [],
          "duration": 10237,
          "root": false,
          "rootEmpty": false,
          "_timeout": 2000
        }
      ],
      "passes": [],
      "failures": [],
      "pending": [],
      "skipped": [],
      "duration": 0,
      "root": true,
      "rootEmpty": true,
      "_timeout": 2000
    },
    {
      "uuid": "6428da6b-b4c9-460c-a034-373106b28b74",
      "title": "",
      "fullFile": "cypress\\e2e\\dsa\\loanEnquiry\\create.js",
      "file": "cypress\\e2e\\dsa\\loanEnquiry\\create.js",
      "beforeHooks": [],
      "afterHooks": [],
      "tests": [],
      "suites": [
        {
          "uuid": "13e27ba8-9063-421e-90ab-a693071a5bee",
          "title": "Nevigate to the Loan Enquiry",
          "fullFile": "cypress\\e2e\\dsa\\loanEnquiry\\create.js",
          "file": "cypress\\e2e\\dsa\\loanEnquiry\\create.js",
          "beforeHooks": [],
          "afterHooks": [],
          "tests": [
            {
              "title": "create loan enquiry",
              "fullTitle": "Nevigate to the Loan Enquiry create loan enquiry",
              "timedOut": null,
              "duration": 21118,
              "state": "passed",
              "speed": "slow",
              "pass": true,
              "fail": false,
              "pending": false,
              "context": null,
              "code": "cy.wait(\"@appAuth\", {\n  timeout: 10000\n}).then(({\n  response\n}) => {\n  userRole = response.body.result.user.role;\n  if (userRole === \"std\") {\n    (void 0).skip();\n  }\n  ;\n  cy.log(JSON.stringify(userRole));\n  cy.get('[data-testid=\"Create Loan Enquiry\"]').click();\n  cy.wait(\"@getfieldOnForm\", {\n    timeout: 10000\n  }).then(({\n    response\n  }) => {\n    var _response$body;\n    const fieldConfig = (response === null || response === void 0 || (_response$body = response.body) === null || _response$body === void 0 || (_response$body = _response$body.result) === null || _response$body === void 0 ? void 0 : _response$body.values) || [];\n    propwiseFields(fieldConfig);\n    cy.get('[data-testid=\"Create\"]').click();\n  });\n});",
              "err": {},
              "uuid": "22536f96-6bdc-4359-a1d5-edaaf1b07bfa",
              "parentUUID": "13e27ba8-9063-421e-90ab-a693071a5bee",
              "isHook": false,
              "skipped": false
            },
            {
              "title": "Fill personal information",
              "fullTitle": "Nevigate to the Loan Enquiry Fill personal information",
              "timedOut": null,
              "duration": 8540,
              "state": "passed",
              "speed": "medium",
              "pass": true,
              "fail": false,
              "pending": false,
              "context": null,
              "code": "cyGet('[data-testid=\"buelementgroup-box-n1f8dc7ag\"]').find('[aria-label=\"Grid view\"] button').click();\ncy.wait(\"@recordsGrid\", {\n  timeout: 10000\n}).then(({\n  response\n}) => {\n  const uidField = response.body.result.view.columns.find(fld => fld.prop === \"uid\");\n  const loanEnquiryId = response.body.result.values[0][uidField.id];\n  const recordId = response.body.result.values[0].id;\n  cy.contains(`tr`, loanEnquiryId).find(`td`).contains(loanEnquiryId).click({\n    force: true\n  });\n  cy.wait(\"@getBiztab\", {\n    timeout: 10000\n  }).then(({\n    response\n  }) => {\n    const piField = response.body.result.find(fld => fld.label === \"Personal Information\");\n    cy.intercept(\"GET\", `**/rms/records/${recordId}?module=dsa&asset=loan_enquiry&catId=681c4fcf8428f38032e71227&fieldGroup=${piField.id}`).as(\"piFieldGroup\");\n    if (!piField) {\n      (void 0).skip();\n    }\n    cyGet(`[aria-label=\"Simple Tab\"] [aria-label=\"${piField === null || piField === void 0 ? void 0 : piField.label}\"]`).should(\"contain.text\", piField === null || piField === void 0 ? void 0 : piField.label).click();\n    cy.wait(\"@piFieldGroup\", {\n      timeout: 10000\n    }).then(({\n      response\n    }) => {\n      var _response$body2;\n      const recordProfile = (response === null || response === void 0 || (_response$body2 = response.body) === null || _response$body2 === void 0 || (_response$body2 = _response$body2.result) === null || _response$body2 === void 0 ? void 0 : _response$body2.profile) || [];\n      propwiseFields(recordProfile);\n      cyGet(`[data-testid=\"Save tab form\"]`).click();\n    });\n  });\n});",
              "err": {},
              "uuid": "0f27a48d-2504-4163-954d-2bc0553afba8",
              "parentUUID": "13e27ba8-9063-421e-90ab-a693071a5bee",
              "isHook": false,
              "skipped": false
            },
            {
              "title": "Fill income detail",
              "fullTitle": "Nevigate to the Loan Enquiry Fill income detail",
              "timedOut": null,
              "duration": 11303,
              "state": "passed",
              "speed": "slow",
              "pass": true,
              "fail": false,
              "pending": false,
              "context": null,
              "code": "cy.viewport(1920, 1200);\ncyGet('[data-testid=\"buelementgroup-box-n1f8dc7ag\"]').find('[aria-label=\"Grid view\"] button').click();\ncy.wait(\"@recordsGrid\", {\n  timeout: 10000\n}).then(({\n  response\n}) => {\n  const uidField = response.body.result.view.columns.find(fld => fld.prop === \"uid\");\n  const loanEnquiryId = response.body.result.values[0][uidField.id];\n  const recordId = response.body.result.values[0].id;\n  cy.contains(`tr`, loanEnquiryId).find(`td`).contains(loanEnquiryId).click({\n    force: true\n  });\n  cy.wait(\"@getBiztab\", {\n    timeout: 10000\n  }).then(({\n    response\n  }) => {\n    const incomeField = response.body.result.find(fld => fld.label === \"Income Details\");\n    cy.intercept(\"GET\", `**/rms/records/${recordId}?module=dsa&asset=loan_enquiry&catId=681c4fcf8428f38032e71227&fieldGroup=${incomeField.id}`).as(\"incomeFieldFieldGroup\");\n    if (!incomeField) {\n      (void 0).skip();\n    }\n    cyGet(`[aria-label=\"Simple Tab\"] [aria-label=\"${incomeField === null || incomeField === void 0 ? void 0 : incomeField.label}\"]`).should(\"contain.text\", incomeField === null || incomeField === void 0 ? void 0 : incomeField.label).click();\n    cy.wait(\"@incomeFieldFieldGroup\", {\n      timeout: 10000\n    }).then(({\n      response\n    }) => {\n      var _response$body3;\n      const recordProfile = response === null || response === void 0 || (_response$body3 = response.body) === null || _response$body3 === void 0 || (_response$body3 = _response$body3.result) === null || _response$body3 === void 0 ? void 0 : _response$body3.profile.slice(0, 11);\n      propwiseFields(recordProfile);\n      cyGet(`[data-testid=\"Save tab form\"]`).click();\n    });\n  });\n});",
              "err": {},
              "uuid": "d4834dff-8109-4a37-9593-7d455ce03640",
              "parentUUID": "13e27ba8-9063-421e-90ab-a693071a5bee",
              "isHook": false,
              "skipped": false
            },
            {
              "title": "Fill previous loan",
              "fullTitle": "Nevigate to the Loan Enquiry Fill previous loan",
              "timedOut": null,
              "duration": 0,
              "state": "pending",
              "speed": null,
              "pass": false,
              "fail": false,
              "pending": true,
              "context": null,
              "code": "cyGet('[data-testid=\"buelementgroup-box-n1f8dc7ag\"]').find('[aria-label=\"Grid view\"] button').click();\ncy.wait(\"@recordsGrid\", {\n  timeout: 10000\n}).then(({\n  response\n}) => {\n  const uidField = response.body.result.view.columns.find(fld => fld.prop === \"uid\");\n  const loanEnquiryId = response.body.result.values[0][uidField.id];\n  const recordId = response.body.result.values[0].id;\n  cy.contains(`tr`, loanEnquiryId).find(`td`).contains(loanEnquiryId).click({\n    force: true\n  });\n  cy.wait(\"@getBiztab\", {\n    timeout: 10000\n  }).then(({\n    response\n  }) => {\n    const plField = response.body.result.find(fld => fld.label === \"Previous Loan\");\n    cy.intercept(\"GET\", `**/rms/records/${recordId}?module=dsa&asset=loan_enquiry&catId=681c4fcf8428f38032e71227&fieldGroup=${plField.id}`).as(\"plFieldFieldGroup\");\n    if (!plField) {\n      (void 0).skip();\n    }\n    cyGet(`[aria-label=\"Simple Tab\"] [aria-label=\"${plField === null || plField === void 0 ? void 0 : plField.label}\"]`).should(\"contain.text\", plField === null || plField === void 0 ? void 0 : plField.label).click();\n    cy.wait(\"@plFieldFieldGroup\", {\n      timeout: 10000\n    }).then(({\n      response\n    }) => {\n      var _response$body4;\n      const recordProfile = (response === null || response === void 0 || (_response$body4 = response.body) === null || _response$body4 === void 0 || (_response$body4 = _response$body4.result) === null || _response$body4 === void 0 ? void 0 : _response$body4.profile) || [];\n      propwiseFields(recordProfile);\n      cyGet(`[data-testid=\"Save tab form\"]`).click();\n    });\n  });\n});",
              "err": {},
              "uuid": "b5a67a45-6bf1-442c-9a3b-2377bdc4e213",
              "parentUUID": "13e27ba8-9063-421e-90ab-a693071a5bee",
              "isHook": false,
              "skipped": false
            },
            {
              "title": "upload required documents",
              "fullTitle": "Nevigate to the Loan Enquiry upload required documents",
              "timedOut": null,
              "duration": 34042,
              "state": "passed",
              "speed": "slow",
              "pass": true,
              "fail": false,
              "pending": false,
              "context": null,
              "code": "cyGet('[data-testid=\"buelementgroup-box-n1f8dc7ag\"]').find('[aria-label=\"Grid view\"] button').click();\ncy.wait(\"@recordsGrid\", {\n  timeout: 10000\n}).then(({\n  response\n}) => {\n  const uidField = response.body.result.view.columns.find(fld => fld.prop === \"uid\");\n  const loanEnquiryId = response.body.result.values[0][uidField.id];\n  const recordId = response.body.result.values[0].id;\n  cy.contains(`tr`, loanEnquiryId).find(`td`).contains(loanEnquiryId).click({\n    force: true\n  });\n  cy.wait(\"@getBiztab\", {\n    timeout: 10000\n  }).then(({\n    response\n  }) => {\n    const drField = response.body.result.find(fld => fld.label === \"Document Required\");\n    cy.intercept(\"GET\", `**/rms/records/${recordId}?module=dsa&asset=loan_enquiry&catId=681c4fcf8428f38032e71227&fieldGroup=${drField.id}`).as(\"drFieldFieldGroup\");\n    if (!drField) {\n      (void 0).skip();\n    }\n    cyGet(`[aria-label=\"Simple Tab\"] [aria-label=\"${drField === null || drField === void 0 ? void 0 : drField.label}\"]`).should(\"contain.text\", drField === null || drField === void 0 ? void 0 : drField.label).click();\n    cy.wait(\"@drFieldFieldGroup\", {\n      timeout: 10000\n    }).then(({\n      response\n    }) => {\n      var _response$body5;\n      const allFields = (response === null || response === void 0 || (_response$body5 = response.body) === null || _response$body5 === void 0 || (_response$body5 = _response$body5.result) === null || _response$body5 === void 0 ? void 0 : _response$body5.profile) || [];\n      const customiseLoanFields = getRequiredFieldsByLoanType(allFields, 'Personal Loan');\n      propwiseFields(customiseLoanFields);\n      cyGet(`[data-testid=\"Save tab form\"]`).click();\n    });\n  });\n});",
              "err": {},
              "uuid": "e46f5182-98ec-43db-8df9-950455fc72ad",
              "parentUUID": "13e27ba8-9063-421e-90ab-a693071a5bee",
              "isHook": false,
              "skipped": false
            }
          ],
          "suites": [],
          "passes": [
            "22536f96-6bdc-4359-a1d5-edaaf1b07bfa",
            "0f27a48d-2504-4163-954d-2bc0553afba8",
            "d4834dff-8109-4a37-9593-7d455ce03640",
            "e46f5182-98ec-43db-8df9-950455fc72ad"
          ],
          "failures": [],
          "pending": [
            "b5a67a45-6bf1-442c-9a3b-2377bdc4e213"
          ],
          "skipped": [],
          "duration": 75003,
          "root": false,
          "rootEmpty": false,
          "_timeout": 2000
        }
      ],
      "passes": [],
      "failures": [],
      "pending": [],
      "skipped": [],
      "duration": 0,
      "root": true,
      "rootEmpty": true,
      "_timeout": 2000
    },
    {
      "uuid": "8b51a7cf-8431-4748-9e18-34986ab6c180",
      "title": "",
      "fullFile": "cypress\\e2e\\dsa\\loanEnquiry\\edit.js",
      "file": "cypress\\e2e\\dsa\\loanEnquiry\\edit.js",
      "beforeHooks": [],
      "afterHooks": [],
      "tests": [],
      "suites": [
        {
          "uuid": "5458b737-1c72-4671-bae4-7b9f470f25a6",
          "title": "Nevigate to the Loan Enquiry",
          "fullFile": "cypress\\e2e\\dsa\\loanEnquiry\\edit.js",
          "file": "cypress\\e2e\\dsa\\loanEnquiry\\edit.js",
          "beforeHooks": [],
          "afterHooks": [],
          "tests": [
            {
              "title": "Edit stage - Application Sumbited",
              "fullTitle": "Nevigate to the Loan Enquiry Edit stage - Application Sumbited",
              "timedOut": null,
              "duration": 9145,
              "state": "passed",
              "speed": "medium",
              "pass": true,
              "fail": false,
              "pending": false,
              "context": null,
              "code": "cy.visit(`${updatedUrl}/loan_enquiries`);\ncyGet('[data-testid=\"buelementgroup-box-n1f8dc7ag\"]').find('[aria-label=\"Grid view\"] button').click();\ncy.wait(\"@recordsGrid\", {\n  timeout: 10000\n}).then(({\n  response\n}) => {\n  const uidField = response.body.result.view.columns.find(fld => fld.prop === \"uid\");\n  loanEnquiryId = response.body.result.values[0][uidField.id];\n  const recordId = response.body.result.values[0].id;\n  cy.intercept(\"GET\", `**/rms/records/${recordId}?*`).as(\"getRecord\");\n  cy.contains(`tr`, loanEnquiryId).find(`td`).contains(loanEnquiryId).click({\n    force: true\n  });\n  fieldOnForm(`#detail-form [data-testid=\"budropdown-box-ty1opau5a\"] label`, \"Stage\", \"input\").click();\n  buSearchbox(globalSel.search, \"Application Submitted\");\n  budropdownOption(\"Application Submitted\", `[data-testid=\"buchip-chip-5r51zm55o\"]`).click();\n  buSaveButton().click();\n});",
              "err": {},
              "uuid": "ff7a6bc7-54f3-4d3c-9b02-2e1389c4cb73",
              "parentUUID": "5458b737-1c72-4671-bae4-7b9f470f25a6",
              "isHook": false,
              "skipped": false
            },
            {
              "title": "Confirm that the loan enquiry moved to the Loan Request after application submitted.",
              "fullTitle": "Nevigate to the Loan Enquiry Confirm that the loan enquiry moved to the Loan Request after application submitted.",
              "timedOut": null,
              "duration": 2916,
              "state": "failed",
              "speed": null,
              "pass": false,
              "fail": true,
              "pending": false,
              "context": null,
              "code": "cy.visit(`${updatedUrl}/loan_requests`);\ncyGet('[data-testid=\"buelementgroup-box-n1f8dc7ag\"]').find('[aria-label=\"Grid view\"] button').click();\ncy.wait(\"@recordsGrid\", {\n  timeout: 10000\n}).then(({\n  response\n}) => {\n  // const uidField = response.body.result.view.columns.find(fld => fld.prop === \"uid\")\n  // const loanEnquiryId = response.body.result.values[0][uidField.id];\n  const enquiryAscField = response.body.result.view.columns.find(fld => fld.label === \"Enquiry Association\");\n  const enquiryAscValue = response.body.result.values[0][enquiryAscField.id];\n  fetchOptions(enquiryAscValue).then(res => {\n    res.forEach(ele => {\n      expect(ele).has.property(\"label\", loanEnquiryId);\n    });\n  });\n});",
              "err": {
                "message": "AssertionError: expected { Object (id, label) } to have property 'label' of 'LE0003', but got 'LE0001'",
                "estack": "AssertionError: expected { Object (id, label) } to have property 'label' of 'LE0003', but got 'LE0001'\n    at eval (webpack://bu-testing/./cypress/e2e/dsa/loanEnquiry/edit.js:51:36)\n    at Context.eval (webpack://bu-testing/./cypress/e2e/dsa/loanEnquiry/edit.js:50:20)",
                "diff": "- 'LE0001'\n+ 'LE0003'\n"
              },
              "uuid": "69b3d654-6489-4479-b36c-4cf7e1145ad0",
              "parentUUID": "5458b737-1c72-4671-bae4-7b9f470f25a6",
              "isHook": false,
              "skipped": false
            }
          ],
          "suites": [],
          "passes": [
            "ff7a6bc7-54f3-4d3c-9b02-2e1389c4cb73"
          ],
          "failures": [
            "69b3d654-6489-4479-b36c-4cf7e1145ad0"
          ],
          "pending": [],
          "skipped": [],
          "duration": 12061,
          "root": false,
          "rootEmpty": false,
          "_timeout": 2000
        }
      ],
      "passes": [],
      "failures": [],
      "pending": [],
      "skipped": [],
      "duration": 0,
      "root": true,
      "rootEmpty": true,
      "_timeout": 2000
    },
    {
      "uuid": "4c1850c6-27f4-47ed-8666-ab8a256e18ca",
      "title": "",
      "fullFile": "cypress\\e2e\\dsa\\loanRequest\\verifyEnquiry.js",
      "file": "cypress\\e2e\\dsa\\loanRequest\\verifyEnquiry.js",
      "beforeHooks": [],
      "afterHooks": [],
      "tests": [],
      "suites": [
        {
          "uuid": "3ce6b1d8-f743-4c86-a3c4-f6cd2d29e25b",
          "title": "Nevigate to the Loan Request",
          "fullFile": "cypress\\e2e\\dsa\\loanRequest\\verifyEnquiry.js",
          "file": "cypress\\e2e\\dsa\\loanRequest\\verifyEnquiry.js",
          "beforeHooks": [],
          "afterHooks": [],
          "tests": [
            {
              "title": "Edit loan request",
              "fullTitle": "Nevigate to the Loan Request Edit loan request",
              "timedOut": null,
              "duration": 20374,
              "state": "passed",
              "speed": "slow",
              "pass": true,
              "fail": false,
              "pending": false,
              "context": null,
              "code": "cy.visit(`${updatedUrl}/loan_requests`);\ncyGet('[data-testid=\"buelementgroup-box-n1f8dc7ag\"]').find('[aria-label=\"Grid view\"] button').click();\ncy.wait(\"@recordsGrid\", {\n  timeout: 10000\n}).then(({\n  response\n}) => {\n  const uidField = response.body.result.view.columns.find(fld => fld.prop === \"uid\");\n  loanRequestId = response.body.result.values[0][uidField.id];\n  recordId = response.body.result.values[0].id;\n  cy.intercept(\"GET\", `**/rms/records/${recordId}?*`).as(\"getRecord\");\n  cy.contains(`tr`, loanRequestId).find(`td`).contains(loanRequestId).click({\n    force: true\n  });\n  cy.wait(\"@getRecord\", {\n    timeout: 10000\n  }).then(({\n    response\n  }) => {\n    const fieldsONDetailPage = response.body.result.profile.filter(fld => fld.readOnly === false && fld.label !== \"Loan type\");\n    propwiseFields(fieldsONDetailPage);\n    buSaveButton().click();\n  });\n});",
              "err": {},
              "uuid": "97593be0-6bf2-4429-8d8b-e6700047959c",
              "parentUUID": "3ce6b1d8-f743-4c86-a3c4-f6cd2d29e25b",
              "isHook": false,
              "skipped": false
            },
            {
              "title": "Disbursement Details",
              "fullTitle": "Nevigate to the Loan Request Disbursement Details",
              "timedOut": null,
              "duration": 14783,
              "state": "passed",
              "speed": "slow",
              "pass": true,
              "fail": false,
              "pending": false,
              "context": null,
              "code": "cy.visit(`${updatedUrl}/loan_requests`);\ncyGet('[data-testid=\"buelementgroup-box-n1f8dc7ag\"]').find('[aria-label=\"Grid view\"] button').click();\n// cy.wait(\"@recordsGrid\", { timeout: 10000 }).then(({ response }) => {\n//     const uidField = response.body.result.view.columns.find(fld => fld.prop === \"uid\")\n//     const loanreqId = response.body.result.values[0][uidField.id];\n//     const recordId = response.body.result.values[0].id;\ncy.contains(`tr`, loanRequestId).find(`td`).contains(loanRequestId).click({\n  force: true\n});\ncy.wait(\"@getBiztab\", {\n  timeout: 10000\n}).then(({\n  response\n}) => {\n  const ddField = response.body.result.find(fld => fld.label === \"Disbursement Details\");\n  cy.intercept(\"GET\", `**/rms/records/${recordId}?module=dsa&asset=loan_request&catId=681c5beac156d3875c09210f&fieldGroup=${ddField.id}`).as(\"ddFieldFieldGroup\");\n  if (!ddField) {\n    (void 0).skip();\n  }\n  cyGet(`[aria-label=\"Simple Tab\"] [aria-label=\"${ddField === null || ddField === void 0 ? void 0 : ddField.label}\"]`).should(\"contain.text\", ddField === null || ddField === void 0 ? void 0 : ddField.label).click();\n  cy.wait(\"@ddFieldFieldGroup\", {\n    timeout: 10000\n  }).then(({\n    response\n  }) => {\n    var _response$body;\n    const allFields = (response === null || response === void 0 || (_response$body = response.body) === null || _response$body === void 0 || (_response$body = _response$body.result) === null || _response$body === void 0 ? void 0 : _response$body.profile) || [];\n    // const customiseLoanFields = getRequiredFieldsByLoanType(allFields, 'Personal Loan');\n    propwiseFields(allFields);\n    cyGet(`[data-testid=\"Save tab form\"]`).click();\n  });\n});\n// });",
              "err": {},
              "uuid": "8cd9beae-6741-468c-a64d-d6fa4d870974",
              "parentUUID": "3ce6b1d8-f743-4c86-a3c4-f6cd2d29e25b",
              "isHook": false,
              "skipped": false
            },
            {
              "title": "Edit stage - Disbursed",
              "fullTitle": "Nevigate to the Loan Request Edit stage - Disbursed",
              "timedOut": null,
              "duration": 6730,
              "state": "passed",
              "speed": "medium",
              "pass": true,
              "fail": false,
              "pending": false,
              "context": null,
              "code": "cy.visit(`${updatedUrl}/loan_requests`);\ncyGet('[data-testid=\"buelementgroup-box-n1f8dc7ag\"]').find('[aria-label=\"Grid view\"] button').click();\n// cy.wait(\"@recordsGrid\", { timeout: 10000 }).then(({ response }) => {\n//     const uidField = response.body.result.view.columns.find(fld => fld.prop === \"uid\")\n//     loanRequestId = response.body.result.values[0][uidField.id];\n//     const recordId = response.body.result.values[0].id;\ncy.intercept(\"GET\", `**/rms/records/${recordId}?*`).as(\"getRecord\");\ncy.contains(`tr`, loanRequestId).find(`td`).contains(loanRequestId).click({\n  force: true\n});\nfieldOnForm(`#detail-form [data-testid=\"budropdown-box-ty1opau5a\"] label`, \"Stage\", \"input\").click();\nbuSearchbox(globalSel.search, \"Disbursed\");\nbudropdownOption(\"Disbursed\", `[data-testid=\"buchip-chip-5r51zm55o\"]`).click();\nbuSaveButton().click();\n// });",
              "err": {},
              "uuid": "30ee86f1-93af-480b-b547-4cb6d259a218",
              "parentUUID": "3ce6b1d8-f743-4c86-a3c4-f6cd2d29e25b",
              "isHook": false,
              "skipped": false
            },
            {
              "title": "Confirm that the loan request moved to the borrower after Disbursed.",
              "fullTitle": "Nevigate to the Loan Request Confirm that the loan request moved to the borrower after Disbursed.",
              "timedOut": null,
              "duration": 3663,
              "state": "failed",
              "speed": null,
              "pass": false,
              "fail": true,
              "pending": false,
              "context": null,
              "code": "cy.visit(`${updatedUrl}/borrowers`);\ncyGet('[data-testid=\"buelementgroup-box-n1f8dc7ag\"]').find('[aria-label=\"Grid view\"] button').click();\ncy.wait(\"@recordsGrid\", {\n  timeout: 10000\n}).then(({\n  response\n}) => {\n  const uidField = response.body.result.view.columns.find(fld => fld.prop === \"uid\");\n  const borrowerId = response.body.result.values[0][uidField.id];\n  const recordId = response.body.result.values[0].id;\n  cy.contains(`tr`, borrowerId).find(`td`).contains(borrowerId).click({\n    force: true\n  });\n  cy.wait(\"@getBiztab\", {\n    timeout: 10000\n  }).then(({\n    response\n  }) => {\n    const loanReqAscField = response.body.result.find(fld => fld.label === \"Loan Request Association\");\n    cy.intercept(\"GET\", `**/rms/associations?page=1&rows=25&src=borrower&dest=${loanReqAscField.catId}&recordId=${recordId}`).as(\"loanReqAssociaction\");\n    // if (!ddField) { this.skip() }\n    cyGet(`[aria-label=\"Simple Tab\"] [aria-label=\"${loanReqAscField === null || loanReqAscField === void 0 ? void 0 : loanReqAscField.label}\"]`).should(\"contain.text\", loanReqAscField === null || loanReqAscField === void 0 ? void 0 : loanReqAscField.label).click();\n    cy.wait(\"@loanReqAssociaction\", {\n      timeout: 10000\n    }).then(({\n      response\n    }) => {\n      response.body.result.values.forEach(ele => {\n        expect(ele).has.property(\"title\", loanRequestId);\n      });\n    });\n  });\n});",
              "err": {
                "message": "TypeError: Cannot read properties of undefined (reading 'catId')",
                "estack": "TypeError: Cannot read properties of undefined (reading 'catId')\n    at Context.eval (webpack://bu-testing/./cypress/e2e/dsa/loanRequest/verifyEnquiry.js:186:108)",
                "diff": null
              },
              "uuid": "20ea78d4-a945-4fa3-8b85-a8c0ebcfde33",
              "parentUUID": "3ce6b1d8-f743-4c86-a3c4-f6cd2d29e25b",
              "isHook": false,
              "skipped": false
            }
          ],
          "suites": [],
          "passes": [
            "97593be0-6bf2-4429-8d8b-e6700047959c",
            "8cd9beae-6741-468c-a64d-d6fa4d870974",
            "30ee86f1-93af-480b-b547-4cb6d259a218"
          ],
          "failures": [
            "20ea78d4-a945-4fa3-8b85-a8c0ebcfde33"
          ],
          "pending": [],
          "skipped": [],
          "duration": 45550,
          "root": false,
          "rootEmpty": false,
          "_timeout": 2000
        }
      ],
      "passes": [],
      "failures": [],
      "pending": [],
      "skipped": [],
      "duration": 0,
      "root": true,
      "rootEmpty": true,
      "_timeout": 2000
    }
  ],
  "meta": {
    "mocha": {
      "version": "7.0.1"
    },
    "mochawesome": {
      "options": {
        "quiet": false,
        "reportFilename": "[datetime]",
        "saveHtml": false,
        "saveJson": true,
        "consoleReporter": "spec",
        "useInlineDiffs": false,
        "code": true
      },
      "version": "7.1.3"
    },
    "marge": {
      "options": {
        "charts": true,
        "reportPageTitle": "Buopso-UI-Report",
        "embeddedScreenshots": true,
        "inlineAssets": true,
        "saveAllAttempts": false,
        "overwrite": false,
        "reportFilename": "[datetime]",
        "timestamp": "isoDateTime",
        "html": false,
        "json": true,
        "reportDir": "cypress\\reports\\.jsons",
        "saveJson": true
      },
      "version": "6.2.0"
    }
  }
}