{
  "stats": {
    "suites": 50,
    "tests": 233,
    "passes": 214,
    "pending": 4,
    "failures": 15,
    "testsRegistered": 233,
    "passPercent": 91.84549356223177,
    "pendingPercent": 1.7167381974248928,
    "other": 0,
    "hasOther": false,
    "skipped": 0,
    "hasSkipped": false,
    "start": "2025-08-28T12:21:58.071Z",
    "end": "2025-08-28T13:04:08.389Z",
    "duration": 2530318
  },
  "results": [
    {
      "uuid": "5f6542b8-6648-447c-9f7d-e67c189e74b5",
      "title": "",
      "fullFile": "cypress\\e2e\\auth\\login.js",
      "file": "cypress\\e2e\\auth\\login.js",
      "beforeHooks": [],
      "afterHooks": [],
      "tests": [],
      "suites": [
        {
          "uuid": "86d3b34e-1345-4f3c-b9f1-9cb4932d06bd",
          "title": "Test case for login",
          "fullFile": "cypress\\e2e\\auth\\login.js",
          "file": "cypress\\e2e\\auth\\login.js",
          "beforeHooks": [],
          "afterHooks": [],
          "tests": [
            {
              "title": "Pass invalid email",
              "fullTitle": "Test case for login Pass invalid email",
              "timedOut": null,
              "duration": 1972,
              "state": "passed",
              "speed": "fast",
              "pass": true,
              "fail": false,
              "pending": false,
              "context": null,
              "code": "cy.get(\"form\").within(() => {\n  cy.get(\"@email\").type(\"abc.xyzgmail.com\");\n  cy.get('.MuiFormHelperText-root').should(\"contain\", \"Please provide proper username\");\n  cy.get(\"@password\").type(Cypress.env(\"password\"));\n  cy.root().submit();\n});\ncy.get('.MuiSnackbarContent-message').should(\"contain\", \"Please enter a valid email.\");",
              "err": {},
              "uuid": "174b7414-59b6-41f8-ad23-20257a63ec4b",
              "parentUUID": "86d3b34e-1345-4f3c-b9f1-9cb4932d06bd",
              "isHook": false,
              "skipped": false
            },
            {
              "title": "Pass wrong email",
              "fullTitle": "Test case for login Pass wrong email",
              "timedOut": null,
              "duration": 799,
              "state": "passed",
              "speed": "fast",
              "pass": true,
              "fail": false,
              "pending": false,
              "context": null,
              "code": "cy.get(\"form\").within(() => {\n  cy.get(\"@email\").type(\"abc@xyx.com\");\n  cy.get(\"@password\").type(Cypress.env(\"password\"));\n  cy.root().submit();\n});\ncy.get('.MuiSnackbarContent-message').should(\"contain\", \"user not found.\");",
              "err": {},
              "uuid": "f6071dcf-ab52-4004-84fd-d6965f4f236a",
              "parentUUID": "86d3b34e-1345-4f3c-b9f1-9cb4932d06bd",
              "isHook": false,
              "skipped": false
            },
            {
              "title": "Pass invalid password",
              "fullTitle": "Test case for login Pass invalid password",
              "timedOut": null,
              "duration": 1376,
              "state": "passed",
              "speed": "fast",
              "pass": true,
              "fail": false,
              "pending": false,
              "context": null,
              "code": "cy.get(\"form\").within(() => {\n  cy.get(\"@email\").type(Cypress.env(\"email\"));\n  cy.get(\"@password\").type(132134344);\n  cy.root().submit();\n});\ncy.get('.MuiSnackbarContent-message').should(\"contain\", \"Invalid username or password.\");",
              "err": {},
              "uuid": "3d75ca51-6e5d-4c65-8938-65396332d727",
              "parentUUID": "86d3b34e-1345-4f3c-b9f1-9cb4932d06bd",
              "isHook": false,
              "skipped": false
            },
            {
              "title": "Pass wrong password",
              "fullTitle": "Test case for login Pass wrong password",
              "timedOut": null,
              "duration": 1471,
              "state": "passed",
              "speed": "fast",
              "pass": true,
              "fail": false,
              "pending": false,
              "context": null,
              "code": "cy.get(\"form\").within(() => {\n  cy.get(\"@email\").type(Cypress.env(\"email\"));\n  cy.get(\"@password\").type(\"AAsdf1234\");\n  cy.root().submit();\n});\ncy.get('.MuiSnackbarContent-message').should(\"contain\", \"Invalid username or password.\");",
              "err": {},
              "uuid": "818951f3-de41-4518-b68a-023de71ec7cb",
              "parentUUID": "86d3b34e-1345-4f3c-b9f1-9cb4932d06bd",
              "isHook": false,
              "skipped": false
            },
            {
              "title": "Pass the valid email in upper-case",
              "fullTitle": "Test case for login Pass the valid email in upper-case",
              "timedOut": null,
              "duration": 1591,
              "state": "passed",
              "speed": "fast",
              "pass": true,
              "fail": false,
              "pending": false,
              "context": null,
              "code": "let email = Cypress.env(\"email\").toUpperCase();\ncy.get(\"form\").within(() => {\n  cy.get(\"@email\").type(email);\n  cy.get(\"@password\").type(Cypress.env(\"password\"));\n  cy.root().submit();\n});\ncy.wait(\"@loginApi\").then(({\n  response\n}) => {\n  if (response.body.result === \"session_exists\") {\n    cy.get('[role=\"presentation\"] .MuiDialog-container .MuiPaper-root button').contains(\"Ok\").click();\n  }\n});\ncy.get('[aria-label=\"User Profile\"] > .MuiButtonBase-root').click();\ncy.get('.MuiPaper-root .MuiTypography-root').contains(\"Sign out\").click();",
              "err": {},
              "uuid": "6325fa55-01e8-4202-8555-7f2d661ab5fa",
              "parentUUID": "86d3b34e-1345-4f3c-b9f1-9cb4932d06bd",
              "isHook": false,
              "skipped": false
            }
          ],
          "suites": [],
          "passes": [
            "174b7414-59b6-41f8-ad23-20257a63ec4b",
            "f6071dcf-ab52-4004-84fd-d6965f4f236a",
            "3d75ca51-6e5d-4c65-8938-65396332d727",
            "818951f3-de41-4518-b68a-023de71ec7cb",
            "6325fa55-01e8-4202-8555-7f2d661ab5fa"
          ],
          "failures": [],
          "pending": [],
          "skipped": [],
          "duration": 7209,
          "root": false,
          "rootEmpty": false,
          "_timeout": 2000
        }
      ],
      "passes": [],
      "failures": [],
      "pending": [],
      "skipped": [],
      "duration": 0,
      "root": true,
      "rootEmpty": true,
      "_timeout": 2000
    },
    {
      "uuid": "6d0eddda-9dfc-417d-85fb-9da2feffb0d0",
      "title": "",
      "fullFile": "cypress\\e2e\\one\\allSoftware.js",
      "file": "cypress\\e2e\\one\\allSoftware.js",
      "beforeHooks": [],
      "afterHooks": [],
      "tests": [],
      "suites": [
        {
          "uuid": "ba9c50b7-0487-4144-bfc2-8bab50ab8fc8",
          "title": "Test case for allSoftware",
          "fullFile": "cypress\\e2e\\one\\allSoftware.js",
          "file": "cypress\\e2e\\one\\allSoftware.js",
          "beforeHooks": [],
          "afterHooks": [],
          "tests": [
            {
              "title": "Asset : Lead Management Software(lms)",
              "fullTitle": "Test case for allSoftware Asset : Lead Management Software(lms)",
              "timedOut": null,
              "duration": 4460,
              "state": "passed",
              "speed": "fast",
              "pass": true,
              "fail": false,
              "pending": false,
              "context": null,
              "code": "let lmsDes = 'Efficiently manage and assign lead information.';\ncy.Modules(`#lms ${one.moduleNameID}`, _helper.modules.lms, `#lms ${one.moduleDescID}`, lmsDes, `#lms ${one.modOpnbtnID}`, one.moduleHeader, _helper.modules.lms);",
              "err": {},
              "uuid": "647d91a2-070e-4b07-9ff6-932f9866237b",
              "parentUUID": "ba9c50b7-0487-4144-bfc2-8bab50ab8fc8",
              "isHook": false,
              "skipped": false
            },
            {
              "title": "Asset : Customer relationship management Software(crm)",
              "fullTitle": "Test case for allSoftware Asset : Customer relationship management Software(crm)",
              "timedOut": null,
              "duration": 2575,
              "state": "passed",
              "speed": "fast",
              "pass": true,
              "fail": false,
              "pending": false,
              "context": null,
              "code": "let crmDes = 'Drive sales success, build stronger client relationships, and grow revenue with our CRM.';\ncy.Modules(`#crm  ${one.moduleNameID}`, _helper.modules.crm, `#crm  ${one.moduleDescID}`, crmDes, `#crm  ${one.modOpnbtnID}`, one.moduleHeader, _helper.modules.crm);",
              "err": {},
              "uuid": "75986bc2-f0c3-4fef-9193-53f730b2e7b9",
              "parentUUID": "ba9c50b7-0487-4144-bfc2-8bab50ab8fc8",
              "isHook": false,
              "skipped": false
            },
            {
              "title": "Asset : Approval Management Software(cnf)",
              "fullTitle": "Test case for allSoftware Asset : Approval Management Software(cnf)",
              "timedOut": null,
              "duration": 2575,
              "state": "passed",
              "speed": "fast",
              "pass": true,
              "fail": false,
              "pending": false,
              "context": null,
              "code": "let aprDes = 'The approver can approve public and private data as required.';\ncy.Modules(`#cnf  ${one.moduleNameID}`, _helper.modules.apr, `#cnf  ${one.moduleDescID}`, aprDes, `#cnf ${one.modOpnbtnID}`, one.moduleHeader, _helper.modules.apr);",
              "err": {},
              "uuid": "ff68bc07-7ca1-43cf-b6e2-9060492ab248",
              "parentUUID": "ba9c50b7-0487-4144-bfc2-8bab50ab8fc8",
              "isHook": false,
              "skipped": false
            },
            {
              "title": "Asset : Buopso Form",
              "fullTitle": "Test case for allSoftware Asset : Buopso Form",
              "timedOut": null,
              "duration": 2295,
              "state": "passed",
              "speed": "fast",
              "pass": true,
              "fail": false,
              "pending": false,
              "context": null,
              "code": "let formsDes = 'Build your form as required and gather the form data.';\ncy.Modules(`#forms  ${one.moduleNameID}`, _helper.modules.buForms, `#forms  ${one.moduleDescID}`, formsDes, `#forms  ${one.modOpnbtnID}`, one.moduleHeader, _helper.modules.buForms);",
              "err": {},
              "uuid": "b9eacd52-00f8-4b1d-b855-58f5fb64786d",
              "parentUUID": "ba9c50b7-0487-4144-bfc2-8bab50ab8fc8",
              "isHook": false,
              "skipped": false
            },
            {
              "title": "Asset : Task Management",
              "fullTitle": "Test case for allSoftware Asset : Task Management",
              "timedOut": null,
              "duration": 3102,
              "state": "passed",
              "speed": "fast",
              "pass": true,
              "fail": false,
              "pending": false,
              "context": null,
              "code": "let taskDes = 'Task management system. Manage task records and assign tasks to the user.';\ncy.Modules(`#task  ${one.moduleNameID}`, _helper.modules.taskManagement, `#task  ${one.moduleDescID}`, taskDes, `#task  ${one.modOpnbtnID}`, one.moduleHeader, _helper.modules.taskManagement);",
              "err": {},
              "uuid": "94626f6c-cc18-40da-860b-b8a46fa2f7f2",
              "parentUUID": "ba9c50b7-0487-4144-bfc2-8bab50ab8fc8",
              "isHook": false,
              "skipped": false
            },
            {
              "title": "Asset : Invoice",
              "fullTitle": "Test case for allSoftware Asset : Invoice",
              "timedOut": null,
              "duration": 3067,
              "state": "passed",
              "speed": "fast",
              "pass": true,
              "fail": false,
              "pending": false,
              "context": null,
              "code": "let InvoiceDes = 'Invoice for customers and manage payment and ledger history.';\ncy.Modules(`#invoice ${one.moduleNameID}`, _helper.modules.invoice, `#invoice  ${one.moduleDescID}`, InvoiceDes, `#invoice ${one.modOpnbtnID}`, one.moduleHeader, _helper.modules.invoice);",
              "err": {},
              "uuid": "314024ea-c489-46e2-8b9f-438fa22cbf15",
              "parentUUID": "ba9c50b7-0487-4144-bfc2-8bab50ab8fc8",
              "isHook": false,
              "skipped": false
            }
          ],
          "suites": [],
          "passes": [
            "647d91a2-070e-4b07-9ff6-932f9866237b",
            "75986bc2-f0c3-4fef-9193-53f730b2e7b9",
            "ff68bc07-7ca1-43cf-b6e2-9060492ab248",
            "b9eacd52-00f8-4b1d-b855-58f5fb64786d",
            "94626f6c-cc18-40da-860b-b8a46fa2f7f2",
            "314024ea-c489-46e2-8b9f-438fa22cbf15"
          ],
          "failures": [],
          "pending": [],
          "skipped": [],
          "duration": 18074,
          "root": false,
          "rootEmpty": false,
          "_timeout": 2000
        }
      ],
      "passes": [],
      "failures": [],
      "pending": [],
      "skipped": [],
      "duration": 0,
      "root": true,
      "rootEmpty": true,
      "_timeout": 2000
    },
    {
      "uuid": "dd284428-5dc6-49ba-8205-6eabe1c7e429",
      "title": "",
      "fullFile": "cypress\\e2e\\one\\myAccount\\addUser.js",
      "file": "cypress\\e2e\\one\\myAccount\\addUser.js",
      "beforeHooks": [],
      "afterHooks": [],
      "tests": [],
      "suites": [
        {
          "uuid": "bc2ee5d7-9549-468c-8b20-fffb0ca4e706",
          "title": "Add User functionality test",
          "fullFile": "cypress\\e2e\\one\\myAccount\\addUser.js",
          "file": "cypress\\e2e\\one\\myAccount\\addUser.js",
          "beforeHooks": [],
          "afterHooks": [],
          "tests": [
            {
              "title": "Test with a valid unique Valid email",
              "fullTitle": "Add User functionality test Test with a valid unique Valid email",
              "timedOut": null,
              "duration": 19286,
              "state": "failed",
              "speed": null,
              "pass": false,
              "fail": true,
              "pending": false,
              "context": null,
              "code": "cyGet('[data-testid=\"myprofile-box-prv1u2ywt\"] * [data-testid=\"myprofile-typography-p9fmi6dyy\"]').should(\"contain.text\", \"Add user\");\ncyGet('[data-testid=\"myprofile-box-prv1u2ywt\"] * [data-testid=\"chipinput-textfield-zt8ix5yqf\"]').find(`input`).type(uniqueEmail);\ncy.contains(\"Select permission template\").click();\ncy.wait(\"@getTemplate\", {\n  timeout: 10000\n}).then(({\n  response\n}) => {\n  let teplateName = response.body.result.values.map(ele => ele.label);\n  // cy.log(teplateName)\n  cy.wrap(teplateName).as(\"templates\");\n  if (response.body.result.values.length > 0) {\n    cy.assetDropdownSel(teplateName[0]).should(\"have.text\", teplateName[0]);\n  }\n  customElements;\n});\ncyGet(\"@templates\").then(response => {\n  templateLabel = response;\n});\ncyGet(lead.typeBtn).contains(\"Save\").click();\n// cy.pause()\ncyGet('.MuiSnackbarContent-message').should(\"have.text\", messages.requestSuccess);",
              "err": {
                "message": "AssertionError: Timed out retrying after 15000ms: Expected to find element: `[data-testid=\"myprofile-box-prv1u2ywt\"] * [data-testid=\"myprofile-typography-p9fmi6dyy\"]`, but never found it.",
                "estack": "AssertionError: Timed out retrying after 15000ms: Expected to find element: `[data-testid=\"myprofile-box-prv1u2ywt\"] * [data-testid=\"myprofile-typography-p9fmi6dyy\"]`, but never found it.\n    at Context.eval (webpack://bu-testing/./cypress/e2e/one/myAccount/addUser.js:18:102)",
                "diff": null
              },
              "uuid": "a2a4ba41-1119-413e-b9a8-a6ef94bcf643",
              "parentUUID": "bc2ee5d7-9549-468c-8b20-fffb0ca4e706",
              "isHook": false,
              "skipped": false
            },
            {
              "title": "Test with a invalid email",
              "fullTitle": "Add User functionality test Test with a invalid email",
              "timedOut": null,
              "duration": 16441,
              "state": "failed",
              "speed": null,
              "pass": false,
              "fail": true,
              "pending": false,
              "context": null,
              "code": "let randomString_1 = Math.random().toString(36).substring(2, 11);\nlet uniqueEmail_1 = `testuser${randomString_1}example.com`;\ncyGet('[data-testid=\"myprofile-box-prv1u2ywt\"] * [data-testid=\"chipinput-textfield-zt8ix5yqf\"]').find(`input`).type(uniqueEmail_1);\ncy.contains(\"Select permission template\").click();\ncy.get('[data-testid=\"chipinput-chip-nkx7xamrs\"]').trigger('mouseover');\ncy.wait(500);\ncy.get('.MuiTooltip-tooltip').should('have.text', 'Email is not valid.');",
              "err": {
                "message": "AssertionError: Timed out retrying after 15000ms: Expected to find element: `[data-testid=\"myprofile-box-prv1u2ywt\"] * [data-testid=\"chipinput-textfield-zt8ix5yqf\"]`, but never found it.",
                "estack": "AssertionError: Timed out retrying after 15000ms: Expected to find element: `[data-testid=\"myprofile-box-prv1u2ywt\"] * [data-testid=\"chipinput-textfield-zt8ix5yqf\"]`, but never found it.\n    at cyGet (webpack://bu-testing/./cypress/helpers/global.js:3:47)\n    at Context.eval (webpack://bu-testing/./cypress/e2e/one/myAccount/addUser.js:41:4)",
                "diff": null
              },
              "uuid": "b0f605b5-88f2-4a6c-81d9-67ea6d2900f4",
              "parentUUID": "bc2ee5d7-9549-468c-8b20-fffb0ca4e706",
              "isHook": false,
              "skipped": false
            },
            {
              "title": "Test with a Exist email",
              "fullTitle": "Add User functionality test Test with a Exist email",
              "timedOut": null,
              "duration": 16148,
              "state": "failed",
              "speed": null,
              "pass": false,
              "fail": true,
              "pending": false,
              "context": null,
              "code": "cyGet('[data-testid=\"myprofile-box-prv1u2ywt\"] * [data-testid=\"chipinput-textfield-zt8ix5yqf\"]').find(`input`).type(uniqueEmail);\ncy.contains(\"Select permission template\").click();\ncy.get('[data-testid=\"chipinput-chip-nkx7xamrs\"]').trigger('mouseover');\ncy.get('.MuiTooltip-tooltip').should('have.text', 'User already exist.');\ncy.get(lead.typeBtn).contains(\"Save\").should(\"be.disabled\");",
              "err": {
                "message": "AssertionError: Timed out retrying after 15000ms: Expected to find element: `[data-testid=\"myprofile-box-prv1u2ywt\"] * [data-testid=\"chipinput-textfield-zt8ix5yqf\"]`, but never found it.",
                "estack": "AssertionError: Timed out retrying after 15000ms: Expected to find element: `[data-testid=\"myprofile-box-prv1u2ywt\"] * [data-testid=\"chipinput-textfield-zt8ix5yqf\"]`, but never found it.\n    at cyGet (webpack://bu-testing/./cypress/helpers/global.js:3:47)\n    at Context.eval (webpack://bu-testing/./cypress/e2e/one/myAccount/addUser.js:49:4)",
                "diff": null
              },
              "uuid": "6465592d-a74c-4f5c-97d4-4fb9b3a19e64",
              "parentUUID": "bc2ee5d7-9549-468c-8b20-fffb0ca4e706",
              "isHook": false,
              "skipped": false
            },
            {
              "title": "Test For addTemplate from Add user page",
              "fullTitle": "Add User functionality test Test For addTemplate from Add user page",
              "timedOut": null,
              "duration": 2903,
              "state": "passed",
              "speed": "fast",
              "pass": true,
              "fail": false,
              "pending": false,
              "context": null,
              "code": "//  cy.componentLabel(lead.formLabel, \"Select permission template\", \"button\").click()\ncy.get('[data-testid=\"button-typography-8x5inumxs\"]').first().click(); //select the template\n// cy.assetDropdownSel(templateLabel[0]).click()\ncy.get('[data-testid=\"dropdown-footer\"]').contains('Add template').click(); // add new template\n// cy.contains('Add template').click();\ncy.url().should('eq', `${Cypress.env(\"url\")}/template`);\ncy.contains('Create').should('be.visible').should('not.be.disabled').click();",
              "err": {},
              "uuid": "c67f00db-a855-49e0-9833-ceee612e22cf",
              "parentUUID": "bc2ee5d7-9549-468c-8b20-fffb0ca4e706",
              "isHook": false,
              "skipped": false
            }
          ],
          "suites": [],
          "passes": [
            "c67f00db-a855-49e0-9833-ceee612e22cf"
          ],
          "failures": [
            "a2a4ba41-1119-413e-b9a8-a6ef94bcf643",
            "b0f605b5-88f2-4a6c-81d9-67ea6d2900f4",
            "6465592d-a74c-4f5c-97d4-4fb9b3a19e64"
          ],
          "pending": [],
          "skipped": [],
          "duration": 54778,
          "root": false,
          "rootEmpty": false,
          "_timeout": 2000
        }
      ],
      "passes": [],
      "failures": [],
      "pending": [],
      "skipped": [],
      "duration": 0,
      "root": true,
      "rootEmpty": true,
      "_timeout": 2000
    },
    {
      "uuid": "015e910e-35a8-44db-ab5b-b5297d54bc46",
      "title": "",
      "fullFile": "cypress\\e2e\\one\\myAccount\\manageTemplate.js",
      "file": "cypress\\e2e\\one\\myAccount\\manageTemplate.js",
      "beforeHooks": [],
      "afterHooks": [],
      "tests": [],
      "suites": [
        {
          "uuid": "0c9904f9-91e7-4bea-96a1-55abfdc05aa0",
          "title": "Manage User functionality test",
          "fullFile": "cypress\\e2e\\one\\myAccount\\manageTemplate.js",
          "file": "cypress\\e2e\\one\\myAccount\\manageTemplate.js",
          "beforeHooks": [],
          "afterHooks": [],
          "tests": [
            {
              "title": "Check system default required field should be already required and should not be changeable  ",
              "fullTitle": "Manage User functionality test Check system default required field should be already required and should not be changeable  ",
              "timedOut": null,
              "duration": 0,
              "state": "pending",
              "speed": null,
              "pass": false,
              "fail": false,
              "pending": true,
              "context": null,
              "code": "cy.get('[placeholder=\"search....\"]').type(uniqueTemplateName);\ncy.get('table> tbody').children(\"tr\").contains(uniqueTemplateName).next().click();\ncy.get(\"#edit\").click();\ncy.wait(1000);\ncy.get('input[placeholder=\"Enter template name\"]').clear().type(uniqueTemplateNameupdated);\ncy.get('[role=\"list\"] [type=\"button\"]').click();\ncy.wait('@getPipelines', {\n  timeout: 10000\n}).then(interception => {\n  const responseBody = interception.response.body;\n  const leadName = responseBody.result.values[0].label;\n  cy.get(`${lead.chooseOptions} > :nth-child(2)`).click();\n  cy.contains(leadName).click();\n  cy.get('[data-testid=\"recordaccesstable-tablebody-circtrpwp\"] > [data-testid=\"ownershiprow-tablerow-6gy8mx6fe\"] > :nth-child(4) > [data-testid=\"ownershiprow-checkbox-y6wgiibo8\"] > .PrivateSwitchBase-input');\n  cy.get('[data-testid=\"ownershiprow-tablecell-jgp2w36xa\"] button').eq(1).click();\n  cy.wait(\"@tempFieldsList\", {\n    timeout: 10000\n  }).then(({\n    response\n  }) => {\n    const fieldLabel = response.body.result.values.map(ele => ele.label);\n    const fieldId = response.body.result.values.map(ele => ele.id);\n    cy.log(fieldLabel[0]);\n    cy.get('input[placeholder=\"Search...\"]').type(fieldLabel[0]);\n    cy.get(`[data-rbd-draggable-id=\"${fieldId[0]}\"] > .MuiGrid-root > :nth-child(2) > :nth-child(1) button`).click();\n    cy.contains('Required').should('have.class', 'Mui-disabled');\n    cy.get('[data-testid=\"bupopper-dialogactions-0zh9xps0l\"]').find('[data-testid=\"Cancel\"]').click();\n    cy.get('#send').click();\n    cy.get(lead.typeBtn).contains(\"Save\").click();\n  });\n  // })\n});",
              "err": {},
              "uuid": "87a8a105-91a5-48e2-84b2-09e663725067",
              "parentUUID": "0c9904f9-91e7-4bea-96a1-55abfdc05aa0",
              "isHook": false,
              "skipped": false
            }
          ],
          "suites": [
            {
              "uuid": "58764201-af02-4d5c-82db-8cf56d7358ca",
              "title": "Add Template",
              "fullFile": "",
              "file": "",
              "beforeHooks": [],
              "afterHooks": [],
              "tests": [
                {
                  "title": "Verify the selected software and available softwares on the Create Template page",
                  "fullTitle": "Manage User functionality test Add Template Verify the selected software and available softwares on the Create Template page",
                  "timedOut": null,
                  "duration": 5878,
                  "state": "passed",
                  "speed": "medium",
                  "pass": true,
                  "fail": false,
                  "pending": false,
                  "context": null,
                  "code": "cy.visit(`${Cypress.env(\"url\")}/profile?tab=manageTemplate`);\ncyGet(globalSel.createtestid).contains(\"Create\").click();\ncy.wait(\"@modulePermission\", {\n  timeout: 10000\n}).then(({\n  response\n}) => {\n  const [firstModule, ...availableModules] = response.body.result.add;\n  cyGet(`[data-testid=\"permissionsoftwarelist-typography-ftrzexyr7\"]`).should(\"contain.text\", \"Selected software\");\n  cyGet(`[data-testid=\"permissionsoftwarelist-menulist-aafxej4yj\"]`).first().find('[data-testid=\"permissionsoftwarelist-typography-zackmqq0q\"]').should('contain.text', formatModuleName(firstModule)); // e.g. Lead Management\n  availableModules.forEach(module => {\n    cyGet('[data-testid=\"permissionsoftwarelist-menulist-2qkcm4j30\"]').find(`[data-testid=\"permissionsoftwarelist-typography-86cpoqkhp\"]`).should('contain.text', formatModuleName(module));\n  });\n});",
                  "err": {},
                  "uuid": "1fc44073-b71e-48c3-9fdc-6d53fb12c93e",
                  "parentUUID": "58764201-af02-4d5c-82db-8cf56d7358ca",
                  "isHook": false,
                  "skipped": false
                },
                {
                  "title": "Add user template",
                  "fullTitle": "Manage User functionality test Add Template Add user template",
                  "timedOut": null,
                  "duration": 8468,
                  "state": "passed",
                  "speed": "medium",
                  "pass": true,
                  "fail": false,
                  "pending": false,
                  "context": null,
                  "code": "cy.visit(`${Cypress.env(\"url\")}/profile?tab=manageTemplate`);\ncyGet(globalSel.createtestid).contains(\"Create\").click();\n// Fill template name\nbutextField(`[data-testid=\"index-textfield-fm1l89cxe\"]`, `label`).contains(\"Template name\");\nbutextField(`[data-testid=\"index-textfield-fm1l89cxe\"]`, `input[placeholder=\"Enter template name\"]`).type(uniqueTemplateName);\n// Open dropdown and select pipeline\nbudropdown(`[data-testid=\"managepermission-stack-m3in09ace\"] > :first`, `[data-testid=\"button-typography-8x5inumxs\"]`, `Select Pipeline`);\ncy.wait(\"@getPipelines\", {\n  timeout: 10000\n}).then(({\n  response\n}) => {\n  const pipelines = response.body.result.values.map(ele => ele.label);\n  const firstPipeline = pipelines[0];\n  // Search if more than 5 pipelines\n  if (pipelines.length > 5) {\n    buSearchbox(globalSel.search, firstPipeline);\n  }\n  budropdownOption(firstPipeline).first().click();\n  // Verify ownership permissions UI\n  cyGet('[data-testid=\"ownershiprow-iconbutton-ph6ah241c\"]').click();\n  cy.contains('thead', 'Permission');\n  cy.contains('thead', 'Owner only');\n  cy.contains('thead', 'Everything');\n  cy.contains('thead', 'Select fields');\n  cy.contains('tr', firstPipeline);\n  // View permission should be checked and disabled\n  cy.contains('tr', 'View').find('input[type=\"checkbox\"]').eq(0).should('be.checked').and('be.disabled');\n  // Save\n  buSaveButton().click();\n});",
                  "err": {},
                  "uuid": "59b14f20-0ab2-4201-8ed8-5ba2e390aa77",
                  "parentUUID": "58764201-af02-4d5c-82db-8cf56d7358ca",
                  "isHook": false,
                  "skipped": false
                }
              ],
              "suites": [],
              "passes": [
                "1fc44073-b71e-48c3-9fdc-6d53fb12c93e",
                "59b14f20-0ab2-4201-8ed8-5ba2e390aa77"
              ],
              "failures": [],
              "pending": [],
              "skipped": [],
              "duration": 14346,
              "root": false,
              "rootEmpty": false,
              "_timeout": 2000
            },
            {
              "uuid": "7b3cf670-945f-4406-92a4-2302e4469004",
              "title": "Assign and Edit Template",
              "fullFile": "",
              "file": "",
              "beforeHooks": [],
              "afterHooks": [],
              "tests": [
                {
                  "title": "Assign Template to user",
                  "fullTitle": "Manage User functionality test Assign and Edit Template Assign Template to user",
                  "timedOut": null,
                  "duration": 13523,
                  "state": "passed",
                  "speed": "slow",
                  "pass": true,
                  "fail": false,
                  "pending": false,
                  "context": null,
                  "code": "cy.visit(`${Cypress.env(\"url\")}/profile?tab=manageUsers`);\ncy.wait(\"@userGrid\", {\n  timeout: 10000\n}).then(({\n  response\n}) => {\n  var _user, _user2;\n  user = response.body.result.values.find(ele => ele.role === \"std\");\n  if (!user) {\n    this.skip();\n  }\n  cy.intercept('GET', `**/crew/users//${user.id}`).as('getUserById');\n  cyGet(`[data-testid=\"activitybar-textfield-8eiuz4v4a\"] input`).type((_user = user) === null || _user === void 0 ? void 0 : _user.label);\n  onesecondWait();\n  cy.contains('tr', (_user2 = user) === null || _user2 === void 0 ? void 0 : _user2.label).find(`[data-testid=\"Action\"]`).click();\n  cyGet(\"#edit\").click({\n    force: true\n  });\n  twosecondWait();\n  cy.wait(\"@getUserById\").then(({\n    response\n  }) => {\n    const assignedTemplate = response.body.result.profile.template.label;\n    cyGet(`[data-testid=\"chipinput-iconbutton-ycchky4nm\"]`).click();\n    cy.wait(\"@getTempalte\", {\n      timeout: 10000\n    }).then(({\n      response\n    }) => {\n      const totalTemplates = response.body.result.pages.totalRecords;\n      const templates = response.body.result.values.map(ele => ele.label);\n      if (assignedTemplate === \"No template\") {\n        userTemplate = templates[0];\n        if (totalTemplates > 5) {\n          buSearchbox(globalSel.search, userTemplate);\n        }\n        budropdownOption(userTemplate, `[data-testid=\"buchip-chip-5r51zm55o\"]`).click();\n      } else {\n        userTemplate = templates.find(ele => ele !== assignedTemplate);\n        if (totalTemplates > 5) {\n          buSearchbox(globalSel.search, userTemplate);\n        }\n        budropdownOption(userTemplate, `[data-testid=\"buchip-chip-5r51zm55o\"]`).click();\n      }\n      twosecondWait();\n      buSaveButton().click();\n      cyGet('.MuiSnackbarContent-message').should(\"contain.text\", \"User Permissions Updated\");\n      logout();\n      // cy.clearCookies();\n    });\n  });\n});",
                  "err": {},
                  "uuid": "d0477cd3-96a1-47bd-8a43-d47b54a2a9d0",
                  "parentUUID": "7b3cf670-945f-4406-92a4-2302e4469004",
                  "isHook": false,
                  "skipped": false
                },
                {
                  "title": "Verify if the standard user has permission to create a record.",
                  "fullTitle": "Manage User functionality test Assign and Edit Template Verify if the standard user has permission to create a record.",
                  "timedOut": null,
                  "duration": 14642,
                  "state": "passed",
                  "speed": "slow",
                  "pass": true,
                  "fail": false,
                  "pending": false,
                  "context": null,
                  "code": "cy.visit(`${Cypress.env(\"url\")}/profile?tab=manageTemplate`);\npermission(userTemplate).then(permissionResult => {\n  var _user3;\n  const assignedPipeline = Object.keys(permissionResult.auth.lms.lead.manageRecords);\n  const recordPermission = permissionResult.auth.lms.lead.manageRecords[assignedPipeline[0]];\n  const create = recordPermission.create;\n  setPermissionOnRoleSwitch(create, false, \"Create\", 0);\n  // Login with standard user\n  cy.login((_user3 = user) === null || _user3 === void 0 ? void 0 : _user3.email);\n  cy.visit(`${Cypress.env(\"lmsUrl\")}/leads`);\n  cyGet(`[data-testid=\"Create Lead\"]`).should(\"not.be.disabled\");\n  logout();\n  cy.clearCookies();\n});",
                  "err": {},
                  "uuid": "854b63c3-4c23-4f4c-b3fd-382b0078e055",
                  "parentUUID": "7b3cf670-945f-4406-92a4-2302e4469004",
                  "isHook": false,
                  "skipped": false
                },
                {
                  "title": "Verify if the standard user has permission to import the record.",
                  "fullTitle": "Manage User functionality test Assign and Edit Template Verify if the standard user has permission to import the record.",
                  "timedOut": null,
                  "duration": 13223,
                  "state": "passed",
                  "speed": "slow",
                  "pass": true,
                  "fail": false,
                  "pending": false,
                  "context": null,
                  "code": "cy.visit(`${Cypress.env(\"url\")}/profile?tab=manageTemplate`);\npermission(userTemplate).then(permissionResult => {\n  var _user4;\n  const assignedPipeline = Object.keys(permissionResult.auth.lms.lead.manageRecords);\n  const recordPermission = permissionResult.auth.lms.lead.manageRecords[assignedPipeline[0]];\n  const imp = recordPermission.import;\n  setPermissionOnRoleSwitch(imp, false, \"Import\", 0);\n  // Login with standard user\n  cy.login((_user4 = user) === null || _user4 === void 0 ? void 0 : _user4.email);\n  cy.visit(`${Cypress.env(\"lmsUrl\")}/leads`);\n  cyGet(`[data-testid=\"Import\"]`).should(\"not.be.disabled\");\n  logout();\n  cy.clearCookies();\n});",
                  "err": {},
                  "uuid": "275f407c-67de-49b8-8e06-88e926cda445",
                  "parentUUID": "7b3cf670-945f-4406-92a4-2302e4469004",
                  "isHook": false,
                  "skipped": false
                },
                {
                  "title": "Verify if the standard user has permission to activity of record.",
                  "fullTitle": "Manage User functionality test Assign and Edit Template Verify if the standard user has permission to activity of record.",
                  "timedOut": null,
                  "duration": 14949,
                  "state": "passed",
                  "speed": "slow",
                  "pass": true,
                  "fail": false,
                  "pending": false,
                  "context": null,
                  "code": "cy.visit(`${Cypress.env(\"url\")}/profile?tab=manageTemplate`);\npermission(userTemplate).then(permissionResult => {\n  var _user5;\n  const assignedPipeline = Object.keys(permissionResult.auth.lms.lead.manageRecords);\n  const recordPermission = permissionResult.auth.lms.lead.manageRecords[assignedPipeline[0]];\n  const activity = recordPermission.activity;\n  setPermissionOnRoleSwitch(activity, false, \"Activity\", 0);\n  // Login with standard user\n  cy.login((_user5 = user) === null || _user5 === void 0 ? void 0 : _user5.email);\n  cy.visit(`${Cypress.env(\"lmsUrl\")}/leads`);\n  cyGet(`[data-testid=\"buelementgroup-box-n1f8dc7ag\"] [aria-label=\"Split view\"]`).click();\n  cyGet(`[data-testid=\"communicationbar-box-951cbwqi4\"]`).find(`[aria-label=\"Activities\"]`);\n  logout();\n  cy.clearCookies();\n});",
                  "err": {},
                  "uuid": "806ff08d-dc90-4fba-a97e-d94edd978d78",
                  "parentUUID": "7b3cf670-945f-4406-92a4-2302e4469004",
                  "isHook": false,
                  "skipped": false
                },
                {
                  "title": "Verify if the standard user has permission to Whatsapp.",
                  "fullTitle": "Manage User functionality test Assign and Edit Template Verify if the standard user has permission to Whatsapp.",
                  "timedOut": null,
                  "duration": 13836,
                  "state": "passed",
                  "speed": "slow",
                  "pass": true,
                  "fail": false,
                  "pending": false,
                  "context": null,
                  "code": "cy.visit(`${Cypress.env(\"url\")}/profile?tab=manageTemplate`);\npermission(userTemplate).then(permissionResult => {\n  var _user6;\n  const assignedPipeline = Object.keys(permissionResult.auth.lms.lead.manageRecords);\n  const recordPermission = permissionResult.auth.lms.lead.manageRecords[assignedPipeline[0]];\n  const wa = recordPermission.wa;\n  setPermissionOnRoleSwitch(wa, false, \"Whatsapp\", 0);\n  // Login with standard user\n  cy.login((_user6 = user) === null || _user6 === void 0 ? void 0 : _user6.email);\n  // twosecondWait()\n  cy.visit(`${Cypress.env(\"lmsUrl\")}/leads`);\n  cyGet(`[data-testid=\"buelementgroup-box-n1f8dc7ag\"] [aria-label=\"Split view\"]`).click();\n  cyGet('[data-testid=\"communicationbar-box-951cbwqi4\"]').find(`[aria-label=\"Whatsapp\"]`);\n  logout();\n  cy.clearCookies();\n});",
                  "err": {},
                  "uuid": "7940816a-3702-4873-b2a0-ef88a5c1a3fd",
                  "parentUUID": "7b3cf670-945f-4406-92a4-2302e4469004",
                  "isHook": false,
                  "skipped": false
                },
                {
                  "title": "Verify if the standard user has not permission to create a record.",
                  "fullTitle": "Manage User functionality test Assign and Edit Template Verify if the standard user has not permission to create a record.",
                  "timedOut": null,
                  "duration": 11729,
                  "state": "passed",
                  "speed": "slow",
                  "pass": true,
                  "fail": false,
                  "pending": false,
                  "context": null,
                  "code": "cy.visit(`${Cypress.env(\"url\")}/profile?tab=manageTemplate`);\npermission(userTemplate).then(permissionResult => {\n  var _user7;\n  const assignedPipeline = Object.keys(permissionResult.auth.lms.lead.manageRecords);\n  const recordPermission = permissionResult.auth.lms.lead.manageRecords[assignedPipeline[0]];\n  const create = recordPermission.create;\n  setPermissionOnRoleSwitch(create, true, \"Create\", 0);\n  // Login with standard user\n  cy.login((_user7 = user) === null || _user7 === void 0 ? void 0 : _user7.email);\n  cy.visit(`${Cypress.env(\"lmsUrl\")}/leads`);\n  cyGet(`[data-testid=\"Create Lead\"]`).should(\"be.disabled\");\n  logout();\n  cy.clearCookies();\n});",
                  "err": {},
                  "uuid": "e8be1403-935e-4cd3-aa49-e615b39ddf11",
                  "parentUUID": "7b3cf670-945f-4406-92a4-2302e4469004",
                  "isHook": false,
                  "skipped": false
                },
                {
                  "title": "Verify if the standard user has not permission to import the record.",
                  "fullTitle": "Manage User functionality test Assign and Edit Template Verify if the standard user has not permission to import the record.",
                  "timedOut": null,
                  "duration": 12644,
                  "state": "passed",
                  "speed": "slow",
                  "pass": true,
                  "fail": false,
                  "pending": false,
                  "context": null,
                  "code": "cy.visit(`${Cypress.env(\"url\")}/profile?tab=manageTemplate`);\npermission(userTemplate).then(permissionResult => {\n  var _user8;\n  const assignedPipeline = Object.keys(permissionResult.auth.lms.lead.manageRecords);\n  const recordPermission = permissionResult.auth.lms.lead.manageRecords[assignedPipeline[0]];\n  const imp = recordPermission.import;\n  setPermissionOnRoleSwitch(imp, true, \"Import\", 0);\n  // Login with standard user\n  cy.login((_user8 = user) === null || _user8 === void 0 ? void 0 : _user8.email);\n  cy.visit(`${Cypress.env(\"lmsUrl\")}/leads`);\n  cyGet(`[data-testid=\"Import\"]`).should(\"be.disabled\");\n  logout();\n  cy.clearCookies();\n});",
                  "err": {},
                  "uuid": "f1f2e527-6877-4935-8353-c3d279b5af5b",
                  "parentUUID": "7b3cf670-945f-4406-92a4-2302e4469004",
                  "isHook": false,
                  "skipped": false
                }
              ],
              "suites": [],
              "passes": [
                "d0477cd3-96a1-47bd-8a43-d47b54a2a9d0",
                "854b63c3-4c23-4f4c-b3fd-382b0078e055",
                "275f407c-67de-49b8-8e06-88e926cda445",
                "806ff08d-dc90-4fba-a97e-d94edd978d78",
                "7940816a-3702-4873-b2a0-ef88a5c1a3fd",
                "e8be1403-935e-4cd3-aa49-e615b39ddf11",
                "f1f2e527-6877-4935-8353-c3d279b5af5b"
              ],
              "failures": [],
              "pending": [],
              "skipped": [],
              "duration": 94546,
              "root": false,
              "rootEmpty": false,
              "_timeout": 2000
            },
            {
              "uuid": "6c6135b1-4499-4d7c-9b0b-9988307f4d0e",
              "title": "Delete TemPlate functionality",
              "fullFile": "",
              "file": "",
              "beforeHooks": [],
              "afterHooks": [],
              "tests": [
                {
                  "title": "Delete Template",
                  "fullTitle": "Manage User functionality test Delete TemPlate functionality Delete Template",
                  "timedOut": null,
                  "duration": 5504,
                  "state": "passed",
                  "speed": "medium",
                  "pass": true,
                  "fail": false,
                  "pending": false,
                  "context": null,
                  "code": "let msg1 = \"Delete template\";\nlet msg2 = \"Are you sure you want to delete this Template ?\";\ncy.visit(`${Cypress.env(\"url\")}/profile?tab=manageTemplate`);\ncy.wait(\"@templateGrid\", {\n  timeout: 10000\n}).then(({\n  response\n}) => {\n  const unAssignedTemplate = response.body.result.values.filter(ele => ele.assignedTo.length === 0);\n  if (unAssignedTemplate.length > 0) {\n    cyGet(`[data-testid=\"templatelist-textfield-e9dj43sha\"] input`).type(unAssignedTemplate[0].label);\n    cy.contains('tr', unAssignedTemplate[0].label).find(`[data-testid=\"Action\"]`).click();\n    cyGet(\"#delete\").click();\n    buCaption(`[role=\"dialog\"]`, `#customized-dialog-title p`, msg1, `[role=\"dialog\"] [data-testid=\"deletetemplate-typography-5sxlboqg8\"]`, msg2);\n    cyGet(`[data-testid=\"Delete\"]`).click();\n  } else {\n    cy.log(`Teplate not available for delete`);\n  }\n});",
                  "err": {},
                  "uuid": "4a0473d8-605d-479e-af7d-110fd9dd464a",
                  "parentUUID": "6c6135b1-4499-4d7c-9b0b-9988307f4d0e",
                  "isHook": false,
                  "skipped": false
                },
                {
                  "title": "Assigned Tempale should not be delete",
                  "fullTitle": "Manage User functionality test Delete TemPlate functionality Assigned Tempale should not be delete",
                  "timedOut": null,
                  "duration": 4850,
                  "state": "passed",
                  "speed": "fast",
                  "pass": true,
                  "fail": false,
                  "pending": false,
                  "context": null,
                  "code": "cy.visit(`${Cypress.env(\"url\")}/profile?tab=manageTemplate`);\ncy.wait(\"@templateGrid\", {\n  timeout: 10000\n}).then(({\n  response\n}) => {\n  const assignedTemplate = response.body.result.values.filter(ele => ele.assignedTo.length > 0);\n  if (assignedTemplate.length > 0) {\n    cyGet(`[data-testid=\"templatelist-textfield-e9dj43sha\"] input`).type(assignedTemplate[0].label);\n    cy.contains('tr', assignedTemplate[0].label).find(`[data-testid=\"Action\"]`).click();\n    cy.get(\"#delete\").should(\"have.attr\", \"aria-disabled\", \"true\");\n  } else {\n    cy.log(`Teplate not available for delete`);\n  }\n});",
                  "err": {},
                  "uuid": "1cafe909-135a-4daa-816c-19533895a716",
                  "parentUUID": "6c6135b1-4499-4d7c-9b0b-9988307f4d0e",
                  "isHook": false,
                  "skipped": false
                }
              ],
              "suites": [],
              "passes": [
                "4a0473d8-605d-479e-af7d-110fd9dd464a",
                "1cafe909-135a-4daa-816c-19533895a716"
              ],
              "failures": [],
              "pending": [],
              "skipped": [],
              "duration": 10354,
              "root": false,
              "rootEmpty": false,
              "_timeout": 2000
            }
          ],
          "passes": [],
          "failures": [],
          "pending": [
            "87a8a105-91a5-48e2-84b2-09e663725067"
          ],
          "skipped": [],
          "duration": 0,
          "root": false,
          "rootEmpty": false,
          "_timeout": 2000
        }
      ],
      "passes": [],
      "failures": [],
      "pending": [],
      "skipped": [],
      "duration": 0,
      "root": true,
      "rootEmpty": true,
      "_timeout": 2000
    },
    {
      "uuid": "7a50c3b2-75d3-4d55-81c4-d280542aacd6",
      "title": "",
      "fullFile": "cypress\\e2e\\one\\myAccount\\manageUser.js",
      "file": "cypress\\e2e\\one\\myAccount\\manageUser.js",
      "beforeHooks": [],
      "afterHooks": [],
      "tests": [],
      "suites": [
        {
          "uuid": "6c8a975d-4903-4c70-93c5-36d6d148b9a3",
          "title": "search User functionality test",
          "fullFile": "cypress\\e2e\\one\\myAccount\\manageUser.js",
          "file": "cypress\\e2e\\one\\myAccount\\manageUser.js",
          "beforeHooks": [],
          "afterHooks": [],
          "tests": [
            {
              "title": "Search user by search user functionality on second page",
              "fullTitle": "search User functionality test Search user by search user functionality on second page",
              "timedOut": null,
              "duration": 5872,
              "state": "passed",
              "speed": "medium",
              "pass": true,
              "fail": false,
              "pending": false,
              "context": null,
              "code": "cy.wait(\"@userList\", {\n  timeout: 10000\n}).then(({\n  response\n}) => {\n  const userName = response.body.result.values.filter(ele => ele.status > 0);\n  const user = userName.slice(-1)[0];\n  cy.get('[placeholder=\"search....\"]').type(user.label);\n  cy.wait(\"@userList\", {\n    timeout: 10000\n  }).then(({\n    response\n  }) => {\n    expect(response.body.result.values[0]).has.property(\"label\", user.label);\n  });\n});",
              "err": {},
              "uuid": "c2363252-9956-4b46-a716-a962e26a8578",
              "parentUUID": "6c8a975d-4903-4c70-93c5-36d6d148b9a3",
              "isHook": false,
              "skipped": false
            }
          ],
          "suites": [],
          "passes": [
            "c2363252-9956-4b46-a716-a962e26a8578"
          ],
          "failures": [],
          "pending": [],
          "skipped": [],
          "duration": 5872,
          "root": false,
          "rootEmpty": false,
          "_timeout": 2000
        }
      ],
      "passes": [],
      "failures": [],
      "pending": [],
      "skipped": [],
      "duration": 0,
      "root": true,
      "rootEmpty": true,
      "_timeout": 2000
    },
    {
      "uuid": "bc37a551-9d8f-47e5-bfe4-716c67d39c49",
      "title": "",
      "fullFile": "cypress\\e2e\\one\\myAccount\\profile.js",
      "file": "cypress\\e2e\\one\\myAccount\\profile.js",
      "beforeHooks": [],
      "afterHooks": [],
      "tests": [],
      "suites": [
        {
          "uuid": "f960f655-9739-4001-979b-78aa2d42b9ef",
          "title": "Verify My Profile Page",
          "fullFile": "cypress\\e2e\\one\\myAccount\\profile.js",
          "file": "cypress\\e2e\\one\\myAccount\\profile.js",
          "beforeHooks": [],
          "afterHooks": [],
          "tests": [
            {
              "title": "Update user name and verify with profile",
              "fullTitle": "Verify My Profile Page Update user name and verify with profile",
              "timedOut": null,
              "duration": 7198,
              "state": "passed",
              "speed": "medium",
              "pass": true,
              "fail": false,
              "pending": false,
              "context": null,
              "code": "const UpdatedUsername = faker.person.fullName();\ncyGet(\"#name-label\").should(\"have.text\", \"Name *\");\ncyGet('input#name').should(\"have.attr\", \"required\");\ncyGet('input#name').clear().type(UpdatedUsername);\ncyGet('.MuiSnackbarContent-message').should(\"have.text\", \"Updated successfully.\");\ncy.reload();\ncy.wait(500);\ncy.contains(`${UpdatedUsername}'s Profile`).should('be.visible');",
              "err": {},
              "uuid": "7d94a40a-8a60-46a2-8ce6-7e20d45c747e",
              "parentUUID": "f960f655-9739-4001-979b-78aa2d42b9ef",
              "isHook": false,
              "skipped": false
            },
            {
              "title": "User name should be required",
              "fullTitle": "Verify My Profile Page User name should be required",
              "timedOut": null,
              "duration": 1103,
              "state": "passed",
              "speed": "fast",
              "pass": true,
              "fail": false,
              "pending": false,
              "context": null,
              "code": "cy.get('input[placeholder=\"Name\"]').clear();\ncy.get('#name-helper-text').should('have.text', \"Field is required!\");",
              "err": {},
              "uuid": "1f8954e8-e65c-4f55-8646-83c33f372f4c",
              "parentUUID": "f960f655-9739-4001-979b-78aa2d42b9ef",
              "isHook": false,
              "skipped": false
            },
            {
              "title": "Verify email Address",
              "fullTitle": "Verify My Profile Page Verify email Address",
              "timedOut": null,
              "duration": 1012,
              "state": "passed",
              "speed": "fast",
              "pass": true,
              "fail": false,
              "pending": false,
              "context": null,
              "code": "cy.componentLabel('#email-label', \"Email address\", \"input\").should(\"have.value\", Cypress.env(\"email\"));",
              "err": {},
              "uuid": "693c3a48-19c3-4222-86a3-4a238e7ff94e",
              "parentUUID": "f960f655-9739-4001-979b-78aa2d42b9ef",
              "isHook": false,
              "skipped": false
            },
            {
              "title": "Update Mobile number",
              "fullTitle": "Verify My Profile Page Update Mobile number",
              "timedOut": null,
              "duration": 2288,
              "state": "passed",
              "speed": "fast",
              "pass": true,
              "fail": false,
              "pending": false,
              "context": null,
              "code": "cy.get('#mobile-label').should(\"have.text\", \"Mobile number *\");\n// cy.get('#mobile').should(\"have.attr\", \"required\");\ncy.get('#mobile').clear().type(faker.string.numeric(10));\ncy.get('.MuiSnackbarContent-message').should(\"have.text\", \"Updated successfully.\");",
              "err": {},
              "uuid": "ea22cbd5-40d9-4423-8e98-52d1bd5f345d",
              "parentUUID": "f960f655-9739-4001-979b-78aa2d42b9ef",
              "isHook": false,
              "skipped": false
            },
            {
              "title": "Mobile number should be in mobile number format",
              "fullTitle": "Verify My Profile Page Mobile number should be in mobile number format",
              "timedOut": null,
              "duration": 2146,
              "state": "passed",
              "speed": "fast",
              "pass": true,
              "fail": false,
              "pending": false,
              "context": null,
              "code": "cy.get('#mobile').clear();\ncy.get('#mobile').type('wesfd');\ncy.get('#mobile-helper-text').should('have.text', \"Mobile number is not valid\");\ncy.get('.MuiSnackbarContent-message').should('have.text', \"Invalid mobile\");",
              "err": {},
              "uuid": "8502e750-e106-4de2-8b64-3dc0779e6d9b",
              "parentUUID": "f960f655-9739-4001-979b-78aa2d42b9ef",
              "isHook": false,
              "skipped": false
            },
            {
              "title": "Verify that total listed user is equal to Total users",
              "fullTitle": "Verify My Profile Page Verify that total listed user is equal to Total users",
              "timedOut": null,
              "duration": 931,
              "state": "passed",
              "speed": "fast",
              "pass": true,
              "fail": false,
              "pending": false,
              "context": null,
              "code": "cy.wait(\"@usersList\").then(({\n  response\n}) => {\n  let totalCount = response.body.result.pages.totalRecords;\n  cy.get('[role=\"tabpanel\"] > :nth-child(1) > :nth-child(2) > :nth-child(1) > :nth-child(1) > :nth-child(2) ').contains(totalCount);\n});",
              "err": {},
              "uuid": "c5bdfa23-a79d-47e0-9093-1a2169d1f1cf",
              "parentUUID": "f960f655-9739-4001-979b-78aa2d42b9ef",
              "isHook": false,
              "skipped": false
            }
          ],
          "suites": [],
          "passes": [
            "7d94a40a-8a60-46a2-8ce6-7e20d45c747e",
            "1f8954e8-e65c-4f55-8646-83c33f372f4c",
            "693c3a48-19c3-4222-86a3-4a238e7ff94e",
            "ea22cbd5-40d9-4423-8e98-52d1bd5f345d",
            "8502e750-e106-4de2-8b64-3dc0779e6d9b",
            "c5bdfa23-a79d-47e0-9093-1a2169d1f1cf"
          ],
          "failures": [],
          "pending": [],
          "skipped": [],
          "duration": 14678,
          "root": false,
          "rootEmpty": false,
          "_timeout": 2000
        }
      ],
      "passes": [],
      "failures": [],
      "pending": [],
      "skipped": [],
      "duration": 0,
      "root": true,
      "rootEmpty": true,
      "_timeout": 2000
    },
    {
      "uuid": "28c2bf38-eeeb-4b6f-9b13-bbfe865b4d82",
      "title": "",
      "fullFile": "cypress\\e2e\\lms\\setting\\1_pipeline\\1_create.js",
      "file": "cypress\\e2e\\lms\\setting\\1_pipeline\\1_create.js",
      "beforeHooks": [],
      "afterHooks": [],
      "tests": [],
      "suites": [
        {
          "uuid": "626ef452-f624-4ba2-b2f2-fa5154a5ed13",
          "title": "Nevigate the setting page and create pipeline",
          "fullFile": "cypress\\e2e\\lms\\setting\\1_pipeline\\1_create.js",
          "file": "cypress\\e2e\\lms\\setting\\1_pipeline\\1_create.js",
          "beforeHooks": [],
          "afterHooks": [],
          "tests": [
            {
              "title": "Pipeline name can't be blank",
              "fullTitle": "Nevigate the setting page and create pipeline Pipeline name can't be blank",
              "timedOut": null,
              "duration": 7956,
              "state": "passed",
              "speed": "medium",
              "pass": true,
              "fail": false,
              "pending": false,
              "context": null,
              "code": "busimpledropdown(pipelineSel.options, messages.pipAction, globalSel.create, messages.newPip);\nbutextField(pipelineSel.piptextfield, \"input\").click();\ncy.get('.MuiFormHelperText-root').should(\"contain\", `${messages.blankPip}.`);\nbuButton(globalSel.savetestid).should(\"be.disabled\").click({\n  force: true\n});\ncy.get('.MuiTooltip-tooltip').should(\"contain\", `${messages.blankPip}.`);",
              "err": {},
              "uuid": "5b1806f9-0ee6-42f9-99d8-e6523fff2f17",
              "parentUUID": "626ef452-f624-4ba2-b2f2-fa5154a5ed13",
              "isHook": false,
              "skipped": false
            },
            {
              "title": "Pipeline already exist ",
              "fullTitle": "Nevigate the setting page and create pipeline Pipeline already exist ",
              "timedOut": null,
              "duration": 4469,
              "state": "passed",
              "speed": "fast",
              "pass": true,
              "fail": false,
              "pending": false,
              "context": null,
              "code": "cy.wait(\"@getPipeline\").then(({\n  response\n}) => {\n  let piplabel = response.body.result.values[0].label;\n  busimpledropdown(pipelineSel.options, messages.pipAction, globalSel.create, messages.newPip);\n  butextField(pipelineSel.piptextfield, \"input\").type(piplabel);\n});\ncy.get('.MuiFormHelperText-root').should(\"have.text\", messages.existsPip);\nbuButton(globalSel.savetestid).should(\"be.disabled\").click({\n  force: true\n});\ncy.get('.MuiTooltip-tooltip').should(\"contain\", messages.existsPip);",
              "err": {},
              "uuid": "ad42de78-acb9-476c-90cd-ee22cc4b4bc0",
              "parentUUID": "626ef452-f624-4ba2-b2f2-fa5154a5ed13",
              "isHook": false,
              "skipped": false
            },
            {
              "title": "Add new pipeline",
              "fullTitle": "Nevigate the setting page and create pipeline Add new pipeline",
              "timedOut": null,
              "duration": 3606,
              "state": "passed",
              "speed": "fast",
              "pass": true,
              "fail": false,
              "pending": false,
              "context": null,
              "code": "busimpledropdown(pipelineSel.options, messages.pipAction, globalSel.create, messages.newPip);\nbutextField(pipelineSel.piptextfield, \"input\").type(`${faker.commerce.product()}-${new Date().valueOf()}`);\nbuButton(globalSel.savetestid).should(\"not.be.disabled\").click();",
              "err": {},
              "uuid": "4f8cef35-01ea-489d-977b-dd30b918ea92",
              "parentUUID": "626ef452-f624-4ba2-b2f2-fa5154a5ed13",
              "isHook": false,
              "skipped": false
            },
            {
              "title": "Should pipeline selectable",
              "fullTitle": "Nevigate the setting page and create pipeline Should pipeline selectable",
              "timedOut": null,
              "duration": 0,
              "state": "pending",
              "speed": null,
              "pass": false,
              "fail": false,
              "pending": true,
              "context": null,
              "code": "cy.wait(\"@getPipeline\").then(({\n  response\n}) => {\n  let pipelines = response.body.result.values;\n  let lastPip = pipelines[pipelines.length - 1].label;\n  // cy.log(`Total Pipelines: ${pipelines.length}`);\n  // cy.log(`Last Item: ${lastPip}`);\n  if (pipelines.length > 5) {\n    cy.get('[data-testid=\"pipeline-box-hlum28yao\"] > [data-testid=\"budropdown-box-ty1opau5a\"] > [data-testid=\"button-box-72cmtvy8r\"] > .MuiButtonBase-root > .MuiButton-icon > [data-testid=\"button-stack-alorzfaoj\"] > [data-testid=\"busvgicon-svgicon-5xuxnhkcv\"]').click();\n    cy.get('[data-testid=\"searchbox-textfield-8k19ikenc\"]').type(lastPip);\n  } else {\n    cy.get('[data-testid=\"pipeline-box-hlum28yao\"] > [data-testid=\"budropdown-box-ty1opau5a\"] > [data-testid=\"button-box-72cmtvy8r\"] > .MuiButtonBase-root > .MuiButton-icon > [data-testid=\"button-stack-alorzfaoj\"] > [data-testid=\"busvgicon-svgicon-5xuxnhkcv\"]').click();\n    cy.contains(lastPip).click();\n  }\n});",
              "err": {},
              "uuid": "c44a321b-f40a-44fa-93ec-bc4a7e09f82a",
              "parentUUID": "626ef452-f624-4ba2-b2f2-fa5154a5ed13",
              "isHook": false,
              "skipped": false
            }
          ],
          "suites": [],
          "passes": [
            "5b1806f9-0ee6-42f9-99d8-e6523fff2f17",
            "ad42de78-acb9-476c-90cd-ee22cc4b4bc0",
            "4f8cef35-01ea-489d-977b-dd30b918ea92"
          ],
          "failures": [],
          "pending": [
            "c44a321b-f40a-44fa-93ec-bc4a7e09f82a"
          ],
          "skipped": [],
          "duration": 16031,
          "root": false,
          "rootEmpty": false,
          "_timeout": 2000
        }
      ],
      "passes": [],
      "failures": [],
      "pending": [],
      "skipped": [],
      "duration": 0,
      "root": true,
      "rootEmpty": true,
      "_timeout": 2000
    },
    {
      "uuid": "4a5a6e17-e913-4cad-8b4c-cf1e4584a369",
      "title": "",
      "fullFile": "cypress\\e2e\\lms\\setting\\1_pipeline\\2_rename.js",
      "file": "cypress\\e2e\\lms\\setting\\1_pipeline\\2_rename.js",
      "beforeHooks": [],
      "afterHooks": [],
      "tests": [],
      "suites": [
        {
          "uuid": "5844311a-5587-431d-83a2-e7617813a6a2",
          "title": "Nevigate the setting page and rename pipeline",
          "fullFile": "cypress\\e2e\\lms\\setting\\1_pipeline\\2_rename.js",
          "file": "cypress\\e2e\\lms\\setting\\1_pipeline\\2_rename.js",
          "beforeHooks": [],
          "afterHooks": [],
          "tests": [
            {
              "title": "Rename pipeline",
              "fullTitle": "Nevigate the setting page and rename pipeline Rename pipeline",
              "timedOut": null,
              "duration": 8835,
              "state": "passed",
              "speed": "medium",
              "pass": true,
              "fail": false,
              "pending": false,
              "context": null,
              "code": "let editedPIpLabel = `${faker.commerce.product()}-${new Date().valueOf()}`;\ncy.wait(\"@getPipeline\", {\n  timeout: 10000\n}).then(({\n  response\n}) => {\n  let pipLabel = response.body.result.values.map(ele => ele.label);\n  budropdown(globalSel.settinglayoutbox, `button ${globalSel.buttonTypography}`, pipLabel[0]);\n  busimpledropdown(pipelineSel.options, messages.pipAction, globalSel.rename, messages.renamePip);\n  cy.get(\"#customized-dialog-title p\").should(\"have.text\", messages.renamePip);\n  butextField(pipelineSel.renamepiptextfield, \"label\").should(\"have.text\", messages.renamePip);\n  butextField(pipelineSel.renamepiptextfield, \"input\").should(\"have.value\", pipLabel[0]);\n  cy.get(globalSel.helpertext).should(\"have.text\", messages.existsPip1);\n  buButton(globalSel.renametestid).should(\"be.disabled\");\n  // Rename the pipeline name\n  butextField(pipelineSel.renamepiptextfield, \"input\").clear().type(editedPIpLabel);\n  buButton(globalSel.renametestid).click();\n  cy.get('.MuiSnackbarContent-message').should(\"have.text\", messages.updated);\n});",
              "err": {},
              "uuid": "c94cd196-07f6-4bdf-b955-9511ef0c3e6d",
              "parentUUID": "5844311a-5587-431d-83a2-e7617813a6a2",
              "isHook": false,
              "skipped": false
            },
            {
              "title": "Pipeline already exist",
              "fullTitle": "Nevigate the setting page and rename pipeline Pipeline already exist",
              "timedOut": null,
              "duration": 5503,
              "state": "passed",
              "speed": "medium",
              "pass": true,
              "fail": false,
              "pending": false,
              "context": null,
              "code": "cy.wait(\"@getPipeline\", {\n  timeout: 10000\n}).then(({\n  response\n}) => {\n  let pipLabel = response.body.result.values.map(ele => ele.label);\n  budropdown(globalSel.settinglayoutbox, `button ${globalSel.buttonTypography}`, pipLabel[0]);\n  busimpledropdown(pipelineSel.options, messages.pipAction, globalSel.rename, messages.renamePip);\n  butextField(pipelineSel.renamepiptextfield, \"input\").clear().type(pipLabel[1]);\n  cy.get(globalSel.helpertext).should(\"have.text\", messages.existsPip1);\n  buButton(globalSel.renametestid).should(\"be.disabled\").and(\"have.text\", \"Rename\");\n});",
              "err": {},
              "uuid": "cba63f78-5138-4cd9-8f74-bf6e00aa74d1",
              "parentUUID": "5844311a-5587-431d-83a2-e7617813a6a2",
              "isHook": false,
              "skipped": false
            },
            {
              "title": "Pipeline name cant't be blank",
              "fullTitle": "Nevigate the setting page and rename pipeline Pipeline name cant't be blank",
              "timedOut": null,
              "duration": 2837,
              "state": "passed",
              "speed": "fast",
              "pass": true,
              "fail": false,
              "pending": false,
              "context": null,
              "code": "cy.wait(\"@getPipeline\", {\n  timeout: 10000\n}).then(({\n  response\n}) => {\n  let pipLabel = response.body.result.values.map(ele => ele.label);\n  budropdown(globalSel.settinglayoutbox, `button ${globalSel.buttonTypography}`, pipLabel[0]);\n  busimpledropdown(pipelineSel.options, messages.pipAction, globalSel.rename, messages.renamePip);\n  butextField(pipelineSel.renamepiptextfield, \"input\").clear();\n  cy.get(globalSel.helpertext).should(\"have.text\", messages.blankPip);\n  buButton(globalSel.renametestid).should(\"be.disabled\").and(\"have.text\", \"Rename\");\n});",
              "err": {},
              "uuid": "4be1ab6e-de01-48f4-be21-532c1a8420e9",
              "parentUUID": "5844311a-5587-431d-83a2-e7617813a6a2",
              "isHook": false,
              "skipped": false
            }
          ],
          "suites": [],
          "passes": [
            "c94cd196-07f6-4bdf-b955-9511ef0c3e6d",
            "cba63f78-5138-4cd9-8f74-bf6e00aa74d1",
            "4be1ab6e-de01-48f4-be21-532c1a8420e9"
          ],
          "failures": [],
          "pending": [],
          "skipped": [],
          "duration": 17175,
          "root": false,
          "rootEmpty": false,
          "_timeout": 2000
        }
      ],
      "passes": [],
      "failures": [],
      "pending": [],
      "skipped": [],
      "duration": 0,
      "root": true,
      "rootEmpty": true,
      "_timeout": 2000
    },
    {
      "uuid": "49d48295-59a0-40d3-ac3a-95ab8dbb6d94",
      "title": "",
      "fullFile": "cypress\\e2e\\lms\\setting\\1_pipeline\\3_reorder.js",
      "file": "cypress\\e2e\\lms\\setting\\1_pipeline\\3_reorder.js",
      "beforeHooks": [],
      "afterHooks": [],
      "tests": [],
      "suites": [
        {
          "uuid": "7536fceb-01b5-45c4-9a57-513015d5edcc",
          "title": "Navigate the setting page and reorder pipeline",
          "fullFile": "cypress\\e2e\\lms\\setting\\1_pipeline\\3_reorder.js",
          "file": "cypress\\e2e\\lms\\setting\\1_pipeline\\3_reorder.js",
          "beforeHooks": [],
          "afterHooks": [],
          "tests": [
            {
              "title": "Reorder pipeline",
              "fullTitle": "Navigate the setting page and reorder pipeline Reorder pipeline",
              "timedOut": null,
              "duration": 12052,
              "state": "passed",
              "speed": "slow",
              "pass": true,
              "fail": false,
              "pending": false,
              "context": null,
              "code": "const movements = 1;\nconst subHeadingText = `You can Create/ Rename/ Delete Pipeline for ${asset} only.`;\nbuCaption(pipelineSel.captionbox, pipelineSel.captionHeading, `${asset}s`, pipelineSel.captionSubHeading, subHeadingText);\n// cy.get(\"#app-routes p\").contains(\"leads\")\n// cy.get('.MuiTypography-caption').contains(\"You can Create/ Rename/ Delete Pipeline for lead only.\")\ncy.wait(1000);\nbusimpledropdown(pipelineSel.options, messages.pipAction, globalSel.reorder, messages.reorderPip);\n// cy.get('.MuiPaper-root > :nth-child(2) > div > .MuiButtonBase-root').should(\"have.text\", \"Options\").click()\n// cy.get(\"#reorder\").click()\n// get the pipeline-id using intercept and wait method\ncy.wait(\"@getPipeline\").then(({\n  response\n}) => {\n  let pipId = response.body.result.values.map(ele => ele.id);\n  cy.get(`[data-rbd-draggable-id=${pipId[0]}]`).as('item');\n  cy.get('@item').invoke('attr', 'data-rbd-drag-handle-draggable-id').as('item-id');\n  cy.get('@item').invoke('attr', 'tabindex').as('item-index').should('equal', '0');\n  // lift the element\n  cy.get('@item').focus().trigger('keydown', {\n    keyCode: 32\n  }).get('@item'); // need to re-query for a clone\n  cy.wrap(Array.from({\n    length: movements\n  })).each(() => {\n    cy.get('@item').trigger('keydown', {\n      keyCode: 40,\n      force: true\n    }).wait(1000);\n  });\n  // drop an element\n  cy.get('@item').trigger('keydown', {\n    keyCode: 32,\n    force: true\n  });\n  cy.get('@item-id').then(() => {\n    cy.get(`[data-rbd-draggable-id=${pipId[0]}]`).invoke('attr', 'tabindex');\n  });\n  // cy.get('#cancel').should(\"have.text\", \"Cancel\")\n  // cy.get(\"#save\").click()\n  buButton(globalSel.canceltestid).should(\"have.text\", \"Cancel\");\n  buButton(globalSel.savetestid).should(\"have.text\", \"Save\").click({\n    force: true\n  });\n});",
              "err": {},
              "uuid": "07007561-c551-4b76-a612-75fcedff1b28",
              "parentUUID": "7536fceb-01b5-45c4-9a57-513015d5edcc",
              "isHook": false,
              "skipped": false
            }
          ],
          "suites": [],
          "passes": [
            "07007561-c551-4b76-a612-75fcedff1b28"
          ],
          "failures": [],
          "pending": [],
          "skipped": [],
          "duration": 12052,
          "root": false,
          "rootEmpty": false,
          "_timeout": 2000
        }
      ],
      "passes": [],
      "failures": [],
      "pending": [],
      "skipped": [],
      "duration": 0,
      "root": true,
      "rootEmpty": true,
      "_timeout": 2000
    },
    {
      "uuid": "a845b261-efb0-41e8-9946-9b77482202db",
      "title": "",
      "fullFile": "cypress\\e2e\\lms\\setting\\1_pipeline\\4_stage.js",
      "file": "cypress\\e2e\\lms\\setting\\1_pipeline\\4_stage.js",
      "beforeHooks": [],
      "afterHooks": [],
      "tests": [],
      "suites": [
        {
          "uuid": "8955da47-9d65-41d8-a75f-7d2d6f253188",
          "title": "Stage functionality test for pipeline",
          "fullFile": "cypress\\e2e\\lms\\setting\\1_pipeline\\4_stage.js",
          "file": "cypress\\e2e\\lms\\setting\\1_pipeline\\4_stage.js",
          "beforeHooks": [],
          "afterHooks": [],
          "tests": [
            {
              "title": "Add new stage",
              "fullTitle": "Stage functionality test for pipeline Add new stage",
              "timedOut": null,
              "duration": 10180,
              "state": "passed",
              "speed": "slow",
              "pass": true,
              "fail": false,
              "pending": false,
              "context": null,
              "code": "const stageName = `${faker.commerce.productName()}-${new Date().valueOf()}`;\nconst subHeadingText = `You can Create/ Rename/ Delete Pipeline for ${asset} only.`;\nbuCaption(pipelineSel.captionbox, pipelineSel.captionHeading, `${asset}s`, pipelineSel.captionSubHeading, subHeadingText);\nonesecondWait();\nbuButton(`[data-testid=\"Add a ${asset} Stage\"]`).should(\"have.text\", `Add a ${asset} Stage`).click();\ncyGet(`${globalSel.inputItemtextfield}`).find(`input[value='']`).type(stageName);\nonesecondWait();\nbuSaveButton().should(\"have.text\", \"Save\").click();\ncyGet(globalSel.SnackbarMessage).invoke('text').should('include', messages.requestSuccess);",
              "err": {},
              "uuid": "476aa114-5644-4cb8-a01e-3024b2f0f733",
              "parentUUID": "8955da47-9d65-41d8-a75f-7d2d6f253188",
              "isHook": false,
              "skipped": false
            },
            {
              "title": "Stage can't be empty.",
              "fullTitle": "Stage functionality test for pipeline Stage can't be empty.",
              "timedOut": null,
              "duration": 3348,
              "state": "passed",
              "speed": "fast",
              "pass": true,
              "fail": false,
              "pending": false,
              "context": null,
              "code": "buButton(`[data-testid=\"Add a ${asset} Stage\"]`).should(\"have.text\", `Add a ${asset} Stage`).click();\nbuSaveButton().should(\"be.disabled\").trigger(\"mouseover\", {\n  force: true\n});\ncyGet(globalSel.tooltip).invoke('text').should('include', \"Stage can't be empty.\");",
              "err": {},
              "uuid": "72d82345-3517-459b-83d6-cb495f040e03",
              "parentUUID": "8955da47-9d65-41d8-a75f-7d2d6f253188",
              "isHook": false,
              "skipped": false
            },
            {
              "title": "Stage can't be duplicate.",
              "fullTitle": "Stage functionality test for pipeline Stage can't be duplicate.",
              "timedOut": null,
              "duration": 4857,
              "state": "passed",
              "speed": "fast",
              "pass": true,
              "fail": false,
              "pending": false,
              "context": null,
              "code": "buButton(`[data-testid=\"Add a ${asset} Stage\"]`).should(\"have.text\", `Add a ${asset} Stage`).click();\ncy.wait(\"@getStage\", {\n  timeout: 10000\n}).then(({\n  response\n}) => {\n  const stageName = response.body.result.values.map(ele => ele.label);\n  cyGet(`${globalSel.inputItemtextfield}`).find(`input[value='']`).click().type(stageName[0]);\n});\nbuSaveButton().should(\"be.disabled\").trigger(\"mouseover\", {\n  force: true\n});\ncyGet(globalSel.tooltip).invoke('text').should('include', \"Duplicate stage name.\");",
              "err": {},
              "uuid": "e287f975-9f79-4e3b-8f2d-7bc727b7d9d7",
              "parentUUID": "8955da47-9d65-41d8-a75f-7d2d6f253188",
              "isHook": false,
              "skipped": false
            },
            {
              "title": "edit stage",
              "fullTitle": "Stage functionality test for pipeline edit stage",
              "timedOut": null,
              "duration": 5582,
              "state": "passed",
              "speed": "medium",
              "pass": true,
              "fail": false,
              "pending": false,
              "context": null,
              "code": "const stageName = `${faker.commerce.productName()}-${new Date().valueOf()}`;\ncyGet(`${globalSel.inputItemtextfield} input`).last().clear();\ncyGet(`${globalSel.inputItemtextfield} input`).last().type(stageName);\nbuSaveButton().should(\"have.text\", \"Save\").click();\ncyGet(globalSel.SnackbarMessage).invoke('text').should('include', messages.requestSuccess);",
              "err": {},
              "uuid": "79b54776-0ebb-4751-a843-b41184c74b19",
              "parentUUID": "8955da47-9d65-41d8-a75f-7d2d6f253188",
              "isHook": false,
              "skipped": false
            },
            {
              "title": "delete stage",
              "fullTitle": "Stage functionality test for pipeline delete stage",
              "timedOut": null,
              "duration": 6797,
              "state": "passed",
              "speed": "medium",
              "pass": true,
              "fail": false,
              "pending": false,
              "context": null,
              "code": "let stageName = `${faker.commerce.productName()}-${new Date().valueOf()}`;\nconst msg2 = \"Are you sure! Want to delete this Stage?\";\nbuButton(`[data-testid=\"Add a ${asset} Stage\"]`).click();\ncyGet(`${globalSel.inputItemtextfield}`).find(`input[value='']`).click().type(stageName);\nbuSaveButton().should(\"have.text\", \"Save\").click();\nonesecondWait();\ncyGet(`${pipelineSel.stageDelIconBtn}`).last().click();\nbuCaption(globalSel.dialogTitle, globalSel.dialogTitleText, \"Delete Stage\", pipelineSel.deletestagecaption, msg2);\nbuButton(`[data-testid=\"Delete Stage\"]`).click();",
              "err": {},
              "uuid": "534b91e9-2c89-4f81-9ce1-eb51c86a8057",
              "parentUUID": "8955da47-9d65-41d8-a75f-7d2d6f253188",
              "isHook": false,
              "skipped": false
            },
            {
              "title": "Stage should not be deleted which contains record",
              "fullTitle": "Stage functionality test for pipeline Stage should not be deleted which contains record",
              "timedOut": null,
              "duration": 3480,
              "state": "passed",
              "speed": "fast",
              "pass": true,
              "fail": false,
              "pending": false,
              "context": null,
              "code": "cy.wait(\"@getStage\", {\n  timeout: 10000\n}).then(({\n  response\n}) => {\n  const stageWithCount = response.body.result.values.find(ele => ele.count > 0 && ele.winChance != \"Won\");\n  if (!stageWithCount) {\n    this.skip();\n  }\n  const msg2 = `You need to move ${stageWithCount === null || stageWithCount === void 0 ? void 0 : stageWithCount.count} ${asset} to delete this stage.`;\n  cyGet(`[data-rbd-draggable-id=\"${stageWithCount === null || stageWithCount === void 0 ? void 0 : stageWithCount.id}\"] ${pipelineSel.stageDelIconBtn}`).click({\n    force: true\n  });\n  buCaption(globalSel.dialogTitle, globalSel.dialogTitleText, delNmvStg, pipelineSel.deletestageConfirmatiion, msg2);\n  budropdown(globalSel.dialogContent, globalSel.fieldlabelBox, fieldLabel);\n  budropdownInput(`[data-testid=\"input-muiinput-t8mkcx347\"] input`, stageWithCount === null || stageWithCount === void 0 ? void 0 : stageWithCount.label);\n  buButton(`[data-testid=\"Move ${asset} and delete Stage\"]`).should(\"be.disabled\");\n});",
              "err": {},
              "uuid": "27b747d3-d1c5-4358-a337-8d31037ec307",
              "parentUUID": "8955da47-9d65-41d8-a75f-7d2d6f253188",
              "isHook": false,
              "skipped": false
            },
            {
              "title": "move record and delete stage",
              "fullTitle": "Stage functionality test for pipeline move record and delete stage",
              "timedOut": null,
              "duration": 4506,
              "state": "passed",
              "speed": "fast",
              "pass": true,
              "fail": false,
              "pending": false,
              "context": null,
[...]
                "diff": ""
              },
              "uuid": "68e306ee-5c3b-407f-b3c5-ea7780f7fed3",
              "parentUUID": "fc4fca82-62fc-4f55-8709-5fd55fe5132e",
              "isHook": false,
              "skipped": false
            },
            {
              "title": "Delete field from field tab",
              "fullTitle": "Nevigate the setting page and delete and restore field Delete field from field tab",
              "timedOut": null,
              "duration": 2250,
              "state": "failed",
              "speed": null,
              "pass": false,
              "fail": true,
              "pending": false,
              "context": null,
              "code": "let title = \"Delete 1 field ?\";\nlet desc = \"Are you sure you want to  delete 1 field ?\";\ncy.visit(`${updatedUrl}/setting/properties`);\ncy.get('[data-testid=\"busimpletabs-tab-6lg4m8h6g\"]', {\n  timeout: 10000\n}).contains(\"Deleted fields\").click();\ncy.wait(\"@binList\", {\n  timeout: 10000\n}).then(({\n  response\n}) => {\n  expect(response.body.result.values).be.length.greaterThan(0);\n  cy.get('[data-testid=\"actions-box-it835w1xf\"] button').first().click();\n  cy.get(\"#delete\").click();\n  roleDialog(lead.dialogTitle, title, lead.dialogDesc, desc, `[role=\"dialog\"] ${lead.typeBtn}`, \"Delete\");\n});",
              "err": {
                "message": "AssertionError: expected [] to have a length above 0 but got 0",
                "estack": "AssertionError: expected [] to have a length above 0 but got 0\n    at Context.eval (webpack://bu-testing/./cypress/e2e/lms/setting/9_bin/field.js:90:58)\n    at getRet (http://lms.buopso.lcl/__cypress/runner/cypress_runner.js:121066:20)\n    at tryCatcher (http://lms.buopso.lcl/__cypress/runner/cypress_runner.js:1777:23)\n    at Promise.attempt.Promise.try (http://lms.buopso.lcl/__cypress/runner/cypress_runner.js:4285:29)\n    at Context.thenFn (http://lms.buopso.lcl/__cypress/runner/cypress_runner.js:121077:66)\n    at Context.then (http://lms.buopso.lcl/__cypress/runner/cypress_runner.js:121328:21)",
                "diff": ""
              },
              "uuid": "c8f53e8e-f8b7-45b2-9b47-bb17398a84a2",
              "parentUUID": "fc4fca82-62fc-4f55-8709-5fd55fe5132e",
              "isHook": false,
              "skipped": false
            },
            {
              "title": "Filter single line field and verify column with rows us",
              "fullTitle": "Nevigate the setting page and delete and restore field Filter single line field and verify column with rows us",
              "timedOut": null,
              "duration": 8353,
              "state": "passed",
              "speed": "medium",
              "pass": true,
              "fail": false,
              "pending": false,
              "context": null,
              "code": "cy.visit(`${updatedUrl}/setting/bin`);\ncy.get('[data-testid=\"busimpletabs-tab-6lg4m8h6g\"]', {\n  timeout: 10000\n}).contains(\"Field\").click();\ncy.recordCountOnPage(\"10\");\ncy.get('[aria-label=\"Select field type\"]').click();\nfieldTypeFilterSel(\"Multi line text\");\ncy.get('.MuiButton-endIcon').click();\ncy.wait(\"@binList\");\ncy.wait(\"@binList\");\ncy.wait(\"@binList\", {\n  timeout: 10000\n}).then(({\n  response\n}) => {\n  expect(response.body.result.values).be.length.greaterThan(0);\n  let binFieldLabel = response.body.result.values.map(ele => ele.label);\n  let deletedType = response.body.result.values.map(ele => {\n    return ele.type.charAt(0).toUpperCase() + ele.type.slice(1);\n  });\n  let deletedBy = response.body.result.values.map(ele => ele.deletedBy);\n  let userName = deletedBy.map(key => {\n    let label = key.label;\n    return label;\n  });\n  let fieldTypeArray = Array(binFieldLabel.length).fill(\"Multi line text\");\n  verifyTablecolNrow(lead.thead, 2, \"Field name\", lead.tbody, binFieldLabel);\n  verifyTablecolNrow(lead.thead, 3, \"Field type\", lead.tbody, fieldTypeArray);\n  verifyTablecolNrow(lead.thead, 4, \"Deleted by\", lead.tbody, userName);\n  verifyTablecolNrow(lead.thead, 5, \"Deleted type\", lead.tbody, deletedType);\n});",
              "err": {},
              "uuid": "8c616afd-7d12-4c30-b7c1-578f25de32ef",
              "parentUUID": "fc4fca82-62fc-4f55-8709-5fd55fe5132e",
              "isHook": false,
              "skipped": false
            },
            {
              "title": "Restore field from bin tab",
              "fullTitle": "Nevigate the setting page and delete and restore field Restore field from bin tab",
              "timedOut": null,
              "duration": 5485,
              "state": "passed",
              "speed": "medium",
              "pass": true,
              "fail": false,
              "pending": false,
              "context": null,
              "code": "let title = \"Restore 1 field ?\";\nlet desc = \"Are you sure you want to restore 1 field ? \";\ncy.visit(`${updatedUrl}/setting/bin`);\ncy.get('[data-testid=\"busimpletabs-tab-6lg4m8h6g\"]', {\n  timeout: 10000\n}).contains(\"Field\").click();\ncy.wait(\"@binList\", {\n  timeout: 10000\n}).then(({\n  response\n}) => {\n  expect(response.body.result.values).be.length.greaterThan(0);\n  cy.get('[data-testid=\"actions-box-it835w1xf\"] button').first().click();\n  cy.get(\"#restore\").click();\n  roleDialog(lead.dialogTitle, title, lead.dialogDesc, desc, `[role=\"dialog\"] ${lead.typeBtn}`, \"Restore\");\n});",
              "err": {},
              "uuid": "3823aebc-ec63-4302-9126-2012d0ee71cc",
              "parentUUID": "fc4fca82-62fc-4f55-8709-5fd55fe5132e",
              "isHook": false,
              "skipped": false
            },
            {
              "title": "Delete field from bin tab",
              "fullTitle": "Nevigate the setting page and delete and restore field Delete field from bin tab",
              "timedOut": null,
              "duration": 4457,
              "state": "passed",
              "speed": "fast",
              "pass": true,
              "fail": false,
              "pending": false,
              "context": null,
              "code": "let title = \"Delete 1  field ?\";\nlet desc = \"Are you sure you want to delete 1 field ? \";\ncy.visit(`${updatedUrl}/setting/bin`);\ncy.get('[data-testid=\"busimpletabs-tab-6lg4m8h6g\"]', {\n  timeout: 10000\n}).contains(\"Field\").click();\ncy.wait(\"@binList\", {\n  timeout: 10000\n}).then(({\n  response\n}) => {\n  expect(response.body.result.values).be.length.greaterThan(0);\n  cy.get('[data-testid=\"actions-box-it835w1xf\"] button').first().click();\n  cy.get(\"#delete\").click();\n  roleDialog(lead.dialogTitle, title, lead.dialogDesc, desc, `[role=\"dialog\"] ${lead.typeBtn}`, \"Delete\");\n});",
              "err": {},
              "uuid": "e6e0563f-949a-4e26-88db-805ace804d08",
              "parentUUID": "fc4fca82-62fc-4f55-8709-5fd55fe5132e",
              "isHook": false,
              "skipped": false
            }
          ],
          "suites": [],
          "passes": [
            "049d1823-75be-4e74-99be-d1522cc095fe",
            "8c616afd-7d12-4c30-b7c1-578f25de32ef",
            "3823aebc-ec63-4302-9126-2012d0ee71cc",
            "e6e0563f-949a-4e26-88db-805ace804d08"
          ],
          "failures": [
            "68e306ee-5c3b-407f-b3c5-ea7780f7fed3",
            "c8f53e8e-f8b7-45b2-9b47-bb17398a84a2"
          ],
          "pending": [],
          "skipped": [],
          "duration": 37094,
          "root": false,
          "rootEmpty": false,
          "_timeout": 2000
        }
      ],
      "passes": [],
      "failures": [],
      "pending": [],
      "skipped": [],
      "duration": 0,
      "root": true,
      "rootEmpty": true,
      "_timeout": 2000
    },
    {
      "uuid": "a3a9b3bc-6c9f-454f-ac76-c5593bc2a182",
      "title": "",
      "fullFile": "cypress\\e2e\\lms\\setting\\9_bin\\record.js",
      "file": "cypress\\e2e\\lms\\setting\\9_bin\\record.js",
      "beforeHooks": [],
      "afterHooks": [],
      "tests": [],
      "suites": [
        {
          "uuid": "a2080513-1022-47a6-9dc6-743555397fec",
          "title": "Test the functionality of restore lead from bin",
          "fullFile": "cypress\\e2e\\lms\\setting\\9_bin\\record.js",
          "file": "cypress\\e2e\\lms\\setting\\9_bin\\record.js",
          "beforeHooks": [],
          "afterHooks": [],
          "tests": [
            {
              "title": "Check if the Cancel button is working when restoring lead from bin",
              "fullTitle": "Test the functionality of restore lead from bin Check if the Cancel button is working when restoring lead from bin",
              "timedOut": null,
              "duration": 11910,
              "state": "passed",
              "speed": "slow",
              "pass": true,
              "fail": false,
              "pending": false,
              "context": null,
              "code": "cy.get(lead.typeBtn).contains(\"Delete\").should(\"be.disabled\");\ncy.get(lead.typeBtn).contains(\"Restore\").should(\"be.disabled\");\ncy.wait(\"@binRecord\").then(({\n  response\n}) => {\n  let recordLength = response.body.result.values.length;\n  let totalRecord = response.body.result.pages.totalRecords;\n  uidFeild = response.body.result.view.columns.find(fld => fld.prop === \"uid\");\n  const msg1 = `Restore ${recordLength} ${asset} ?`;\n  const msg2 = `Are you sure you want to restore ${recordLength} ${asset} ? `;\n  if (totalRecord === 0) {\n    cy.contains(`tr`, uidFeild.label).find(`input[type=\"checkbox\"]`).should(\"be.disabled\");\n    expect(totalRecord).to.be.eq(0);\n  } else {\n    cy.contains(`tr`, uidFeild.label).find(`input[type=\"checkbox\"]`).check();\n    cy.get(lead.typeBtn).contains(\"Restore\").click();\n    cy.roleDialog(lead.dialogTitle, msg1, lead.dialogDesc, msg2, lead.typeBtn, \"Cancel\");\n    cy.wait(500);\n    cy.get(lead.countOnGrid).contains(totalRecord);\n  }\n});",
              "err": {},
              "uuid": "5749692f-bdb7-4e71-b9e9-63c417c99081",
              "parentUUID": "a2080513-1022-47a6-9dc6-743555397fec",
              "isHook": false,
              "skipped": false
            },
            {
              "title": "Restore the lead from bin",
              "fullTitle": "Test the functionality of restore lead from bin Restore the lead from bin",
              "timedOut": null,
              "duration": 3604,
              "state": "failed",
              "speed": null,
              "pass": false,
              "fail": true,
              "pending": false,
              "context": null,
              "code": "cy.wait(\"@binRecord\").then(({\n  response\n}) => {\n  let recordLength = response.body.result.values.length;\n  let totalRecord = response.body.result.pages.totalRecords;\n  let remainsRecord = totalRecord - recordLength;\n  let msg1 = `Restore ${recordLength} lead ?`;\n  let msg2 = `Are you sure you want to restore ${recordLength} lead ? `;\n  if (recordLength === 0) {\n    cy.contains(`tr`, uidFeild.label).find(`input[type=\"checkbox\"]`).should(\"be.disabled\");\n    expect(recordLength).to.be.eq(0);\n  } else {\n    cy.contains(`tr`, uidFeild.label).find(`input[type=\"checkbox\"]`).check();\n    cy.get(lead.typeBtn).contains(\"Restore\").click();\n    cy.roleDialog(lead.dialogTitle, msg1, lead.dialogDesc, msg2, `.MuiDialogActions-root ${lead.typeBtn}`, \"Restore\");\n    cy.get('.MuiSnackbarContent-message').should(\"have.text\", \"Request successful.\");\n    cy.get(lead.countOnGrid).contains(remainsRecord);\n  }\n});",
              "err": {
                "message": "TypeError: Cannot read properties of undefined (reading 'label')",
                "estack": "TypeError: Cannot read properties of undefined (reading 'label')\n    at Context.eval (webpack://bu-testing/./cypress/e2e/lms/setting/9_bin/record.js:51:43)\n    at getRet (http://lms.buopso.lcl/__cypress/runner/cypress_runner.js:121066:20)\n    at tryCatcher (http://lms.buopso.lcl/__cypress/runner/cypress_runner.js:1777:23)\n    at Promise.attempt.Promise.try (http://lms.buopso.lcl/__cypress/runner/cypress_runner.js:4285:29)\n    at Context.thenFn (http://lms.buopso.lcl/__cypress/runner/cypress_runner.js:121077:66)\n    at Context.then (http://lms.buopso.lcl/__cypress/runner/cypress_runner.js:121328:21)\n    at wrapped (http://lms.buopso.lcl/__cypress/runner/cypress_runner.js:141671:19)\n    at <unknown> (http://lms.buopso.lcl/__cypress/runner/cypress_runner.js:147616:15)\n    at tryCatcher (http://lms.buopso.lcl/__cypress/runner/cypress_runner.js:1777:23)",
                "diff": null
              },
              "uuid": "8b829502-6371-444c-a6c7-0110cb4ee1a9",
              "parentUUID": "a2080513-1022-47a6-9dc6-743555397fec",
              "isHook": false,
              "skipped": false
            },
            {
              "title": "Check if the Cancel button is working when deleting lead from bin",
              "fullTitle": "Test the functionality of restore lead from bin Check if the Cancel button is working when deleting lead from bin",
              "timedOut": null,
              "duration": 3536,
              "state": "failed",
              "speed": null,
              "pass": false,
              "fail": true,
              "pending": false,
              "context": null,
              "code": "cy.wait(\"@binRecord\").then(({\n  response\n}) => {\n  let recordLength = response.body.result.values.length;\n  let totalRecord = response.body.result.pages.totalRecords;\n  let msg1 = `Delete ${recordLength} ${asset} ?`;\n  let msg2 = `Are you sure you want to delete ${recordLength} ${asset} ? `;\n  if (recordLength === 0) {\n    cy.contains(`tr`, uidFeild.label).find(`input[type=\"checkbox\"]`).should(\"be.disabled\");\n    expect(recordLength).to.be.eq(0);\n  } else {\n    cy.contains(`tr`, uidFeild.label).find(`input[type=\"checkbox\"]`).check();\n    cy.get(lead.typeBtn).contains(\"Delete\").click();\n    cy.roleDialog(lead.dialogTitle, msg1, lead.dialogDesc, msg2, lead.typeBtn, \"Cancel\");\n    cy.wait(500);\n    cy.get(lead.countOnGrid).contains(totalRecord);\n  }\n});",
              "err": {
                "message": "TypeError: Cannot read properties of undefined (reading 'label')",
                "estack": "TypeError: Cannot read properties of undefined (reading 'label')\n    at Context.eval (webpack://bu-testing/./cypress/e2e/lms/setting/9_bin/record.js:70:43)\n    at getRet (http://lms.buopso.lcl/__cypress/runner/cypress_runner.js:121066:20)\n    at tryCatcher (http://lms.buopso.lcl/__cypress/runner/cypress_runner.js:1777:23)\n    at Promise.attempt.Promise.try (http://lms.buopso.lcl/__cypress/runner/cypress_runner.js:4285:29)\n    at Context.thenFn (http://lms.buopso.lcl/__cypress/runner/cypress_runner.js:121077:66)\n    at Context.then (http://lms.buopso.lcl/__cypress/runner/cypress_runner.js:121328:21)\n    at wrapped (http://lms.buopso.lcl/__cypress/runner/cypress_runner.js:141671:19)\n    at <unknown> (http://lms.buopso.lcl/__cypress/runner/cypress_runner.js:147616:15)\n    at tryCatcher (http://lms.buopso.lcl/__cypress/runner/cypress_runner.js:1777:23)",
                "diff": null
              },
              "uuid": "33d963e0-df2a-44c1-8e3e-d758c3309fde",
              "parentUUID": "a2080513-1022-47a6-9dc6-743555397fec",
              "isHook": false,
              "skipped": false
            },
            {
              "title": "Delete the lead from bin",
              "fullTitle": "Test the functionality of restore lead from bin Delete the lead from bin",
              "timedOut": null,
              "duration": 2088,
              "state": "failed",
              "speed": null,
              "pass": false,
              "fail": true,
              "pending": false,
              "context": null,
              "code": "cy.wait(\"@binRecord\").then(({\n  response\n}) => {\n  let recordLength = response.body.result.values.length;\n  let totalRecord = response.body.result.pages.totalRecords;\n  let remainsRecord = totalRecord - recordLength;\n  let msg1 = `Delete ${recordLength} ${asset} ?`;\n  let msg2 = `Are you sure you want to delete ${recordLength} ${asset} ? `;\n  if (recordLength === 0) {\n    cy.contains(`tr`, uidFeild.label).find(`input[type=\"checkbox\"]`).should(\"be.disabled\");\n    expect(recordLength).to.be.eq(0);\n  } else {\n    cy.contains(`tr`, uidFeild.label).find(`input[type=\"checkbox\"]`).check();\n    cy.get(lead.typeBtn).contains(\"Delete\").click();\n    cy.roleDialog(lead.dialogTitle, msg1, lead.dialogDesc, msg2, `[role=\"dialog\"] ${lead.typeBtn}`, \"Delete\");\n    cy.get('.MuiSnackbarContent-message').should(\"have.text\", \"Deleted successfully.\");\n    cy.get(lead.countOnGrid).contains(remainsRecord);\n  }\n});",
              "err": {
                "message": "TypeError: Cannot read properties of undefined (reading 'label')",
                "estack": "TypeError: Cannot read properties of undefined (reading 'label')\n    at Context.eval (webpack://bu-testing/./cypress/e2e/lms/setting/9_bin/record.js:90:43)\n    at getRet (http://lms.buopso.lcl/__cypress/runner/cypress_runner.js:121066:20)\n    at tryCatcher (http://lms.buopso.lcl/__cypress/runner/cypress_runner.js:1777:23)\n    at Promise.attempt.Promise.try (http://lms.buopso.lcl/__cypress/runner/cypress_runner.js:4285:29)\n    at Context.thenFn (http://lms.buopso.lcl/__cypress/runner/cypress_runner.js:121077:66)\n    at Context.then (http://lms.buopso.lcl/__cypress/runner/cypress_runner.js:121328:21)\n    at wrapped (http://lms.buopso.lcl/__cypress/runner/cypress_runner.js:141671:19)\n    at <unknown> (http://lms.buopso.lcl/__cypress/runner/cypress_runner.js:147616:15)\n    at tryCatcher (http://lms.buopso.lcl/__cypress/runner/cypress_runner.js:1777:23)",
                "diff": null
              },
              "uuid": "ea179eda-ec54-446a-9d5f-01b3558b857f",
              "parentUUID": "a2080513-1022-47a6-9dc6-743555397fec",
              "isHook": false,
              "skipped": false
            }
          ],
          "suites": [],
          "passes": [
            "5749692f-bdb7-4e71-b9e9-63c417c99081"
          ],
          "failures": [
            "8b829502-6371-444c-a6c7-0110cb4ee1a9",
            "33d963e0-df2a-44c1-8e3e-d758c3309fde",
            "ea179eda-ec54-446a-9d5f-01b3558b857f"
          ],
          "pending": [],
          "skipped": [],
          "duration": 21138,
          "root": false,
          "rootEmpty": false,
          "_timeout": 2000
        }
      ],
      "passes": [],
      "failures": [],
      "pending": [],
      "skipped": [],
      "duration": 0,
      "root": true,
      "rootEmpty": true,
      "_timeout": 2000
    }
  ],
  "meta": {
    "mocha": {
      "version": "7.2.0"
    },
    "mochawesome": {
      "options": {
        "quiet": false,
        "reportFilename": "[datetime]",
        "saveHtml": false,
        "saveJson": true,
        "consoleReporter": "spec",
        "useInlineDiffs": false,
        "code": true
      },
      "version": "7.1.3"
    },
    "marge": {
      "options": {
        "charts": true,
        "reportPageTitle": "Buopso-UI-Report",
        "embeddedScreenshots": true,
        "inlineAssets": true,
        "saveAllAttempts": false,
        "overwrite": false,
        "reportFilename": "[datetime]",
        "timestamp": "isoDateTime",
        "html": false,
        "json": true,
        "reportDir": "cypress\\reports\\.jsons",
        "saveJson": true
      },
      "version": "6.2.0"
    }
  }
}