{
  "stats": {
    "suites": 47,
    "tests": 198,
    "passes": 121,
    "pending": 32,
    "failures": 45,
    "testsRegistered": 198,
    "passPercent": 61.111111111111114,
    "pendingPercent": 16.161616161616163,
    "other": 0,
    "hasOther": false,
    "skipped": 0,
    "hasSkipped": false,
    "start": "2025-07-29T06:16:34.925Z",
    "end": "2025-07-29T06:49:57.032Z",
    "duration": 2002107
  },
  "results": [
    {
      "uuid": "45eaf61f-ae12-41d8-b737-c874c2cc67a6",
      "title": "",
      "fullFile": "cypress\\e2e\\auth\\login.js",
      "file": "cypress\\e2e\\auth\\login.js",
      "beforeHooks": [],
      "afterHooks": [],
      "tests": [],
      "suites": [
        {
          "uuid": "7334f577-a13b-4d1d-9b1d-763a6c5c6683",
          "title": "Test case for login",
          "fullFile": "cypress\\e2e\\auth\\login.js",
          "file": "cypress\\e2e\\auth\\login.js",
          "beforeHooks": [],
          "afterHooks": [],
          "tests": [
            {
              "title": "Pass invalid email",
              "fullTitle": "Test case for login Pass invalid email",
              "timedOut": null,
              "duration": 3387,
              "state": "passed",
              "speed": "fast",
              "pass": true,
              "fail": false,
              "pending": false,
              "context": null,
              "code": "cy.get(\"form\").within(() => {\n  cy.get(\"@email\").type(\"abc.xyzgmail.com\");\n  cy.get('.MuiFormHelperText-root').should(\"contain\", \"Please provide proper username\");\n  cy.get(\"@password\").type(Cypress.env(\"password\"));\n  cy.root().submit();\n});\ncy.get('.MuiSnackbarContent-message').should(\"contain\", \"Please enter a valid email.\");",
              "err": {},
              "uuid": "5c0cbb15-5349-4fe8-849c-54f810514aaf",
              "parentUUID": "7334f577-a13b-4d1d-9b1d-763a6c5c6683",
              "isHook": false,
              "skipped": false
            },
            {
              "title": "Pass wrong email",
              "fullTitle": "Test case for login Pass wrong email",
              "timedOut": null,
              "duration": 884,
              "state": "passed",
              "speed": "fast",
              "pass": true,
              "fail": false,
              "pending": false,
              "context": null,
              "code": "cy.get(\"form\").within(() => {\n  cy.get(\"@email\").type(\"abc@xyx.com\");\n  cy.get(\"@password\").type(Cypress.env(\"password\"));\n  cy.root().submit();\n});\ncy.get('.MuiSnackbarContent-message').should(\"contain\", \"user not found.\");",
              "err": {},
              "uuid": "ac843e50-75b7-4969-99db-4176f4a96846",
              "parentUUID": "7334f577-a13b-4d1d-9b1d-763a6c5c6683",
              "isHook": false,
              "skipped": false
            },
            {
              "title": "Pass invalid password",
              "fullTitle": "Test case for login Pass invalid password",
              "timedOut": null,
              "duration": 1124,
              "state": "passed",
              "speed": "fast",
              "pass": true,
              "fail": false,
              "pending": false,
              "context": null,
              "code": "cy.get(\"form\").within(() => {\n  cy.get(\"@email\").type(Cypress.env(\"email\"));\n  cy.get(\"@password\").type(132134344);\n  cy.root().submit();\n});\ncy.get('.MuiSnackbarContent-message').should(\"contain\", \"Invalid username or password.\");",
              "err": {},
              "uuid": "3db4881e-55b8-46ca-9df6-3901bbdb3288",
              "parentUUID": "7334f577-a13b-4d1d-9b1d-763a6c5c6683",
              "isHook": false,
              "skipped": false
            },
            {
              "title": "Pass wrong password",
              "fullTitle": "Test case for login Pass wrong password",
              "timedOut": null,
              "duration": 1638,
              "state": "passed",
              "speed": "fast",
              "pass": true,
              "fail": false,
              "pending": false,
              "context": null,
              "code": "cy.get(\"form\").within(() => {\n  cy.get(\"@email\").type(Cypress.env(\"email\"));\n  cy.get(\"@password\").type(\"AAsdf1234\");\n  cy.root().submit();\n});\ncy.get('.MuiSnackbarContent-message').should(\"contain\", \"Invalid username or password.\");",
              "err": {},
              "uuid": "0b6ebcd1-b8d1-4222-8deb-9422a1a2260c",
              "parentUUID": "7334f577-a13b-4d1d-9b1d-763a6c5c6683",
              "isHook": false,
              "skipped": false
            },
            {
              "title": "Pass the valid email in upper-case",
              "fullTitle": "Test case for login Pass the valid email in upper-case",
              "timedOut": null,
              "duration": 2112,
              "state": "passed",
              "speed": "fast",
              "pass": true,
              "fail": false,
              "pending": false,
              "context": null,
              "code": "let email = Cypress.env(\"email\").toUpperCase();\ncy.get(\"form\").within(() => {\n  cy.get(\"@email\").type(email);\n  cy.get(\"@password\").type(Cypress.env(\"password\"));\n  cy.root().submit();\n});\ncy.wait(\"@loginApi\").then(({\n  response\n}) => {\n  if (response.body.result === \"session_exists\") {\n    cy.get('[role=\"presentation\"] .MuiDialog-container .MuiPaper-root button').contains(\"Ok\").click();\n  }\n});\ncy.get('[aria-label=\"User Profile\"] > .MuiButtonBase-root').click();\ncy.get('.MuiPaper-root .MuiTypography-root').contains(\"Sign out\").click();",
              "err": {},
              "uuid": "86ea806e-4fe7-49c2-b2ee-29a4a7e7dd22",
              "parentUUID": "7334f577-a13b-4d1d-9b1d-763a6c5c6683",
              "isHook": false,
              "skipped": false
            }
          ],
          "suites": [],
          "passes": [
            "5c0cbb15-5349-4fe8-849c-54f810514aaf",
            "ac843e50-75b7-4969-99db-4176f4a96846",
            "3db4881e-55b8-46ca-9df6-3901bbdb3288",
            "0b6ebcd1-b8d1-4222-8deb-9422a1a2260c",
            "86ea806e-4fe7-49c2-b2ee-29a4a7e7dd22"
          ],
          "failures": [],
          "pending": [],
          "skipped": [],
          "duration": 9145,
          "root": false,
          "rootEmpty": false,
          "_timeout": 2000
        }
      ],
      "passes": [],
      "failures": [],
      "pending": [],
      "skipped": [],
      "duration": 0,
      "root": true,
      "rootEmpty": true,
      "_timeout": 2000
    },
    {
      "uuid": "4dedd833-5476-433b-9012-dc0e3f7463f6",
      "title": "",
      "fullFile": "cypress\\e2e\\one\\allSoftware.js",
      "file": "cypress\\e2e\\one\\allSoftware.js",
      "beforeHooks": [],
      "afterHooks": [],
      "tests": [],
      "suites": [
        {
          "uuid": "250e2458-3560-485f-81d9-87cd920f16b3",
          "title": "Test case for allSoftware",
          "fullFile": "cypress\\e2e\\one\\allSoftware.js",
          "file": "cypress\\e2e\\one\\allSoftware.js",
          "beforeHooks": [],
          "afterHooks": [],
          "tests": [
            {
              "title": "Asset : Lead Management Software(lms)",
              "fullTitle": "Test case for allSoftware Asset : Lead Management Software(lms)",
              "timedOut": null,
              "duration": 5047,
              "state": "passed",
              "speed": "medium",
              "pass": true,
              "fail": false,
              "pending": false,
              "context": null,
              "code": "let lmsDes = 'Efficiently manage and assign lead information.';\ncy.Modules(`#lms ${one.moduleNameID}`, _helper.modules.lms, `#lms ${one.moduleDescID}`, lmsDes, `#lms ${one.modOpnbtnID}`, one.moduleHeader, _helper.modules.lms);",
              "err": {},
              "uuid": "3279d480-7db5-45f6-ab6e-277a3eaeb68f",
              "parentUUID": "250e2458-3560-485f-81d9-87cd920f16b3",
              "isHook": false,
              "skipped": false
            },
            {
              "title": "Asset : Customer relationship management Software(crm)",
              "fullTitle": "Test case for allSoftware Asset : Customer relationship management Software(crm)",
              "timedOut": null,
              "duration": 3025,
              "state": "passed",
              "speed": "fast",
              "pass": true,
              "fail": false,
              "pending": false,
              "context": null,
              "code": "let crmDes = 'Drive sales success, build stronger client relationships, and grow revenue with our CRM.';\ncy.Modules(`#crm  ${one.moduleNameID}`, _helper.modules.crm, `#crm  ${one.moduleDescID}`, crmDes, `#crm  ${one.modOpnbtnID}`, one.moduleHeader, _helper.modules.crm);",
              "err": {},
              "uuid": "3936c695-40e9-4e17-bae4-0369e473f0d6",
              "parentUUID": "250e2458-3560-485f-81d9-87cd920f16b3",
              "isHook": false,
              "skipped": false
            },
            {
              "title": "Asset : Approval Management Software(cnf)",
              "fullTitle": "Test case for allSoftware Asset : Approval Management Software(cnf)",
              "timedOut": null,
              "duration": 4083,
              "state": "passed",
              "speed": "fast",
              "pass": true,
              "fail": false,
              "pending": false,
              "context": null,
              "code": "let aprDes = 'The approver can approve public and private data as required.';\ncy.Modules(`#cnf  ${one.moduleNameID}`, _helper.modules.apr, `#cnf  ${one.moduleDescID}`, aprDes, `#cnf ${one.modOpnbtnID}`, one.moduleHeader, _helper.modules.apr);",
              "err": {},
              "uuid": "e6f3d7bd-c12d-4c0c-9486-929f9e3a6062",
              "parentUUID": "250e2458-3560-485f-81d9-87cd920f16b3",
              "isHook": false,
              "skipped": false
            },
            {
              "title": "Asset : Buopso Form",
              "fullTitle": "Test case for allSoftware Asset : Buopso Form",
              "timedOut": null,
              "duration": 4546,
              "state": "passed",
              "speed": "fast",
              "pass": true,
              "fail": false,
              "pending": false,
              "context": null,
              "code": "let formsDes = 'Build your form as required and gather the form data.';\ncy.Modules(`#forms  ${one.moduleNameID}`, _helper.modules.buForms, `#forms  ${one.moduleDescID}`, formsDes, `#forms  ${one.modOpnbtnID}`, one.moduleHeader, _helper.modules.buForms);",
              "err": {},
              "uuid": "e886b174-a1d9-4289-8ba8-f98d0748c222",
              "parentUUID": "250e2458-3560-485f-81d9-87cd920f16b3",
              "isHook": false,
              "skipped": false
            },
            {
              "title": "Asset : Task Management",
              "fullTitle": "Test case for allSoftware Asset : Task Management",
              "timedOut": null,
              "duration": 3116,
              "state": "passed",
              "speed": "fast",
              "pass": true,
              "fail": false,
              "pending": false,
              "context": null,
              "code": "let taskDes = 'Task management system. Manage task records and assign tasks to the user.';\ncy.Modules(`#task  ${one.moduleNameID}`, _helper.modules.taskManagement, `#task  ${one.moduleDescID}`, taskDes, `#task  ${one.modOpnbtnID}`, one.moduleHeader, _helper.modules.taskManagement);",
              "err": {},
              "uuid": "1081e886-7991-4375-bb41-fa94dcfcb361",
              "parentUUID": "250e2458-3560-485f-81d9-87cd920f16b3",
              "isHook": false,
              "skipped": false
            },
            {
              "title": "Asset : Invoice",
              "fullTitle": "Test case for allSoftware Asset : Invoice",
              "timedOut": null,
              "duration": 4161,
              "state": "passed",
              "speed": "fast",
              "pass": true,
              "fail": false,
              "pending": false,
              "context": null,
              "code": "let InvoiceDes = 'Invoice for customers and manage payment and ledger history.';\ncy.Modules(`#invoice ${one.moduleNameID}`, _helper.modules.invoice, `#invoice  ${one.moduleDescID}`, InvoiceDes, `#invoice ${one.modOpnbtnID}`, one.moduleHeader, _helper.modules.invoice);",
              "err": {},
              "uuid": "6b72bcb6-d00e-44c4-b5f2-c58073b461b9",
              "parentUUID": "250e2458-3560-485f-81d9-87cd920f16b3",
              "isHook": false,
              "skipped": false
            }
          ],
          "suites": [],
          "passes": [
            "3279d480-7db5-45f6-ab6e-277a3eaeb68f",
            "3936c695-40e9-4e17-bae4-0369e473f0d6",
            "e6f3d7bd-c12d-4c0c-9486-929f9e3a6062",
            "e886b174-a1d9-4289-8ba8-f98d0748c222",
            "1081e886-7991-4375-bb41-fa94dcfcb361",
            "6b72bcb6-d00e-44c4-b5f2-c58073b461b9"
          ],
          "failures": [],
          "pending": [],
          "skipped": [],
          "duration": 23978,
          "root": false,
          "rootEmpty": false,
          "_timeout": 2000
        }
      ],
      "passes": [],
      "failures": [],
      "pending": [],
      "skipped": [],
      "duration": 0,
      "root": true,
      "rootEmpty": true,
      "_timeout": 2000
    },
    {
      "uuid": "5f43f923-3f83-4c5d-b46f-ec7965409366",
      "title": "",
      "fullFile": "cypress\\e2e\\one\\myAccount\\addUser.js",
      "file": "cypress\\e2e\\one\\myAccount\\addUser.js",
      "beforeHooks": [],
      "afterHooks": [],
      "tests": [],
      "suites": [
        {
          "uuid": "13669645-fc1e-4352-9b17-fe8d7f53d2c9",
          "title": "Add User functionality test",
          "fullFile": "cypress\\e2e\\one\\myAccount\\addUser.js",
          "file": "cypress\\e2e\\one\\myAccount\\addUser.js",
          "beforeHooks": [],
          "afterHooks": [],
          "tests": [
            {
              "title": "Test with a valid unique Valid email",
              "fullTitle": "Add User functionality test Test with a valid unique Valid email",
              "timedOut": null,
              "duration": 7513,
              "state": "passed",
              "speed": "medium",
              "pass": true,
              "fail": false,
              "pending": false,
              "context": null,
              "code": "cyGet('[placeholder=\"Email id\"]').type(uniqueEmail);\ncy.contains(\"Select permission template\").click();\ncy.wait(\"@getTemplate\", {\n  timeout: 10000\n}).then(({\n  response\n}) => {\n  let teplateName = response.body.result.values.map(ele => ele.label);\n  // cy.log(teplateName)\n  cy.wrap(teplateName).as(\"templates\");\n  if (response.body.result.values.length > 0) {\n    cy.assetDropdownSel(teplateName[0]).should(\"have.text\", teplateName[0]);\n  }\n  customElements;\n});\ncyGet(\"@templates\").then(response => {\n  templateLabel = response;\n});\ncyGet(lead.typeBtn).contains(\"Save\").click();\n// cy.pause()\ncyGet('.MuiSnackbarContent-message').should(\"have.text\", messages.requestSuccess);",
              "err": {},
              "uuid": "b37fbbab-7e87-4bc0-90b8-2dab8551c617",
              "parentUUID": "13669645-fc1e-4352-9b17-fe8d7f53d2c9",
              "isHook": false,
              "skipped": false
            },
            {
              "title": "Test with a invalid email",
              "fullTitle": "Add User functionality test Test with a invalid email",
              "timedOut": null,
              "duration": 4890,
              "state": "passed",
              "speed": "fast",
              "pass": true,
              "fail": false,
              "pending": false,
              "context": null,
              "code": "let randomString_1 = Math.random().toString(36).substring(2, 11);\nlet uniqueEmail_1 = `testuser${randomString_1}example.com`;\ncy.get('[placeholder=\"Email id\"]').type(uniqueEmail_1);\ncy.contains(\"Select permission template\").click();\ncy.get('[data-testid=\"chipinput-chip-nkx7xamrs\"]').trigger('mouseover');\ncy.wait(500);\ncy.get('.MuiTooltip-tooltip').should('have.text', 'Email is not valid.');",
              "err": {},
              "uuid": "ef5cee8c-0545-43e3-ba5c-930d453745de",
              "parentUUID": "13669645-fc1e-4352-9b17-fe8d7f53d2c9",
              "isHook": false,
              "skipped": false
            },
            {
              "title": "Test with a Exist email",
              "fullTitle": "Add User functionality test Test with a Exist email",
              "timedOut": null,
              "duration": 3483,
              "state": "passed",
              "speed": "fast",
              "pass": true,
              "fail": false,
              "pending": false,
              "context": null,
              "code": "cy.get('[placeholder=\"Email id\"]').type(uniqueEmail);\ncy.contains(\"Select permission template\").click();\ncy.get('[data-testid=\"chipinput-chip-nkx7xamrs\"]').trigger('mouseover');\ncy.get('.MuiTooltip-tooltip').should('have.text', 'User already exist.');\ncy.get(lead.typeBtn).contains(\"Save\").should(\"be.disabled\");",
              "err": {},
              "uuid": "41378d58-0115-4c77-b7dc-04b0ea8ea30f",
              "parentUUID": "13669645-fc1e-4352-9b17-fe8d7f53d2c9",
              "isHook": false,
              "skipped": false
            },
            {
              "title": "Test For addTemplate from Add user page",
              "fullTitle": "Add User functionality test Test For addTemplate from Add user page",
              "timedOut": null,
              "duration": 3738,
              "state": "passed",
              "speed": "fast",
              "pass": true,
              "fail": false,
              "pending": false,
              "context": null,
              "code": "//  cy.componentLabel(lead.formLabel, \"Select permission template\", \"button\").click()\ncy.get('[data-testid=\"button-typography-8x5inumxs\"]').first().click(); //select the template\n// cy.assetDropdownSel(templateLabel[0]).click()\ncy.get('[data-testid=\"dropdown-footer\"]').contains('Add template').click(); // add new template\n// cy.contains('Add template').click();\ncy.url().should('eq', `${Cypress.env(\"url\")}/template`);\ncy.contains('Create').should('be.visible').should('not.be.disabled').click();",
              "err": {},
              "uuid": "92b03351-1fad-4577-b6a8-92c42e142478",
              "parentUUID": "13669645-fc1e-4352-9b17-fe8d7f53d2c9",
              "isHook": false,
              "skipped": false
            }
          ],
          "suites": [],
          "passes": [
            "b37fbbab-7e87-4bc0-90b8-2dab8551c617",
            "ef5cee8c-0545-43e3-ba5c-930d453745de",
            "41378d58-0115-4c77-b7dc-04b0ea8ea30f",
            "92b03351-1fad-4577-b6a8-92c42e142478"
          ],
          "failures": [],
          "pending": [],
          "skipped": [],
          "duration": 19624,
          "root": false,
          "rootEmpty": false,
          "_timeout": 2000
        }
      ],
      "passes": [],
      "failures": [],
      "pending": [],
      "skipped": [],
      "duration": 0,
      "root": true,
      "rootEmpty": true,
      "_timeout": 2000
    },
    {
      "uuid": "0416dbd8-7250-43cd-a5b7-2d995e6c70de",
      "title": "",
      "fullFile": "cypress\\e2e\\one\\myAccount\\manageTemplate.js",
      "file": "cypress\\e2e\\one\\myAccount\\manageTemplate.js",
      "beforeHooks": [],
      "afterHooks": [],
      "tests": [],
      "suites": [
        {
          "uuid": "c359ed4f-bcd9-42ad-8b43-5751deaaafcd",
          "title": "Manage User functionality test",
          "fullFile": "cypress\\e2e\\one\\myAccount\\manageTemplate.js",
          "file": "cypress\\e2e\\one\\myAccount\\manageTemplate.js",
          "beforeHooks": [],
          "afterHooks": [],
          "tests": [
            {
              "title": "Check system default required field should be already required and should not be changeable  ",
              "fullTitle": "Manage User functionality test Check system default required field should be already required and should not be changeable  ",
              "timedOut": null,
              "duration": 0,
              "state": "pending",
              "speed": null,
              "pass": false,
              "fail": false,
              "pending": true,
              "context": null,
              "code": "cy.get('[placeholder=\"search....\"]').type(uniqueTemplateName);\ncy.get('table> tbody').children(\"tr\").contains(uniqueTemplateName).next().click();\ncy.get(\"#edit\").click();\ncy.wait(1000);\ncy.get('input[placeholder=\"Enter template name\"]').clear().type(uniqueTemplateNameupdated);\ncy.get('[role=\"list\"] [type=\"button\"]').click();\ncy.wait('@getPipelines', {\n  timeout: 10000\n}).then(interception => {\n  const responseBody = interception.response.body;\n  const leadName = responseBody.result.values[0].label;\n  cy.get(`${lead.chooseOptions} > :nth-child(2)`).click();\n  cy.contains(leadName).click();\n  cy.get('[data-testid=\"recordaccesstable-tablebody-circtrpwp\"] > [data-testid=\"ownershiprow-tablerow-6gy8mx6fe\"] > :nth-child(4) > [data-testid=\"ownershiprow-checkbox-y6wgiibo8\"] > .PrivateSwitchBase-input');\n  cy.get('[data-testid=\"ownershiprow-tablecell-jgp2w36xa\"] button').eq(1).click();\n  cy.wait(\"@tempFieldsList\", {\n    timeout: 10000\n  }).then(({\n    response\n  }) => {\n    const fieldLabel = response.body.result.values.map(ele => ele.label);\n    const fieldId = response.body.result.values.map(ele => ele.id);\n    cy.log(fieldLabel[0]);\n    cy.get('input[placeholder=\"Search...\"]').type(fieldLabel[0]);\n    cy.get(`[data-rbd-draggable-id=\"${fieldId[0]}\"] > .MuiGrid-root > :nth-child(2) > :nth-child(1) button`).click();\n    cy.contains('Required').should('have.class', 'Mui-disabled');\n    cy.get('[data-testid=\"bupopper-dialogactions-0zh9xps0l\"]').find('[data-testid=\"Cancel\"]').click();\n    cy.get('#send').click();\n    cy.get(lead.typeBtn).contains(\"Save\").click();\n  });\n  // })\n});",
              "err": {},
              "uuid": "b2cb609d-1933-4db5-a68a-c08abf2780b0",
              "parentUUID": "c359ed4f-bcd9-42ad-8b43-5751deaaafcd",
              "isHook": false,
              "skipped": false
            }
          ],
          "suites": [
            {
              "uuid": "b6682b14-d05a-467e-aa88-7e462f94a95e",
              "title": "Add Template",
              "fullFile": "",
              "file": "",
              "beforeHooks": [],
              "afterHooks": [],
              "tests": [
                {
                  "title": "Verify the selected software and available softwares on the Create Template page",
                  "fullTitle": "Manage User functionality test Add Template Verify the selected software and available softwares on the Create Template page",
                  "timedOut": null,
                  "duration": 7433,
                  "state": "passed",
                  "speed": "medium",
                  "pass": true,
                  "fail": false,
                  "pending": false,
                  "context": null,
                  "code": "cy.visit(`${Cypress.env(\"url\")}/profile?tab=manageTemplate`);\ncyGet(globalSel.createtestid).contains(\"Create\").click();\ncy.wait(\"@modulePermission\", {\n  timeout: 10000\n}).then(({\n  response\n}) => {\n  const [firstModule, ...availableModules] = response.body.result.add;\n  cyGet(`[data-testid=\"permissionsoftwarelist-typography-ftrzexyr7\"]`).should(\"contain.text\", \"Selected software\");\n  cyGet(`[data-testid=\"permissionsoftwarelist-menulist-aafxej4yj\"]`).first().find('[data-testid=\"permissionsoftwarelist-typography-zackmqq0q\"]').should('contain.text', formatModuleName(firstModule)); // e.g. Lead Management\n  availableModules.forEach(module => {\n    cyGet('[data-testid=\"permissionsoftwarelist-menulist-2qkcm4j30\"]').find(`[data-testid=\"permissionsoftwarelist-typography-86cpoqkhp\"]`).should('contain.text', formatModuleName(module));\n  });\n});",
                  "err": {},
                  "uuid": "2c491f72-3e2e-4735-96c6-ba181e88a9e2",
                  "parentUUID": "b6682b14-d05a-467e-aa88-7e462f94a95e",
                  "isHook": false,
                  "skipped": false
                },
                {
                  "title": "Add user template",
                  "fullTitle": "Manage User functionality test Add Template Add user template",
                  "timedOut": null,
                  "duration": 12825,
                  "state": "passed",
                  "speed": "slow",
                  "pass": true,
                  "fail": false,
                  "pending": false,
                  "context": null,
                  "code": "cy.visit(`${Cypress.env(\"url\")}/profile?tab=manageTemplate`);\ncyGet(globalSel.createtestid).contains(\"Create\").click();\n// Fill template name\nbutextField(`[data-testid=\"index-textfield-fm1l89cxe\"]`, `label`).contains(\"Template name\");\nbutextField(`[data-testid=\"index-textfield-fm1l89cxe\"]`, `input[placeholder=\"Enter template name\"]`).type(uniqueTemplateName);\n// Open dropdown and select pipeline\nbudropdown(`[data-testid=\"managepermission-stack-m3in09ace\"] > :first`, `[data-testid=\"button-typography-8x5inumxs\"]`, `Select Pipeline`);\ncy.wait(\"@getPipelines\", {\n  timeout: 10000\n}).then(({\n  response\n}) => {\n  const pipelines = response.body.result.values.map(ele => ele.label);\n  const firstPipeline = pipelines[0];\n  // Search if more than 5 pipelines\n  if (pipelines.length > 5) {\n    buSearchbox(globalSel.search, firstPipeline);\n  }\n  budropdownOption(firstPipeline).first().click();\n  // Verify ownership permissions UI\n  cyGet('[data-testid=\"ownershiprow-iconbutton-ph6ah241c\"]').click();\n  cy.contains('thead', 'Permission');\n  cy.contains('thead', 'Owner only');\n  cy.contains('thead', 'Everything');\n  cy.contains('thead', 'Select fields');\n  cy.contains('tr', firstPipeline);\n  // View permission should be checked and disabled\n  cy.contains('tr', 'View').find('input[type=\"checkbox\"]').eq(0).should('be.checked').and('be.disabled');\n  // Save\n  buSaveButton().click();\n});",
                  "err": {},
                  "uuid": "2e63feb6-20e5-4700-84fc-0b7a3e2bbcb7",
                  "parentUUID": "b6682b14-d05a-467e-aa88-7e462f94a95e",
                  "isHook": false,
                  "skipped": false
                }
              ],
              "suites": [],
              "passes": [
                "2c491f72-3e2e-4735-96c6-ba181e88a9e2",
                "2e63feb6-20e5-4700-84fc-0b7a3e2bbcb7"
              ],
              "failures": [],
              "pending": [],
              "skipped": [],
              "duration": 20258,
              "root": false,
              "rootEmpty": false,
              "_timeout": 2000
            },
            {
              "uuid": "7501bb7e-513c-4be0-94e7-953baeb97c1f",
              "title": "Assign and Edit Template",
              "fullFile": "",
              "file": "",
              "beforeHooks": [],
              "afterHooks": [],
              "tests": [
                {
                  "title": "Assign Template to user",
                  "fullTitle": "Manage User functionality test Assign and Edit Template Assign Template to user",
                  "timedOut": null,
                  "duration": 20680,
                  "state": "passed",
                  "speed": "slow",
                  "pass": true,
                  "fail": false,
                  "pending": false,
                  "context": null,
                  "code": "cy.visit(`${Cypress.env(\"url\")}/profile?tab=manageUsers`);\ncy.wait(\"@userGrid\", {\n  timeout: 10000\n}).then(({\n  response\n}) => {\n  var _user, _user2;\n  user = response.body.result.values.find(ele => ele.role === \"std\");\n  if (!user) {\n    this.skip();\n  }\n  cy.intercept('GET', `**/crew/users//${user.id}`).as('getUserById');\n  cyGet(`[data-testid=\"activitybar-textfield-8eiuz4v4a\"] input`).type((_user = user) === null || _user === void 0 ? void 0 : _user.label);\n  onesecondWait();\n  cy.contains('tr', (_user2 = user) === null || _user2 === void 0 ? void 0 : _user2.label).find(`[data-testid=\"Action\"]`).click();\n  cyGet(\"#edit\").click({\n    force: true\n  });\n  twosecondWait();\n  cy.wait(\"@getUserById\").then(({\n    response\n  }) => {\n    const assignedTemplate = response.body.result.profile.template.label;\n    cyGet(`[data-testid=\"chipinput-iconbutton-ycchky4nm\"]`).click();\n    cy.wait(\"@getTempalte\", {\n      timeout: 10000\n    }).then(({\n      response\n    }) => {\n      const totalTemplates = response.body.result.pages.totalRecords;\n      const templates = response.body.result.values.map(ele => ele.label);\n      if (assignedTemplate === \"No template\") {\n        userTemplate = templates[0];\n        if (totalTemplates > 5) {\n          buSearchbox(globalSel.search, userTemplate);\n        }\n        budropdownOption(userTemplate, `[data-testid=\"buchip-chip-5r51zm55o\"]`).click();\n      } else {\n        userTemplate = templates.find(ele => ele !== assignedTemplate);\n        if (totalTemplates > 5) {\n          buSearchbox(globalSel.search, userTemplate);\n        }\n        budropdownOption(userTemplate, `[data-testid=\"buchip-chip-5r51zm55o\"]`).click();\n      }\n      twosecondWait();\n      buSaveButton().click();\n      cyGet('.MuiSnackbarContent-message').should(\"contain.text\", \"User Permissions Updated\");\n      logout();\n      // cy.clearCookies();\n    });\n  });\n});",
                  "err": {},
                  "uuid": "56b1c208-75a2-4f80-900e-ed6823cd79a2",
                  "parentUUID": "7501bb7e-513c-4be0-94e7-953baeb97c1f",
                  "isHook": false,
                  "skipped": false
                },
                {
                  "title": "Verify if the standard user has permission to create a record.",
                  "fullTitle": "Manage User functionality test Assign and Edit Template Verify if the standard user has permission to create a record.",
                  "timedOut": null,
                  "duration": 22644,
                  "state": "passed",
                  "speed": "slow",
                  "pass": true,
                  "fail": false,
                  "pending": false,
                  "context": null,
                  "code": "cy.visit(`${Cypress.env(\"url\")}/profile?tab=manageTemplate`);\npermission(userTemplate).then(permissionResult => {\n  var _user3;\n  const assignedPipeline = Object.keys(permissionResult.auth.lms.lead.manageRecords);\n  const recordPermission = permissionResult.auth.lms.lead.manageRecords[assignedPipeline[0]];\n  const create = recordPermission.create;\n  setPermissionOnRoleSwitch(create, false, \"Create\", 0);\n  // Login with standard user\n  cy.login((_user3 = user) === null || _user3 === void 0 ? void 0 : _user3.email);\n  cy.visit(`${Cypress.env(\"lmsUrl\")}/leads`);\n  cyGet(`[data-testid=\"Create Lead\"]`).should(\"not.be.disabled\");\n  logout();\n  cy.clearCookies();\n});",
                  "err": {},
                  "uuid": "a747301b-ba5f-4396-bd37-d0cd030c2b77",
                  "parentUUID": "7501bb7e-513c-4be0-94e7-953baeb97c1f",
                  "isHook": false,
                  "skipped": false
                },
                {
                  "title": "Verify if the standard user has permission to import the record.",
                  "fullTitle": "Manage User functionality test Assign and Edit Template Verify if the standard user has permission to import the record.",
                  "timedOut": null,
                  "duration": 24689,
                  "state": "passed",
                  "speed": "slow",
                  "pass": true,
                  "fail": false,
                  "pending": false,
                  "context": null,
                  "code": "cy.visit(`${Cypress.env(\"url\")}/profile?tab=manageTemplate`);\npermission(userTemplate).then(permissionResult => {\n  var _user4;\n  const assignedPipeline = Object.keys(permissionResult.auth.lms.lead.manageRecords);\n  const recordPermission = permissionResult.auth.lms.lead.manageRecords[assignedPipeline[0]];\n  const imp = recordPermission.import;\n  setPermissionOnRoleSwitch(imp, false, \"Import\", 0);\n  // Login with standard user\n  cy.login((_user4 = user) === null || _user4 === void 0 ? void 0 : _user4.email);\n  cy.visit(`${Cypress.env(\"lmsUrl\")}/leads`);\n  cyGet(`[data-testid=\"Import\"]`).should(\"not.be.disabled\");\n  logout();\n  cy.clearCookies();\n});",
                  "err": {},
                  "uuid": "eef097d4-c008-4ac2-bd8b-ede653ff9b7b",
                  "parentUUID": "7501bb7e-513c-4be0-94e7-953baeb97c1f",
                  "isHook": false,
                  "skipped": false
                },
                {
                  "title": "Verify if the standard user has permission to activity of record.",
                  "fullTitle": "Manage User functionality test Assign and Edit Template Verify if the standard user has permission to activity of record.",
                  "timedOut": null,
                  "duration": 24547,
                  "state": "passed",
                  "speed": "slow",
                  "pass": true,
                  "fail": false,
                  "pending": false,
                  "context": null,
                  "code": "cy.visit(`${Cypress.env(\"url\")}/profile?tab=manageTemplate`);\npermission(userTemplate).then(permissionResult => {\n  var _user5;\n  const assignedPipeline = Object.keys(permissionResult.auth.lms.lead.manageRecords);\n  const recordPermission = permissionResult.auth.lms.lead.manageRecords[assignedPipeline[0]];\n  const activity = recordPermission.activity;\n  setPermissionOnRoleSwitch(activity, false, \"Activity\", 0);\n  // Login with standard user\n  cy.login((_user5 = user) === null || _user5 === void 0 ? void 0 : _user5.email);\n  cy.visit(`${Cypress.env(\"lmsUrl\")}/leads`);\n  cyGet(`[data-testid=\"buelementgroup-box-n1f8dc7ag\"] [aria-label=\"Split view\"]`).click();\n  cyGet(`[data-testid=\"communicationbar-box-951cbwqi4\"]`).find(`[aria-label=\"Activities\"]`);\n  logout();\n  cy.clearCookies();\n});",
                  "err": {},
                  "uuid": "dee93ba8-9c9a-4493-b673-49f5c5cd88e7",
                  "parentUUID": "7501bb7e-513c-4be0-94e7-953baeb97c1f",
                  "isHook": false,
                  "skipped": false
                },
                {
                  "title": "Verify if the standard user has permission to Whatsapp.",
                  "fullTitle": "Manage User functionality test Assign and Edit Template Verify if the standard user has permission to Whatsapp.",
                  "timedOut": null,
                  "duration": 28137,
                  "state": "passed",
                  "speed": "slow",
                  "pass": true,
                  "fail": false,
                  "pending": false,
                  "context": null,
                  "code": "cy.visit(`${Cypress.env(\"url\")}/profile?tab=manageTemplate`);\npermission(userTemplate).then(permissionResult => {\n  var _user6;\n  const assignedPipeline = Object.keys(permissionResult.auth.lms.lead.manageRecords);\n  const recordPermission = permissionResult.auth.lms.lead.manageRecords[assignedPipeline[0]];\n  const wa = recordPermission.wa;\n  setPermissionOnRoleSwitch(wa, false, \"Whatsapp\", 0);\n  // Login with standard user\n  cy.login((_user6 = user) === null || _user6 === void 0 ? void 0 : _user6.email);\n  // twosecondWait()\n  cy.visit(`${Cypress.env(\"lmsUrl\")}/leads`);\n  cyGet(`[data-testid=\"buelementgroup-box-n1f8dc7ag\"] [aria-label=\"Split view\"]`).click();\n  cyGet('[data-testid=\"communicationbar-box-951cbwqi4\"]').find(`[aria-label=\"Whatsapp\"]`);\n  logout();\n  cy.clearCookies();\n});",
                  "err": {},
                  "uuid": "245e1f5f-4614-4631-abd5-cfa1b5f6c3c6",
                  "parentUUID": "7501bb7e-513c-4be0-94e7-953baeb97c1f",
                  "isHook": false,
                  "skipped": false
                },
                {
                  "title": "Verify if the standard user has not permission to create a record.",
                  "fullTitle": "Manage User functionality test Assign and Edit Template Verify if the standard user has not permission to create a record.",
                  "timedOut": null,
                  "duration": 20741,
                  "state": "passed",
                  "speed": "slow",
                  "pass": true,
                  "fail": false,
                  "pending": false,
                  "context": null,
                  "code": "cy.visit(`${Cypress.env(\"url\")}/profile?tab=manageTemplate`);\npermission(userTemplate).then(permissionResult => {\n  var _user7;\n  const assignedPipeline = Object.keys(permissionResult.auth.lms.lead.manageRecords);\n  const recordPermission = permissionResult.auth.lms.lead.manageRecords[assignedPipeline[0]];\n  const create = recordPermission.create;\n  setPermissionOnRoleSwitch(create, true, \"Create\", 0);\n  // Login with standard user\n  cy.login((_user7 = user) === null || _user7 === void 0 ? void 0 : _user7.email);\n  cy.visit(`${Cypress.env(\"lmsUrl\")}/leads`);\n  cyGet(`[data-testid=\"Create Lead\"]`).should(\"be.disabled\");\n  logout();\n  cy.clearCookies();\n});",
                  "err": {},
                  "uuid": "fec1ae7e-1ff0-4024-9487-8fb04f95e628",
                  "parentUUID": "7501bb7e-513c-4be0-94e7-953baeb97c1f",
                  "isHook": false,
                  "skipped": false
                },
                {
                  "title": "Verify if the standard user has not permission to import the record.",
                  "fullTitle": "Manage User functionality test Assign and Edit Template Verify if the standard user has not permission to import the record.",
                  "timedOut": null,
                  "duration": 26071,
                  "state": "passed",
                  "speed": "slow",
                  "pass": true,
                  "fail": false,
                  "pending": false,
                  "context": null,
                  "code": "cy.visit(`${Cypress.env(\"url\")}/profile?tab=manageTemplate`);\npermission(userTemplate).then(permissionResult => {\n  var _user8;\n  const assignedPipeline = Object.keys(permissionResult.auth.lms.lead.manageRecords);\n  const recordPermission = permissionResult.auth.lms.lead.manageRecords[assignedPipeline[0]];\n  const imp = recordPermission.import;\n  setPermissionOnRoleSwitch(imp, true, \"Import\", 0);\n  // Login with standard user\n  cy.login((_user8 = user) === null || _user8 === void 0 ? void 0 : _user8.email);\n  cy.visit(`${Cypress.env(\"lmsUrl\")}/leads`);\n  cyGet(`[data-testid=\"Import\"]`).should(\"be.disabled\");\n  logout();\n  cy.clearCookies();\n});",
                  "err": {},
                  "uuid": "f9d07f0c-5fd4-4616-a55c-3caba15315dd",
                  "parentUUID": "7501bb7e-513c-4be0-94e7-953baeb97c1f",
                  "isHook": false,
                  "skipped": false
                }
              ],
              "suites": [],
              "passes": [
                "56b1c208-75a2-4f80-900e-ed6823cd79a2",
                "a747301b-ba5f-4396-bd37-d0cd030c2b77",
                "eef097d4-c008-4ac2-bd8b-ede653ff9b7b",
                "dee93ba8-9c9a-4493-b673-49f5c5cd88e7",
                "245e1f5f-4614-4631-abd5-cfa1b5f6c3c6",
                "fec1ae7e-1ff0-4024-9487-8fb04f95e628",
                "f9d07f0c-5fd4-4616-a55c-3caba15315dd"
              ],
              "failures": [],
              "pending": [],
              "skipped": [],
              "duration": 167509,
              "root": false,
              "rootEmpty": false,
              "_timeout": 2000
            },
            {
              "uuid": "d624f20a-efa7-4f18-9fb3-da45c14c16e7",
              "title": "Delete TemPlate functionality",
              "fullFile": "",
              "file": "",
              "beforeHooks": [],
              "afterHooks": [],
              "tests": [
                {
                  "title": "Delete Template",
                  "fullTitle": "Manage User functionality test Delete TemPlate functionality Delete Template",
                  "timedOut": null,
                  "duration": 8063,
                  "state": "passed",
                  "speed": "medium",
                  "pass": true,
                  "fail": false,
                  "pending": false,
                  "context": null,
                  "code": "let msg1 = \"Delete template\";\nlet msg2 = \"Are you sure you want to delete this Template ?\";\ncy.visit(`${Cypress.env(\"url\")}/profile?tab=manageTemplate`);\ncy.wait(\"@templateGrid\", {\n  timeout: 10000\n}).then(({\n  response\n}) => {\n  const unAssignedTemplate = response.body.result.values.filter(ele => ele.assignedTo.length === 0);\n  if (unAssignedTemplate.length > 0) {\n    cyGet(`[data-testid=\"templatelist-textfield-e9dj43sha\"] input`).type(unAssignedTemplate[0].label);\n    cy.contains('tr', unAssignedTemplate[0].label).find(`[data-testid=\"Action\"]`).click();\n    cyGet(\"#delete\").click();\n    buCaption(`[role=\"dialog\"]`, `#customized-dialog-title p`, msg1, `[role=\"dialog\"] [data-testid=\"deletetemplate-typography-5sxlboqg8\"]`, msg2);\n    cyGet(`[data-testid=\"Delete\"]`).click();\n  } else {\n    cy.log(`Teplate not available for delete`);\n  }\n});",
                  "err": {},
                  "uuid": "06dc0323-9cdc-4f82-8506-ab93560798a7",
                  "parentUUID": "d624f20a-efa7-4f18-9fb3-da45c14c16e7",
                  "isHook": false,
                  "skipped": false
                },
                {
                  "title": "Assigned Tempale should not be delete",
                  "fullTitle": "Manage User functionality test Delete TemPlate functionality Assigned Tempale should not be delete",
                  "timedOut": null,
                  "duration": 7944,
                  "state": "passed",
                  "speed": "medium",
                  "pass": true,
                  "fail": false,
                  "pending": false,
                  "context": null,
                  "code": "cy.visit(`${Cypress.env(\"url\")}/profile?tab=manageTemplate`);\ncy.wait(\"@templateGrid\", {\n  timeout: 10000\n}).then(({\n  response\n}) => {\n  const assignedTemplate = response.body.result.values.filter(ele => ele.assignedTo.length > 0);\n  if (assignedTemplate.length > 0) {\n    cyGet(`[data-testid=\"templatelist-textfield-e9dj43sha\"] input`).type(assignedTemplate[0].label);\n    cy.contains('tr', assignedTemplate[0].label).find(`[data-testid=\"Action\"]`).click();\n    cy.get(\"#delete\").should(\"have.attr\", \"aria-disabled\", \"true\");\n  } else {\n    cy.log(`Teplate not available for delete`);\n  }\n});",
                  "err": {},
                  "uuid": "887e9613-4ce1-49cf-bf52-3ec549abca19",
                  "parentUUID": "d624f20a-efa7-4f18-9fb3-da45c14c16e7",
                  "isHook": false,
                  "skipped": false
                }
              ],
              "suites": [],
              "passes": [
                "06dc0323-9cdc-4f82-8506-ab93560798a7",
                "887e9613-4ce1-49cf-bf52-3ec549abca19"
              ],
              "failures": [],
              "pending": [],
              "skipped": [],
              "duration": 16007,
              "root": false,
              "rootEmpty": false,
              "_timeout": 2000
            }
          ],
          "passes": [],
          "failures": [],
          "pending": [
            "b2cb609d-1933-4db5-a68a-c08abf2780b0"
          ],
          "skipped": [],
          "duration": 0,
          "root": false,
          "rootEmpty": false,
          "_timeout": 2000
        }
      ],
      "passes": [],
      "failures": [],
      "pending": [],
      "skipped": [],
      "duration": 0,
      "root": true,
      "rootEmpty": true,
      "_timeout": 2000
    },
    {
      "uuid": "e321cd6a-6cd1-4f28-85c5-5b67ef4f9c13",
      "title": "",
      "fullFile": "cypress\\e2e\\one\\myAccount\\manageUser.js",
      "file": "cypress\\e2e\\one\\myAccount\\manageUser.js",
      "beforeHooks": [],
      "afterHooks": [],
      "tests": [],
      "suites": [
        {
          "uuid": "05a6dccb-1f94-449e-a1ff-41516946360f",
          "title": "search User functionality test",
          "fullFile": "cypress\\e2e\\one\\myAccount\\manageUser.js",
          "file": "cypress\\e2e\\one\\myAccount\\manageUser.js",
          "beforeHooks": [],
          "afterHooks": [],
          "tests": [
            {
              "title": "Search user by search user functionality on second page",
              "fullTitle": "search User functionality test Search user by search user functionality on second page",
              "timedOut": null,
              "duration": 7550,
              "state": "passed",
              "speed": "medium",
              "pass": true,
              "fail": false,
              "pending": false,
              "context": null,
              "code": "cy.wait(\"@userList\", {\n  timeout: 10000\n}).then(({\n  response\n}) => {\n  const userName = response.body.result.values.filter(ele => ele.status > 0);\n  const user = userName.slice(-1)[0];\n  cy.get('[placeholder=\"search....\"]').type(user.label);\n  cy.wait(\"@userList\", {\n    timeout: 10000\n  }).then(({\n    response\n  }) => {\n    expect(response.body.result.values[0]).has.property(\"label\", user.label);\n  });\n});",
              "err": {},
              "uuid": "7d317c40-8d96-4f80-bf02-6289ad8444a4",
              "parentUUID": "05a6dccb-1f94-449e-a1ff-41516946360f",
              "isHook": false,
              "skipped": false
            }
          ],
          "suites": [],
          "passes": [
            "7d317c40-8d96-4f80-bf02-6289ad8444a4"
          ],
          "failures": [],
          "pending": [],
          "skipped": [],
          "duration": 7550,
          "root": false,
          "rootEmpty": false,
          "_timeout": 2000
        }
      ],
      "passes": [],
      "failures": [],
      "pending": [],
      "skipped": [],
      "duration": 0,
      "root": true,
      "rootEmpty": true,
      "_timeout": 2000
    },
    {
      "uuid": "79eae2b7-6725-44e1-904f-d5dff3e22479",
      "title": "",
      "fullFile": "cypress\\e2e\\one\\myAccount\\profile.js",
      "file": "cypress\\e2e\\one\\myAccount\\profile.js",
      "beforeHooks": [],
      "afterHooks": [],
      "tests": [],
      "suites": [
        {
          "uuid": "595f497e-f537-4185-a436-e673fe0306fc",
          "title": "Verify My Profile Page",
          "fullFile": "cypress\\e2e\\one\\myAccount\\profile.js",
          "file": "cypress\\e2e\\one\\myAccount\\profile.js",
          "beforeHooks": [],
          "afterHooks": [],
          "tests": [
            {
              "title": "Update user name and verify with profile",
              "fullTitle": "Verify My Profile Page Update user name and verify with profile",
              "timedOut": null,
              "duration": 10348,
              "state": "passed",
              "speed": "slow",
              "pass": true,
              "fail": false,
              "pending": false,
              "context": null,
              "code": "const UpdatedUsername = faker.person.fullName();\ncyGet(\"#name-label\").should(\"have.text\", \"Name *\");\ncyGet('input#name').should(\"have.attr\", \"required\");\ncyGet('input#name').clear().type(UpdatedUsername);\ncyGet('.MuiSnackbarContent-message').should(\"have.text\", \"Updated successfully.\");\ncy.reload();\ncy.wait(500);\ncy.contains(`${UpdatedUsername}'s Profile`).should('be.visible');",
              "err": {},
              "uuid": "a98d9950-ca8a-4898-b9a7-0845a760021c",
              "parentUUID": "595f497e-f537-4185-a436-e673fe0306fc",
              "isHook": false,
              "skipped": false
            },
            {
              "title": "User name should be required",
              "fullTitle": "Verify My Profile Page User name should be required",
              "timedOut": null,
              "duration": 1918,
              "state": "passed",
              "speed": "fast",
              "pass": true,
              "fail": false,
              "pending": false,
              "context": null,
              "code": "cy.get('input[placeholder=\"Name\"]').clear();\ncy.get('#name-helper-text').should('have.text', \"Field is required!\");",
              "err": {},
              "uuid": "16c6ff1c-f4f6-41fc-902c-1b19cb75ec68",
              "parentUUID": "595f497e-f537-4185-a436-e673fe0306fc",
              "isHook": false,
              "skipped": false
            },
            {
              "title": "Verify email Address",
              "fullTitle": "Verify My Profile Page Verify email Address",
              "timedOut": null,
              "duration": 1952,
              "state": "passed",
              "speed": "fast",
              "pass": true,
              "fail": false,
              "pending": false,
              "context": null,
              "code": "cy.componentLabel('#email-label', \"Email address\", \"input\").should(\"have.value\", Cypress.env(\"email\"));",
              "err": {},
              "uuid": "31401cb5-7ebe-4fa2-910d-e1f947fb76eb",
              "parentUUID": "595f497e-f537-4185-a436-e673fe0306fc",
              "isHook": false,
              "skipped": false
            },
            {
              "title": "Update Mobile number",
              "fullTitle": "Verify My Profile Page Update Mobile number",
              "timedOut": null,
              "duration": 3421,
              "state": "passed",
              "speed": "fast",
              "pass": true,
              "fail": false,
              "pending": false,
              "context": null,
              "code": "cy.get('#mobile-label').should(\"have.text\", \"Mobile number *\");\n// cy.get('#mobile').should(\"have.attr\", \"required\");\ncy.get('#mobile').clear().type(faker.string.numeric(10));\ncy.get('.MuiSnackbarContent-message').should(\"have.text\", \"Updated successfully.\");",
              "err": {},
              "uuid": "2796efe7-0723-4ac5-bf82-c6500e376ae0",
              "parentUUID": "595f497e-f537-4185-a436-e673fe0306fc",
              "isHook": false,
              "skipped": false
            },
            {
              "title": "Mobile number should be in mobile number format",
              "fullTitle": "Verify My Profile Page Mobile number should be in mobile number format",
              "timedOut": null,
              "duration": 3330,
              "state": "passed",
              "speed": "fast",
              "pass": true,
              "fail": false,
              "pending": false,
              "context": null,
              "code": "cy.get('#mobile').clear();\ncy.get('#mobile').type('wesfd');\ncy.get('#mobile-helper-text').should('have.text', \"Mobile number is not valid\");\ncy.get('.MuiSnackbarContent-message').should('have.text', \"Invalid mobile\");",
              "err": {},
              "uuid": "46a2d8b8-4a77-4e51-865b-771a90c89b76",
              "parentUUID": "595f497e-f537-4185-a436-e673fe0306fc",
              "isHook": false,
              "skipped": false
            },
            {
              "title": "Verify that total listed user is equal to Total users",
              "fullTitle": "Verify My Profile Page Verify that total listed user is equal to Total users",
              "timedOut": null,
              "duration": 2116,
              "state": "passed",
              "speed": "fast",
              "pass": true,
              "fail": false,
              "pending": false,
              "context": null,
              "code": "cy.wait(\"@usersList\").then(({\n  response\n}) => {\n  let totalCount = response.body.result.pages.totalRecords;\n  cy.get('[role=\"tabpanel\"] > :nth-child(1) > :nth-child(2) > :nth-child(1) > :nth-child(1) > :nth-child(2) ').contains(totalCount);\n});",
              "err": {},
              "uuid": "13e53eed-ca12-42a6-a424-74239177a9e3",
              "parentUUID": "595f497e-f537-4185-a436-e673fe0306fc",
              "isHook": false,
              "skipped": false
            }
          ],
          "suites": [],
          "passes": [
            "a98d9950-ca8a-4898-b9a7-0845a760021c",
            "16c6ff1c-f4f6-41fc-902c-1b19cb75ec68",
            "31401cb5-7ebe-4fa2-910d-e1f947fb76eb",
            "2796efe7-0723-4ac5-bf82-c6500e376ae0",
            "46a2d8b8-4a77-4e51-865b-771a90c89b76",
            "13e53eed-ca12-42a6-a424-74239177a9e3"
          ],
          "failures": [],
          "pending": [],
          "skipped": [],
          "duration": 23085,
          "root": false,
          "rootEmpty": false,
          "_timeout": 2000
        }
      ],
      "passes": [],
      "failures": [],
      "pending": [],
      "skipped": [],
      "duration": 0,
      "root": true,
      "rootEmpty": true,
      "_timeout": 2000
    },
    {
      "uuid": "8f7d4db6-9cf6-450e-b689-168fb770a6cc",
      "title": "",
      "fullFile": "cypress\\e2e\\lms\\setting\\1_pipeline\\1_create.js",
      "file": "cypress\\e2e\\lms\\setting\\1_pipeline\\1_create.js",
      "beforeHooks": [],
      "afterHooks": [],
      "tests": [],
      "suites": [
        {
          "uuid": "f387958d-fce5-4fe8-9330-bc50bf373f51",
          "title": "Nevigate the setting page and create pipeline",
          "fullFile": "cypress\\e2e\\lms\\setting\\1_pipeline\\1_create.js",
          "file": "cypress\\e2e\\lms\\setting\\1_pipeline\\1_create.js",
          "beforeHooks": [],
          "afterHooks": [],
          "tests": [
            {
              "title": "Pipeline name can't be blank",
              "fullTitle": "Nevigate the setting page and create pipeline Pipeline name can't be blank",
              "timedOut": null,
              "duration": 0,
              "state": "pending",
              "speed": null,
              "pass": false,
              "fail": false,
              "pending": true,
              "context": null,
              "code": "busimpledropdown(pipelineSel.options, messages.pipAction, globalSel.create, messages.newPip);\nbutextField(pipelineSel.piptextfield, \"input\").click();\ncy.get('.MuiFormHelperText-root').should(\"contain\", `${messages.blankPip}.`);\nbuButton(globalSel.savetestid).should(\"be.disabled\").click({\n  force: true\n});\ncy.get('.MuiTooltip-tooltip').should(\"contain\", `${messages.blankPip}.`);",
              "err": {},
              "uuid": "2979953e-54a1-4a93-92be-495433fcd600",
              "parentUUID": "f387958d-fce5-4fe8-9330-bc50bf373f51",
              "isHook": false,
              "skipped": false
            },
            {
              "title": "Pipeline already exist ",
              "fullTitle": "Nevigate the setting page and create pipeline Pipeline already exist ",
              "timedOut": null,
              "duration": 0,
              "state": "pending",
              "speed": null,
              "pass": false,
              "fail": false,
              "pending": true,
              "context": null,
              "code": "cy.wait(\"@getPipeline\").then(({\n  response\n}) => {\n  let piplabel = response.body.result.values[0].label;\n  busimpledropdown(pipelineSel.options, messages.pipAction, globalSel.create, messages.newPip);\n  butextField(pipelineSel.piptextfield, \"input\").type(piplabel);\n});\ncy.get('.MuiFormHelperText-root').should(\"have.text\", messages.existsPip);\nbuButton(globalSel.savetestid).should(\"be.disabled\").click({\n  force: true\n});\ncy.get('.MuiTooltip-tooltip').should(\"contain\", messages.existsPip);",
              "err": {},
              "uuid": "f211d7ab-974c-419d-8c50-d59026ad3255",
              "parentUUID": "f387958d-fce5-4fe8-9330-bc50bf373f51",
              "isHook": false,
              "skipped": false
            },
            {
              "title": "Add new pipeline",
              "fullTitle": "Nevigate the setting page and create pipeline Add new pipeline",
              "timedOut": null,
              "duration": 0,
              "state": "pending",
              "speed": null,
              "pass": false,
              "fail": false,
              "pending": true,
              "context": null,
              "code": "busimpledropdown(pipelineSel.options, messages.pipAction, globalSel.create, messages.newPip);\nbutextField(pipelineSel.piptextfield, \"input\").type(`${faker.commerce.product()}-${new Date().valueOf()}`);\nbuButton(globalSel.savetestid).should(\"not.be.disabled\").click();",
              "err": {},
              "uuid": "94190b80-22da-4c90-8454-b64f1c2b3b72",
              "parentUUID": "f387958d-fce5-4fe8-9330-bc50bf373f51",
              "isHook": false,
              "skipped": false
            },
            {
              "title": "Should pipeline selectable",
              "fullTitle": "Nevigate the setting page and create pipeline Should pipeline selectable",
              "timedOut": null,
              "duration": 0,
              "state": "pending",
              "speed": null,
              "pass": false,
              "fail": false,
              "pending": true,
              "context": null,
              "code": "cy.wait(\"@getPipeline\").then(({\n  response\n}) => {\n  let pipelines = response.body.result.values;\n  let lastPip = pipelines[pipelines.length - 1].label;\n  // cy.log(`Total Pipelines: ${pipelines.length}`);\n  // cy.log(`Last Item: ${lastPip}`);\n  if (pipelines.length > 5) {\n    cy.get('[data-testid=\"pipeline-box-hlum28yao\"] > [data-testid=\"budropdown-box-ty1opau5a\"] > [data-testid=\"button-box-72cmtvy8r\"] > .MuiButtonBase-root > .MuiButton-icon > [data-testid=\"button-stack-alorzfaoj\"] > [data-testid=\"busvgicon-svgicon-5xuxnhkcv\"]').click();\n    cy.get('[data-testid=\"searchbox-textfield-8k19ikenc\"]').type(lastPip);\n  } else {\n    cy.get('[data-testid=\"pipeline-box-hlum28yao\"] > [data-testid=\"budropdown-box-ty1opau5a\"] > [data-testid=\"button-box-72cmtvy8r\"] > .MuiButtonBase-root > .MuiButton-icon > [data-testid=\"button-stack-alorzfaoj\"] > [data-testid=\"busvgicon-svgicon-5xuxnhkcv\"]').click();\n    cy.contains(lastPip).click();\n  }\n});",
              "err": {},
              "uuid": "643cd2c2-6b54-47ba-8850-e503c44837cb",
              "parentUUID": "f387958d-fce5-4fe8-9330-bc50bf373f51",
              "isHook": false,
              "skipped": false
            }
          ],
          "suites": [],
          "passes": [],
          "failures": [],
          "pending": [
            "2979953e-54a1-4a93-92be-495433fcd600",
            "f211d7ab-974c-419d-8c50-d59026ad3255",
            "94190b80-22da-4c90-8454-b64f1c2b3b72",
            "643cd2c2-6b54-47ba-8850-e503c44837cb"
          ],
          "skipped": [],
          "duration": 0,
          "root": false,
          "rootEmpty": false,
          "_timeout": 2000
        }
      ],
      "passes": [],
      "failures": [],
      "pending": [],
      "skipped": [],
      "duration": 0,
      "root": true,
      "rootEmpty": true,
      "_timeout": 2000
    },
    {
      "uuid": "82c07b55-4914-4e1d-a89e-ec4d219c0657",
      "title": "",
      "fullFile": "cypress\\e2e\\lms\\setting\\1_pipeline\\2_rename.js",
      "file": "cypress\\e2e\\lms\\setting\\1_pipeline\\2_rename.js",
      "beforeHooks": [],
      "afterHooks": [],
      "tests": [],
      "suites": [
        {
          "uuid": "ee740043-7c78-4ddb-af49-bd72071216c6",
          "title": "Nevigate the setting page and rename pipeline",
          "fullFile": "cypress\\e2e\\lms\\setting\\1_pipeline\\2_rename.js",
          "file": "cypress\\e2e\\lms\\setting\\1_pipeline\\2_rename.js",
          "beforeHooks": [],
          "afterHooks": [],
          "tests": [
            {
              "title": "Rename pipeline",
              "fullTitle": "Nevigate the setting page and rename pipeline Rename pipeline",
              "timedOut": null,
              "duration": 0,
              "state": "pending",
              "speed": null,
              "pass": false,
              "fail": false,
              "pending": true,
              "context": null,
              "code": "let editedPIpLabel = `${faker.commerce.product()}-${new Date().valueOf()}`;\ncy.wait(\"@getPipeline\", {\n  timeout: 10000\n}).then(({\n  response\n}) => {\n  let pipLabel = response.body.result.values.map(ele => ele.label);\n  budropdown(globalSel.settinglayoutbox, `button ${globalSel.buttonTypography}`, pipLabel[0]);\n  busimpledropdown(pipelineSel.options, messages.pipAction, globalSel.rename, messages.renamePip);\n  cy.get(\"#customized-dialog-title p\").should(\"have.text\", messages.renamePip);\n  butextField(pipelineSel.renamepiptextfield, \"label\").should(\"have.text\", messages.renamePip);\n  butextField(pipelineSel.renamepiptextfield, \"input\").should(\"have.value\", pipLabel[0]);\n  cy.get(globalSel.helpertext).should(\"have.text\", messages.existsPip1);\n  buButton(globalSel.renametestid).should(\"be.disabled\");\n  // Rename the pipeline name\n  butextField(pipelineSel.renamepiptextfield, \"input\").clear().type(editedPIpLabel);\n  buButton(globalSel.renametestid).click();\n  cy.get('.MuiSnackbarContent-message').should(\"have.text\", messages.updated);\n});",
              "err": {},
              "uuid": "7989353e-a2ef-40a1-8319-53a9eb582718",
              "parentUUID": "ee740043-7c78-4ddb-af49-bd72071216c6",
              "isHook": false,
              "skipped": false
            },
            {
              "title": "Pipeline already exist",
              "fullTitle": "Nevigate the setting page and rename pipeline Pipeline already exist",
              "timedOut": null,
              "duration": 0,
              "state": "pending",
              "speed": null,
              "pass": false,
              "fail": false,
              "pending": true,
              "context": null,
              "code": "cy.wait(\"@getPipeline\", {\n  timeout: 10000\n}).then(({\n  response\n}) => {\n  let pipLabel = response.body.result.values.map(ele => ele.label);\n  budropdown(globalSel.settinglayoutbox, `button ${globalSel.buttonTypography}`, pipLabel[0]);\n  busimpledropdown(pipelineSel.options, messages.pipAction, globalSel.rename, messages.renamePip);\n  butextField(pipelineSel.renamepiptextfield, \"input\").clear().type(pipLabel[1]);\n  cy.get(globalSel.helpertext).should(\"have.text\", messages.existsPip1);\n  buButton(globalSel.renametestid).should(\"be.disabled\").and(\"have.text\", \"Rename\");\n});",
              "err": {},
              "uuid": "b9d46487-e712-4c39-a0b0-718fd2d85176",
              "parentUUID": "ee740043-7c78-4ddb-af49-bd72071216c6",
              "isHook": false,
              "skipped": false
            },
            {
              "title": "Pipeline name cant't be blank",
              "fullTitle": "Nevigate the setting page and rename pipeline Pipeline name cant't be blank",
              "timedOut": null,
              "duration": 0,
              "state": "pending",
              "speed": null,
              "pass": false,
              "fail": false,
              "pending": true,
              "context": null,
              "code": "cy.wait(\"@getPipeline\", {\n  timeout: 10000\n}).then(({\n  response\n}) => {\n  let pipLabel = response.body.result.values.map(ele => ele.label);\n  budropdown(globalSel.settinglayoutbox, `button ${globalSel.buttonTypography}`, pipLabel[0]);\n  busimpledropdown(pipelineSel.options, messages.pipAction, globalSel.rename, messages.renamePip);\n  butextField(pipelineSel.renamepiptextfield, \"input\").clear();\n  cy.get(globalSel.helpertext).should(\"have.text\", messages.blankPip);\n  buButton(globalSel.renametestid).should(\"be.disabled\").and(\"have.text\", \"Rename\");\n});",
              "err": {},
              "uuid": "72457e2d-3ac4-4987-a816-9c5f6901d993",
              "parentUUID": "ee740043-7c78-4ddb-af49-bd72071216c6",
              "isHook": false,
              "skipped": false
            }
          ],
          "suites": [],
          "passes": [],
          "failures": [],
          "pending": [
            "7989353e-a2ef-40a1-8319-53a9eb582718",
            "b9d46487-e712-4c39-a0b0-718fd2d85176",
            "72457e2d-3ac4-4987-a816-9c5f6901d993"
          ],
          "skipped": [],
          "duration": 0,
          "root": false,
          "rootEmpty": false,
          "_timeout": 2000
        }
      ],
      "passes": [],
      "failures": [],
      "pending": [],
      "skipped": [],
      "duration": 0,
      "root": true,
      "rootEmpty": true,
      "_timeout": 2000
    },
    {
      "uuid": "bbf489d7-e0fd-4384-9a13-ce2a7d0af7a5",
      "title": "",
      "fullFile": "cypress\\e2e\\lms\\setting\\1_pipeline\\3_reorder.js",
      "file": "cypress\\e2e\\lms\\setting\\1_pipeline\\3_reorder.js",
      "beforeHooks": [],
      "afterHooks": [],
      "tests": [],
      "suites": [
        {
          "uuid": "23fefd70-a0d1-4643-8ad8-b04cd02fdb84",
          "title": "Navigate the setting page and reorder pipeline",
          "fullFile": "cypress\\e2e\\lms\\setting\\1_pipeline\\3_reorder.js",
          "file": "cypress\\e2e\\lms\\setting\\1_pipeline\\3_reorder.js",
          "beforeHooks": [],
          "afterHooks": [],
          "tests": [
            {
              "title": "Reorder pipeline",
              "fullTitle": "Navigate the setting page and reorder pipeline Reorder pipeline",
              "timedOut": null,
              "duration": 0,
              "state": "pending",
              "speed": null,
              "pass": false,
              "fail": false,
              "pending": true,
              "context": null,
              "code": "const movements = 1;\nconst subHeadingText = `You can Create/ Rename/ Delete Pipeline for ${asset} only.`;\nbuCaption(pipelineSel.captionbox, pipelineSel.captionHeading, `${asset}s`, pipelineSel.captionSubHeading, subHeadingText);\n// cy.get(\"#app-routes p\").contains(\"leads\")\n// cy.get('.MuiTypography-caption').contains(\"You can Create/ Rename/ Delete Pipeline for lead only.\")\ncy.wait(1000);\nbusimpledropdown(pipelineSel.options, messages.pipAction, globalSel.reorder, messages.reorderPip);\n// cy.get('.MuiPaper-root > :nth-child(2) > div > .MuiButtonBase-root').should(\"have.text\", \"Options\").click()\n// cy.get(\"#reorder\").click()\n// get the pipeline-id using intercept and wait method\ncy.wait(\"@getPipeline\").then(({\n  response\n}) => {\n  let pipId = response.body.result.values.map(ele => ele.id);\n  cy.get(`[data-rbd-draggable-id=${pipId[0]}]`).as('item');\n  cy.get('@item').invoke('attr', 'data-rbd-drag-handle-draggable-id').as('item-id');\n  cy.get('@item').invoke('attr', 'tabindex').as('item-index').should('equal', '0');\n  // lift the element\n  cy.get('@item').focus().trigger('keydown', {\n    keyCode: 32\n  }).get('@item'); // need to re-query for a clone\n  cy.wrap(Array.from({\n    length: movements\n  })).each(() => {\n    cy.get('@item').trigger('keydown', {\n      keyCode: 40,\n      force: true\n    }).wait(1000);\n  });\n  // drop an element\n  cy.get('@item').trigger('keydown', {\n    keyCode: 32,\n    force: true\n  });\n  cy.get('@item-id').then(() => {\n    cy.get(`[data-rbd-draggable-id=${pipId[0]}]`).invoke('attr', 'tabindex');\n  });\n  // cy.get('#cancel').should(\"have.text\", \"Cancel\")\n  // cy.get(\"#save\").click()\n  buButton(globalSel.canceltestid).should(\"have.text\", \"Cancel\");\n  buButton(globalSel.savetestid).should(\"have.text\", \"Save\").click({\n    force: true\n  });\n});",
              "err": {},
              "uuid": "7686c25d-4b78-4d7a-b66b-b5025b59605a",
              "parentUUID": "23fefd70-a0d1-4643-8ad8-b04cd02fdb84",
              "isHook": false,
              "skipped": false
            }
          ],
          "suites": [],
          "passes": [],
          "failures": [],
          "pending": [
            "7686c25d-4b78-4d7a-b66b-b5025b59605a"
          ],
          "skipped": [],
          "duration": 0,
          "root": false,
          "rootEmpty": false,
          "_timeout": 2000
        }
      ],
      "passes": [],
      "failures": [],
      "pending": [],
      "skipped": [],
      "duration": 0,
      "root": true,
      "rootEmpty": true,
      "_timeout": 2000
    },
    {
      "uuid": "156f03b7-f984-41d2-b0c4-e6f97723e72e",
      "title": "",
      "fullFile": "cypress\\e2e\\lms\\setting\\1_pipeline\\4_stage.js",
      "file": "cypress\\e2e\\lms\\setting\\1_pipeline\\4_stage.js",
      "beforeHooks": [],
      "afterHooks": [],
      "tests": [],
      "suites": [
        {
          "uuid": "3635f3aa-e904-401d-af6b-41010ce6148e",
          "title": "Stage functionality test for pipeline",
          "fullFile": "cypress\\e2e\\lms\\setting\\1_pipeline\\4_stage.js",
          "file": "cypress\\e2e\\lms\\setting\\1_pipeline\\4_stage.js",
          "beforeHooks": [],
          "afterHooks": [],
          "tests": [
            {
              "title": "Add new stage",
              "fullTitle": "Stage functionality test for pipeline Add new stage",
              "timedOut": null,
              "duration": 0,
              "state": "pending",
              "speed": null,
              "pass": false,
              "fail": false,
              "pending": true,
              "context": null,
              "code": "const stageName = `${faker.commerce.productName()}-${new Date().valueOf()}`;\nconst subHeadingText = `You can Create/ Rename/ Delete Pipeline for ${asset} only.`;\nbuCaption(pipelineSel.captionbox, pipelineSel.captionHeading, `${asset}s`, pipelineSel.captionSubHeading, subHeadingText);\nonesecondWait();\nbuButton(`[data-testid=\"Add a ${asset} Stage\"]`).should(\"have.text\", `Add a ${asset} Stage`).click();\ncyGet(`${globalSel.inputItemtextfield}`).find(`input[value='']`).type(stageName);\nonesecondWait();\nbuSaveButton().should(\"have.text\", \"Save\").click();\ncyGet(globalSel.SnackbarMessage).invoke('text').should('include', messages.requestSuccess);",
              "err": {},
              "uuid": "9bf9ad50-9aa8-44b0-b496-f2d668fe8702",
              "parentUUID": "3635f3aa-e904-401d-af6b-41010ce6148e",
              "isHook": false,
              "skipped": false
            },
            {
              "title": "Stage can't be empty.",
              "fullTitle": "Stage functionality test for pipeline Stage can't be empty.",
              "timedOut": null,
              "duration": 0,
              "state": "pending",
              "speed": null,
              "pass": false,
              "fail": false,
              "pending": true,
              "context": null,
              "code": "buButton(`[data-testid=\"Add a ${asset} Stage\"]`).should(\"have.text\", `Add a ${asset} Stage`).click();\nbuSaveButton().should(\"be.disabled\").trigger(\"mouseover\", {\n  force: true\n});\ncyGet(globalSel.tooltip).invoke('text').should('include', \"Stage can't be empty.\");",
              "err": {},
              "uuid": "a5da808e-7ce0-4729-8b9a-849f6002531b",
              "parentUUID": "3635f3aa-e904-401d-af6b-41010ce6148e",
              "isHook": false,
              "skipped": false
            },
            {
              "title": "Stage can't be duplicate.",
              "fullTitle": "Stage functionality test for pipeline Stage can't be duplicate.",
              "timedOut": null,
              "duration": 0,
              "state": "pending",
              "speed": null,
              "pass": false,
              "fail": false,
              "pending": true,
              "context": null,
              "code": "buButton(`[data-testid=\"Add a ${asset} Stage\"]`).should(\"have.text\", `Add a ${asset} Stage`).click();\ncy.wait(\"@getStage\", {\n  timeout: 10000\n}).then(({\n  response\n}) => {\n  const stageName = response.body.result.values.map(ele => ele.label);\n  cyGet(`${globalSel.inputItemtextfield}`).find(`input[value='']`).click().type(stageName[0]);\n});\nbuSaveButton().should(\"be.disabled\").trigger(\"mouseover\", {\n  force: true\n});\ncyGet(globalSel.tooltip).invoke('text').should('include', \"Duplicate stage name.\");",
              "err": {},
              "uuid": "7a91b58b-3a70-4c36-881a-cc2a06d3d3f7",
              "parentUUID": "3635f3aa-e904-401d-af6b-41010ce6148e",
              "isHook": false,
              "skipped": false
            },
            {
              "title": "edit stage",
              "fullTitle": "Stage functionality test for pipeline edit stage",
              "timedOut": null,
              "duration": 0,
              "state": "pending",
              "speed": null,
              "pass": false,
              "fail": false,
              "pending": true,
              "context": null,
              "code": "const stageName = `${faker.commerce.productName()}-${new Date().valueOf()}`;\ncyGet(`${globalSel.inputItemtextfield} input`).last().clear();\ncyGet(`${globalSel.inputItemtextfield} input`).last().type(stageName);\nbuSaveButton().should(\"have.text\", \"Save\").click();\ncyGet(globalSel.SnackbarMessage).invoke('text').should('include', messages.requestSuccess);",
              "err": {},
              "uuid": "868e80f9-4b53-4530-9edc-56299cb9885a",
              "parentUUID": "3635f3aa-e904-401d-af6b-41010ce6148e",
              "isHook": false,
              "skipped": false
            },
            {
              "title": "delete stage",
              "fullTitle": "Stage functionality test for pipeline delete stage",
              "timedOut": null,
              "duration": 0,
              "state": "pending",
              "speed": null,
              "pass": false,
              "fail": false,
              "pending": true,
              "context": null,
              "code": "let stageName = `${faker.commerce.productName()}-${new Date().valueOf()}`;\nconst msg2 = \"Are you sure! Want to delete this Stage?\";\nbuButton(`[data-testid=\"Add a ${asset} Stage\"]`).click();\ncyGet(`${globalSel.inputItemtextfield}`).find(`input[value='']`).click().type(stageName);\nbuSaveButton().should(\"have.text\", \"Save\").click();\nonesecondWait();\ncyGet(`${pipelineSel.stageDelIconBtn}`).last().click();\nbuCaption(globalSel.dialogTitle, globalSel.dialogTitleText, \"Delete Stage\", pipelineSel.deletestagecaption, msg2);\nbuButton(`[data-testid=\"Delete Stage\"]`).click();",
              "err": {},
              "uuid": "978c881e-c058-4469-b6f7-6d16226bcfe3",
              "parentUUID": "3635f3aa-e904-401d-af6b-41010ce6148e",
              "isHook": false,
              "skipped": false
            },
            {
              "title": "Stage should not be deleted which contains record",
              "fullTitle": "Stage functionality test for pipeline Stage should not be deleted which contains record",
              "timedOut": null,
              "duration": 0,
              "state": "pending",
              "speed": null,
              "pass": false,
              "fail": false,
              "pending": true,
              "context": null,
              "code": "cy.wait(\"@getStage\", {\n  timeout: 10000\n}).then(({\n  response\n}) => {\n  const stageWithCount = response.body.result.values.find(ele => ele.count > 0 && ele.winChance != \"Won\");\n  if (!stageWithCount) {\n    this.skip();\n  }\n  const msg2 = `You need to move ${stageWithCount === null || stageWithCount === void 0 ? void 0 : stageWithCount.count} ${asset} to delete this stage.`;\n  cyGet(`[data-rbd-draggable-id=\"${stageWithCount === null || stageWithCount === void 0 ? void 0 : stageWithCount.id}\"] ${pipelineSel.stageDelIconBtn}`).click({\n    force: true\n  });\n  buCaption(globalSel.dialogTitle, globalSel.dialogTitleText, delNmvStg, pipelineSel.deletestageConfirmatiion, msg2);\n  budropdown(globalSel.dialogContent, globalSel.fieldlabelBox, fieldLabel);\n  budropdownInput(`[data-testid=\"input-muiinput-t8mkcx347\"] input`, stageWithCount === null || stageWithCount === void 0 ? void 0 : stageWithCount.label);\n  buButton(`[data-testid=\"Move ${asset} and delete Stage\"]`).should(\"be.disabled\");\n});",
              "err": {},
              "uuid": "ef5a333b-0851-4d89-a03a-5896c741d196",
              "parentUUID": "3635f3aa-e904-401d-af6b-41010ce6148e",
              "isHook": false,
              "skipped": false
            },
            {
              "title": "move record and delete stage",
              "fullTitle": "Stage functionality test for pipeline move record and delete stage",
              "timedOut": null,
              "duration": 0,
              "state": "pending",
              "speed": null,
              "pass": false,
              "fail": false,
              "pending": true,
              "context": null,
              "code": "cy.wait(\"@getStage\", {\n  timeout: 10000\n}).then(({\n  response\n}) => {\n  const values = response.body.result.values;\n  const length = values.length;\n  const stageWithCount = values.find(ele => ele.count > 0 && ele.winChance != \"Won\");\n  const msg2 = `You need to move ${stageWithCount === null || stageWithCount === void 0 ? void 0 : stageWithCount.count} ${asset} to delete this stage.`;\n  const moveRecordStage = values.find(ele => ele.label != (stageWithCount === null || stageWithCount === void 0 ? void 0 : stageWithCount.label) && ele.winChance != \"Won\");\n  const searchSelecor = `${globalSel.searchbox} ${globalSel.searchplaceholder}`;\n  if (!stageWithCount) {\n    this.skip();\n  }\n  cyGet(`[data-rbd-draggable-id=\"${stageWithCount === null || stageWithCount === void 0 ? void 0 : stageWithCount.id}\"] ${pipelineSel.stageDelIconBtn}`).click({\n    force: true\n  });\n  buCaption(globalSel.dialogTitle, globalSel.dialogTitleText, delNmvStg, pipelineSel.deletestageConfirmatiion, msg2);\n  budropdownInput(`[data-testid=\"input-muiinput-t8mkcx347\"] input`, stageWithCount === null || stageWithCount === void 0 ? void 0 : stageWithCount.label, length, searchSelecor, moveRecordStage === null || moveRecordStage === void 0 ? void 0 : moveRecordStage.label, globalSel.dialogTitleText);\n  buButton(`[data-testid=\"Move ${asset} and delete Stage\"]`).click();\n});",
              "err": {},
              "uuid": "c4fa7a4b-d5c4-4ac9-9022-96aca3e2f3a3",
              "parentUUID": "3635f3aa-e904-401d-af6b-41010ce6148e",
              "isHook": false,
              "skipped": false
            }
          ],
          "suites": [],
          "passes": [],
          "failures": [],
          "pending": [
            "9bf9ad50-9aa8-44b0-b496-f2d668fe8702",
            "a5da808e-7ce0-4729-8b9a-849f6002531b",
            "7a91b58b-3a70-4c36-881a-cc2a06d3d3f7",
            "868e80f9-4b53-4530-9edc-56299cb9885a",
            "978c881e-c058-4469-b6f7-6d16226bcfe3",
            "ef5a333b-0851-4d89-a03a-5896c741d196",
            "c4fa7a4b-d5c4-4ac9-9022-96aca3e2f3a3"
          ],
          "skipped": [],
          "duration": 0,
          "root": false,
          "rootEmpty": false,
          "_timeout": 2000
        }
      ],
      "passes": [],
      "failures": [],
      "pending": [],
      "skipped": [],
      "duration": 0,
      "root": true,
      "rootEmpty": true,
      "_timeout": 2000
    },
    {
      "uuid": "ebe771c4-5a8c-499b-ad38-493af68533f6",
      "title": "",
      "fullFile": "cypress\\e2e\\lms\\setting\\1_pipeline\\5_stageReoder.js",
      "file": "cypress\\e2e\\lms\\setting\\1_pipeline\\5_stageReoder.js",
[...]
              "speed": "medium",
              "pass": true,
              "fail": false,
              "pending": false,
              "context": null,
              "code": "cy.visit(`${updatedUrl}/setting/properties`);\n// cy.visit(`${Cypress.env(\"lmsUrl\")}/setting/properties`)\ncy.wait(\"@fieldGrid\", {\n  timeout: 10000\n}).then(({\n  response\n}) => {\n  const nonSystemFields = response.body.result.values.filter(field => field.system === false);\n  // cy.log(JSON.stringify(nonSystemFields))\n  let fieldData = nonSystemFields.slice(-1);\n  // cy.log(JSON.stringify(fieldData))\n  let attachedCount = nonSystemFields[0].attachedCount.count;\n  if (attachedCount <= 1) {\n    (0, _global.fieldSearchAndAct)(fieldData[0].label, \"#delete\");\n    cy.get(\"#delete\").click();\n  } else {\n    (0, _global.fieldSearchAndAct)(fieldData[0].label, \"#detach\");\n    cy.get(\"#detach\").click();\n  }\n  cy.get('[data-testid=\"busimpletabs-tab-6lg4m8h6g\"]', {\n    timeout: 10000\n  }).contains(\"Deleted fields\").click();\n  cy.wait(\"@binList\", {\n    timeout: 10000\n  }).then(({\n    response\n  }) => {\n    let binField = response.body.result.values.map(ele => ele.label);\n    cy.log(JSON.stringify(binField));\n    // if (response.body.result.pages.totalNoOfPages == 1) {\n    //     expect(binField.slice(-1)).to.be.contains(fieldData[0].label)\n    // } else {\n    //     cy.get('[aria-label=\"pagination navigation\"] ul > :last').prev().click()\n    //     cy.wait(\"@binList\", { timeout: 10000 }).then(({ response }) => {\n    //         let binField = response.body.result.values.map(ele => ele.label)\n    //         expect(binField.slice(-1)).to.be.contains(fieldData[0].label)\n    //     })\n    // }\n  });\n});",
              "err": {},
              "uuid": "4db263e8-2ee1-441d-8a8b-e69bb9740855",
              "parentUUID": "9b21935d-c6f5-4d1d-83a9-79a3887b0a68",
              "isHook": false,
              "skipped": false
            },
            {
              "title": "Restore field from field tab",
              "fullTitle": "Nevigate the setting page and delete and restore field Restore field from field tab",
              "timedOut": null,
              "duration": 2153,
              "state": "passed",
              "speed": "fast",
              "pass": true,
              "fail": false,
              "pending": false,
              "context": null,
              "code": "let title = \"Restore 1 field ?\";\nlet desc = \"Are you sure you want to  restore 1 field ?\";\ncy.visit(`${updatedUrl}/setting/properties`);\ncy.get('[data-testid=\"busimpletabs-tab-6lg4m8h6g\"]', {\n  timeout: 10000\n}).contains(\"Deleted fields\").click();\ncy.wait(\"@binList\", {\n  timeout: 10000\n}).then(({\n  response\n}) => {\n  expect(response.body.result.values).be.length.greaterThan(0);\n  cy.get('[data-testid=\"actions-box-it835w1xf\"] button').first().click();\n  cy.get(\"#restore\").click();\n  roleDialog(lead.dialogTitle, title, lead.dialogDesc, desc, `[data-testid=\"Restore\"]`, \"Restore\");\n});",
              "err": {},
              "uuid": "0b754299-7be0-4ac0-8f0c-4f237c7a86a0",
              "parentUUID": "9b21935d-c6f5-4d1d-83a9-79a3887b0a68",
              "isHook": false,
              "skipped": false
            },
            {
              "title": "Delete field from field tab",
              "fullTitle": "Nevigate the setting page and delete and restore field Delete field from field tab",
              "timedOut": null,
              "duration": 1271,
              "state": "failed",
              "speed": null,
              "pass": false,
              "fail": true,
              "pending": false,
              "context": null,
              "code": "let title = \"Delete 1 field ?\";\nlet desc = \"Are you sure you want to  delete 1 field ?\";\ncy.visit(`${updatedUrl}/setting/properties`);\ncy.get('[data-testid=\"busimpletabs-tab-6lg4m8h6g\"]', {\n  timeout: 10000\n}).contains(\"Deleted fields\").click();\ncy.wait(\"@binList\", {\n  timeout: 10000\n}).then(({\n  response\n}) => {\n  expect(response.body.result.values).be.length.greaterThan(0);\n  cy.get('[data-testid=\"actions-box-it835w1xf\"] button').first().click();\n  cy.get(\"#delete\").click();\n  roleDialog(lead.dialogTitle, title, lead.dialogDesc, desc, `[role=\"dialog\"] ${lead.typeBtn}`, \"Delete\");\n});",
              "err": {
                "message": "AssertionError: expected [] to have a length above 0 but got 0",
                "estack": "AssertionError: expected [] to have a length above 0 but got 0\n    at Context.eval (webpack://bu-testing/./cypress/e2e/lms/setting/9_bin/field.js:90:58)",
                "diff": ""
              },
              "uuid": "fb875761-9ec3-45ee-ba06-50443ab6148b",
              "parentUUID": "9b21935d-c6f5-4d1d-83a9-79a3887b0a68",
              "isHook": false,
              "skipped": false
            },
            {
              "title": "Filter single line field and verify column with rows us",
              "fullTitle": "Nevigate the setting page and delete and restore field Filter single line field and verify column with rows us",
              "timedOut": null,
              "duration": 4548,
              "state": "failed",
              "speed": null,
              "pass": false,
              "fail": true,
              "pending": false,
              "context": null,
              "code": "cy.visit(`${updatedUrl}/setting/bin`);\ncy.get('[data-testid=\"busimpletabs-tab-6lg4m8h6g\"]', {\n  timeout: 10000\n}).contains(\"Field\").click();\ncy.recordCountOnPage(\"10\");\ncy.get('[aria-label=\"Select field type\"]').click();\nfieldTypeFilterSel(\"Multi line text\");\ncy.get('.MuiButton-endIcon').click();\ncy.wait(\"@binList\");\ncy.wait(\"@binList\");\ncy.wait(\"@binList\", {\n  timeout: 10000\n}).then(({\n  response\n}) => {\n  expect(response.body.result.values).be.length.greaterThan(0);\n  let binFieldLabel = response.body.result.values.map(ele => ele.label);\n  let deletedType = response.body.result.values.map(ele => {\n    return ele.type.charAt(0).toUpperCase() + ele.type.slice(1);\n  });\n  let deletedBy = response.body.result.values.map(ele => ele.deletedBy);\n  let userName = deletedBy.map(key => {\n    let label = key.label;\n    return label;\n  });\n  let fieldTypeArray = Array(binFieldLabel.length).fill(\"Multi line text\");\n  verifyTablecolNrow(lead.thead, 2, \"Field name\", lead.tbody, binFieldLabel);\n  verifyTablecolNrow(lead.thead, 3, \"Field type\", lead.tbody, fieldTypeArray);\n  verifyTablecolNrow(lead.thead, 4, \"Deleted by\", lead.tbody, userName);\n  verifyTablecolNrow(lead.thead, 5, \"Deleted type\", lead.tbody, deletedType);\n});",
              "err": {
                "message": "AssertionError: expected [] to have a length above 0 but got 0",
                "estack": "AssertionError: expected [] to have a length above 0 but got 0\n    at Context.eval (webpack://bu-testing/./cypress/e2e/lms/setting/9_bin/field.js:107:58)",
                "diff": ""
              },
              "uuid": "e975220a-82b6-4cc3-b0d3-d85c5d0a0f87",
              "parentUUID": "9b21935d-c6f5-4d1d-83a9-79a3887b0a68",
              "isHook": false,
              "skipped": false
            },
            {
              "title": "Restore field from bin tab",
              "fullTitle": "Nevigate the setting page and delete and restore field Restore field from bin tab",
              "timedOut": null,
              "duration": 1048,
              "state": "failed",
              "speed": null,
              "pass": false,
              "fail": true,
              "pending": false,
              "context": null,
              "code": "let title = \"Restore 1 field ?\";\nlet desc = \"Are you sure you want to restore 1 field ? \";\ncy.visit(`${updatedUrl}/setting/bin`);\ncy.get('[data-testid=\"busimpletabs-tab-6lg4m8h6g\"]', {\n  timeout: 10000\n}).contains(\"Field\").click();\ncy.wait(\"@binList\", {\n  timeout: 10000\n}).then(({\n  response\n}) => {\n  expect(response.body.result.values).be.length.greaterThan(0);\n  cy.get('[data-testid=\"actions-box-it835w1xf\"] button').first().click();\n  cy.get(\"#restore\").click();\n  roleDialog(lead.dialogTitle, title, lead.dialogDesc, desc, `[role=\"dialog\"] ${lead.typeBtn}`, \"Restore\");\n});",
              "err": {
                "message": "AssertionError: expected [] to have a length above 0 but got 0",
                "estack": "AssertionError: expected [] to have a length above 0 but got 0\n    at Context.eval (webpack://bu-testing/./cypress/e2e/lms/setting/9_bin/field.js:131:58)",
                "diff": ""
              },
              "uuid": "c9a6eed4-d1d8-4d2c-97b4-b5007c82766f",
              "parentUUID": "9b21935d-c6f5-4d1d-83a9-79a3887b0a68",
              "isHook": false,
              "skipped": false
            },
            {
              "title": "Delete field from bin tab",
              "fullTitle": "Nevigate the setting page and delete and restore field Delete field from bin tab",
              "timedOut": null,
              "duration": 1007,
              "state": "failed",
              "speed": null,
              "pass": false,
              "fail": true,
              "pending": false,
              "context": null,
              "code": "let title = \"Delete 1  field ?\";\nlet desc = \"Are you sure you want to delete 1 field ? \";\ncy.visit(`${updatedUrl}/setting/bin`);\ncy.get('[data-testid=\"busimpletabs-tab-6lg4m8h6g\"]', {\n  timeout: 10000\n}).contains(\"Field\").click();\ncy.wait(\"@binList\", {\n  timeout: 10000\n}).then(({\n  response\n}) => {\n  expect(response.body.result.values).be.length.greaterThan(0);\n  cy.get('[data-testid=\"actions-box-it835w1xf\"] button').first().click();\n  cy.get(\"#delete\").click();\n  roleDialog(lead.dialogTitle, title, lead.dialogDesc, desc, `[role=\"dialog\"] ${lead.typeBtn}`, \"Delete\");\n});",
              "err": {
                "message": "AssertionError: expected [] to have a length above 0 but got 0",
                "estack": "AssertionError: expected [] to have a length above 0 but got 0\n    at Context.eval (webpack://bu-testing/./cypress/e2e/lms/setting/9_bin/field.js:144:58)",
                "diff": ""
              },
              "uuid": "7ab46ba1-bf11-4e5b-91e2-7e91ed9905e4",
              "parentUUID": "9b21935d-c6f5-4d1d-83a9-79a3887b0a68",
              "isHook": false,
              "skipped": false
            }
          ],
          "suites": [],
          "passes": [
            "4db263e8-2ee1-441d-8a8b-e69bb9740855",
            "0b754299-7be0-4ac0-8f0c-4f237c7a86a0"
          ],
          "failures": [
            "fb875761-9ec3-45ee-ba06-50443ab6148b",
            "e975220a-82b6-4cc3-b0d3-d85c5d0a0f87",
            "c9a6eed4-d1d8-4d2c-97b4-b5007c82766f",
            "7ab46ba1-bf11-4e5b-91e2-7e91ed9905e4"
          ],
          "pending": [],
          "skipped": [],
          "duration": 19027,
          "root": false,
          "rootEmpty": false,
          "_timeout": 2000
        }
      ],
      "passes": [],
      "failures": [],
      "pending": [],
      "skipped": [],
      "duration": 0,
      "root": true,
      "rootEmpty": true,
      "_timeout": 2000
    },
    {
      "uuid": "06277d64-52c2-4db2-b123-324859dab396",
      "title": "",
      "fullFile": "cypress\\e2e\\lms\\setting\\9_bin\\record.js",
      "file": "cypress\\e2e\\lms\\setting\\9_bin\\record.js",
      "beforeHooks": [],
      "afterHooks": [],
      "tests": [],
      "suites": [
        {
          "uuid": "4515e9bf-c180-4571-9d34-028b4f6bb951",
          "title": "Test the functionality of restore contact from bin",
          "fullFile": "cypress\\e2e\\lms\\setting\\9_bin\\record.js",
          "file": "cypress\\e2e\\lms\\setting\\9_bin\\record.js",
          "beforeHooks": [],
          "afterHooks": [],
          "tests": [
            {
              "title": "Check if the Cancel button is working when restoring contact from bin",
              "fullTitle": "Test the functionality of restore contact from bin Check if the Cancel button is working when restoring contact from bin",
              "timedOut": null,
              "duration": 5914,
              "state": "passed",
              "speed": "medium",
              "pass": true,
              "fail": false,
              "pending": false,
              "context": null,
              "code": "cy.get(lead.typeBtn).contains(\"Delete\").should(\"be.disabled\");\ncy.get(lead.typeBtn).contains(\"Restore\").should(\"be.disabled\");\ncy.wait(\"@binRecord\").then(({\n  response\n}) => {\n  let recordLength = response.body.result.values.length;\n  let totalRecord = response.body.result.pages.totalRecords;\n  uidFeild = response.body.result.view.columns.find(fld => fld.prop === \"uid\");\n  const msg1 = `Restore ${recordLength} ${asset} ?`;\n  const msg2 = `Are you sure you want to restore ${recordLength} ${asset} ? `;\n  if (totalRecord === 0) {\n    cy.contains(`tr`, uidFeild.label).find(`input[type=\"checkbox\"]`).should(\"be.disabled\");\n    expect(totalRecord).to.be.eq(0);\n  } else {\n    cy.contains(`tr`, uidFeild.label).find(`input[type=\"checkbox\"]`).check();\n    cy.get(lead.typeBtn).contains(\"Restore\").click();\n    cy.roleDialog(lead.dialogTitle, msg1, lead.dialogDesc, msg2, lead.typeBtn, \"Cancel\");\n    cy.wait(500);\n    cy.get(lead.countOnGrid).contains(totalRecord);\n  }\n});",
              "err": {},
              "uuid": "6e421c12-7b06-45c2-b29a-21fc5ddc29fc",
              "parentUUID": "4515e9bf-c180-4571-9d34-028b4f6bb951",
              "isHook": false,
              "skipped": false
            },
            {
              "title": "Restore the contact from bin",
              "fullTitle": "Test the functionality of restore contact from bin Restore the contact from bin",
              "timedOut": null,
              "duration": 1543,
              "state": "passed",
              "speed": "fast",
              "pass": true,
              "fail": false,
              "pending": false,
              "context": null,
              "code": "cy.wait(\"@binRecord\").then(({\n  response\n}) => {\n  let recordLength = response.body.result.values.length;\n  let totalRecord = response.body.result.pages.totalRecords;\n  let remainsRecord = totalRecord - recordLength;\n  let msg1 = `Restore ${recordLength} lead ?`;\n  let msg2 = `Are you sure you want to restore ${recordLength} lead ? `;\n  if (recordLength === 0) {\n    cy.contains(`tr`, uidFeild.label).find(`input[type=\"checkbox\"]`).should(\"be.disabled\");\n    expect(recordLength).to.be.eq(0);\n  } else {\n    cy.contains(`tr`, uidFeild.label).find(`input[type=\"checkbox\"]`).check();\n    cy.get(lead.typeBtn).contains(\"Restore\").click();\n    cy.roleDialog(lead.dialogTitle, msg1, lead.dialogDesc, msg2, `.MuiDialogActions-root ${lead.typeBtn}`, \"Restore\");\n    cy.get('.MuiSnackbarContent-message').should(\"have.text\", \"Request successful.\");\n    cy.get(lead.countOnGrid).contains(remainsRecord);\n  }\n});",
              "err": {},
              "uuid": "4a58d184-7bbb-436b-a8eb-d75b895367fe",
              "parentUUID": "4515e9bf-c180-4571-9d34-028b4f6bb951",
              "isHook": false,
              "skipped": false
            },
            {
              "title": "Check if the Cancel button is working when deleting contact from bin",
              "fullTitle": "Test the functionality of restore contact from bin Check if the Cancel button is working when deleting contact from bin",
              "timedOut": null,
              "duration": 1764,
              "state": "passed",
              "speed": "fast",
              "pass": true,
              "fail": false,
              "pending": false,
              "context": null,
              "code": "cy.wait(\"@binRecord\").then(({\n  response\n}) => {\n  let recordLength = response.body.result.values.length;\n  let totalRecord = response.body.result.pages.totalRecords;\n  let msg1 = `Delete ${recordLength} ${asset} ?`;\n  let msg2 = `Are you sure you want to delete ${recordLength} ${asset} ? `;\n  if (recordLength === 0) {\n    cy.contains(`tr`, uidFeild.label).find(`input[type=\"checkbox\"]`).should(\"be.disabled\");\n    expect(recordLength).to.be.eq(0);\n  } else {\n    cy.contains(`tr`, uidFeild.label).find(`input[type=\"checkbox\"]`).check();\n    cy.get(lead.typeBtn).contains(\"Delete\").click();\n    cy.roleDialog(lead.dialogTitle, msg1, lead.dialogDesc, msg2, lead.typeBtn, \"Cancel\");\n    cy.wait(500);\n    cy.get(lead.countOnGrid).contains(totalRecord);\n  }\n});",
              "err": {},
              "uuid": "20fef56b-88f2-4a4a-b980-b97be6c1af88",
              "parentUUID": "4515e9bf-c180-4571-9d34-028b4f6bb951",
              "isHook": false,
              "skipped": false
            },
            {
              "title": "Delete the contact from bin",
              "fullTitle": "Test the functionality of restore contact from bin Delete the contact from bin",
              "timedOut": null,
              "duration": 1465,
              "state": "passed",
              "speed": "fast",
              "pass": true,
              "fail": false,
              "pending": false,
              "context": null,
              "code": "cy.wait(\"@binRecord\").then(({\n  response\n}) => {\n  let recordLength = response.body.result.values.length;\n  let totalRecord = response.body.result.pages.totalRecords;\n  let remainsRecord = totalRecord - recordLength;\n  let msg1 = `Delete ${recordLength} ${asset} ?`;\n  let msg2 = `Are you sure you want to delete ${recordLength} ${asset} ? `;\n  if (recordLength === 0) {\n    cy.contains(`tr`, uidFeild.label).find(`input[type=\"checkbox\"]`).should(\"be.disabled\");\n    expect(recordLength).to.be.eq(0);\n  } else {\n    cy.contains(`tr`, uidFeild.label).find(`input[type=\"checkbox\"]`).check();\n    cy.get(lead.typeBtn).contains(\"Delete\").click();\n    cy.roleDialog(lead.dialogTitle, msg1, lead.dialogDesc, msg2, `[role=\"dialog\"] ${lead.typeBtn}`, \"Delete\");\n    cy.get('.MuiSnackbarContent-message').should(\"have.text\", \"Deleted successfully.\");\n    cy.get(lead.countOnGrid).contains(remainsRecord);\n  }\n});",
              "err": {},
              "uuid": "24015a70-3a8a-4458-942f-e88a461bc777",
              "parentUUID": "4515e9bf-c180-4571-9d34-028b4f6bb951",
              "isHook": false,
              "skipped": false
            }
          ],
          "suites": [],
          "passes": [
            "6e421c12-7b06-45c2-b29a-21fc5ddc29fc",
            "4a58d184-7bbb-436b-a8eb-d75b895367fe",
            "20fef56b-88f2-4a4a-b980-b97be6c1af88",
            "24015a70-3a8a-4458-942f-e88a461bc777"
          ],
          "failures": [],
          "pending": [],
          "skipped": [],
          "duration": 10686,
          "root": false,
          "rootEmpty": false,
          "_timeout": 2000
        }
      ],
      "passes": [],
      "failures": [],
      "pending": [],
      "skipped": [],
      "duration": 0,
      "root": true,
      "rootEmpty": true,
      "_timeout": 2000
    }
  ],
  "meta": {
    "mocha": {
      "version": "7.0.1"
    },
    "mochawesome": {
      "options": {
        "quiet": false,
        "reportFilename": "[datetime]",
        "saveHtml": false,
        "saveJson": true,
        "consoleReporter": "spec",
        "useInlineDiffs": false,
        "code": true
      },
      "version": "7.1.3"
    },
    "marge": {
      "options": {
        "charts": true,
        "reportPageTitle": "Buopso-UI-Report",
        "embeddedScreenshots": true,
        "inlineAssets": true,
        "saveAllAttempts": false,
        "overwrite": false,
        "reportFilename": "[datetime]",
        "timestamp": "isoDateTime",
        "html": false,
        "json": true,
        "reportDir": "cypress\\reports\\.jsons",
        "saveJson": true
      },
      "version": "6.2.0"
    }
  }
}