{
  "stats": {
    "suites": 47,
    "tests": 199,
    "passes": 139,
    "pending": 32,
    "failures": 28,
    "testsRegistered": 199,
    "passPercent": 69.84924623115577,
    "pendingPercent": 16.08040201005025,
    "other": 0,
    "hasOther": false,
    "skipped": 0,
    "hasSkipped": false,
    "start": "2025-07-29T14:00:34.482Z",
    "end": "2025-07-29T14:30:22.429Z",
    "duration": 1787947
  },
  "results": [
    {
      "uuid": "57089e0d-71b8-4268-836f-d78b62e53022",
      "title": "",
      "fullFile": "cypress\\e2e\\auth\\login.js",
      "file": "cypress\\e2e\\auth\\login.js",
      "beforeHooks": [],
      "afterHooks": [],
      "tests": [],
      "suites": [
        {
          "uuid": "a9ffb5b9-a2c2-415e-b598-e724f5090003",
          "title": "Test case for login",
          "fullFile": "cypress\\e2e\\auth\\login.js",
          "file": "cypress\\e2e\\auth\\login.js",
          "beforeHooks": [],
          "afterHooks": [],
          "tests": [
            {
              "title": "Pass invalid email",
              "fullTitle": "Test case for login Pass invalid email",
              "timedOut": null,
              "duration": 2846,
              "state": "passed",
              "speed": "fast",
              "pass": true,
              "fail": false,
              "pending": false,
              "context": null,
              "code": "cy.get(\"form\").within(() => {\n  cy.get(\"@email\").type(\"abc.xyzgmail.com\");\n  cy.get('.MuiFormHelperText-root').should(\"contain\", \"Please provide proper username\");\n  cy.get(\"@password\").type(Cypress.env(\"password\"));\n  cy.root().submit();\n});\ncy.get('.MuiSnackbarContent-message').should(\"contain\", \"Please enter a valid email.\");",
              "err": {},
              "uuid": "f63290b8-2da0-43ac-9695-3d6dd8bad81b",
              "parentUUID": "a9ffb5b9-a2c2-415e-b598-e724f5090003",
              "isHook": false,
              "skipped": false
            },
            {
              "title": "Pass wrong email",
              "fullTitle": "Test case for login Pass wrong email",
              "timedOut": null,
              "duration": 1027,
              "state": "passed",
              "speed": "fast",
              "pass": true,
              "fail": false,
              "pending": false,
              "context": null,
              "code": "cy.get(\"form\").within(() => {\n  cy.get(\"@email\").type(\"abc@xyx.com\");\n  cy.get(\"@password\").type(Cypress.env(\"password\"));\n  cy.root().submit();\n});\ncy.get('.MuiSnackbarContent-message').should(\"contain\", \"user not found.\");",
              "err": {},
              "uuid": "17e322f0-9c01-4fcf-99b3-125d815ef478",
              "parentUUID": "a9ffb5b9-a2c2-415e-b598-e724f5090003",
              "isHook": false,
              "skipped": false
            },
            {
              "title": "Pass invalid password",
              "fullTitle": "Test case for login Pass invalid password",
              "timedOut": null,
              "duration": 1318,
              "state": "passed",
              "speed": "fast",
              "pass": true,
              "fail": false,
              "pending": false,
              "context": null,
              "code": "cy.get(\"form\").within(() => {\n  cy.get(\"@email\").type(Cypress.env(\"email\"));\n  cy.get(\"@password\").type(132134344);\n  cy.root().submit();\n});\ncy.get('.MuiSnackbarContent-message').should(\"contain\", \"Invalid username or password.\");",
              "err": {},
              "uuid": "131be6d2-275d-41b3-9354-fb87f18c548f",
              "parentUUID": "a9ffb5b9-a2c2-415e-b598-e724f5090003",
              "isHook": false,
              "skipped": false
            },
            {
              "title": "Pass wrong password",
              "fullTitle": "Test case for login Pass wrong password",
              "timedOut": null,
              "duration": 1442,
              "state": "passed",
              "speed": "fast",
              "pass": true,
              "fail": false,
              "pending": false,
              "context": null,
              "code": "cy.get(\"form\").within(() => {\n  cy.get(\"@email\").type(Cypress.env(\"email\"));\n  cy.get(\"@password\").type(\"AAsdf1234\");\n  cy.root().submit();\n});\ncy.get('.MuiSnackbarContent-message').should(\"contain\", \"Invalid username or password.\");",
              "err": {},
              "uuid": "ae020ecb-9b07-40c8-a671-f1514495d3d4",
              "parentUUID": "a9ffb5b9-a2c2-415e-b598-e724f5090003",
              "isHook": false,
              "skipped": false
            },
            {
              "title": "Pass the valid email in upper-case",
              "fullTitle": "Test case for login Pass the valid email in upper-case",
              "timedOut": null,
              "duration": 2794,
              "state": "passed",
              "speed": "fast",
              "pass": true,
              "fail": false,
              "pending": false,
              "context": null,
              "code": "let email = Cypress.env(\"email\").toUpperCase();\ncy.get(\"form\").within(() => {\n  cy.get(\"@email\").type(email);\n  cy.get(\"@password\").type(Cypress.env(\"password\"));\n  cy.root().submit();\n});\ncy.wait(\"@loginApi\").then(({\n  response\n}) => {\n  if (response.body.result === \"session_exists\") {\n    cy.get('[role=\"presentation\"] .MuiDialog-container .MuiPaper-root button').contains(\"Ok\").click();\n  }\n});\ncy.get('[aria-label=\"User Profile\"] > .MuiButtonBase-root').click();\ncy.get('.MuiPaper-root .MuiTypography-root').contains(\"Sign out\").click();",
              "err": {},
              "uuid": "b4624e16-6e40-4d95-8ffd-80db5cb6a1bc",
              "parentUUID": "a9ffb5b9-a2c2-415e-b598-e724f5090003",
              "isHook": false,
              "skipped": false
            }
          ],
          "suites": [],
          "passes": [
            "f63290b8-2da0-43ac-9695-3d6dd8bad81b",
            "17e322f0-9c01-4fcf-99b3-125d815ef478",
            "131be6d2-275d-41b3-9354-fb87f18c548f",
            "ae020ecb-9b07-40c8-a671-f1514495d3d4",
            "b4624e16-6e40-4d95-8ffd-80db5cb6a1bc"
          ],
          "failures": [],
          "pending": [],
          "skipped": [],
          "duration": 9427,
          "root": false,
          "rootEmpty": false,
          "_timeout": 2000
        }
      ],
      "passes": [],
      "failures": [],
      "pending": [],
      "skipped": [],
      "duration": 0,
      "root": true,
      "rootEmpty": true,
      "_timeout": 2000
    },
    {
      "uuid": "8e1428c9-081a-4e2e-9cca-0fd5454b6da0",
      "title": "",
      "fullFile": "cypress\\e2e\\one\\allSoftware.js",
      "file": "cypress\\e2e\\one\\allSoftware.js",
      "beforeHooks": [],
      "afterHooks": [],
      "tests": [],
      "suites": [
        {
          "uuid": "823604d7-dc45-44a0-bccf-9174e939fde5",
          "title": "Test case for allSoftware",
          "fullFile": "cypress\\e2e\\one\\allSoftware.js",
          "file": "cypress\\e2e\\one\\allSoftware.js",
          "beforeHooks": [],
          "afterHooks": [],
          "tests": [
            {
              "title": "Asset : Lead Management Software(lms)",
              "fullTitle": "Test case for allSoftware Asset : Lead Management Software(lms)",
              "timedOut": null,
              "duration": 7718,
              "state": "passed",
              "speed": "medium",
              "pass": true,
              "fail": false,
              "pending": false,
              "context": null,
              "code": "let lmsDes = 'Efficiently manage and assign lead information.';\ncy.Modules(`#lms ${one.moduleNameID}`, _helper.modules.lms, `#lms ${one.moduleDescID}`, lmsDes, `#lms ${one.modOpnbtnID}`, one.moduleHeader, _helper.modules.lms);",
              "err": {},
              "uuid": "cf10bb62-084d-43f4-abb4-ecb5174efdec",
              "parentUUID": "823604d7-dc45-44a0-bccf-9174e939fde5",
              "isHook": false,
              "skipped": false
            },
            {
              "title": "Asset : Customer relationship management Software(crm)",
              "fullTitle": "Test case for allSoftware Asset : Customer relationship management Software(crm)",
              "timedOut": null,
              "duration": 3302,
              "state": "passed",
              "speed": "fast",
              "pass": true,
              "fail": false,
              "pending": false,
              "context": null,
              "code": "let crmDes = 'Drive sales success, build stronger client relationships, and grow revenue with our CRM.';\ncy.Modules(`#crm  ${one.moduleNameID}`, _helper.modules.crm, `#crm  ${one.moduleDescID}`, crmDes, `#crm  ${one.modOpnbtnID}`, one.moduleHeader, _helper.modules.crm);",
              "err": {},
              "uuid": "3230b832-c784-40a1-aacd-ca91e551709a",
              "parentUUID": "823604d7-dc45-44a0-bccf-9174e939fde5",
              "isHook": false,
              "skipped": false
            },
            {
              "title": "Asset : Approval Management Software(cnf)",
              "fullTitle": "Test case for allSoftware Asset : Approval Management Software(cnf)",
              "timedOut": null,
              "duration": 4824,
              "state": "passed",
              "speed": "fast",
              "pass": true,
              "fail": false,
              "pending": false,
              "context": null,
              "code": "let aprDes = 'The approver can approve public and private data as required.';\ncy.Modules(`#cnf  ${one.moduleNameID}`, _helper.modules.apr, `#cnf  ${one.moduleDescID}`, aprDes, `#cnf ${one.modOpnbtnID}`, one.moduleHeader, _helper.modules.apr);",
              "err": {},
              "uuid": "3641bac8-3dc8-4a3d-a0d3-5631f92e4977",
              "parentUUID": "823604d7-dc45-44a0-bccf-9174e939fde5",
              "isHook": false,
              "skipped": false
            },
            {
              "title": "Asset : Buopso Form",
              "fullTitle": "Test case for allSoftware Asset : Buopso Form",
              "timedOut": null,
              "duration": 3742,
              "state": "passed",
              "speed": "fast",
              "pass": true,
              "fail": false,
              "pending": false,
              "context": null,
              "code": "let formsDes = 'Build your form as required and gather the form data.';\ncy.Modules(`#forms  ${one.moduleNameID}`, _helper.modules.buForms, `#forms  ${one.moduleDescID}`, formsDes, `#forms  ${one.modOpnbtnID}`, one.moduleHeader, _helper.modules.buForms);",
              "err": {},
              "uuid": "65ba7536-2bd6-46c3-a405-0ea981fb1eb6",
              "parentUUID": "823604d7-dc45-44a0-bccf-9174e939fde5",
              "isHook": false,
              "skipped": false
            },
            {
              "title": "Asset : Task Management",
              "fullTitle": "Test case for allSoftware Asset : Task Management",
              "timedOut": null,
              "duration": 4680,
              "state": "passed",
              "speed": "fast",
              "pass": true,
              "fail": false,
              "pending": false,
              "context": null,
              "code": "let taskDes = 'Task management system. Manage task records and assign tasks to the user.';\ncy.Modules(`#task  ${one.moduleNameID}`, _helper.modules.taskManagement, `#task  ${one.moduleDescID}`, taskDes, `#task  ${one.modOpnbtnID}`, one.moduleHeader, _helper.modules.taskManagement);",
              "err": {},
              "uuid": "2256d5da-c948-4ea1-b399-c01774c6c416",
              "parentUUID": "823604d7-dc45-44a0-bccf-9174e939fde5",
              "isHook": false,
              "skipped": false
            },
            {
              "title": "Asset : Invoice",
              "fullTitle": "Test case for allSoftware Asset : Invoice",
              "timedOut": null,
              "duration": 3746,
              "state": "passed",
              "speed": "fast",
              "pass": true,
              "fail": false,
              "pending": false,
              "context": null,
              "code": "let InvoiceDes = 'Invoice for customers and manage payment and ledger history.';\ncy.Modules(`#invoice ${one.moduleNameID}`, _helper.modules.invoice, `#invoice  ${one.moduleDescID}`, InvoiceDes, `#invoice ${one.modOpnbtnID}`, one.moduleHeader, _helper.modules.invoice);",
              "err": {},
              "uuid": "b7527525-7540-494c-bf44-51a507e2cbd1",
              "parentUUID": "823604d7-dc45-44a0-bccf-9174e939fde5",
              "isHook": false,
              "skipped": false
            }
          ],
          "suites": [],
          "passes": [
            "cf10bb62-084d-43f4-abb4-ecb5174efdec",
            "3230b832-c784-40a1-aacd-ca91e551709a",
            "3641bac8-3dc8-4a3d-a0d3-5631f92e4977",
            "65ba7536-2bd6-46c3-a405-0ea981fb1eb6",
            "2256d5da-c948-4ea1-b399-c01774c6c416",
            "b7527525-7540-494c-bf44-51a507e2cbd1"
          ],
          "failures": [],
          "pending": [],
          "skipped": [],
          "duration": 28012,
          "root": false,
          "rootEmpty": false,
          "_timeout": 2000
        }
      ],
      "passes": [],
      "failures": [],
      "pending": [],
      "skipped": [],
      "duration": 0,
      "root": true,
      "rootEmpty": true,
      "_timeout": 2000
    },
    {
      "uuid": "8cedbc7a-7c30-4647-980c-053bec323868",
      "title": "",
      "fullFile": "cypress\\e2e\\one\\myAccount\\addUser.js",
      "file": "cypress\\e2e\\one\\myAccount\\addUser.js",
      "beforeHooks": [],
      "afterHooks": [],
      "tests": [],
      "suites": [
        {
          "uuid": "219bb6ee-6bd1-4cd7-8cb6-4dd17821beae",
          "title": "Add User functionality test",
          "fullFile": "cypress\\e2e\\one\\myAccount\\addUser.js",
          "file": "cypress\\e2e\\one\\myAccount\\addUser.js",
          "beforeHooks": [],
          "afterHooks": [],
          "tests": [
            {
              "title": "Test with a valid unique Valid email",
              "fullTitle": "Add User functionality test Test with a valid unique Valid email",
              "timedOut": null,
              "duration": 8135,
              "state": "passed",
              "speed": "medium",
              "pass": true,
              "fail": false,
              "pending": false,
              "context": null,
              "code": "cyGet('[placeholder=\"Email id\"]').type(uniqueEmail);\ncy.contains(\"Select permission template\").click();\ncy.wait(\"@getTemplate\", {\n  timeout: 10000\n}).then(({\n  response\n}) => {\n  let teplateName = response.body.result.values.map(ele => ele.label);\n  // cy.log(teplateName)\n  cy.wrap(teplateName).as(\"templates\");\n  if (response.body.result.values.length > 0) {\n    cy.assetDropdownSel(teplateName[0]).should(\"have.text\", teplateName[0]);\n  }\n  customElements;\n});\ncyGet(\"@templates\").then(response => {\n  templateLabel = response;\n});\ncyGet(lead.typeBtn).contains(\"Save\").click();\n// cy.pause()\ncyGet('.MuiSnackbarContent-message').should(\"have.text\", messages.requestSuccess);",
              "err": {},
              "uuid": "96d8c764-12ae-4f32-a81d-b2190f26bce7",
              "parentUUID": "219bb6ee-6bd1-4cd7-8cb6-4dd17821beae",
              "isHook": false,
              "skipped": false
            },
            {
              "title": "Test with a invalid email",
              "fullTitle": "Add User functionality test Test with a invalid email",
              "timedOut": null,
              "duration": 4004,
              "state": "passed",
              "speed": "fast",
              "pass": true,
              "fail": false,
              "pending": false,
              "context": null,
              "code": "let randomString_1 = Math.random().toString(36).substring(2, 11);\nlet uniqueEmail_1 = `testuser${randomString_1}example.com`;\ncy.get('[placeholder=\"Email id\"]').type(uniqueEmail_1);\ncy.contains(\"Select permission template\").click();\ncy.get('[data-testid=\"chipinput-chip-nkx7xamrs\"]').trigger('mouseover');\ncy.wait(500);\ncy.get('.MuiTooltip-tooltip').should('have.text', 'Email is not valid.');",
              "err": {},
              "uuid": "58cbd574-d48c-4d31-95b8-f8ecd1e849a6",
              "parentUUID": "219bb6ee-6bd1-4cd7-8cb6-4dd17821beae",
              "isHook": false,
              "skipped": false
            },
            {
              "title": "Test with a Exist email",
              "fullTitle": "Add User functionality test Test with a Exist email",
              "timedOut": null,
              "duration": 3235,
              "state": "passed",
              "speed": "fast",
              "pass": true,
              "fail": false,
              "pending": false,
              "context": null,
              "code": "cy.get('[placeholder=\"Email id\"]').type(uniqueEmail);\ncy.contains(\"Select permission template\").click();\ncy.get('[data-testid=\"chipinput-chip-nkx7xamrs\"]').trigger('mouseover');\ncy.get('.MuiTooltip-tooltip').should('have.text', 'User already exist.');\ncy.get(lead.typeBtn).contains(\"Save\").should(\"be.disabled\");",
              "err": {},
              "uuid": "c7ef3a57-d3fc-49c0-83ba-6fd1d3364592",
              "parentUUID": "219bb6ee-6bd1-4cd7-8cb6-4dd17821beae",
              "isHook": false,
              "skipped": false
            },
            {
              "title": "Test For addTemplate from Add user page",
              "fullTitle": "Add User functionality test Test For addTemplate from Add user page",
              "timedOut": null,
              "duration": 3661,
              "state": "passed",
              "speed": "fast",
              "pass": true,
              "fail": false,
              "pending": false,
              "context": null,
              "code": "//  cy.componentLabel(lead.formLabel, \"Select permission template\", \"button\").click()\ncy.get('[data-testid=\"button-typography-8x5inumxs\"]').first().click(); //select the template\n// cy.assetDropdownSel(templateLabel[0]).click()\ncy.get('[data-testid=\"dropdown-footer\"]').contains('Add template').click(); // add new template\n// cy.contains('Add template').click();\ncy.url().should('eq', `${Cypress.env(\"url\")}/template`);\ncy.contains('Create').should('be.visible').should('not.be.disabled').click();",
              "err": {},
              "uuid": "1d6e46c8-e59e-48af-8a68-47fc9176506f",
              "parentUUID": "219bb6ee-6bd1-4cd7-8cb6-4dd17821beae",
              "isHook": false,
              "skipped": false
            }
          ],
          "suites": [],
          "passes": [
            "96d8c764-12ae-4f32-a81d-b2190f26bce7",
            "58cbd574-d48c-4d31-95b8-f8ecd1e849a6",
            "c7ef3a57-d3fc-49c0-83ba-6fd1d3364592",
            "1d6e46c8-e59e-48af-8a68-47fc9176506f"
          ],
          "failures": [],
          "pending": [],
          "skipped": [],
          "duration": 19035,
          "root": false,
          "rootEmpty": false,
          "_timeout": 2000
        }
      ],
      "passes": [],
      "failures": [],
      "pending": [],
      "skipped": [],
      "duration": 0,
      "root": true,
      "rootEmpty": true,
      "_timeout": 2000
    },
    {
      "uuid": "acfc932e-de79-4de1-9e91-3ad9502c9cba",
      "title": "",
      "fullFile": "cypress\\e2e\\one\\myAccount\\manageTemplate.js",
      "file": "cypress\\e2e\\one\\myAccount\\manageTemplate.js",
      "beforeHooks": [],
      "afterHooks": [],
      "tests": [],
      "suites": [
        {
          "uuid": "7be1dd3d-aa5e-47cd-87ff-0111d3a957f5",
          "title": "Manage User functionality test",
          "fullFile": "cypress\\e2e\\one\\myAccount\\manageTemplate.js",
          "file": "cypress\\e2e\\one\\myAccount\\manageTemplate.js",
          "beforeHooks": [],
          "afterHooks": [],
          "tests": [
            {
              "title": "Check system default required field should be already required and should not be changeable  ",
              "fullTitle": "Manage User functionality test Check system default required field should be already required and should not be changeable  ",
              "timedOut": null,
              "duration": 0,
              "state": "pending",
              "speed": null,
              "pass": false,
              "fail": false,
              "pending": true,
              "context": null,
              "code": "cy.get('[placeholder=\"search....\"]').type(uniqueTemplateName);\ncy.get('table> tbody').children(\"tr\").contains(uniqueTemplateName).next().click();\ncy.get(\"#edit\").click();\ncy.wait(1000);\ncy.get('input[placeholder=\"Enter template name\"]').clear().type(uniqueTemplateNameupdated);\ncy.get('[role=\"list\"] [type=\"button\"]').click();\ncy.wait('@getPipelines', {\n  timeout: 10000\n}).then(interception => {\n  const responseBody = interception.response.body;\n  const leadName = responseBody.result.values[0].label;\n  cy.get(`${lead.chooseOptions} > :nth-child(2)`).click();\n  cy.contains(leadName).click();\n  cy.get('[data-testid=\"recordaccesstable-tablebody-circtrpwp\"] > [data-testid=\"ownershiprow-tablerow-6gy8mx6fe\"] > :nth-child(4) > [data-testid=\"ownershiprow-checkbox-y6wgiibo8\"] > .PrivateSwitchBase-input');\n  cy.get('[data-testid=\"ownershiprow-tablecell-jgp2w36xa\"] button').eq(1).click();\n  cy.wait(\"@tempFieldsList\", {\n    timeout: 10000\n  }).then(({\n    response\n  }) => {\n    const fieldLabel = response.body.result.values.map(ele => ele.label);\n    const fieldId = response.body.result.values.map(ele => ele.id);\n    cy.log(fieldLabel[0]);\n    cy.get('input[placeholder=\"Search...\"]').type(fieldLabel[0]);\n    cy.get(`[data-rbd-draggable-id=\"${fieldId[0]}\"] > .MuiGrid-root > :nth-child(2) > :nth-child(1) button`).click();\n    cy.contains('Required').should('have.class', 'Mui-disabled');\n    cy.get('[data-testid=\"bupopper-dialogactions-0zh9xps0l\"]').find('[data-testid=\"Cancel\"]').click();\n    cy.get('#send').click();\n    cy.get(lead.typeBtn).contains(\"Save\").click();\n  });\n  // })\n});",
              "err": {},
              "uuid": "aebdd0f9-e4e1-4577-b74c-c56d50afd113",
              "parentUUID": "7be1dd3d-aa5e-47cd-87ff-0111d3a957f5",
              "isHook": false,
              "skipped": false
            }
          ],
          "suites": [
            {
              "uuid": "c7151163-da08-4d27-9b42-2b7be5cedd10",
              "title": "Add Template",
              "fullFile": "",
              "file": "",
              "beforeHooks": [],
              "afterHooks": [],
              "tests": [
                {
                  "title": "Verify the selected software and available softwares on the Create Template page",
                  "fullTitle": "Manage User functionality test Add Template Verify the selected software and available softwares on the Create Template page",
                  "timedOut": null,
                  "duration": 5937,
                  "state": "passed",
                  "speed": "medium",
                  "pass": true,
                  "fail": false,
                  "pending": false,
                  "context": null,
                  "code": "cy.visit(`${Cypress.env(\"url\")}/profile?tab=manageTemplate`);\ncyGet(globalSel.createtestid).contains(\"Create\").click();\ncy.wait(\"@modulePermission\", {\n  timeout: 10000\n}).then(({\n  response\n}) => {\n  const [firstModule, ...availableModules] = response.body.result.add;\n  cyGet(`[data-testid=\"permissionsoftwarelist-typography-ftrzexyr7\"]`).should(\"contain.text\", \"Selected software\");\n  cyGet(`[data-testid=\"permissionsoftwarelist-menulist-aafxej4yj\"]`).first().find('[data-testid=\"permissionsoftwarelist-typography-zackmqq0q\"]').should('contain.text', formatModuleName(firstModule)); // e.g. Lead Management\n  availableModules.forEach(module => {\n    cyGet('[data-testid=\"permissionsoftwarelist-menulist-2qkcm4j30\"]').find(`[data-testid=\"permissionsoftwarelist-typography-86cpoqkhp\"]`).should('contain.text', formatModuleName(module));\n  });\n});",
                  "err": {},
                  "uuid": "f8ab5b7a-23f3-434f-b38b-912ea7c9a3c5",
                  "parentUUID": "c7151163-da08-4d27-9b42-2b7be5cedd10",
                  "isHook": false,
                  "skipped": false
                },
                {
                  "title": "Add user template",
                  "fullTitle": "Manage User functionality test Add Template Add user template",
                  "timedOut": null,
                  "duration": 9548,
                  "state": "passed",
                  "speed": "medium",
                  "pass": true,
                  "fail": false,
                  "pending": false,
                  "context": null,
                  "code": "cy.visit(`${Cypress.env(\"url\")}/profile?tab=manageTemplate`);\ncyGet(globalSel.createtestid).contains(\"Create\").click();\n// Fill template name\nbutextField(`[data-testid=\"index-textfield-fm1l89cxe\"]`, `label`).contains(\"Template name\");\nbutextField(`[data-testid=\"index-textfield-fm1l89cxe\"]`, `input[placeholder=\"Enter template name\"]`).type(uniqueTemplateName);\n// Open dropdown and select pipeline\nbudropdown(`[data-testid=\"managepermission-stack-m3in09ace\"] > :first`, `[data-testid=\"button-typography-8x5inumxs\"]`, `Select Pipeline`);\ncy.wait(\"@getPipelines\", {\n  timeout: 10000\n}).then(({\n  response\n}) => {\n  const pipelines = response.body.result.values.map(ele => ele.label);\n  const firstPipeline = pipelines[0];\n  // Search if more than 5 pipelines\n  if (pipelines.length > 5) {\n    buSearchbox(globalSel.search, firstPipeline);\n  }\n  budropdownOption(firstPipeline).first().click();\n  // Verify ownership permissions UI\n  cyGet('[data-testid=\"ownershiprow-iconbutton-ph6ah241c\"]').click();\n  cy.contains('thead', 'Permission');\n  cy.contains('thead', 'Owner only');\n  cy.contains('thead', 'Everything');\n  cy.contains('thead', 'Select fields');\n  cy.contains('tr', firstPipeline);\n  // View permission should be checked and disabled\n  cy.contains('tr', 'View').find('input[type=\"checkbox\"]').eq(0).should('be.checked').and('be.disabled');\n  // Save\n  buSaveButton().click();\n});",
                  "err": {},
                  "uuid": "6c07dccc-065b-43dd-ba04-20e7d4c82c0f",
                  "parentUUID": "c7151163-da08-4d27-9b42-2b7be5cedd10",
                  "isHook": false,
                  "skipped": false
                }
              ],
              "suites": [],
              "passes": [
                "f8ab5b7a-23f3-434f-b38b-912ea7c9a3c5",
                "6c07dccc-065b-43dd-ba04-20e7d4c82c0f"
              ],
              "failures": [],
              "pending": [],
              "skipped": [],
              "duration": 15485,
              "root": false,
              "rootEmpty": false,
              "_timeout": 2000
            },
            {
              "uuid": "caefb21b-d789-4a5b-b90f-7a8abb179141",
              "title": "Assign and Edit Template",
              "fullFile": "",
              "file": "",
              "beforeHooks": [],
              "afterHooks": [],
              "tests": [
                {
                  "title": "Assign Template to user",
                  "fullTitle": "Manage User functionality test Assign and Edit Template Assign Template to user",
                  "timedOut": null,
                  "duration": 15189,
                  "state": "passed",
                  "speed": "slow",
                  "pass": true,
                  "fail": false,
                  "pending": false,
                  "context": null,
                  "code": "cy.visit(`${Cypress.env(\"url\")}/profile?tab=manageUsers`);\ncy.wait(\"@userGrid\", {\n  timeout: 10000\n}).then(({\n  response\n}) => {\n  var _user, _user2;\n  user = response.body.result.values.find(ele => ele.role === \"std\");\n  if (!user) {\n    this.skip();\n  }\n  cy.intercept('GET', `**/crew/users//${user.id}`).as('getUserById');\n  cyGet(`[data-testid=\"activitybar-textfield-8eiuz4v4a\"] input`).type((_user = user) === null || _user === void 0 ? void 0 : _user.label);\n  onesecondWait();\n  cy.contains('tr', (_user2 = user) === null || _user2 === void 0 ? void 0 : _user2.label).find(`[data-testid=\"Action\"]`).click();\n  cyGet(\"#edit\").click({\n    force: true\n  });\n  twosecondWait();\n  cy.wait(\"@getUserById\").then(({\n    response\n  }) => {\n    const assignedTemplate = response.body.result.profile.template.label;\n    cyGet(`[data-testid=\"chipinput-iconbutton-ycchky4nm\"]`).click();\n    cy.wait(\"@getTempalte\", {\n      timeout: 10000\n    }).then(({\n      response\n    }) => {\n      const totalTemplates = response.body.result.pages.totalRecords;\n      const templates = response.body.result.values.map(ele => ele.label);\n      if (assignedTemplate === \"No template\") {\n        userTemplate = templates[0];\n        if (totalTemplates > 5) {\n          buSearchbox(globalSel.search, userTemplate);\n        }\n        budropdownOption(userTemplate, `[data-testid=\"buchip-chip-5r51zm55o\"]`).click();\n      } else {\n        userTemplate = templates.find(ele => ele !== assignedTemplate);\n        if (totalTemplates > 5) {\n          buSearchbox(globalSel.search, userTemplate);\n        }\n        budropdownOption(userTemplate, `[data-testid=\"buchip-chip-5r51zm55o\"]`).click();\n      }\n      twosecondWait();\n      buSaveButton().click();\n      cyGet('.MuiSnackbarContent-message').should(\"contain.text\", \"User Permissions Updated\");\n      logout();\n      // cy.clearCookies();\n    });\n  });\n});",
                  "err": {},
                  "uuid": "387a775e-cf04-449d-ab47-08c12fb45c82",
                  "parentUUID": "caefb21b-d789-4a5b-b90f-7a8abb179141",
                  "isHook": false,
                  "skipped": false
                },
                {
                  "title": "Verify if the standard user has permission to create a record.",
                  "fullTitle": "Manage User functionality test Assign and Edit Template Verify if the standard user has permission to create a record.",
                  "timedOut": null,
                  "duration": 17247,
                  "state": "passed",
                  "speed": "slow",
                  "pass": true,
                  "fail": false,
                  "pending": false,
                  "context": null,
                  "code": "cy.visit(`${Cypress.env(\"url\")}/profile?tab=manageTemplate`);\npermission(userTemplate).then(permissionResult => {\n  var _user3;\n  const assignedPipeline = Object.keys(permissionResult.auth.lms.lead.manageRecords);\n  const recordPermission = permissionResult.auth.lms.lead.manageRecords[assignedPipeline[0]];\n  const create = recordPermission.create;\n  setPermissionOnRoleSwitch(create, false, \"Create\", 0);\n  // Login with standard user\n  cy.login((_user3 = user) === null || _user3 === void 0 ? void 0 : _user3.email);\n  cy.visit(`${Cypress.env(\"lmsUrl\")}/leads`);\n  cyGet(`[data-testid=\"Create Lead\"]`).should(\"not.be.disabled\");\n  logout();\n  cy.clearCookies();\n});",
                  "err": {},
                  "uuid": "e958932e-3c56-405f-8308-bafd31239174",
                  "parentUUID": "caefb21b-d789-4a5b-b90f-7a8abb179141",
                  "isHook": false,
                  "skipped": false
                },
                {
                  "title": "Verify if the standard user has permission to import the record.",
                  "fullTitle": "Manage User functionality test Assign and Edit Template Verify if the standard user has permission to import the record.",
                  "timedOut": null,
                  "duration": 14946,
                  "state": "passed",
                  "speed": "slow",
                  "pass": true,
                  "fail": false,
                  "pending": false,
                  "context": null,
                  "code": "cy.visit(`${Cypress.env(\"url\")}/profile?tab=manageTemplate`);\npermission(userTemplate).then(permissionResult => {\n  var _user4;\n  const assignedPipeline = Object.keys(permissionResult.auth.lms.lead.manageRecords);\n  const recordPermission = permissionResult.auth.lms.lead.manageRecords[assignedPipeline[0]];\n  const imp = recordPermission.import;\n  setPermissionOnRoleSwitch(imp, false, \"Import\", 0);\n  // Login with standard user\n  cy.login((_user4 = user) === null || _user4 === void 0 ? void 0 : _user4.email);\n  cy.visit(`${Cypress.env(\"lmsUrl\")}/leads`);\n  cyGet(`[data-testid=\"Import\"]`).should(\"not.be.disabled\");\n  logout();\n  cy.clearCookies();\n});",
                  "err": {},
                  "uuid": "76f24e6c-5630-4cbd-aea5-3bb8afd83624",
                  "parentUUID": "caefb21b-d789-4a5b-b90f-7a8abb179141",
                  "isHook": false,
                  "skipped": false
                },
                {
                  "title": "Verify if the standard user has permission to activity of record.",
                  "fullTitle": "Manage User functionality test Assign and Edit Template Verify if the standard user has permission to activity of record.",
                  "timedOut": null,
                  "duration": 17920,
                  "state": "passed",
                  "speed": "slow",
                  "pass": true,
                  "fail": false,
                  "pending": false,
                  "context": null,
                  "code": "cy.visit(`${Cypress.env(\"url\")}/profile?tab=manageTemplate`);\npermission(userTemplate).then(permissionResult => {\n  var _user5;\n  const assignedPipeline = Object.keys(permissionResult.auth.lms.lead.manageRecords);\n  const recordPermission = permissionResult.auth.lms.lead.manageRecords[assignedPipeline[0]];\n  const activity = recordPermission.activity;\n  setPermissionOnRoleSwitch(activity, false, \"Activity\", 0);\n  // Login with standard user\n  cy.login((_user5 = user) === null || _user5 === void 0 ? void 0 : _user5.email);\n  cy.visit(`${Cypress.env(\"lmsUrl\")}/leads`);\n  cyGet(`[data-testid=\"buelementgroup-box-n1f8dc7ag\"] [aria-label=\"Split view\"]`).click();\n  cyGet(`[data-testid=\"communicationbar-box-951cbwqi4\"]`).find(`[aria-label=\"Activities\"]`);\n  logout();\n  cy.clearCookies();\n});",
                  "err": {},
                  "uuid": "6e1bf66e-4a59-4c80-ae7b-73cb358e2d46",
                  "parentUUID": "caefb21b-d789-4a5b-b90f-7a8abb179141",
                  "isHook": false,
                  "skipped": false
                },
                {
                  "title": "Verify if the standard user has permission to Whatsapp.",
                  "fullTitle": "Manage User functionality test Assign and Edit Template Verify if the standard user has permission to Whatsapp.",
                  "timedOut": null,
                  "duration": 20245,
                  "state": "passed",
                  "speed": "slow",
                  "pass": true,
                  "fail": false,
                  "pending": false,
                  "context": null,
                  "code": "cy.visit(`${Cypress.env(\"url\")}/profile?tab=manageTemplate`);\npermission(userTemplate).then(permissionResult => {\n  var _user6;\n  const assignedPipeline = Object.keys(permissionResult.auth.lms.lead.manageRecords);\n  const recordPermission = permissionResult.auth.lms.lead.manageRecords[assignedPipeline[0]];\n  const wa = recordPermission.wa;\n  setPermissionOnRoleSwitch(wa, false, \"Whatsapp\", 0);\n  // Login with standard user\n  cy.login((_user6 = user) === null || _user6 === void 0 ? void 0 : _user6.email);\n  // twosecondWait()\n  cy.visit(`${Cypress.env(\"lmsUrl\")}/leads`);\n  cyGet(`[data-testid=\"buelementgroup-box-n1f8dc7ag\"] [aria-label=\"Split view\"]`).click();\n  cyGet('[data-testid=\"communicationbar-box-951cbwqi4\"]').find(`[aria-label=\"Whatsapp\"]`);\n  logout();\n  cy.clearCookies();\n});",
                  "err": {},
                  "uuid": "24536bd0-2e14-4a10-ab15-aadd65521eee",
                  "parentUUID": "caefb21b-d789-4a5b-b90f-7a8abb179141",
                  "isHook": false,
                  "skipped": false
                },
                {
                  "title": "Verify if the standard user has not permission to create a record.",
                  "fullTitle": "Manage User functionality test Assign and Edit Template Verify if the standard user has not permission to create a record.",
                  "timedOut": null,
                  "duration": 16012,
                  "state": "passed",
                  "speed": "slow",
                  "pass": true,
                  "fail": false,
                  "pending": false,
                  "context": null,
                  "code": "cy.visit(`${Cypress.env(\"url\")}/profile?tab=manageTemplate`);\npermission(userTemplate).then(permissionResult => {\n  var _user7;\n  const assignedPipeline = Object.keys(permissionResult.auth.lms.lead.manageRecords);\n  const recordPermission = permissionResult.auth.lms.lead.manageRecords[assignedPipeline[0]];\n  const create = recordPermission.create;\n  setPermissionOnRoleSwitch(create, true, \"Create\", 0);\n  // Login with standard user\n  cy.login((_user7 = user) === null || _user7 === void 0 ? void 0 : _user7.email);\n  cy.visit(`${Cypress.env(\"lmsUrl\")}/leads`);\n  cyGet(`[data-testid=\"Create Lead\"]`).should(\"be.disabled\");\n  logout();\n  cy.clearCookies();\n});",
                  "err": {},
                  "uuid": "3d43419c-94bd-4a32-87bb-bd33436f51cb",
                  "parentUUID": "caefb21b-d789-4a5b-b90f-7a8abb179141",
                  "isHook": false,
                  "skipped": false
                },
                {
                  "title": "Verify if the standard user has not permission to import the record.",
                  "fullTitle": "Manage User functionality test Assign and Edit Template Verify if the standard user has not permission to import the record.",
                  "timedOut": null,
                  "duration": 15590,
                  "state": "passed",
                  "speed": "slow",
                  "pass": true,
                  "fail": false,
                  "pending": false,
                  "context": null,
                  "code": "cy.visit(`${Cypress.env(\"url\")}/profile?tab=manageTemplate`);\npermission(userTemplate).then(permissionResult => {\n  var _user8;\n  const assignedPipeline = Object.keys(permissionResult.auth.lms.lead.manageRecords);\n  const recordPermission = permissionResult.auth.lms.lead.manageRecords[assignedPipeline[0]];\n  const imp = recordPermission.import;\n  setPermissionOnRoleSwitch(imp, true, \"Import\", 0);\n  // Login with standard user\n  cy.login((_user8 = user) === null || _user8 === void 0 ? void 0 : _user8.email);\n  cy.visit(`${Cypress.env(\"lmsUrl\")}/leads`);\n  cyGet(`[data-testid=\"Import\"]`).should(\"be.disabled\");\n  logout();\n  cy.clearCookies();\n});",
                  "err": {},
                  "uuid": "0109f99f-b0b1-4b27-b514-0a7d661a02c3",
                  "parentUUID": "caefb21b-d789-4a5b-b90f-7a8abb179141",
                  "isHook": false,
                  "skipped": false
                }
              ],
              "suites": [],
              "passes": [
                "387a775e-cf04-449d-ab47-08c12fb45c82",
                "e958932e-3c56-405f-8308-bafd31239174",
                "76f24e6c-5630-4cbd-aea5-3bb8afd83624",
                "6e1bf66e-4a59-4c80-ae7b-73cb358e2d46",
                "24536bd0-2e14-4a10-ab15-aadd65521eee",
                "3d43419c-94bd-4a32-87bb-bd33436f51cb",
                "0109f99f-b0b1-4b27-b514-0a7d661a02c3"
              ],
              "failures": [],
              "pending": [],
              "skipped": [],
              "duration": 117149,
              "root": false,
              "rootEmpty": false,
              "_timeout": 2000
            },
            {
              "uuid": "cbd471f4-8cf9-402a-b970-afbe90d54a3d",
              "title": "Delete TemPlate functionality",
              "fullFile": "",
              "file": "",
              "beforeHooks": [],
              "afterHooks": [],
              "tests": [
                {
                  "title": "Delete Template",
                  "fullTitle": "Manage User functionality test Delete TemPlate functionality Delete Template",
                  "timedOut": null,
                  "duration": 5793,
                  "state": "passed",
                  "speed": "medium",
                  "pass": true,
                  "fail": false,
                  "pending": false,
                  "context": null,
                  "code": "let msg1 = \"Delete template\";\nlet msg2 = \"Are you sure you want to delete this Template ?\";\ncy.visit(`${Cypress.env(\"url\")}/profile?tab=manageTemplate`);\ncy.wait(\"@templateGrid\", {\n  timeout: 10000\n}).then(({\n  response\n}) => {\n  const unAssignedTemplate = response.body.result.values.filter(ele => ele.assignedTo.length === 0);\n  if (unAssignedTemplate.length > 0) {\n    cyGet(`[data-testid=\"templatelist-textfield-e9dj43sha\"] input`).type(unAssignedTemplate[0].label);\n    cy.contains('tr', unAssignedTemplate[0].label).find(`[data-testid=\"Action\"]`).click();\n    cyGet(\"#delete\").click();\n    buCaption(`[role=\"dialog\"]`, `#customized-dialog-title p`, msg1, `[role=\"dialog\"] [data-testid=\"deletetemplate-typography-5sxlboqg8\"]`, msg2);\n    cyGet(`[data-testid=\"Delete\"]`).click();\n  } else {\n    cy.log(`Teplate not available for delete`);\n  }\n});",
                  "err": {},
                  "uuid": "f18d2342-c982-49a1-a852-6b7f48b6e292",
                  "parentUUID": "cbd471f4-8cf9-402a-b970-afbe90d54a3d",
                  "isHook": false,
                  "skipped": false
                },
                {
                  "title": "Assigned Tempale should not be delete",
                  "fullTitle": "Manage User functionality test Delete TemPlate functionality Assigned Tempale should not be delete",
                  "timedOut": null,
                  "duration": 6403,
                  "state": "passed",
                  "speed": "medium",
                  "pass": true,
                  "fail": false,
                  "pending": false,
                  "context": null,
                  "code": "cy.visit(`${Cypress.env(\"url\")}/profile?tab=manageTemplate`);\ncy.wait(\"@templateGrid\", {\n  timeout: 10000\n}).then(({\n  response\n}) => {\n  const assignedTemplate = response.body.result.values.filter(ele => ele.assignedTo.length > 0);\n  if (assignedTemplate.length > 0) {\n    cyGet(`[data-testid=\"templatelist-textfield-e9dj43sha\"] input`).type(assignedTemplate[0].label);\n    cy.contains('tr', assignedTemplate[0].label).find(`[data-testid=\"Action\"]`).click();\n    cy.get(\"#delete\").should(\"have.attr\", \"aria-disabled\", \"true\");\n  } else {\n    cy.log(`Teplate not available for delete`);\n  }\n});",
                  "err": {},
                  "uuid": "763158b4-5c41-4a64-8f2c-f624f58ed509",
                  "parentUUID": "cbd471f4-8cf9-402a-b970-afbe90d54a3d",
                  "isHook": false,
                  "skipped": false
                }
              ],
              "suites": [],
              "passes": [
                "f18d2342-c982-49a1-a852-6b7f48b6e292",
                "763158b4-5c41-4a64-8f2c-f624f58ed509"
              ],
              "failures": [],
              "pending": [],
              "skipped": [],
              "duration": 12196,
              "root": false,
              "rootEmpty": false,
              "_timeout": 2000
            }
          ],
          "passes": [],
          "failures": [],
          "pending": [
            "aebdd0f9-e4e1-4577-b74c-c56d50afd113"
          ],
          "skipped": [],
          "duration": 0,
          "root": false,
          "rootEmpty": false,
          "_timeout": 2000
        }
      ],
      "passes": [],
      "failures": [],
      "pending": [],
      "skipped": [],
      "duration": 0,
      "root": true,
      "rootEmpty": true,
      "_timeout": 2000
    },
    {
      "uuid": "576dbf23-458c-4fd9-99a4-128266567a62",
      "title": "",
      "fullFile": "cypress\\e2e\\one\\myAccount\\manageUser.js",
      "file": "cypress\\e2e\\one\\myAccount\\manageUser.js",
      "beforeHooks": [],
      "afterHooks": [],
      "tests": [],
      "suites": [
        {
          "uuid": "9bc8fcc5-f097-4f20-9f4f-648c98748213",
          "title": "search User functionality test",
          "fullFile": "cypress\\e2e\\one\\myAccount\\manageUser.js",
          "file": "cypress\\e2e\\one\\myAccount\\manageUser.js",
          "beforeHooks": [],
          "afterHooks": [],
          "tests": [
            {
              "title": "Search user by search user functionality on second page",
              "fullTitle": "search User functionality test Search user by search user functionality on second page",
              "timedOut": null,
              "duration": 7432,
              "state": "passed",
              "speed": "medium",
              "pass": true,
              "fail": false,
              "pending": false,
              "context": null,
              "code": "cy.wait(\"@userList\", {\n  timeout: 10000\n}).then(({\n  response\n}) => {\n  const userName = response.body.result.values.filter(ele => ele.status > 0);\n  const user = userName.slice(-1)[0];\n  cy.get('[placeholder=\"search....\"]').type(user.label);\n  cy.wait(\"@userList\", {\n    timeout: 10000\n  }).then(({\n    response\n  }) => {\n    expect(response.body.result.values[0]).has.property(\"label\", user.label);\n  });\n});",
              "err": {},
              "uuid": "9bd5680b-cd92-457f-8092-6961cb86a134",
              "parentUUID": "9bc8fcc5-f097-4f20-9f4f-648c98748213",
              "isHook": false,
              "skipped": false
            }
          ],
          "suites": [],
          "passes": [
            "9bd5680b-cd92-457f-8092-6961cb86a134"
          ],
          "failures": [],
          "pending": [],
          "skipped": [],
          "duration": 7432,
          "root": false,
          "rootEmpty": false,
          "_timeout": 2000
        }
      ],
      "passes": [],
      "failures": [],
      "pending": [],
      "skipped": [],
      "duration": 0,
      "root": true,
      "rootEmpty": true,
      "_timeout": 2000
    },
    {
      "uuid": "229724e4-169e-4f28-925b-0efce4f9b260",
      "title": "",
      "fullFile": "cypress\\e2e\\one\\myAccount\\profile.js",
      "file": "cypress\\e2e\\one\\myAccount\\profile.js",
      "beforeHooks": [],
      "afterHooks": [],
      "tests": [],
      "suites": [
        {
          "uuid": "a16abc40-0949-4069-9207-4d02080cfa1b",
          "title": "Verify My Profile Page",
          "fullFile": "cypress\\e2e\\one\\myAccount\\profile.js",
          "file": "cypress\\e2e\\one\\myAccount\\profile.js",
          "beforeHooks": [],
          "afterHooks": [],
          "tests": [
            {
              "title": "Update user name and verify with profile",
              "fullTitle": "Verify My Profile Page Update user name and verify with profile",
              "timedOut": null,
              "duration": 7821,
              "state": "passed",
              "speed": "medium",
              "pass": true,
              "fail": false,
              "pending": false,
              "context": null,
              "code": "const UpdatedUsername = faker.person.fullName();\ncyGet(\"#name-label\").should(\"have.text\", \"Name *\");\ncyGet('input#name').should(\"have.attr\", \"required\");\ncyGet('input#name').clear().type(UpdatedUsername);\ncyGet('.MuiSnackbarContent-message').should(\"have.text\", \"Updated successfully.\");\ncy.reload();\ncy.wait(500);\ncy.contains(`${UpdatedUsername}'s Profile`).should('be.visible');",
              "err": {},
              "uuid": "85316742-c84a-4f67-ba0b-06f7a4d2e51d",
              "parentUUID": "a16abc40-0949-4069-9207-4d02080cfa1b",
              "isHook": false,
              "skipped": false
            },
            {
              "title": "User name should be required",
              "fullTitle": "Verify My Profile Page User name should be required",
              "timedOut": null,
              "duration": 1379,
              "state": "passed",
              "speed": "fast",
              "pass": true,
              "fail": false,
              "pending": false,
              "context": null,
              "code": "cy.get('input[placeholder=\"Name\"]').clear();\ncy.get('#name-helper-text').should('have.text', \"Field is required!\");",
              "err": {},
              "uuid": "ac295daa-6af6-42f6-83a8-e629227d5a31",
              "parentUUID": "a16abc40-0949-4069-9207-4d02080cfa1b",
              "isHook": false,
              "skipped": false
            },
            {
              "title": "Verify email Address",
              "fullTitle": "Verify My Profile Page Verify email Address",
              "timedOut": null,
              "duration": 1921,
              "state": "passed",
              "speed": "fast",
              "pass": true,
              "fail": false,
              "pending": false,
              "context": null,
              "code": "cy.componentLabel('#email-label', \"Email address\", \"input\").should(\"have.value\", Cypress.env(\"email\"));",
              "err": {},
              "uuid": "71a737bc-18e2-4944-8385-a299751efd8a",
              "parentUUID": "a16abc40-0949-4069-9207-4d02080cfa1b",
              "isHook": false,
              "skipped": false
            },
            {
              "title": "Update Mobile number",
              "fullTitle": "Verify My Profile Page Update Mobile number",
              "timedOut": null,
              "duration": 3253,
              "state": "passed",
              "speed": "fast",
              "pass": true,
              "fail": false,
              "pending": false,
              "context": null,
              "code": "cy.get('#mobile-label').should(\"have.text\", \"Mobile number *\");\n// cy.get('#mobile').should(\"have.attr\", \"required\");\ncy.get('#mobile').clear().type(faker.string.numeric(10));\ncy.get('.MuiSnackbarContent-message').should(\"have.text\", \"Updated successfully.\");",
              "err": {},
              "uuid": "e08f0bcb-1926-4b53-a54e-f1f083bc93cb",
              "parentUUID": "a16abc40-0949-4069-9207-4d02080cfa1b",
              "isHook": false,
              "skipped": false
            },
            {
              "title": "Mobile number should be in mobile number format",
              "fullTitle": "Verify My Profile Page Mobile number should be in mobile number format",
              "timedOut": null,
              "duration": 2610,
              "state": "passed",
              "speed": "fast",
              "pass": true,
              "fail": false,
              "pending": false,
              "context": null,
              "code": "cy.get('#mobile').clear();\ncy.get('#mobile').type('wesfd');\ncy.get('#mobile-helper-text').should('have.text', \"Mobile number is not valid\");\ncy.get('.MuiSnackbarContent-message').should('have.text', \"Invalid mobile\");",
              "err": {},
              "uuid": "f5c6cabe-421e-4614-a69d-e55a4fea0cc4",
              "parentUUID": "a16abc40-0949-4069-9207-4d02080cfa1b",
              "isHook": false,
              "skipped": false
            },
            {
              "title": "Verify that total listed user is equal to Total users",
              "fullTitle": "Verify My Profile Page Verify that total listed user is equal to Total users",
              "timedOut": null,
              "duration": 1224,
              "state": "passed",
              "speed": "fast",
              "pass": true,
              "fail": false,
              "pending": false,
              "context": null,
              "code": "cy.wait(\"@usersList\").then(({\n  response\n}) => {\n  let totalCount = response.body.result.pages.totalRecords;\n  cy.get('[role=\"tabpanel\"] > :nth-child(1) > :nth-child(2) > :nth-child(1) > :nth-child(1) > :nth-child(2) ').contains(totalCount);\n});",
              "err": {},
              "uuid": "e1ffb7b6-a8de-4c7d-9fdd-9a8009c74481",
              "parentUUID": "a16abc40-0949-4069-9207-4d02080cfa1b",
              "isHook": false,
              "skipped": false
            }
          ],
          "suites": [],
          "passes": [
            "85316742-c84a-4f67-ba0b-06f7a4d2e51d",
            "ac295daa-6af6-42f6-83a8-e629227d5a31",
            "71a737bc-18e2-4944-8385-a299751efd8a",
            "e08f0bcb-1926-4b53-a54e-f1f083bc93cb",
            "f5c6cabe-421e-4614-a69d-e55a4fea0cc4",
            "e1ffb7b6-a8de-4c7d-9fdd-9a8009c74481"
          ],
          "failures": [],
          "pending": [],
          "skipped": [],
          "duration": 18208,
          "root": false,
          "rootEmpty": false,
          "_timeout": 2000
        }
      ],
      "passes": [],
      "failures": [],
      "pending": [],
      "skipped": [],
      "duration": 0,
      "root": true,
      "rootEmpty": true,
      "_timeout": 2000
    },
    {
      "uuid": "00764bdb-6d2a-4ffa-8411-efcb5f6b1699",
      "title": "",
      "fullFile": "cypress\\e2e\\lms\\setting\\1_pipeline\\1_create.js",
      "file": "cypress\\e2e\\lms\\setting\\1_pipeline\\1_create.js",
      "beforeHooks": [],
      "afterHooks": [],
      "tests": [],
      "suites": [
        {
          "uuid": "e6082091-f613-4483-af43-a3e6a63b5b5d",
          "title": "Nevigate the setting page and create pipeline",
          "fullFile": "cypress\\e2e\\lms\\setting\\1_pipeline\\1_create.js",
          "file": "cypress\\e2e\\lms\\setting\\1_pipeline\\1_create.js",
          "beforeHooks": [],
          "afterHooks": [],
          "tests": [
            {
              "title": "Pipeline name can't be blank",
              "fullTitle": "Nevigate the setting page and create pipeline Pipeline name can't be blank",
              "timedOut": null,
              "duration": 0,
              "state": "pending",
              "speed": null,
              "pass": false,
              "fail": false,
              "pending": true,
              "context": null,
              "code": "busimpledropdown(pipelineSel.options, messages.pipAction, globalSel.create, messages.newPip);\nbutextField(pipelineSel.piptextfield, \"input\").click();\ncy.get('.MuiFormHelperText-root').should(\"contain\", `${messages.blankPip}.`);\nbuButton(globalSel.savetestid).should(\"be.disabled\").click({\n  force: true\n});\ncy.get('.MuiTooltip-tooltip').should(\"contain\", `${messages.blankPip}.`);",
              "err": {},
              "uuid": "8b67a121-9891-4214-90a7-dd251ed35d60",
              "parentUUID": "e6082091-f613-4483-af43-a3e6a63b5b5d",
              "isHook": false,
              "skipped": false
            },
            {
              "title": "Pipeline already exist ",
              "fullTitle": "Nevigate the setting page and create pipeline Pipeline already exist ",
              "timedOut": null,
              "duration": 0,
              "state": "pending",
              "speed": null,
              "pass": false,
              "fail": false,
              "pending": true,
              "context": null,
              "code": "cy.wait(\"@getPipeline\").then(({\n  response\n}) => {\n  let piplabel = response.body.result.values[0].label;\n  busimpledropdown(pipelineSel.options, messages.pipAction, globalSel.create, messages.newPip);\n  butextField(pipelineSel.piptextfield, \"input\").type(piplabel);\n});\ncy.get('.MuiFormHelperText-root').should(\"have.text\", messages.existsPip);\nbuButton(globalSel.savetestid).should(\"be.disabled\").click({\n  force: true\n});\ncy.get('.MuiTooltip-tooltip').should(\"contain\", messages.existsPip);",
              "err": {},
              "uuid": "1ddc478a-eae9-495c-ae14-4b531ca77511",
              "parentUUID": "e6082091-f613-4483-af43-a3e6a63b5b5d",
              "isHook": false,
              "skipped": false
            },
            {
              "title": "Add new pipeline",
              "fullTitle": "Nevigate the setting page and create pipeline Add new pipeline",
              "timedOut": null,
              "duration": 0,
              "state": "pending",
              "speed": null,
              "pass": false,
              "fail": false,
              "pending": true,
              "context": null,
              "code": "busimpledropdown(pipelineSel.options, messages.pipAction, globalSel.create, messages.newPip);\nbutextField(pipelineSel.piptextfield, \"input\").type(`${faker.commerce.product()}-${new Date().valueOf()}`);\nbuButton(globalSel.savetestid).should(\"not.be.disabled\").click();",
              "err": {},
              "uuid": "c9fd6d0d-8803-4bda-914b-a5b0c6a7deae",
              "parentUUID": "e6082091-f613-4483-af43-a3e6a63b5b5d",
              "isHook": false,
              "skipped": false
            },
            {
              "title": "Should pipeline selectable",
              "fullTitle": "Nevigate the setting page and create pipeline Should pipeline selectable",
              "timedOut": null,
              "duration": 0,
              "state": "pending",
              "speed": null,
              "pass": false,
              "fail": false,
              "pending": true,
              "context": null,
              "code": "cy.wait(\"@getPipeline\").then(({\n  response\n}) => {\n  let pipelines = response.body.result.values;\n  let lastPip = pipelines[pipelines.length - 1].label;\n  // cy.log(`Total Pipelines: ${pipelines.length}`);\n  // cy.log(`Last Item: ${lastPip}`);\n  if (pipelines.length > 5) {\n    cy.get('[data-testid=\"pipeline-box-hlum28yao\"] > [data-testid=\"budropdown-box-ty1opau5a\"] > [data-testid=\"button-box-72cmtvy8r\"] > .MuiButtonBase-root > .MuiButton-icon > [data-testid=\"button-stack-alorzfaoj\"] > [data-testid=\"busvgicon-svgicon-5xuxnhkcv\"]').click();\n    cy.get('[data-testid=\"searchbox-textfield-8k19ikenc\"]').type(lastPip);\n  } else {\n    cy.get('[data-testid=\"pipeline-box-hlum28yao\"] > [data-testid=\"budropdown-box-ty1opau5a\"] > [data-testid=\"button-box-72cmtvy8r\"] > .MuiButtonBase-root > .MuiButton-icon > [data-testid=\"button-stack-alorzfaoj\"] > [data-testid=\"busvgicon-svgicon-5xuxnhkcv\"]').click();\n    cy.contains(lastPip).click();\n  }\n});",
              "err": {},
              "uuid": "c7cf19d2-d124-42e6-aa3c-fbca7cc84a02",
              "parentUUID": "e6082091-f613-4483-af43-a3e6a63b5b5d",
              "isHook": false,
              "skipped": false
            }
          ],
          "suites": [],
          "passes": [],
          "failures": [],
          "pending": [
            "8b67a121-9891-4214-90a7-dd251ed35d60",
            "1ddc478a-eae9-495c-ae14-4b531ca77511",
            "c9fd6d0d-8803-4bda-914b-a5b0c6a7deae",
            "c7cf19d2-d124-42e6-aa3c-fbca7cc84a02"
          ],
          "skipped": [],
          "duration": 0,
          "root": false,
          "rootEmpty": false,
          "_timeout": 2000
        }
      ],
      "passes": [],
      "failures": [],
      "pending": [],
      "skipped": [],
      "duration": 0,
      "root": true,
      "rootEmpty": true,
      "_timeout": 2000
    },
    {
      "uuid": "28a1e2dc-4ba5-4be1-8138-aac76d1711df",
      "title": "",
      "fullFile": "cypress\\e2e\\lms\\setting\\1_pipeline\\2_rename.js",
      "file": "cypress\\e2e\\lms\\setting\\1_pipeline\\2_rename.js",
      "beforeHooks": [],
      "afterHooks": [],
      "tests": [],
      "suites": [
        {
          "uuid": "636e9b1f-0cf1-44ff-abcb-cdc307c52988",
          "title": "Nevigate the setting page and rename pipeline",
          "fullFile": "cypress\\e2e\\lms\\setting\\1_pipeline\\2_rename.js",
          "file": "cypress\\e2e\\lms\\setting\\1_pipeline\\2_rename.js",
          "beforeHooks": [],
          "afterHooks": [],
          "tests": [
            {
              "title": "Rename pipeline",
              "fullTitle": "Nevigate the setting page and rename pipeline Rename pipeline",
              "timedOut": null,
              "duration": 0,
              "state": "pending",
              "speed": null,
              "pass": false,
              "fail": false,
              "pending": true,
              "context": null,
              "code": "let editedPIpLabel = `${faker.commerce.product()}-${new Date().valueOf()}`;\ncy.wait(\"@getPipeline\", {\n  timeout: 10000\n}).then(({\n  response\n}) => {\n  let pipLabel = response.body.result.values.map(ele => ele.label);\n  budropdown(globalSel.settinglayoutbox, `button ${globalSel.buttonTypography}`, pipLabel[0]);\n  busimpledropdown(pipelineSel.options, messages.pipAction, globalSel.rename, messages.renamePip);\n  cy.get(\"#customized-dialog-title p\").should(\"have.text\", messages.renamePip);\n  butextField(pipelineSel.renamepiptextfield, \"label\").should(\"have.text\", messages.renamePip);\n  butextField(pipelineSel.renamepiptextfield, \"input\").should(\"have.value\", pipLabel[0]);\n  cy.get(globalSel.helpertext).should(\"have.text\", messages.existsPip1);\n  buButton(globalSel.renametestid).should(\"be.disabled\");\n  // Rename the pipeline name\n  butextField(pipelineSel.renamepiptextfield, \"input\").clear().type(editedPIpLabel);\n  buButton(globalSel.renametestid).click();\n  cy.get('.MuiSnackbarContent-message').should(\"have.text\", messages.updated);\n});",
              "err": {},
              "uuid": "a2ee0b7f-ab5c-4f23-9d0b-b9a34ec86f4e",
              "parentUUID": "636e9b1f-0cf1-44ff-abcb-cdc307c52988",
              "isHook": false,
              "skipped": false
            },
            {
              "title": "Pipeline already exist",
              "fullTitle": "Nevigate the setting page and rename pipeline Pipeline already exist",
              "timedOut": null,
              "duration": 0,
              "state": "pending",
              "speed": null,
              "pass": false,
              "fail": false,
              "pending": true,
              "context": null,
              "code": "cy.wait(\"@getPipeline\", {\n  timeout: 10000\n}).then(({\n  response\n}) => {\n  let pipLabel = response.body.result.values.map(ele => ele.label);\n  budropdown(globalSel.settinglayoutbox, `button ${globalSel.buttonTypography}`, pipLabel[0]);\n  busimpledropdown(pipelineSel.options, messages.pipAction, globalSel.rename, messages.renamePip);\n  butextField(pipelineSel.renamepiptextfield, \"input\").clear().type(pipLabel[1]);\n  cy.get(globalSel.helpertext).should(\"have.text\", messages.existsPip1);\n  buButton(globalSel.renametestid).should(\"be.disabled\").and(\"have.text\", \"Rename\");\n});",
              "err": {},
              "uuid": "88d829d0-1a2c-4a96-8cc7-78ffadd0f25a",
              "parentUUID": "636e9b1f-0cf1-44ff-abcb-cdc307c52988",
              "isHook": false,
              "skipped": false
            },
            {
              "title": "Pipeline name cant't be blank",
              "fullTitle": "Nevigate the setting page and rename pipeline Pipeline name cant't be blank",
              "timedOut": null,
              "duration": 0,
              "state": "pending",
              "speed": null,
              "pass": false,
              "fail": false,
              "pending": true,
              "context": null,
              "code": "cy.wait(\"@getPipeline\", {\n  timeout: 10000\n}).then(({\n  response\n}) => {\n  let pipLabel = response.body.result.values.map(ele => ele.label);\n  budropdown(globalSel.settinglayoutbox, `button ${globalSel.buttonTypography}`, pipLabel[0]);\n  busimpledropdown(pipelineSel.options, messages.pipAction, globalSel.rename, messages.renamePip);\n  butextField(pipelineSel.renamepiptextfield, \"input\").clear();\n  cy.get(globalSel.helpertext).should(\"have.text\", messages.blankPip);\n  buButton(globalSel.renametestid).should(\"be.disabled\").and(\"have.text\", \"Rename\");\n});",
              "err": {},
              "uuid": "11dad3bd-9a9e-43da-9449-a5cffd9a1be1",
              "parentUUID": "636e9b1f-0cf1-44ff-abcb-cdc307c52988",
              "isHook": false,
              "skipped": false
            }
          ],
          "suites": [],
          "passes": [],
          "failures": [],
          "pending": [
            "a2ee0b7f-ab5c-4f23-9d0b-b9a34ec86f4e",
            "88d829d0-1a2c-4a96-8cc7-78ffadd0f25a",
            "11dad3bd-9a9e-43da-9449-a5cffd9a1be1"
          ],
          "skipped": [],
          "duration": 0,
          "root": false,
          "rootEmpty": false,
          "_timeout": 2000
        }
      ],
      "passes": [],
      "failures": [],
      "pending": [],
      "skipped": [],
      "duration": 0,
      "root": true,
      "rootEmpty": true,
      "_timeout": 2000
    },
    {
      "uuid": "bf0a04d6-4170-4886-ae92-a8de371d24d0",
      "title": "",
      "fullFile": "cypress\\e2e\\lms\\setting\\1_pipeline\\3_reorder.js",
      "file": "cypress\\e2e\\lms\\setting\\1_pipeline\\3_reorder.js",
      "beforeHooks": [],
      "afterHooks": [],
      "tests": [],
      "suites": [
        {
          "uuid": "052336e5-0623-424a-a8d5-e3b0e8bf3a9f",
          "title": "Navigate the setting page and reorder pipeline",
          "fullFile": "cypress\\e2e\\lms\\setting\\1_pipeline\\3_reorder.js",
          "file": "cypress\\e2e\\lms\\setting\\1_pipeline\\3_reorder.js",
          "beforeHooks": [],
          "afterHooks": [],
          "tests": [
            {
              "title": "Reorder pipeline",
              "fullTitle": "Navigate the setting page and reorder pipeline Reorder pipeline",
              "timedOut": null,
              "duration": 0,
              "state": "pending",
              "speed": null,
              "pass": false,
              "fail": false,
              "pending": true,
              "context": null,
              "code": "const movements = 1;\nconst subHeadingText = `You can Create/ Rename/ Delete Pipeline for ${asset} only.`;\nbuCaption(pipelineSel.captionbox, pipelineSel.captionHeading, `${asset}s`, pipelineSel.captionSubHeading, subHeadingText);\n// cy.get(\"#app-routes p\").contains(\"leads\")\n// cy.get('.MuiTypography-caption').contains(\"You can Create/ Rename/ Delete Pipeline for lead only.\")\ncy.wait(1000);\nbusimpledropdown(pipelineSel.options, messages.pipAction, globalSel.reorder, messages.reorderPip);\n// cy.get('.MuiPaper-root > :nth-child(2) > div > .MuiButtonBase-root').should(\"have.text\", \"Options\").click()\n// cy.get(\"#reorder\").click()\n// get the pipeline-id using intercept and wait method\ncy.wait(\"@getPipeline\").then(({\n  response\n}) => {\n  let pipId = response.body.result.values.map(ele => ele.id);\n  cy.get(`[data-rbd-draggable-id=${pipId[0]}]`).as('item');\n  cy.get('@item').invoke('attr', 'data-rbd-drag-handle-draggable-id').as('item-id');\n  cy.get('@item').invoke('attr', 'tabindex').as('item-index').should('equal', '0');\n  // lift the element\n  cy.get('@item').focus().trigger('keydown', {\n    keyCode: 32\n  }).get('@item'); // need to re-query for a clone\n  cy.wrap(Array.from({\n    length: movements\n  })).each(() => {\n    cy.get('@item').trigger('keydown', {\n      keyCode: 40,\n      force: true\n    }).wait(1000);\n  });\n  // drop an element\n  cy.get('@item').trigger('keydown', {\n    keyCode: 32,\n    force: true\n  });\n  cy.get('@item-id').then(() => {\n    cy.get(`[data-rbd-draggable-id=${pipId[0]}]`).invoke('attr', 'tabindex');\n  });\n  // cy.get('#cancel').should(\"have.text\", \"Cancel\")\n  // cy.get(\"#save\").click()\n  buButton(globalSel.canceltestid).should(\"have.text\", \"Cancel\");\n  buButton(globalSel.savetestid).should(\"have.text\", \"Save\").click({\n    force: true\n  });\n});",
              "err": {},
              "uuid": "cf1f7e5c-79ff-40bd-9e86-4c0bb13c6589",
              "parentUUID": "052336e5-0623-424a-a8d5-e3b0e8bf3a9f",
              "isHook": false,
              "skipped": false
            }
          ],
          "suites": [],
          "passes": [],
          "failures": [],
          "pending": [
            "cf1f7e5c-79ff-40bd-9e86-4c0bb13c6589"
          ],
          "skipped": [],
          "duration": 0,
          "root": false,
          "rootEmpty": false,
          "_timeout": 2000
        }
      ],
      "passes": [],
      "failures": [],
      "pending": [],
      "skipped": [],
      "duration": 0,
      "root": true,
      "rootEmpty": true,
      "_timeout": 2000
    },
    {
      "uuid": "b1278760-b902-4d1e-a38c-f7580518df34",
      "title": "",
      "fullFile": "cypress\\e2e\\lms\\setting\\1_pipeline\\4_stage.js",
      "file": "cypress\\e2e\\lms\\setting\\1_pipeline\\4_stage.js",
      "beforeHooks": [],
      "afterHooks": [],
      "tests": [],
      "suites": [
        {
          "uuid": "df4f3b7a-558a-450a-bd8a-3781342aa4eb",
          "title": "Stage functionality test for pipeline",
          "fullFile": "cypress\\e2e\\lms\\setting\\1_pipeline\\4_stage.js",
          "file": "cypress\\e2e\\lms\\setting\\1_pipeline\\4_stage.js",
          "beforeHooks": [],
          "afterHooks": [],
          "tests": [
            {
              "title": "Add new stage",
              "fullTitle": "Stage functionality test for pipeline Add new stage",
              "timedOut": null,
              "duration": 0,
              "state": "pending",
              "speed": null,
              "pass": false,
              "fail": false,
              "pending": true,
              "context": null,
              "code": "const stageName = `${faker.commerce.productName()}-${new Date().valueOf()}`;\nconst subHeadingText = `You can Create/ Rename/ Delete Pipeline for ${asset} only.`;\nbuCaption(pipelineSel.captionbox, pipelineSel.captionHeading, `${asset}s`, pipelineSel.captionSubHeading, subHeadingText);\nonesecondWait();\nbuButton(`[data-testid=\"Add a ${asset} Stage\"]`).should(\"have.text\", `Add a ${asset} Stage`).click();\ncyGet(`${globalSel.inputItemtextfield}`).find(`input[value='']`).type(stageName);\nonesecondWait();\nbuSaveButton().should(\"have.text\", \"Save\").click();\ncyGet(globalSel.SnackbarMessage).invoke('text').should('include', messages.requestSuccess);",
              "err": {},
              "uuid": "99328db6-004e-4865-a43c-e54bde620043",
              "parentUUID": "df4f3b7a-558a-450a-bd8a-3781342aa4eb",
              "isHook": false,
              "skipped": false
            },
            {
              "title": "Stage can't be empty.",
              "fullTitle": "Stage functionality test for pipeline Stage can't be empty.",
              "timedOut": null,
              "duration": 0,
              "state": "pending",
              "speed": null,
              "pass": false,
              "fail": false,
              "pending": true,
              "context": null,
              "code": "buButton(`[data-testid=\"Add a ${asset} Stage\"]`).should(\"have.text\", `Add a ${asset} Stage`).click();\nbuSaveButton().should(\"be.disabled\").trigger(\"mouseover\", {\n  force: true\n});\ncyGet(globalSel.tooltip).invoke('text').should('include', \"Stage can't be empty.\");",
              "err": {},
              "uuid": "4fcf72db-3c4f-494b-84dd-d92b4e7534d1",
              "parentUUID": "df4f3b7a-558a-450a-bd8a-3781342aa4eb",
              "isHook": false,
              "skipped": false
            },
            {
              "title": "Stage can't be duplicate.",
              "fullTitle": "Stage functionality test for pipeline Stage can't be duplicate.",
              "timedOut": null,
              "duration": 0,
              "state": "pending",
              "speed": null,
              "pass": false,
              "fail": false,
              "pending": true,
              "context": null,
              "code": "buButton(`[data-testid=\"Add a ${asset} Stage\"]`).should(\"have.text\", `Add a ${asset} Stage`).click();\ncy.wait(\"@getStage\", {\n  timeout: 10000\n}).then(({\n  response\n}) => {\n  const stageName = response.body.result.values.map(ele => ele.label);\n  cyGet(`${globalSel.inputItemtextfield}`).find(`input[value='']`).click().type(stageName[0]);\n});\nbuSaveButton().should(\"be.disabled\").trigger(\"mouseover\", {\n  force: true\n});\ncyGet(globalSel.tooltip).invoke('text').should('include', \"Duplicate stage name.\");",
              "err": {},
              "uuid": "88ae6f5b-0a5b-42ef-929e-a272a6f92ce1",
              "parentUUID": "df4f3b7a-558a-450a-bd8a-3781342aa4eb",
              "isHook": false,
              "skipped": false
            },
            {
              "title": "edit stage",
              "fullTitle": "Stage functionality test for pipeline edit stage",
              "timedOut": null,
              "duration": 0,
              "state": "pending",
              "speed": null,
              "pass": false,
              "fail": false,
              "pending": true,
              "context": null,
              "code": "const stageName = `${faker.commerce.productName()}-${new Date().valueOf()}`;\ncyGet(`${globalSel.inputItemtextfield} input`).last().clear();\ncyGet(`${globalSel.inputItemtextfield} input`).last().type(stageName);\nbuSaveButton().should(\"have.text\", \"Save\").click();\ncyGet(globalSel.SnackbarMessage).invoke('text').should('include', messages.requestSuccess);",
              "err": {},
              "uuid": "96c80c9c-6971-4daf-89b4-e55ff4bf9414",
              "parentUUID": "df4f3b7a-558a-450a-bd8a-3781342aa4eb",
              "isHook": false,
              "skipped": false
            },
            {
              "title": "delete stage",
              "fullTitle": "Stage functionality test for pipeline delete stage",
              "timedOut": null,
              "duration": 0,
              "state": "pending",
              "speed": null,
              "pass": false,
              "fail": false,
              "pending": true,
              "context": null,
              "code": "let stageName = `${faker.commerce.productName()}-${new Date().valueOf()}`;\nconst msg2 = \"Are you sure! Want to delete this Stage?\";\nbuButton(`[data-testid=\"Add a ${asset} Stage\"]`).click();\ncyGet(`${globalSel.inputItemtextfield}`).find(`input[value='']`).click().type(stageName);\nbuSaveButton().should(\"have.text\", \"Save\").click();\nonesecondWait();\ncyGet(`${pipelineSel.stageDelIconBtn}`).last().click();\nbuCaption(globalSel.dialogTitle, globalSel.dialogTitleText, \"Delete Stage\", pipelineSel.deletestagecaption, msg2);\nbuButton(`[data-testid=\"Delete Stage\"]`).click();",
              "err": {},
              "uuid": "22b0ad56-38bb-4a6d-b5b1-6d6f10aef886",
              "parentUUID": "df4f3b7a-558a-450a-bd8a-3781342aa4eb",
              "isHook": false,
              "skipped": false
            },
            {
              "title": "Stage should not be deleted which contains record",
              "fullTitle": "Stage functionality test for pipeline Stage should not be deleted which contains record",
              "timedOut": null,
              "duration": 0,
              "state": "pending",
              "speed": null,
              "pass": false,
              "fail": false,
              "pending": true,
              "context": null,
              "code": "cy.wait(\"@getStage\", {\n  timeout: 10000\n}).then(({\n  response\n}) => {\n  const stageWithCount = response.body.result.values.find(ele => ele.count > 0 && ele.winChance != \"Won\");\n  if (!stageWithCount) {\n    this.skip();\n  }\n  const msg2 = `You need to move ${stageWithCount === null || stageWithCount === void 0 ? void 0 : stageWithCount.count} ${asset} to delete this stage.`;\n  cyGet(`[data-rbd-draggable-id=\"${stageWithCount === null || stageWithCount === void 0 ? void 0 : stageWithCount.id}\"] ${pipelineSel.stageDelIconBtn}`).click({\n    force: true\n  });\n  buCaption(globalSel.dialogTitle, globalSel.dialogTitleText, delNmvStg, pipelineSel.deletestageConfirmatiion, msg2);\n  budropdown(globalSel.dialogContent, globalSel.fieldlabelBox, fieldLabel);\n  budropdownInput(`[data-testid=\"input-muiinput-t8mkcx347\"] input`, stageWithCount === null || stageWithCount === void 0 ? void 0 : stageWithCount.label);\n  buButton(`[data-testid=\"Move ${asset} and delete Stage\"]`).should(\"be.disabled\");\n});",
              "err": {},
              "uuid": "e8c9afae-7387-4c20-bf8e-9ee912833be4",
              "parentUUID": "df4f3b7a-558a-450a-bd8a-3781342aa4eb",
              "isHook": false,
              "skipped": false
            },
            {
              "title": "move record and delete stage",
              "fullTitle": "Stage functionality test for pipeline move record and delete stage",
              "timedOut": null,
              "duration": 0,
              "state": "pending",
              "speed": null,
              "pass": false,
              "fail": false,
              "pending": true,
              "context": null,
              "code": "cy.wait(\"@getStage\", {\n  timeout: 10000\n}).then(({\n  response\n}) => {\n  const values = response.body.result.values;\n  const length = values.length;\n  const stageWithCount = values.find(ele => ele.count > 0 && ele.winChance != \"Won\");\n  const msg2 = `You need to move ${stageWithCount === null || stageWithCount === void 0 ? void 0 : stageWithCount.count} ${asset} to delete this stage.`;\n  const moveRecordStage = values.find(ele => ele.label != (stageWithCount === null || stageWithCount === void 0 ? void 0 : stageWithCount.label) && ele.winChance != \"Won\");\n  const searchSelecor = `${globalSel.searchbox} ${globalSel.searchplaceholder}`;\n  if (!stageWithCount) {\n    this.skip();\n  }\n  cyGet(`[data-rbd-draggable-id=\"${stageWithCount === null || stageWithCount === void 0 ? void 0 : stageWithCount.id}\"] ${pipelineSel.stageDelIconBtn}`).click({\n    force: true\n  });\n  buCaption(globalSel.dialogTitle, globalSel.dialogTitleText, delNmvStg, pipelineSel.deletestageConfirmatiion, msg2);\n  budropdownInput(`[data-testid=\"input-muiinput-t8mkcx347\"] input`, stageWithCount === null || stageWithCount === void 0 ? void 0 : stageWithCount.label, length, searchSelecor, moveRecordStage === null || moveRecordStage === void 0 ? void 0 : moveRecordStage.label, globalSel.dialogTitleText);\n  buButton(`[data-testid=\"Move ${asset} and delete Stage\"]`).click();\n});",
              "err": {},
              "uuid": "3ab19002-0a00-4556-af15-1c9b1fa67507",
              "parentUUID": "df4f3b7a-558a-450a-bd8a-3781342aa4eb",
              "isHook": false,
              "skipped": false
            }
          ],
          "suites": [],
          "passes": [],
          "failures": [],
          "pending": [
            "99328db6-004e-4865-a43c-e54bde620043",
            "4fcf72db-3c4f-494b-84dd-d92b4e7534d1",
            "88ae6f5b-0a5b-42ef-929e-a272a6f92ce1",
            "96c80c9c-6971-4daf-89b4-e55ff4bf9414",
            "22b0ad56-38bb-4a6d-b5b1-6d6f10aef886",
            "e8c9afae-7387-4c20-bf8e-9ee912833be4",
            "3ab19002-0a00-4556-af15-1c9b1fa67507"
          ],
          "skipped": [],
          "duration": 0,
          "root": false,
          "rootEmpty": false,
          "_timeout": 2000
        }
      ],
      "passes": [],
      "failures": [],
      "pending": [],
      "skipped": [],
      "duration": 0,
      "root": true,
      "rootEmpty": true,
      "_timeout": 2000
    },
    {
      "uuid": "9bfc2924-ece1-4fdb-ab23-21760b371951",
      "title": "",
      "fullFile": "cypress\\e2e\\lms\\setting\\1_pipeline\\5_stageReoder.js",
      "file": "cypress\\e2e\\lms\\setting\\1_pipeline\\5_stageReoder.js",
[...]
              "err": {},
              "uuid": "9b4aea4e-1b49-4699-b903-6b4e07d926bf",
              "parentUUID": "8daecaa4-043a-401b-b353-45c12ec953c4",
              "isHook": false,
              "skipped": false
            },
            {
              "title": "Restore field from field tab",
              "fullTitle": "Nevigate the setting page and delete and restore field Restore field from field tab",
              "timedOut": null,
              "duration": 2693,
              "state": "failed",
              "speed": null,
              "pass": false,
              "fail": true,
              "pending": false,
              "context": null,
              "code": "let title = \"Restore 1 field ?\";\nlet desc = \"Are you sure you want to  restore 1 field ?\";\ncy.visit(`${updatedUrl}/setting/properties`);\ncy.get('[data-testid=\"busimpletabs-tab-6lg4m8h6g\"]', {\n  timeout: 10000\n}).contains(\"Deleted fields\").click();\ncy.wait(\"@binList\", {\n  timeout: 10000\n}).then(({\n  response\n}) => {\n  expect(response.body.result.values).be.length.greaterThan(0);\n  cy.get('[data-testid=\"actions-box-it835w1xf\"] button').first().click();\n  cy.get(\"#restore\").click();\n  roleDialog(lead.dialogTitle, title, lead.dialogDesc, desc, `[data-testid=\"Restore\"]`, \"Restore\");\n});",
              "err": {
                "message": "AssertionError: expected [] to have a length above 0 but got 0",
                "estack": "AssertionError: expected [] to have a length above 0 but got 0\n    at Context.eval (webpack://bu-testing/./cypress/e2e/lms/setting/9_bin/field.js:77:58)",
                "diff": ""
              },
              "uuid": "fe3c13be-82d8-45bf-bfba-a4592fe86d78",
              "parentUUID": "8daecaa4-043a-401b-b353-45c12ec953c4",
              "isHook": false,
              "skipped": false
            },
            {
              "title": "Delete field from field tab",
              "fullTitle": "Nevigate the setting page and delete and restore field Delete field from field tab",
              "timedOut": null,
              "duration": 2047,
              "state": "failed",
              "speed": null,
              "pass": false,
              "fail": true,
              "pending": false,
              "context": null,
              "code": "let title = \"Delete 1 field ?\";\nlet desc = \"Are you sure you want to  delete 1 field ?\";\ncy.visit(`${updatedUrl}/setting/properties`);\ncy.get('[data-testid=\"busimpletabs-tab-6lg4m8h6g\"]', {\n  timeout: 10000\n}).contains(\"Deleted fields\").click();\ncy.wait(\"@binList\", {\n  timeout: 10000\n}).then(({\n  response\n}) => {\n  expect(response.body.result.values).be.length.greaterThan(0);\n  cy.get('[data-testid=\"actions-box-it835w1xf\"] button').first().click();\n  cy.get(\"#delete\").click();\n  roleDialog(lead.dialogTitle, title, lead.dialogDesc, desc, `[role=\"dialog\"] ${lead.typeBtn}`, \"Delete\");\n});",
              "err": {
                "message": "AssertionError: expected [] to have a length above 0 but got 0",
                "estack": "AssertionError: expected [] to have a length above 0 but got 0\n    at Context.eval (webpack://bu-testing/./cypress/e2e/lms/setting/9_bin/field.js:90:58)",
                "diff": ""
              },
              "uuid": "1bd590ae-640d-4bf4-a53a-6d8dd7ca2a9e",
              "parentUUID": "8daecaa4-043a-401b-b353-45c12ec953c4",
              "isHook": false,
              "skipped": false
            },
            {
              "title": "Filter single line field and verify column with rows us",
              "fullTitle": "Nevigate the setting page and delete and restore field Filter single line field and verify column with rows us",
              "timedOut": null,
              "duration": 4819,
              "state": "failed",
              "speed": null,
              "pass": false,
              "fail": true,
              "pending": false,
              "context": null,
              "code": "cy.visit(`${updatedUrl}/setting/bin`);\ncy.get('[data-testid=\"busimpletabs-tab-6lg4m8h6g\"]', {\n  timeout: 10000\n}).contains(\"Field\").click();\ncy.recordCountOnPage(\"10\");\ncy.get('[aria-label=\"Select field type\"]').click();\nfieldTypeFilterSel(\"Multi line text\");\ncy.get('.MuiButton-endIcon').click();\ncy.wait(\"@binList\");\ncy.wait(\"@binList\");\ncy.wait(\"@binList\", {\n  timeout: 10000\n}).then(({\n  response\n}) => {\n  expect(response.body.result.values).be.length.greaterThan(0);\n  let binFieldLabel = response.body.result.values.map(ele => ele.label);\n  let deletedType = response.body.result.values.map(ele => {\n    return ele.type.charAt(0).toUpperCase() + ele.type.slice(1);\n  });\n  let deletedBy = response.body.result.values.map(ele => ele.deletedBy);\n  let userName = deletedBy.map(key => {\n    let label = key.label;\n    return label;\n  });\n  let fieldTypeArray = Array(binFieldLabel.length).fill(\"Multi line text\");\n  verifyTablecolNrow(lead.thead, 2, \"Field name\", lead.tbody, binFieldLabel);\n  verifyTablecolNrow(lead.thead, 3, \"Field type\", lead.tbody, fieldTypeArray);\n  verifyTablecolNrow(lead.thead, 4, \"Deleted by\", lead.tbody, userName);\n  verifyTablecolNrow(lead.thead, 5, \"Deleted type\", lead.tbody, deletedType);\n});",
              "err": {
                "message": "AssertionError: expected [] to have a length above 0 but got 0",
                "estack": "AssertionError: expected [] to have a length above 0 but got 0\n    at Context.eval (webpack://bu-testing/./cypress/e2e/lms/setting/9_bin/field.js:107:58)",
                "diff": ""
              },
              "uuid": "0f56157d-a306-4237-99cc-6731920ef094",
              "parentUUID": "8daecaa4-043a-401b-b353-45c12ec953c4",
              "isHook": false,
              "skipped": false
            },
            {
              "title": "Restore field from bin tab",
              "fullTitle": "Nevigate the setting page and delete and restore field Restore field from bin tab",
              "timedOut": null,
              "duration": 1564,
              "state": "failed",
              "speed": null,
              "pass": false,
              "fail": true,
              "pending": false,
              "context": null,
              "code": "let title = \"Restore 1 field ?\";\nlet desc = \"Are you sure you want to restore 1 field ? \";\ncy.visit(`${updatedUrl}/setting/bin`);\ncy.get('[data-testid=\"busimpletabs-tab-6lg4m8h6g\"]', {\n  timeout: 10000\n}).contains(\"Field\").click();\ncy.wait(\"@binList\", {\n  timeout: 10000\n}).then(({\n  response\n}) => {\n  expect(response.body.result.values).be.length.greaterThan(0);\n  cy.get('[data-testid=\"actions-box-it835w1xf\"] button').first().click();\n  cy.get(\"#restore\").click();\n  roleDialog(lead.dialogTitle, title, lead.dialogDesc, desc, `[role=\"dialog\"] ${lead.typeBtn}`, \"Restore\");\n});",
              "err": {
                "message": "AssertionError: expected [] to have a length above 0 but got 0",
                "estack": "AssertionError: expected [] to have a length above 0 but got 0\n    at Context.eval (webpack://bu-testing/./cypress/e2e/lms/setting/9_bin/field.js:131:58)",
                "diff": ""
              },
              "uuid": "dfd28696-ed8f-4063-bedd-826855b54bb0",
              "parentUUID": "8daecaa4-043a-401b-b353-45c12ec953c4",
              "isHook": false,
              "skipped": false
            },
            {
              "title": "Delete field from bin tab",
              "fullTitle": "Nevigate the setting page and delete and restore field Delete field from bin tab",
              "timedOut": null,
              "duration": 2080,
              "state": "failed",
              "speed": null,
              "pass": false,
              "fail": true,
              "pending": false,
              "context": null,
              "code": "let title = \"Delete 1  field ?\";\nlet desc = \"Are you sure you want to delete 1 field ? \";\ncy.visit(`${updatedUrl}/setting/bin`);\ncy.get('[data-testid=\"busimpletabs-tab-6lg4m8h6g\"]', {\n  timeout: 10000\n}).contains(\"Field\").click();\ncy.wait(\"@binList\", {\n  timeout: 10000\n}).then(({\n  response\n}) => {\n  expect(response.body.result.values).be.length.greaterThan(0);\n  cy.get('[data-testid=\"actions-box-it835w1xf\"] button').first().click();\n  cy.get(\"#delete\").click();\n  roleDialog(lead.dialogTitle, title, lead.dialogDesc, desc, `[role=\"dialog\"] ${lead.typeBtn}`, \"Delete\");\n});",
              "err": {
                "message": "AssertionError: expected [] to have a length above 0 but got 0",
                "estack": "AssertionError: expected [] to have a length above 0 but got 0\n    at Context.eval (webpack://bu-testing/./cypress/e2e/lms/setting/9_bin/field.js:144:58)",
                "diff": ""
              },
              "uuid": "328d414e-f6c7-412f-b981-ce081b9a2de3",
              "parentUUID": "8daecaa4-043a-401b-b353-45c12ec953c4",
              "isHook": false,
              "skipped": false
            }
          ],
          "suites": [],
          "passes": [
            "9b4aea4e-1b49-4699-b903-6b4e07d926bf"
          ],
          "failures": [
            "fe3c13be-82d8-45bf-bfba-a4592fe86d78",
            "1bd590ae-640d-4bf4-a53a-6d8dd7ca2a9e",
            "0f56157d-a306-4237-99cc-6731920ef094",
            "dfd28696-ed8f-4063-bedd-826855b54bb0",
            "328d414e-f6c7-412f-b981-ce081b9a2de3"
          ],
          "pending": [],
          "skipped": [],
          "duration": 22845,
          "root": false,
          "rootEmpty": false,
          "_timeout": 2000
        }
      ],
      "passes": [],
      "failures": [],
      "pending": [],
      "skipped": [],
      "duration": 0,
      "root": true,
      "rootEmpty": true,
      "_timeout": 2000
    },
    {
      "uuid": "1441a6d9-29b2-4cf1-890b-2d7512cabfcf",
      "title": "",
      "fullFile": "cypress\\e2e\\lms\\setting\\9_bin\\record.js",
      "file": "cypress\\e2e\\lms\\setting\\9_bin\\record.js",
      "beforeHooks": [],
      "afterHooks": [],
      "tests": [],
      "suites": [
        {
          "uuid": "baac7ba2-16f2-4da3-9c6b-cdad7115bf21",
          "title": "Test the functionality of restore contact from bin",
          "fullFile": "cypress\\e2e\\lms\\setting\\9_bin\\record.js",
          "file": "cypress\\e2e\\lms\\setting\\9_bin\\record.js",
          "beforeHooks": [],
          "afterHooks": [],
          "tests": [
            {
              "title": "Check if the Cancel button is working when restoring contact from bin",
              "fullTitle": "Test the functionality of restore contact from bin Check if the Cancel button is working when restoring contact from bin",
              "timedOut": null,
              "duration": 6207,
              "state": "passed",
              "speed": "medium",
              "pass": true,
              "fail": false,
              "pending": false,
              "context": null,
              "code": "cy.get(lead.typeBtn).contains(\"Delete\").should(\"be.disabled\");\ncy.get(lead.typeBtn).contains(\"Restore\").should(\"be.disabled\");\ncy.wait(\"@binRecord\").then(({\n  response\n}) => {\n  let recordLength = response.body.result.values.length;\n  let totalRecord = response.body.result.pages.totalRecords;\n  uidFeild = response.body.result.view.columns.find(fld => fld.prop === \"uid\");\n  const msg1 = `Restore ${recordLength} ${asset} ?`;\n  const msg2 = `Are you sure you want to restore ${recordLength} ${asset} ? `;\n  if (totalRecord === 0) {\n    cy.contains(`tr`, uidFeild.label).find(`input[type=\"checkbox\"]`).should(\"be.disabled\");\n    expect(totalRecord).to.be.eq(0);\n  } else {\n    cy.contains(`tr`, uidFeild.label).find(`input[type=\"checkbox\"]`).check();\n    cy.get(lead.typeBtn).contains(\"Restore\").click();\n    cy.roleDialog(lead.dialogTitle, msg1, lead.dialogDesc, msg2, lead.typeBtn, \"Cancel\");\n    cy.wait(500);\n    cy.get(lead.countOnGrid).contains(totalRecord);\n  }\n});",
              "err": {},
              "uuid": "e716ab63-9042-4a17-8a68-090d24e1f51c",
              "parentUUID": "baac7ba2-16f2-4da3-9c6b-cdad7115bf21",
              "isHook": false,
              "skipped": false
            },
            {
              "title": "Restore the contact from bin",
              "fullTitle": "Test the functionality of restore contact from bin Restore the contact from bin",
              "timedOut": null,
              "duration": 1425,
              "state": "passed",
              "speed": "fast",
              "pass": true,
              "fail": false,
              "pending": false,
              "context": null,
              "code": "cy.wait(\"@binRecord\").then(({\n  response\n}) => {\n  let recordLength = response.body.result.values.length;\n  let totalRecord = response.body.result.pages.totalRecords;\n  let remainsRecord = totalRecord - recordLength;\n  let msg1 = `Restore ${recordLength} lead ?`;\n  let msg2 = `Are you sure you want to restore ${recordLength} lead ? `;\n  if (recordLength === 0) {\n    cy.contains(`tr`, uidFeild.label).find(`input[type=\"checkbox\"]`).should(\"be.disabled\");\n    expect(recordLength).to.be.eq(0);\n  } else {\n    cy.contains(`tr`, uidFeild.label).find(`input[type=\"checkbox\"]`).check();\n    cy.get(lead.typeBtn).contains(\"Restore\").click();\n    cy.roleDialog(lead.dialogTitle, msg1, lead.dialogDesc, msg2, `.MuiDialogActions-root ${lead.typeBtn}`, \"Restore\");\n    cy.get('.MuiSnackbarContent-message').should(\"have.text\", \"Request successful.\");\n    cy.get(lead.countOnGrid).contains(remainsRecord);\n  }\n});",
              "err": {},
              "uuid": "b8b8190a-eeb8-47bf-b97e-c7dfe78518e9",
              "parentUUID": "baac7ba2-16f2-4da3-9c6b-cdad7115bf21",
              "isHook": false,
              "skipped": false
            },
            {
              "title": "Check if the Cancel button is working when deleting contact from bin",
              "fullTitle": "Test the functionality of restore contact from bin Check if the Cancel button is working when deleting contact from bin",
              "timedOut": null,
              "duration": 1417,
              "state": "passed",
              "speed": "fast",
              "pass": true,
              "fail": false,
              "pending": false,
              "context": null,
              "code": "cy.wait(\"@binRecord\").then(({\n  response\n}) => {\n  let recordLength = response.body.result.values.length;\n  let totalRecord = response.body.result.pages.totalRecords;\n  let msg1 = `Delete ${recordLength} ${asset} ?`;\n  let msg2 = `Are you sure you want to delete ${recordLength} ${asset} ? `;\n  if (recordLength === 0) {\n    cy.contains(`tr`, uidFeild.label).find(`input[type=\"checkbox\"]`).should(\"be.disabled\");\n    expect(recordLength).to.be.eq(0);\n  } else {\n    cy.contains(`tr`, uidFeild.label).find(`input[type=\"checkbox\"]`).check();\n    cy.get(lead.typeBtn).contains(\"Delete\").click();\n    cy.roleDialog(lead.dialogTitle, msg1, lead.dialogDesc, msg2, lead.typeBtn, \"Cancel\");\n    cy.wait(500);\n    cy.get(lead.countOnGrid).contains(totalRecord);\n  }\n});",
              "err": {},
              "uuid": "08a52f09-961f-465a-82cd-f833984e63d8",
              "parentUUID": "baac7ba2-16f2-4da3-9c6b-cdad7115bf21",
              "isHook": false,
              "skipped": false
            },
            {
              "title": "Delete the contact from bin",
              "fullTitle": "Test the functionality of restore contact from bin Delete the contact from bin",
              "timedOut": null,
              "duration": 1417,
              "state": "passed",
              "speed": "fast",
              "pass": true,
              "fail": false,
              "pending": false,
              "context": null,
              "code": "cy.wait(\"@binRecord\").then(({\n  response\n}) => {\n  let recordLength = response.body.result.values.length;\n  let totalRecord = response.body.result.pages.totalRecords;\n  let remainsRecord = totalRecord - recordLength;\n  let msg1 = `Delete ${recordLength} ${asset} ?`;\n  let msg2 = `Are you sure you want to delete ${recordLength} ${asset} ? `;\n  if (recordLength === 0) {\n    cy.contains(`tr`, uidFeild.label).find(`input[type=\"checkbox\"]`).should(\"be.disabled\");\n    expect(recordLength).to.be.eq(0);\n  } else {\n    cy.contains(`tr`, uidFeild.label).find(`input[type=\"checkbox\"]`).check();\n    cy.get(lead.typeBtn).contains(\"Delete\").click();\n    cy.roleDialog(lead.dialogTitle, msg1, lead.dialogDesc, msg2, `[role=\"dialog\"] ${lead.typeBtn}`, \"Delete\");\n    cy.get('.MuiSnackbarContent-message').should(\"have.text\", \"Deleted successfully.\");\n    cy.get(lead.countOnGrid).contains(remainsRecord);\n  }\n});",
              "err": {},
              "uuid": "21c803f8-672f-4871-8a76-3f34006a74dd",
              "parentUUID": "baac7ba2-16f2-4da3-9c6b-cdad7115bf21",
              "isHook": false,
              "skipped": false
            }
          ],
          "suites": [],
          "passes": [
            "e716ab63-9042-4a17-8a68-090d24e1f51c",
            "b8b8190a-eeb8-47bf-b97e-c7dfe78518e9",
            "08a52f09-961f-465a-82cd-f833984e63d8",
            "21c803f8-672f-4871-8a76-3f34006a74dd"
          ],
          "failures": [],
          "pending": [],
          "skipped": [],
          "duration": 10466,
          "root": false,
          "rootEmpty": false,
          "_timeout": 2000
        }
      ],
      "passes": [],
      "failures": [],
      "pending": [],
      "skipped": [],
      "duration": 0,
      "root": true,
      "rootEmpty": true,
      "_timeout": 2000
    }
  ],
  "meta": {
    "mocha": {
      "version": "7.0.1"
    },
    "mochawesome": {
      "options": {
        "quiet": false,
        "reportFilename": "[datetime]",
        "saveHtml": false,
        "saveJson": true,
        "consoleReporter": "spec",
        "useInlineDiffs": false,
        "code": true
      },
      "version": "7.1.3"
    },
    "marge": {
      "options": {
        "charts": true,
        "reportPageTitle": "Buopso-UI-Report",
        "embeddedScreenshots": true,
        "inlineAssets": true,
        "saveAllAttempts": false,
        "overwrite": false,
        "reportFilename": "[datetime]",
        "timestamp": "isoDateTime",
        "html": false,
        "json": true,
        "reportDir": "cypress\\reports\\.jsons",
        "saveJson": true
      },
      "version": "6.2.0"
    }
  }
}