{
  "stats": {
    "suites": 50,
    "tests": 240,
    "passes": 203,
    "pending": 4,
    "failures": 25,
    "testsRegistered": 240,
    "passPercent": 84.58333333333333,
    "pendingPercent": 1.6666666666666667,
    "other": 0,
    "hasOther": false,
    "skipped": 8,
    "hasSkipped": true,
    "start": "2025-08-27T11:04:32.746Z",
    "end": "2025-08-27T12:01:52.949Z",
    "duration": 3440203
  },
  "results": [
    {
      "uuid": "db77754f-1027-45cc-b846-0825abe9ffbe",
      "title": "",
      "fullFile": "cypress\\e2e\\auth\\login.js",
      "file": "cypress\\e2e\\auth\\login.js",
      "beforeHooks": [],
      "afterHooks": [],
      "tests": [],
      "suites": [
        {
          "uuid": "20293ab6-5c3c-4ca9-b077-189cc8a8cf57",
          "title": "Test case for login",
          "fullFile": "cypress\\e2e\\auth\\login.js",
          "file": "cypress\\e2e\\auth\\login.js",
          "beforeHooks": [],
          "afterHooks": [],
          "tests": [
            {
              "title": "Pass invalid email",
              "fullTitle": "Test case for login Pass invalid email",
              "timedOut": null,
              "duration": 2332,
              "state": "passed",
              "speed": "fast",
              "pass": true,
              "fail": false,
              "pending": false,
              "context": null,
              "code": "cy.get(\"form\").within(() => {\n  cy.get(\"@email\").type(\"abc.xyzgmail.com\");\n  cy.get('.MuiFormHelperText-root').should(\"contain\", \"Please provide proper username\");\n  cy.get(\"@password\").type(Cypress.env(\"password\"));\n  cy.root().submit();\n});\ncy.get('.MuiSnackbarContent-message').should(\"contain\", \"Please enter a valid email.\");",
              "err": {},
              "uuid": "dc1a1d8c-119e-4549-89dc-2d16e466383f",
              "parentUUID": "20293ab6-5c3c-4ca9-b077-189cc8a8cf57",
              "isHook": false,
              "skipped": false
            },
            {
              "title": "Pass wrong email",
              "fullTitle": "Test case for login Pass wrong email",
              "timedOut": null,
              "duration": 842,
              "state": "passed",
              "speed": "fast",
              "pass": true,
              "fail": false,
              "pending": false,
              "context": null,
              "code": "cy.get(\"form\").within(() => {\n  cy.get(\"@email\").type(\"abc@xyx.com\");\n  cy.get(\"@password\").type(Cypress.env(\"password\"));\n  cy.root().submit();\n});\ncy.get('.MuiSnackbarContent-message').should(\"contain\", \"user not found.\");",
              "err": {},
              "uuid": "be68e9fc-a6ab-4077-be3c-59d330163766",
              "parentUUID": "20293ab6-5c3c-4ca9-b077-189cc8a8cf57",
              "isHook": false,
              "skipped": false
            },
            {
              "title": "Pass invalid password",
              "fullTitle": "Test case for login Pass invalid password",
              "timedOut": null,
              "duration": 1677,
              "state": "passed",
              "speed": "fast",
              "pass": true,
              "fail": false,
              "pending": false,
              "context": null,
              "code": "cy.get(\"form\").within(() => {\n  cy.get(\"@email\").type(Cypress.env(\"email\"));\n  cy.get(\"@password\").type(132134344);\n  cy.root().submit();\n});\ncy.get('.MuiSnackbarContent-message').should(\"contain\", \"Invalid username or password.\");",
              "err": {},
              "uuid": "c2904e91-455d-4693-be66-0a07103269ab",
              "parentUUID": "20293ab6-5c3c-4ca9-b077-189cc8a8cf57",
              "isHook": false,
              "skipped": false
            },
            {
              "title": "Pass wrong password",
              "fullTitle": "Test case for login Pass wrong password",
              "timedOut": null,
              "duration": 1615,
              "state": "passed",
              "speed": "fast",
              "pass": true,
              "fail": false,
              "pending": false,
              "context": null,
              "code": "cy.get(\"form\").within(() => {\n  cy.get(\"@email\").type(Cypress.env(\"email\"));\n  cy.get(\"@password\").type(\"AAsdf1234\");\n  cy.root().submit();\n});\ncy.get('.MuiSnackbarContent-message').should(\"contain\", \"Invalid username or password.\");",
              "err": {},
              "uuid": "5811b053-b1d9-483c-91ab-d31052ae88d7",
              "parentUUID": "20293ab6-5c3c-4ca9-b077-189cc8a8cf57",
              "isHook": false,
              "skipped": false
            },
            {
              "title": "Pass the valid email in upper-case",
              "fullTitle": "Test case for login Pass the valid email in upper-case",
              "timedOut": null,
              "duration": 2587,
              "state": "passed",
              "speed": "fast",
              "pass": true,
              "fail": false,
              "pending": false,
              "context": null,
              "code": "let email = Cypress.env(\"email\").toUpperCase();\ncy.get(\"form\").within(() => {\n  cy.get(\"@email\").type(email);\n  cy.get(\"@password\").type(Cypress.env(\"password\"));\n  cy.root().submit();\n});\ncy.wait(\"@loginApi\").then(({\n  response\n}) => {\n  if (response.body.result === \"session_exists\") {\n    cy.get('[role=\"presentation\"] .MuiDialog-container .MuiPaper-root button').contains(\"Ok\").click();\n  }\n});\ncy.get('[aria-label=\"User Profile\"] > .MuiButtonBase-root').click();\ncy.get('.MuiPaper-root .MuiTypography-root').contains(\"Sign out\").click();",
              "err": {},
              "uuid": "43cdb4e3-ae4a-4cf0-a1af-74411f19b776",
              "parentUUID": "20293ab6-5c3c-4ca9-b077-189cc8a8cf57",
              "isHook": false,
              "skipped": false
            }
          ],
          "suites": [],
          "passes": [
            "dc1a1d8c-119e-4549-89dc-2d16e466383f",
            "be68e9fc-a6ab-4077-be3c-59d330163766",
            "c2904e91-455d-4693-be66-0a07103269ab",
            "5811b053-b1d9-483c-91ab-d31052ae88d7",
            "43cdb4e3-ae4a-4cf0-a1af-74411f19b776"
          ],
          "failures": [],
          "pending": [],
          "skipped": [],
          "duration": 9053,
          "root": false,
          "rootEmpty": false,
          "_timeout": 2000
        }
      ],
      "passes": [],
      "failures": [],
      "pending": [],
      "skipped": [],
      "duration": 0,
      "root": true,
      "rootEmpty": true,
      "_timeout": 2000
    },
    {
      "uuid": "b40dfa74-6b08-4f29-a207-a4ec2f809254",
      "title": "",
      "fullFile": "cypress\\e2e\\one\\allSoftware.js",
      "file": "cypress\\e2e\\one\\allSoftware.js",
      "beforeHooks": [],
      "afterHooks": [],
      "tests": [],
      "suites": [
        {
          "uuid": "11aa5db5-c5ab-46be-ba6a-acdb58648f86",
          "title": "Test case for allSoftware",
          "fullFile": "cypress\\e2e\\one\\allSoftware.js",
          "file": "cypress\\e2e\\one\\allSoftware.js",
          "beforeHooks": [],
          "afterHooks": [],
          "tests": [
            {
              "title": "Asset : Lead Management Software(lms)",
              "fullTitle": "Test case for allSoftware Asset : Lead Management Software(lms)",
              "timedOut": null,
              "duration": 5539,
              "state": "passed",
              "speed": "medium",
              "pass": true,
              "fail": false,
              "pending": false,
              "context": null,
              "code": "let lmsDes = 'Efficiently manage and assign lead information.';\ncy.Modules(`#lms ${one.moduleNameID}`, _helper.modules.lms, `#lms ${one.moduleDescID}`, lmsDes, `#lms ${one.modOpnbtnID}`, one.moduleHeader, _helper.modules.lms);",
              "err": {},
              "uuid": "3ec18699-0f61-43a2-9127-0771e7eda1b7",
              "parentUUID": "11aa5db5-c5ab-46be-ba6a-acdb58648f86",
              "isHook": false,
              "skipped": false
            },
            {
              "title": "Asset : Customer relationship management Software(crm)",
              "fullTitle": "Test case for allSoftware Asset : Customer relationship management Software(crm)",
              "timedOut": null,
              "duration": 4129,
              "state": "passed",
              "speed": "fast",
              "pass": true,
              "fail": false,
              "pending": false,
              "context": null,
              "code": "let crmDes = 'Drive sales success, build stronger client relationships, and grow revenue with our CRM.';\ncy.Modules(`#crm  ${one.moduleNameID}`, _helper.modules.crm, `#crm  ${one.moduleDescID}`, crmDes, `#crm  ${one.modOpnbtnID}`, one.moduleHeader, _helper.modules.crm);",
              "err": {},
              "uuid": "0c50310a-86d5-40ad-a6a9-1e15cadac1fb",
              "parentUUID": "11aa5db5-c5ab-46be-ba6a-acdb58648f86",
              "isHook": false,
              "skipped": false
            },
            {
              "title": "Asset : Approval Management Software(cnf)",
              "fullTitle": "Test case for allSoftware Asset : Approval Management Software(cnf)",
              "timedOut": null,
              "duration": 3783,
              "state": "passed",
              "speed": "fast",
              "pass": true,
              "fail": false,
              "pending": false,
              "context": null,
              "code": "let aprDes = 'The approver can approve public and private data as required.';\ncy.Modules(`#cnf  ${one.moduleNameID}`, _helper.modules.apr, `#cnf  ${one.moduleDescID}`, aprDes, `#cnf ${one.modOpnbtnID}`, one.moduleHeader, _helper.modules.apr);",
              "err": {},
              "uuid": "b39e5110-c921-4450-95a1-fe33807820fa",
              "parentUUID": "11aa5db5-c5ab-46be-ba6a-acdb58648f86",
              "isHook": false,
              "skipped": false
            },
            {
              "title": "Asset : Buopso Form",
              "fullTitle": "Test case for allSoftware Asset : Buopso Form",
              "timedOut": null,
              "duration": 3656,
              "state": "passed",
              "speed": "fast",
              "pass": true,
              "fail": false,
              "pending": false,
              "context": null,
              "code": "let formsDes = 'Build your form as required and gather the form data.';\ncy.Modules(`#forms  ${one.moduleNameID}`, _helper.modules.buForms, `#forms  ${one.moduleDescID}`, formsDes, `#forms  ${one.modOpnbtnID}`, one.moduleHeader, _helper.modules.buForms);",
              "err": {},
              "uuid": "57be9f8f-4a8c-4d05-8c9f-31027831924a",
              "parentUUID": "11aa5db5-c5ab-46be-ba6a-acdb58648f86",
              "isHook": false,
              "skipped": false
            },
            {
              "title": "Asset : Task Management",
              "fullTitle": "Test case for allSoftware Asset : Task Management",
              "timedOut": null,
              "duration": 3703,
              "state": "passed",
              "speed": "fast",
              "pass": true,
              "fail": false,
              "pending": false,
              "context": null,
              "code": "let taskDes = 'Task management system. Manage task records and assign tasks to the user.';\ncy.Modules(`#task  ${one.moduleNameID}`, _helper.modules.taskManagement, `#task  ${one.moduleDescID}`, taskDes, `#task  ${one.modOpnbtnID}`, one.moduleHeader, _helper.modules.taskManagement);",
              "err": {},
              "uuid": "413b8080-ca59-4a01-963b-a41f0f748c2b",
              "parentUUID": "11aa5db5-c5ab-46be-ba6a-acdb58648f86",
              "isHook": false,
              "skipped": false
            },
            {
              "title": "Asset : Invoice",
              "fullTitle": "Test case for allSoftware Asset : Invoice",
              "timedOut": null,
              "duration": 4420,
              "state": "passed",
              "speed": "fast",
              "pass": true,
              "fail": false,
              "pending": false,
              "context": null,
              "code": "let InvoiceDes = 'Invoice for customers and manage payment and ledger history.';\ncy.Modules(`#invoice ${one.moduleNameID}`, _helper.modules.invoice, `#invoice  ${one.moduleDescID}`, InvoiceDes, `#invoice ${one.modOpnbtnID}`, one.moduleHeader, _helper.modules.invoice);",
              "err": {},
              "uuid": "70011142-bdf8-4b7d-b634-3710a6126223",
              "parentUUID": "11aa5db5-c5ab-46be-ba6a-acdb58648f86",
              "isHook": false,
              "skipped": false
            }
          ],
          "suites": [],
          "passes": [
            "3ec18699-0f61-43a2-9127-0771e7eda1b7",
            "0c50310a-86d5-40ad-a6a9-1e15cadac1fb",
            "b39e5110-c921-4450-95a1-fe33807820fa",
            "57be9f8f-4a8c-4d05-8c9f-31027831924a",
            "413b8080-ca59-4a01-963b-a41f0f748c2b",
            "70011142-bdf8-4b7d-b634-3710a6126223"
          ],
          "failures": [],
          "pending": [],
          "skipped": [],
          "duration": 25230,
          "root": false,
          "rootEmpty": false,
          "_timeout": 2000
        }
      ],
      "passes": [],
      "failures": [],
      "pending": [],
      "skipped": [],
      "duration": 0,
      "root": true,
      "rootEmpty": true,
      "_timeout": 2000
    },
    {
      "uuid": "bd36b724-3571-4f62-8d6f-635052631d30",
      "title": "",
      "fullFile": "cypress\\e2e\\one\\myAccount\\addUser.js",
      "file": "cypress\\e2e\\one\\myAccount\\addUser.js",
      "beforeHooks": [],
      "afterHooks": [],
      "tests": [],
      "suites": [
        {
          "uuid": "76523efb-b604-48a0-9a8a-0d8f66d27691",
          "title": "Add User functionality test",
          "fullFile": "cypress\\e2e\\one\\myAccount\\addUser.js",
          "file": "cypress\\e2e\\one\\myAccount\\addUser.js",
          "beforeHooks": [],
          "afterHooks": [],
          "tests": [
            {
              "title": "Test with a valid unique Valid email",
              "fullTitle": "Add User functionality test Test with a valid unique Valid email",
              "timedOut": null,
              "duration": 19777,
              "state": "failed",
              "speed": null,
              "pass": false,
              "fail": true,
              "pending": false,
              "context": null,
              "code": "cyGet('[placeholder=\"Email id\"]').type(uniqueEmail);\ncy.contains(\"Select permission template\").click();\ncy.wait(\"@getTemplate\", {\n  timeout: 10000\n}).then(({\n  response\n}) => {\n  let teplateName = response.body.result.values.map(ele => ele.label);\n  // cy.log(teplateName)\n  cy.wrap(teplateName).as(\"templates\");\n  if (response.body.result.values.length > 0) {\n    cy.assetDropdownSel(teplateName[0]).should(\"have.text\", teplateName[0]);\n  }\n  customElements;\n});\ncyGet(\"@templates\").then(response => {\n  templateLabel = response;\n});\ncyGet(lead.typeBtn).contains(\"Save\").click();\n// cy.pause()\ncyGet('.MuiSnackbarContent-message').should(\"have.text\", messages.requestSuccess);",
              "err": {
                "message": "AssertionError: Timed out retrying after 15000ms: Expected to find element: `[placeholder=\"Email id\"]`, but never found it.",
                "estack": "AssertionError: Timed out retrying after 15000ms: Expected to find element: `[placeholder=\"Email id\"]`, but never found it.\n    at cyGet (webpack://bu-testing/./cypress/helpers/global.js:3:47)\n    at Context.eval (webpack://bu-testing/./cypress/e2e/one/myAccount/addUser.js:18:4)",
                "diff": null
              },
              "uuid": "6f6b94da-9bec-49c8-80ed-57688f9ad6dc",
              "parentUUID": "76523efb-b604-48a0-9a8a-0d8f66d27691",
              "isHook": false,
              "skipped": false
            },
            {
              "title": "Test with a invalid email",
              "fullTitle": "Add User functionality test Test with a invalid email",
              "timedOut": null,
              "duration": 5533,
              "state": "failed",
              "speed": null,
              "pass": false,
              "fail": true,
              "pending": false,
              "context": null,
              "code": "let randomString_1 = Math.random().toString(36).substring(2, 11);\nlet uniqueEmail_1 = `testuser${randomString_1}example.com`;\ncy.get('[placeholder=\"Email id\"]').type(uniqueEmail_1);\ncy.contains(\"Select permission template\").click();\ncy.get('[data-testid=\"chipinput-chip-nkx7xamrs\"]').trigger('mouseover');\ncy.wait(500);\ncy.get('.MuiTooltip-tooltip').should('have.text', 'Email is not valid.');",
              "err": {
                "message": "AssertionError: Timed out retrying after 4000ms: Expected to find element: `[placeholder=\"Email id\"]`, but never found it.",
                "estack": "AssertionError: Timed out retrying after 4000ms: Expected to find element: `[placeholder=\"Email id\"]`, but never found it.\n    at Context.eval (webpack://bu-testing/./cypress/e2e/one/myAccount/addUser.js:40:7)",
                "diff": null
              },
              "uuid": "308892ee-dd7e-4b1a-97f2-1ac5341004c4",
              "parentUUID": "76523efb-b604-48a0-9a8a-0d8f66d27691",
              "isHook": false,
              "skipped": false
            },
            {
              "title": "Test with a Exist email",
              "fullTitle": "Add User functionality test Test with a Exist email",
              "timedOut": null,
              "duration": 5705,
              "state": "failed",
              "speed": null,
              "pass": false,
              "fail": true,
              "pending": false,
              "context": null,
              "code": "cy.get('[placeholder=\"Email id\"]').type(uniqueEmail);\ncy.contains(\"Select permission template\").click();\ncy.get('[data-testid=\"chipinput-chip-nkx7xamrs\"]').trigger('mouseover');\ncy.get('.MuiTooltip-tooltip').should('have.text', 'User already exist.');\ncy.get(lead.typeBtn).contains(\"Save\").should(\"be.disabled\");",
              "err": {
                "message": "AssertionError: Timed out retrying after 4000ms: Expected to find element: `[placeholder=\"Email id\"]`, but never found it.",
                "estack": "AssertionError: Timed out retrying after 4000ms: Expected to find element: `[placeholder=\"Email id\"]`, but never found it.\n    at Context.eval (webpack://bu-testing/./cypress/e2e/one/myAccount/addUser.js:48:7)",
                "diff": null
              },
              "uuid": "0712f482-2b6a-429d-ae1c-a88c39b76c3e",
              "parentUUID": "76523efb-b604-48a0-9a8a-0d8f66d27691",
              "isHook": false,
              "skipped": false
            },
            {
              "title": "Test For addTemplate from Add user page",
              "fullTitle": "Add User functionality test Test For addTemplate from Add user page",
              "timedOut": null,
              "duration": 5817,
              "state": "failed",
              "speed": null,
              "pass": false,
              "fail": true,
              "pending": false,
              "context": null,
              "code": "//  cy.componentLabel(lead.formLabel, \"Select permission template\", \"button\").click()\ncy.get('[data-testid=\"button-typography-8x5inumxs\"]').first().click(); //select the template\n// cy.assetDropdownSel(templateLabel[0]).click()\ncy.get('[data-testid=\"dropdown-footer\"]').contains('Add template').click(); // add new template\n// cy.contains('Add template').click();\ncy.url().should('eq', `${Cypress.env(\"url\")}/template`);\ncy.contains('Create').should('be.visible').should('not.be.disabled').click();",
              "err": {
                "message": "CypressError: Timed out retrying after 4050ms: `cy.click()` failed because it requires a DOM element, window or document.\n\nNo elements in the current DOM matched your query:\n\n  > cy.get([data-testid=\"dropdown-footer\"]).contains(Add template)",
                "estack": "CypressError: Timed out retrying after 4050ms: `cy.click()` failed because it requires a DOM element, window or document.\n\nNo elements in the current DOM matched your query:\n\n  > cy.get([data-testid=\"dropdown-footer\"]).contains(Add template)\n    at isElement (http://one.buopso.lcl/__cypress/runner/cypress_runner.js:148556:62)\n    at validateType (http://one.buopso.lcl/__cypress/runner/cypress_runner.js:148414:14)\n    at Object.isType (http://one.buopso.lcl/__cypress/runner/cypress_runner.js:148445:7)\n    at Array.<anonymous> (http://one.buopso.lcl/__cypress/runner/cypress_runner.js:135693:22)\n    at $Cy.getSubjectFromChain (http://one.buopso.lcl/__cypress/runner/cypress_runner.js:142173:34)\n    at Object.subjectFn (http://one.buopso.lcl/__cypress/runner/cypress_runner.js:114214:51)\n    at retryActionability (http://one.buopso.lcl/__cypress/runner/cypress_runner.js:114916:27)\n    at tryCatcher (http://one.buopso.lcl/__cypress/runner/cypress_runner.js:1777:23)\n    at Promise.attempt.Promise.try (http://one.buopso.lcl/__cypress/runner/cypress_runner.js:4285:29)\n    at whenStable (http://one.buopso.lcl/__cypress/runner/cypress_runner.js:147344:68)\n    at <unknown> (http://one.buopso.lcl/__cypress/runner/cypress_runner.js:147285:14)\n    at tryCatcher (http://one.buopso.lcl/__cypress/runner/cypress_runner.js:1777:23)\n    at Promise._settlePromiseFromHandler (http://one.buopso.lcl/__cypress/runner/cypress_runner.js:1489:31)\n    at Promise._settlePromise (http://one.buopso.lcl/__cypress/runner/cypress_runner.js:1546:18)\n    at Promise._settlePromise0 (http://one.buopso.lcl/__cypress/runner/cypress_runner.js:1591:10)\n    at Promise._settlePromises (http://one.buopso.lcl/__cypress/runner/cypress_runner.js:1671:18)\n    at Promise._fulfill (http://one.buopso.lcl/__cypress/runner/cypress_runner.js:1615:18)\n    at <unknown> (http://one.buopso.lcl/__cypress/runner/cypress_runner.js:5420:46)\nFrom Your Spec Code:\n    at Context.eval (webpack://bu-testing/./cypress/e2e/one/myAccount/addUser.js:59:71)",
                "diff": null
              },
              "uuid": "decaa085-ab6e-44d3-89f2-3cb7ffce9dc8",
              "parentUUID": "76523efb-b604-48a0-9a8a-0d8f66d27691",
              "isHook": false,
              "skipped": false
            }
          ],
          "suites": [],
          "passes": [],
          "failures": [
            "6f6b94da-9bec-49c8-80ed-57688f9ad6dc",
            "308892ee-dd7e-4b1a-97f2-1ac5341004c4",
            "0712f482-2b6a-429d-ae1c-a88c39b76c3e",
            "decaa085-ab6e-44d3-89f2-3cb7ffce9dc8"
          ],
          "pending": [],
          "skipped": [],
          "duration": 36832,
          "root": false,
          "rootEmpty": false,
          "_timeout": 2000
        }
      ],
      "passes": [],
      "failures": [],
      "pending": [],
      "skipped": [],
      "duration": 0,
      "root": true,
      "rootEmpty": true,
      "_timeout": 2000
    },
    {
      "uuid": "d099e7d5-b155-4c9e-91d0-fe42699096c7",
      "title": "",
      "fullFile": "cypress\\e2e\\one\\myAccount\\manageTemplate.js",
      "file": "cypress\\e2e\\one\\myAccount\\manageTemplate.js",
      "beforeHooks": [],
      "afterHooks": [],
      "tests": [],
      "suites": [
        {
          "uuid": "b663f4ff-0060-4051-957a-ab8205b2ceff",
          "title": "Manage User functionality test",
          "fullFile": "cypress\\e2e\\one\\myAccount\\manageTemplate.js",
          "file": "cypress\\e2e\\one\\myAccount\\manageTemplate.js",
          "beforeHooks": [],
          "afterHooks": [],
          "tests": [
            {
              "title": "Check system default required field should be already required and should not be changeable  ",
              "fullTitle": "Manage User functionality test Check system default required field should be already required and should not be changeable  ",
              "timedOut": null,
              "duration": 0,
              "state": "pending",
              "speed": null,
              "pass": false,
              "fail": false,
              "pending": true,
              "context": null,
              "code": "cy.get('[placeholder=\"search....\"]').type(uniqueTemplateName);\ncy.get('table> tbody').children(\"tr\").contains(uniqueTemplateName).next().click();\ncy.get(\"#edit\").click();\ncy.wait(1000);\ncy.get('input[placeholder=\"Enter template name\"]').clear().type(uniqueTemplateNameupdated);\ncy.get('[role=\"list\"] [type=\"button\"]').click();\ncy.wait('@getPipelines', {\n  timeout: 10000\n}).then(interception => {\n  const responseBody = interception.response.body;\n  const leadName = responseBody.result.values[0].label;\n  cy.get(`${lead.chooseOptions} > :nth-child(2)`).click();\n  cy.contains(leadName).click();\n  cy.get('[data-testid=\"recordaccesstable-tablebody-circtrpwp\"] > [data-testid=\"ownershiprow-tablerow-6gy8mx6fe\"] > :nth-child(4) > [data-testid=\"ownershiprow-checkbox-y6wgiibo8\"] > .PrivateSwitchBase-input');\n  cy.get('[data-testid=\"ownershiprow-tablecell-jgp2w36xa\"] button').eq(1).click();\n  cy.wait(\"@tempFieldsList\", {\n    timeout: 10000\n  }).then(({\n    response\n  }) => {\n    const fieldLabel = response.body.result.values.map(ele => ele.label);\n    const fieldId = response.body.result.values.map(ele => ele.id);\n    cy.log(fieldLabel[0]);\n    cy.get('input[placeholder=\"Search...\"]').type(fieldLabel[0]);\n    cy.get(`[data-rbd-draggable-id=\"${fieldId[0]}\"] > .MuiGrid-root > :nth-child(2) > :nth-child(1) button`).click();\n    cy.contains('Required').should('have.class', 'Mui-disabled');\n    cy.get('[data-testid=\"bupopper-dialogactions-0zh9xps0l\"]').find('[data-testid=\"Cancel\"]').click();\n    cy.get('#send').click();\n    cy.get(lead.typeBtn).contains(\"Save\").click();\n  });\n  // })\n});",
              "err": {},
              "uuid": "fa2a6eee-369f-4e9b-9e9f-acdd125fee24",
              "parentUUID": "b663f4ff-0060-4051-957a-ab8205b2ceff",
              "isHook": false,
              "skipped": false
            }
          ],
          "suites": [
            {
              "uuid": "b82446ec-3be4-4843-9dfc-53db0cfcca93",
              "title": "Add Template",
              "fullFile": "",
              "file": "",
              "beforeHooks": [],
              "afterHooks": [],
              "tests": [
                {
                  "title": "Verify the selected software and available softwares on the Create Template page",
                  "fullTitle": "Manage User functionality test Add Template Verify the selected software and available softwares on the Create Template page",
                  "timedOut": null,
                  "duration": 7163,
                  "state": "passed",
                  "speed": "medium",
                  "pass": true,
                  "fail": false,
                  "pending": false,
                  "context": null,
                  "code": "cy.visit(`${Cypress.env(\"url\")}/profile?tab=manageTemplate`);\ncyGet(globalSel.createtestid).contains(\"Create\").click();\ncy.wait(\"@modulePermission\", {\n  timeout: 10000\n}).then(({\n  response\n}) => {\n  const [firstModule, ...availableModules] = response.body.result.add;\n  cyGet(`[data-testid=\"permissionsoftwarelist-typography-ftrzexyr7\"]`).should(\"contain.text\", \"Selected software\");\n  cyGet(`[data-testid=\"permissionsoftwarelist-menulist-aafxej4yj\"]`).first().find('[data-testid=\"permissionsoftwarelist-typography-zackmqq0q\"]').should('contain.text', formatModuleName(firstModule)); // e.g. Lead Management\n  availableModules.forEach(module => {\n    cyGet('[data-testid=\"permissionsoftwarelist-menulist-2qkcm4j30\"]').find(`[data-testid=\"permissionsoftwarelist-typography-86cpoqkhp\"]`).should('contain.text', formatModuleName(module));\n  });\n});",
                  "err": {},
                  "uuid": "6b81fc07-f324-42ad-b0cd-12aa9b42935a",
                  "parentUUID": "b82446ec-3be4-4843-9dfc-53db0cfcca93",
                  "isHook": false,
                  "skipped": false
                },
                {
                  "title": "Add user template",
                  "fullTitle": "Manage User functionality test Add Template Add user template",
                  "timedOut": null,
                  "duration": 7296,
                  "state": "passed",
                  "speed": "medium",
                  "pass": true,
                  "fail": false,
                  "pending": false,
                  "context": null,
                  "code": "cy.visit(`${Cypress.env(\"url\")}/profile?tab=manageTemplate`);\ncyGet(globalSel.createtestid).contains(\"Create\").click();\n// Fill template name\nbutextField(`[data-testid=\"index-textfield-fm1l89cxe\"]`, `label`).contains(\"Template name\");\nbutextField(`[data-testid=\"index-textfield-fm1l89cxe\"]`, `input[placeholder=\"Enter template name\"]`).type(uniqueTemplateName);\n// Open dropdown and select pipeline\nbudropdown(`[data-testid=\"managepermission-stack-m3in09ace\"] > :first`, `[data-testid=\"button-typography-8x5inumxs\"]`, `Select Pipeline`);\ncy.wait(\"@getPipelines\", {\n  timeout: 10000\n}).then(({\n  response\n}) => {\n  const pipelines = response.body.result.values.map(ele => ele.label);\n  const firstPipeline = pipelines[0];\n  // Search if more than 5 pipelines\n  if (pipelines.length > 5) {\n    buSearchbox(globalSel.search, firstPipeline);\n  }\n  budropdownOption(firstPipeline).first().click();\n  // Verify ownership permissions UI\n  cyGet('[data-testid=\"ownershiprow-iconbutton-ph6ah241c\"]').click();\n  cy.contains('thead', 'Permission');\n  cy.contains('thead', 'Owner only');\n  cy.contains('thead', 'Everything');\n  cy.contains('thead', 'Select fields');\n  cy.contains('tr', firstPipeline);\n  // View permission should be checked and disabled\n  cy.contains('tr', 'View').find('input[type=\"checkbox\"]').eq(0).should('be.checked').and('be.disabled');\n  // Save\n  buSaveButton().click();\n});",
                  "err": {},
                  "uuid": "fcc4b1cb-3d6b-428c-9361-a142c0fc677a",
                  "parentUUID": "b82446ec-3be4-4843-9dfc-53db0cfcca93",
                  "isHook": false,
                  "skipped": false
                }
              ],
              "suites": [],
              "passes": [
                "6b81fc07-f324-42ad-b0cd-12aa9b42935a",
                "fcc4b1cb-3d6b-428c-9361-a142c0fc677a"
              ],
              "failures": [],
              "pending": [],
              "skipped": [],
              "duration": 14459,
              "root": false,
              "rootEmpty": false,
              "_timeout": 2000
            },
            {
              "uuid": "e27f824c-7c2b-40d8-aad4-5653ec11470e",
              "title": "Assign and Edit Template",
              "fullFile": "",
              "file": "",
              "beforeHooks": [],
              "afterHooks": [],
              "tests": [
                {
                  "title": "Assign Template to user",
                  "fullTitle": "Manage User functionality test Assign and Edit Template Assign Template to user",
                  "timedOut": null,
                  "duration": 15653,
                  "state": "passed",
                  "speed": "slow",
                  "pass": true,
                  "fail": false,
                  "pending": false,
                  "context": null,
                  "code": "cy.visit(`${Cypress.env(\"url\")}/profile?tab=manageUsers`);\ncy.wait(\"@userGrid\", {\n  timeout: 10000\n}).then(({\n  response\n}) => {\n  var _user, _user2;\n  user = response.body.result.values.find(ele => ele.role === \"std\");\n  if (!user) {\n    this.skip();\n  }\n  cy.intercept('GET', `**/crew/users//${user.id}`).as('getUserById');\n  cyGet(`[data-testid=\"activitybar-textfield-8eiuz4v4a\"] input`).type((_user = user) === null || _user === void 0 ? void 0 : _user.label);\n  onesecondWait();\n  cy.contains('tr', (_user2 = user) === null || _user2 === void 0 ? void 0 : _user2.label).find(`[data-testid=\"Action\"]`).click();\n  cyGet(\"#edit\").click({\n    force: true\n  });\n  twosecondWait();\n  cy.wait(\"@getUserById\").then(({\n    response\n  }) => {\n    const assignedTemplate = response.body.result.profile.template.label;\n    cyGet(`[data-testid=\"chipinput-iconbutton-ycchky4nm\"]`).click();\n    cy.wait(\"@getTempalte\", {\n      timeout: 10000\n    }).then(({\n      response\n    }) => {\n      const totalTemplates = response.body.result.pages.totalRecords;\n      const templates = response.body.result.values.map(ele => ele.label);\n      if (assignedTemplate === \"No template\") {\n        userTemplate = templates[0];\n        if (totalTemplates > 5) {\n          buSearchbox(globalSel.search, userTemplate);\n        }\n        budropdownOption(userTemplate, `[data-testid=\"buchip-chip-5r51zm55o\"]`).click();\n      } else {\n        userTemplate = templates.find(ele => ele !== assignedTemplate);\n        if (totalTemplates > 5) {\n          buSearchbox(globalSel.search, userTemplate);\n        }\n        budropdownOption(userTemplate, `[data-testid=\"buchip-chip-5r51zm55o\"]`).click();\n      }\n      twosecondWait();\n      buSaveButton().click();\n      cyGet('.MuiSnackbarContent-message').should(\"contain.text\", \"User Permissions Updated\");\n      logout();\n      // cy.clearCookies();\n    });\n  });\n});",
                  "err": {},
                  "uuid": "3e24f2fc-e074-406a-8965-42c9ea91042c",
                  "parentUUID": "e27f824c-7c2b-40d8-aad4-5653ec11470e",
                  "isHook": false,
                  "skipped": false
                },
                {
                  "title": "Verify if the standard user has permission to create a record.",
                  "fullTitle": "Manage User functionality test Assign and Edit Template Verify if the standard user has permission to create a record.",
                  "timedOut": null,
                  "duration": 17456,
                  "state": "passed",
                  "speed": "slow",
                  "pass": true,
                  "fail": false,
                  "pending": false,
                  "context": null,
                  "code": "cy.visit(`${Cypress.env(\"url\")}/profile?tab=manageTemplate`);\npermission(userTemplate).then(permissionResult => {\n  var _user3;\n  const assignedPipeline = Object.keys(permissionResult.auth.lms.lead.manageRecords);\n  const recordPermission = permissionResult.auth.lms.lead.manageRecords[assignedPipeline[0]];\n  const create = recordPermission.create;\n  setPermissionOnRoleSwitch(create, false, \"Create\", 0);\n  // Login with standard user\n  cy.login((_user3 = user) === null || _user3 === void 0 ? void 0 : _user3.email);\n  cy.visit(`${Cypress.env(\"lmsUrl\")}/leads`);\n  cyGet(`[data-testid=\"Create Lead\"]`).should(\"not.be.disabled\");\n  logout();\n  cy.clearCookies();\n});",
                  "err": {},
                  "uuid": "d34215ed-2038-4011-ad37-95c4d3148605",
                  "parentUUID": "e27f824c-7c2b-40d8-aad4-5653ec11470e",
                  "isHook": false,
                  "skipped": false
                },
                {
                  "title": "Verify if the standard user has permission to import the record.",
                  "fullTitle": "Manage User functionality test Assign and Edit Template Verify if the standard user has permission to import the record.",
                  "timedOut": null,
                  "duration": 16042,
                  "state": "passed",
                  "speed": "slow",
                  "pass": true,
                  "fail": false,
                  "pending": false,
                  "context": null,
                  "code": "cy.visit(`${Cypress.env(\"url\")}/profile?tab=manageTemplate`);\npermission(userTemplate).then(permissionResult => {\n  var _user4;\n  const assignedPipeline = Object.keys(permissionResult.auth.lms.lead.manageRecords);\n  const recordPermission = permissionResult.auth.lms.lead.manageRecords[assignedPipeline[0]];\n  const imp = recordPermission.import;\n  setPermissionOnRoleSwitch(imp, false, \"Import\", 0);\n  // Login with standard user\n  cy.login((_user4 = user) === null || _user4 === void 0 ? void 0 : _user4.email);\n  cy.visit(`${Cypress.env(\"lmsUrl\")}/leads`);\n  cyGet(`[data-testid=\"Import\"]`).should(\"not.be.disabled\");\n  logout();\n  cy.clearCookies();\n});",
                  "err": {},
                  "uuid": "e0399583-141f-4a39-a0af-0752fe6b0a74",
                  "parentUUID": "e27f824c-7c2b-40d8-aad4-5653ec11470e",
                  "isHook": false,
                  "skipped": false
                },
                {
                  "title": "Verify if the standard user has permission to activity of record.",
                  "fullTitle": "Manage User functionality test Assign and Edit Template Verify if the standard user has permission to activity of record.",
                  "timedOut": null,
                  "duration": 17256,
                  "state": "passed",
                  "speed": "slow",
                  "pass": true,
                  "fail": false,
                  "pending": false,
                  "context": null,
                  "code": "cy.visit(`${Cypress.env(\"url\")}/profile?tab=manageTemplate`);\npermission(userTemplate).then(permissionResult => {\n  var _user5;\n  const assignedPipeline = Object.keys(permissionResult.auth.lms.lead.manageRecords);\n  const recordPermission = permissionResult.auth.lms.lead.manageRecords[assignedPipeline[0]];\n  const activity = recordPermission.activity;\n  setPermissionOnRoleSwitch(activity, false, \"Activity\", 0);\n  // Login with standard user\n  cy.login((_user5 = user) === null || _user5 === void 0 ? void 0 : _user5.email);\n  cy.visit(`${Cypress.env(\"lmsUrl\")}/leads`);\n  cyGet(`[data-testid=\"buelementgroup-box-n1f8dc7ag\"] [aria-label=\"Split view\"]`).click();\n  cyGet(`[data-testid=\"communicationbar-box-951cbwqi4\"]`).find(`[aria-label=\"Activities\"]`);\n  logout();\n  cy.clearCookies();\n});",
                  "err": {},
                  "uuid": "937d469d-df35-44aa-8566-64324500005d",
                  "parentUUID": "e27f824c-7c2b-40d8-aad4-5653ec11470e",
                  "isHook": false,
                  "skipped": false
                },
                {
                  "title": "Verify if the standard user has permission to Whatsapp.",
                  "fullTitle": "Manage User functionality test Assign and Edit Template Verify if the standard user has permission to Whatsapp.",
                  "timedOut": null,
                  "duration": 16507,
                  "state": "passed",
                  "speed": "slow",
                  "pass": true,
                  "fail": false,
                  "pending": false,
                  "context": null,
                  "code": "cy.visit(`${Cypress.env(\"url\")}/profile?tab=manageTemplate`);\npermission(userTemplate).then(permissionResult => {\n  var _user6;\n  const assignedPipeline = Object.keys(permissionResult.auth.lms.lead.manageRecords);\n  const recordPermission = permissionResult.auth.lms.lead.manageRecords[assignedPipeline[0]];\n  const wa = recordPermission.wa;\n  setPermissionOnRoleSwitch(wa, false, \"Whatsapp\", 0);\n  // Login with standard user\n  cy.login((_user6 = user) === null || _user6 === void 0 ? void 0 : _user6.email);\n  // twosecondWait()\n  cy.visit(`${Cypress.env(\"lmsUrl\")}/leads`);\n  cyGet(`[data-testid=\"buelementgroup-box-n1f8dc7ag\"] [aria-label=\"Split view\"]`).click();\n  cyGet('[data-testid=\"communicationbar-box-951cbwqi4\"]').find(`[aria-label=\"Whatsapp\"]`);\n  logout();\n  cy.clearCookies();\n});",
                  "err": {},
                  "uuid": "073f36f0-4be9-4ac8-950c-de0a81bfea61",
                  "parentUUID": "e27f824c-7c2b-40d8-aad4-5653ec11470e",
                  "isHook": false,
                  "skipped": false
                },
                {
                  "title": "Verify if the standard user has not permission to create a record.",
                  "fullTitle": "Manage User functionality test Assign and Edit Template Verify if the standard user has not permission to create a record.",
                  "timedOut": null,
                  "duration": 15566,
                  "state": "passed",
                  "speed": "slow",
                  "pass": true,
                  "fail": false,
                  "pending": false,
                  "context": null,
                  "code": "cy.visit(`${Cypress.env(\"url\")}/profile?tab=manageTemplate`);\npermission(userTemplate).then(permissionResult => {\n  var _user7;\n  const assignedPipeline = Object.keys(permissionResult.auth.lms.lead.manageRecords);\n  const recordPermission = permissionResult.auth.lms.lead.manageRecords[assignedPipeline[0]];\n  const create = recordPermission.create;\n  setPermissionOnRoleSwitch(create, true, \"Create\", 0);\n  // Login with standard user\n  cy.login((_user7 = user) === null || _user7 === void 0 ? void 0 : _user7.email);\n  cy.visit(`${Cypress.env(\"lmsUrl\")}/leads`);\n  cyGet(`[data-testid=\"Create Lead\"]`).should(\"be.disabled\");\n  logout();\n  cy.clearCookies();\n});",
                  "err": {},
                  "uuid": "5fa7e18d-6fa9-4955-9dc2-63f580301ca3",
                  "parentUUID": "e27f824c-7c2b-40d8-aad4-5653ec11470e",
                  "isHook": false,
                  "skipped": false
                },
                {
                  "title": "Verify if the standard user has not permission to import the record.",
                  "fullTitle": "Manage User functionality test Assign and Edit Template Verify if the standard user has not permission to import the record.",
                  "timedOut": null,
                  "duration": 14785,
                  "state": "passed",
                  "speed": "slow",
                  "pass": true,
                  "fail": false,
                  "pending": false,
                  "context": null,
                  "code": "cy.visit(`${Cypress.env(\"url\")}/profile?tab=manageTemplate`);\npermission(userTemplate).then(permissionResult => {\n  var _user8;\n  const assignedPipeline = Object.keys(permissionResult.auth.lms.lead.manageRecords);\n  const recordPermission = permissionResult.auth.lms.lead.manageRecords[assignedPipeline[0]];\n  const imp = recordPermission.import;\n  setPermissionOnRoleSwitch(imp, true, \"Import\", 0);\n  // Login with standard user\n  cy.login((_user8 = user) === null || _user8 === void 0 ? void 0 : _user8.email);\n  cy.visit(`${Cypress.env(\"lmsUrl\")}/leads`);\n  cyGet(`[data-testid=\"Import\"]`).should(\"be.disabled\");\n  logout();\n  cy.clearCookies();\n});",
                  "err": {},
                  "uuid": "4715976e-c411-4157-89f4-dfb1bf92e947",
                  "parentUUID": "e27f824c-7c2b-40d8-aad4-5653ec11470e",
                  "isHook": false,
                  "skipped": false
                }
              ],
              "suites": [],
              "passes": [
                "3e24f2fc-e074-406a-8965-42c9ea91042c",
                "d34215ed-2038-4011-ad37-95c4d3148605",
                "e0399583-141f-4a39-a0af-0752fe6b0a74",
                "937d469d-df35-44aa-8566-64324500005d",
                "073f36f0-4be9-4ac8-950c-de0a81bfea61",
                "5fa7e18d-6fa9-4955-9dc2-63f580301ca3",
                "4715976e-c411-4157-89f4-dfb1bf92e947"
              ],
              "failures": [],
              "pending": [],
              "skipped": [],
              "duration": 113265,
              "root": false,
              "rootEmpty": false,
              "_timeout": 2000
            },
            {
              "uuid": "4e4367bc-7047-428e-97f8-fe5f449fe608",
              "title": "Delete TemPlate functionality",
              "fullFile": "",
              "file": "",
              "beforeHooks": [],
              "afterHooks": [],
              "tests": [
                {
                  "title": "Delete Template",
                  "fullTitle": "Manage User functionality test Delete TemPlate functionality Delete Template",
                  "timedOut": null,
                  "duration": 5917,
                  "state": "passed",
                  "speed": "medium",
                  "pass": true,
                  "fail": false,
                  "pending": false,
                  "context": null,
                  "code": "let msg1 = \"Delete template\";\nlet msg2 = \"Are you sure you want to delete this Template ?\";\ncy.visit(`${Cypress.env(\"url\")}/profile?tab=manageTemplate`);\ncy.wait(\"@templateGrid\", {\n  timeout: 10000\n}).then(({\n  response\n}) => {\n  const unAssignedTemplate = response.body.result.values.filter(ele => ele.assignedTo.length === 0);\n  if (unAssignedTemplate.length > 0) {\n    cyGet(`[data-testid=\"templatelist-textfield-e9dj43sha\"] input`).type(unAssignedTemplate[0].label);\n    cy.contains('tr', unAssignedTemplate[0].label).find(`[data-testid=\"Action\"]`).click();\n    cyGet(\"#delete\").click();\n    buCaption(`[role=\"dialog\"]`, `#customized-dialog-title p`, msg1, `[role=\"dialog\"] [data-testid=\"deletetemplate-typography-5sxlboqg8\"]`, msg2);\n    cyGet(`[data-testid=\"Delete\"]`).click();\n  } else {\n    cy.log(`Teplate not available for delete`);\n  }\n});",
                  "err": {},
                  "uuid": "e67c9987-38d0-4654-8f23-2672e11267ea",
                  "parentUUID": "4e4367bc-7047-428e-97f8-fe5f449fe608",
                  "isHook": false,
                  "skipped": false
                },
                {
                  "title": "Assigned Tempale should not be delete",
                  "fullTitle": "Manage User functionality test Delete TemPlate functionality Assigned Tempale should not be delete",
                  "timedOut": null,
                  "duration": 5750,
                  "state": "passed",
                  "speed": "medium",
                  "pass": true,
                  "fail": false,
                  "pending": false,
                  "context": null,
                  "code": "cy.visit(`${Cypress.env(\"url\")}/profile?tab=manageTemplate`);\ncy.wait(\"@templateGrid\", {\n  timeout: 10000\n}).then(({\n  response\n}) => {\n  const assignedTemplate = response.body.result.values.filter(ele => ele.assignedTo.length > 0);\n  if (assignedTemplate.length > 0) {\n    cyGet(`[data-testid=\"templatelist-textfield-e9dj43sha\"] input`).type(assignedTemplate[0].label);\n    cy.contains('tr', assignedTemplate[0].label).find(`[data-testid=\"Action\"]`).click();\n    cy.get(\"#delete\").should(\"have.attr\", \"aria-disabled\", \"true\");\n  } else {\n    cy.log(`Teplate not available for delete`);\n  }\n});",
                  "err": {},
                  "uuid": "7664819e-0f34-43c7-9610-8ae9c52e08eb",
                  "parentUUID": "4e4367bc-7047-428e-97f8-fe5f449fe608",
                  "isHook": false,
                  "skipped": false
                }
              ],
              "suites": [],
              "passes": [
                "e67c9987-38d0-4654-8f23-2672e11267ea",
                "7664819e-0f34-43c7-9610-8ae9c52e08eb"
              ],
              "failures": [],
              "pending": [],
              "skipped": [],
              "duration": 11667,
              "root": false,
              "rootEmpty": false,
              "_timeout": 2000
            }
          ],
          "passes": [],
          "failures": [],
          "pending": [
            "fa2a6eee-369f-4e9b-9e9f-acdd125fee24"
          ],
          "skipped": [],
          "duration": 0,
          "root": false,
          "rootEmpty": false,
          "_timeout": 2000
        }
      ],
      "passes": [],
      "failures": [],
      "pending": [],
      "skipped": [],
      "duration": 0,
      "root": true,
      "rootEmpty": true,
      "_timeout": 2000
    },
    {
      "uuid": "6279c384-d9b7-454a-b0c2-bcfcaf6f4c04",
      "title": "",
      "fullFile": "cypress\\e2e\\one\\myAccount\\manageUser.js",
      "file": "cypress\\e2e\\one\\myAccount\\manageUser.js",
      "beforeHooks": [],
      "afterHooks": [],
      "tests": [],
      "suites": [
        {
          "uuid": "494bbd6d-bc09-4fb5-903f-9bd7319d9f90",
          "title": "search User functionality test",
          "fullFile": "cypress\\e2e\\one\\myAccount\\manageUser.js",
          "file": "cypress\\e2e\\one\\myAccount\\manageUser.js",
          "beforeHooks": [],
          "afterHooks": [],
          "tests": [
            {
              "title": "Search user by search user functionality on second page",
              "fullTitle": "search User functionality test Search user by search user functionality on second page",
              "timedOut": null,
              "duration": 6686,
              "state": "passed",
              "speed": "medium",
              "pass": true,
              "fail": false,
              "pending": false,
              "context": null,
              "code": "cy.wait(\"@userList\", {\n  timeout: 10000\n}).then(({\n  response\n}) => {\n  const userName = response.body.result.values.filter(ele => ele.status > 0);\n  const user = userName.slice(-1)[0];\n  cy.get('[placeholder=\"search....\"]').type(user.label);\n  cy.wait(\"@userList\", {\n    timeout: 10000\n  }).then(({\n    response\n  }) => {\n    expect(response.body.result.values[0]).has.property(\"label\", user.label);\n  });\n});",
              "err": {},
              "uuid": "cf92bd3a-a18f-4069-9841-5344aaf239ac",
              "parentUUID": "494bbd6d-bc09-4fb5-903f-9bd7319d9f90",
              "isHook": false,
              "skipped": false
            }
          ],
          "suites": [],
          "passes": [
            "cf92bd3a-a18f-4069-9841-5344aaf239ac"
          ],
          "failures": [],
          "pending": [],
          "skipped": [],
          "duration": 6686,
          "root": false,
          "rootEmpty": false,
          "_timeout": 2000
        }
      ],
      "passes": [],
      "failures": [],
      "pending": [],
      "skipped": [],
      "duration": 0,
      "root": true,
      "rootEmpty": true,
      "_timeout": 2000
    },
    {
      "uuid": "ab2bfabb-0530-40d3-8243-0951967c5b1e",
      "title": "",
      "fullFile": "cypress\\e2e\\one\\myAccount\\profile.js",
      "file": "cypress\\e2e\\one\\myAccount\\profile.js",
      "beforeHooks": [],
      "afterHooks": [],
      "tests": [],
      "suites": [
        {
          "uuid": "ba6d3194-0061-48cf-8cb2-b48a8a796b81",
          "title": "Verify My Profile Page",
          "fullFile": "cypress\\e2e\\one\\myAccount\\profile.js",
          "file": "cypress\\e2e\\one\\myAccount\\profile.js",
          "beforeHooks": [],
          "afterHooks": [],
          "tests": [
            {
              "title": "Update user name and verify with profile",
              "fullTitle": "Verify My Profile Page Update user name and verify with profile",
              "timedOut": null,
              "duration": 7905,
              "state": "passed",
              "speed": "medium",
              "pass": true,
              "fail": false,
              "pending": false,
              "context": null,
              "code": "const UpdatedUsername = faker.person.fullName();\ncyGet(\"#name-label\").should(\"have.text\", \"Name *\");\ncyGet('input#name').should(\"have.attr\", \"required\");\ncyGet('input#name').clear().type(UpdatedUsername);\ncyGet('.MuiSnackbarContent-message').should(\"have.text\", \"Updated successfully.\");\ncy.reload();\ncy.wait(500);\ncy.contains(`${UpdatedUsername}'s Profile`).should('be.visible');",
              "err": {},
              "uuid": "a0608508-7357-4e1b-ba82-c73b7f5e6a18",
              "parentUUID": "ba6d3194-0061-48cf-8cb2-b48a8a796b81",
              "isHook": false,
              "skipped": false
            },
            {
              "title": "User name should be required",
              "fullTitle": "Verify My Profile Page User name should be required",
              "timedOut": null,
              "duration": 1350,
              "state": "passed",
              "speed": "fast",
              "pass": true,
              "fail": false,
              "pending": false,
              "context": null,
              "code": "cy.get('input[placeholder=\"Name\"]').clear();\ncy.get('#name-helper-text').should('have.text', \"Field is required!\");",
              "err": {},
              "uuid": "5609bd73-9755-43d7-bd65-8f3757f9cbee",
              "parentUUID": "ba6d3194-0061-48cf-8cb2-b48a8a796b81",
              "isHook": false,
              "skipped": false
            },
            {
              "title": "Verify email Address",
              "fullTitle": "Verify My Profile Page Verify email Address",
              "timedOut": null,
              "duration": 1335,
              "state": "passed",
              "speed": "fast",
              "pass": true,
              "fail": false,
              "pending": false,
              "context": null,
              "code": "cy.componentLabel('#email-label', \"Email address\", \"input\").should(\"have.value\", Cypress.env(\"email\"));",
              "err": {},
              "uuid": "442a7430-7cf1-46f6-8173-34be81c2b19b",
              "parentUUID": "ba6d3194-0061-48cf-8cb2-b48a8a796b81",
              "isHook": false,
              "skipped": false
            },
            {
              "title": "Update Mobile number",
              "fullTitle": "Verify My Profile Page Update Mobile number",
              "timedOut": null,
              "duration": 2676,
              "state": "passed",
              "speed": "fast",
              "pass": true,
              "fail": false,
              "pending": false,
              "context": null,
              "code": "cy.get('#mobile-label').should(\"have.text\", \"Mobile number *\");\n// cy.get('#mobile').should(\"have.attr\", \"required\");\ncy.get('#mobile').clear().type(faker.string.numeric(10));\ncy.get('.MuiSnackbarContent-message').should(\"have.text\", \"Updated successfully.\");",
              "err": {},
              "uuid": "af264905-6625-457e-be9b-e9005d30e039",
              "parentUUID": "ba6d3194-0061-48cf-8cb2-b48a8a796b81",
              "isHook": false,
              "skipped": false
            },
            {
              "title": "Mobile number should be in mobile number format",
              "fullTitle": "Verify My Profile Page Mobile number should be in mobile number format",
              "timedOut": null,
              "duration": 2318,
              "state": "passed",
              "speed": "fast",
              "pass": true,
              "fail": false,
              "pending": false,
              "context": null,
              "code": "cy.get('#mobile').clear();\ncy.get('#mobile').type('wesfd');\ncy.get('#mobile-helper-text').should('have.text', \"Mobile number is not valid\");\ncy.get('.MuiSnackbarContent-message').should('have.text', \"Invalid mobile\");",
              "err": {},
              "uuid": "d00e886a-beb1-4af4-9bca-231e9a71fb4e",
              "parentUUID": "ba6d3194-0061-48cf-8cb2-b48a8a796b81",
              "isHook": false,
              "skipped": false
            },
            {
              "title": "Verify that total listed user is equal to Total users",
              "fullTitle": "Verify My Profile Page Verify that total listed user is equal to Total users",
              "timedOut": null,
              "duration": 1048,
              "state": "passed",
              "speed": "fast",
              "pass": true,
              "fail": false,
              "pending": false,
              "context": null,
              "code": "cy.wait(\"@usersList\").then(({\n  response\n}) => {\n  let totalCount = response.body.result.pages.totalRecords;\n  cy.get('[role=\"tabpanel\"] > :nth-child(1) > :nth-child(2) > :nth-child(1) > :nth-child(1) > :nth-child(2) ').contains(totalCount);\n});",
              "err": {},
              "uuid": "63516075-f79f-4250-b9d5-94e4e93333a2",
              "parentUUID": "ba6d3194-0061-48cf-8cb2-b48a8a796b81",
              "isHook": false,
              "skipped": false
            }
          ],
          "suites": [],
          "passes": [
            "a0608508-7357-4e1b-ba82-c73b7f5e6a18",
            "5609bd73-9755-43d7-bd65-8f3757f9cbee",
            "442a7430-7cf1-46f6-8173-34be81c2b19b",
            "af264905-6625-457e-be9b-e9005d30e039",
            "d00e886a-beb1-4af4-9bca-231e9a71fb4e",
            "63516075-f79f-4250-b9d5-94e4e93333a2"
          ],
          "failures": [],
          "pending": [],
          "skipped": [],
          "duration": 16632,
          "root": false,
          "rootEmpty": false,
          "_timeout": 2000
        }
      ],
      "passes": [],
      "failures": [],
      "pending": [],
      "skipped": [],
      "duration": 0,
      "root": true,
      "rootEmpty": true,
      "_timeout": 2000
    },
    {
      "uuid": "39f3ad76-01b7-4526-958d-ebb67564275a",
      "title": "",
      "fullFile": "cypress\\e2e\\lms\\setting\\1_pipeline\\1_create.js",
      "file": "cypress\\e2e\\lms\\setting\\1_pipeline\\1_create.js",
      "beforeHooks": [],
      "afterHooks": [],
      "tests": [],
      "suites": [
        {
          "uuid": "c5c7ccc7-26cf-40af-abb8-3dc3ed842430",
          "title": "Nevigate the setting page and create pipeline",
          "fullFile": "cypress\\e2e\\lms\\setting\\1_pipeline\\1_create.js",
          "file": "cypress\\e2e\\lms\\setting\\1_pipeline\\1_create.js",
          "beforeHooks": [],
          "afterHooks": [],
          "tests": [
            {
              "title": "Pipeline name can't be blank",
              "fullTitle": "Nevigate the setting page and create pipeline Pipeline name can't be blank",
              "timedOut": null,
              "duration": 7354,
              "state": "passed",
              "speed": "medium",
              "pass": true,
              "fail": false,
              "pending": false,
              "context": null,
              "code": "busimpledropdown(pipelineSel.options, messages.pipAction, globalSel.create, messages.newPip);\nbutextField(pipelineSel.piptextfield, \"input\").click();\ncy.get('.MuiFormHelperText-root').should(\"contain\", `${messages.blankPip}.`);\nbuButton(globalSel.savetestid).should(\"be.disabled\").click({\n  force: true\n});\ncy.get('.MuiTooltip-tooltip').should(\"contain\", `${messages.blankPip}.`);",
              "err": {},
              "uuid": "84debd3e-f30e-4657-af85-c5e50b4e1d20",
              "parentUUID": "c5c7ccc7-26cf-40af-abb8-3dc3ed842430",
              "isHook": false,
              "skipped": false
            },
            {
              "title": "Pipeline already exist ",
              "fullTitle": "Nevigate the setting page and create pipeline Pipeline already exist ",
              "timedOut": null,
              "duration": 4717,
              "state": "passed",
              "speed": "fast",
              "pass": true,
              "fail": false,
              "pending": false,
              "context": null,
              "code": "cy.wait(\"@getPipeline\").then(({\n  response\n}) => {\n  let piplabel = response.body.result.values[0].label;\n  busimpledropdown(pipelineSel.options, messages.pipAction, globalSel.create, messages.newPip);\n  butextField(pipelineSel.piptextfield, \"input\").type(piplabel);\n});\ncy.get('.MuiFormHelperText-root').should(\"have.text\", messages.existsPip);\nbuButton(globalSel.savetestid).should(\"be.disabled\").click({\n  force: true\n});\ncy.get('.MuiTooltip-tooltip').should(\"contain\", messages.existsPip);",
              "err": {},
              "uuid": "964cbdbf-f5de-45ac-888c-442192d81f3a",
              "parentUUID": "c5c7ccc7-26cf-40af-abb8-3dc3ed842430",
              "isHook": false,
              "skipped": false
            },
            {
              "title": "Add new pipeline",
              "fullTitle": "Nevigate the setting page and create pipeline Add new pipeline",
              "timedOut": null,
              "duration": 4152,
              "state": "passed",
              "speed": "fast",
              "pass": true,
              "fail": false,
              "pending": false,
              "context": null,
              "code": "busimpledropdown(pipelineSel.options, messages.pipAction, globalSel.create, messages.newPip);\nbutextField(pipelineSel.piptextfield, \"input\").type(`${faker.commerce.product()}-${new Date().valueOf()}`);\nbuButton(globalSel.savetestid).should(\"not.be.disabled\").click();",
              "err": {},
              "uuid": "c4b54704-994d-43ae-92d4-9470286e3341",
              "parentUUID": "c5c7ccc7-26cf-40af-abb8-3dc3ed842430",
              "isHook": false,
              "skipped": false
            },
            {
              "title": "Should pipeline selectable",
              "fullTitle": "Nevigate the setting page and create pipeline Should pipeline selectable",
              "timedOut": null,
              "duration": 0,
              "state": "pending",
              "speed": null,
              "pass": false,
              "fail": false,
              "pending": true,
              "context": null,
              "code": "cy.wait(\"@getPipeline\").then(({\n  response\n}) => {\n  let pipelines = response.body.result.values;\n  let lastPip = pipelines[pipelines.length - 1].label;\n  // cy.log(`Total Pipelines: ${pipelines.length}`);\n  // cy.log(`Last Item: ${lastPip}`);\n  if (pipelines.length > 5) {\n    cy.get('[data-testid=\"pipeline-box-hlum28yao\"] > [data-testid=\"budropdown-box-ty1opau5a\"] > [data-testid=\"button-box-72cmtvy8r\"] > .MuiButtonBase-root > .MuiButton-icon > [data-testid=\"button-stack-alorzfaoj\"] > [data-testid=\"busvgicon-svgicon-5xuxnhkcv\"]').click();\n    cy.get('[data-testid=\"searchbox-textfield-8k19ikenc\"]').type(lastPip);\n  } else {\n    cy.get('[data-testid=\"pipeline-box-hlum28yao\"] > [data-testid=\"budropdown-box-ty1opau5a\"] > [data-testid=\"button-box-72cmtvy8r\"] > .MuiButtonBase-root > .MuiButton-icon > [data-testid=\"button-stack-alorzfaoj\"] > [data-testid=\"busvgicon-svgicon-5xuxnhkcv\"]').click();\n    cy.contains(lastPip).click();\n  }\n});",
              "err": {},
              "uuid": "a69b7141-5e27-4fa7-82e3-ad7cc4d5c09c",
              "parentUUID": "c5c7ccc7-26cf-40af-abb8-3dc3ed842430",
              "isHook": false,
              "skipped": false
            }
          ],
          "suites": [],
          "passes": [
            "84debd3e-f30e-4657-af85-c5e50b4e1d20",
            "964cbdbf-f5de-45ac-888c-442192d81f3a",
            "c4b54704-994d-43ae-92d4-9470286e3341"
          ],
          "failures": [],
          "pending": [
            "a69b7141-5e27-4fa7-82e3-ad7cc4d5c09c"
          ],
          "skipped": [],
          "duration": 16223,
          "root": false,
          "rootEmpty": false,
          "_timeout": 2000
        }
      ],
      "passes": [],
      "failures": [],
      "pending": [],
      "skipped": [],
      "duration": 0,
      "root": true,
      "rootEmpty": true,
      "_timeout": 2000
    },
    {
      "uuid": "c51fe8ff-bda9-4817-8423-c1477515dfe7",
      "title": "",
      "fullFile": "cypress\\e2e\\lms\\setting\\1_pipeline\\2_rename.js",
      "file": "cypress\\e2e\\lms\\setting\\1_pipeline\\2_rename.js",
      "beforeHooks": [],
      "afterHooks": [],
      "tests": [],
      "suites": [
        {
          "uuid": "16d4cc74-5133-4e8c-b008-c078cb6a1ea1",
          "title": "Nevigate the setting page and rename pipeline",
          "fullFile": "cypress\\e2e\\lms\\setting\\1_pipeline\\2_rename.js",
          "file": "cypress\\e2e\\lms\\setting\\1_pipeline\\2_rename.js",
          "beforeHooks": [],
          "afterHooks": [],
          "tests": [
            {
              "title": "Rename pipeline",
              "fullTitle": "Nevigate the setting page and rename pipeline Rename pipeline",
              "timedOut": null,
              "duration": 7726,
              "state": "passed",
              "speed": "medium",
              "pass": true,
              "fail": false,
              "pending": false,
              "context": null,
              "code": "let editedPIpLabel = `${faker.commerce.product()}-${new Date().valueOf()}`;\ncy.wait(\"@getPipeline\", {\n  timeout: 10000\n}).then(({\n  response\n}) => {\n  let pipLabel = response.body.result.values.map(ele => ele.label);\n  budropdown(globalSel.settinglayoutbox, `button ${globalSel.buttonTypography}`, pipLabel[0]);\n  busimpledropdown(pipelineSel.options, messages.pipAction, globalSel.rename, messages.renamePip);\n  cy.get(\"#customized-dialog-title p\").should(\"have.text\", messages.renamePip);\n  butextField(pipelineSel.renamepiptextfield, \"label\").should(\"have.text\", messages.renamePip);\n  butextField(pipelineSel.renamepiptextfield, \"input\").should(\"have.value\", pipLabel[0]);\n  cy.get(globalSel.helpertext).should(\"have.text\", messages.existsPip1);\n  buButton(globalSel.renametestid).should(\"be.disabled\");\n  // Rename the pipeline name\n  butextField(pipelineSel.renamepiptextfield, \"input\").clear().type(editedPIpLabel);\n  buButton(globalSel.renametestid).click();\n  cy.get('.MuiSnackbarContent-message').should(\"have.text\", messages.updated);\n});",
              "err": {},
              "uuid": "be9cf721-b982-4904-89a6-0937553d82b5",
              "parentUUID": "16d4cc74-5133-4e8c-b008-c078cb6a1ea1",
              "isHook": false,
              "skipped": false
            },
            {
              "title": "Pipeline already exist",
              "fullTitle": "Nevigate the setting page and rename pipeline Pipeline already exist",
              "timedOut": null,
              "duration": 3557,
              "state": "passed",
              "speed": "fast",
              "pass": true,
              "fail": false,
              "pending": false,
              "context": null,
              "code": "cy.wait(\"@getPipeline\", {\n  timeout: 10000\n}).then(({\n  response\n}) => {\n  let pipLabel = response.body.result.values.map(ele => ele.label);\n  budropdown(globalSel.settinglayoutbox, `button ${globalSel.buttonTypography}`, pipLabel[0]);\n  busimpledropdown(pipelineSel.options, messages.pipAction, globalSel.rename, messages.renamePip);\n  butextField(pipelineSel.renamepiptextfield, \"input\").clear().type(pipLabel[1]);\n  cy.get(globalSel.helpertext).should(\"have.text\", messages.existsPip1);\n  buButton(globalSel.renametestid).should(\"be.disabled\").and(\"have.text\", \"Rename\");\n});",
              "err": {},
              "uuid": "15df2710-eaed-4c7b-823a-527aff4dfbfe",
              "parentUUID": "16d4cc74-5133-4e8c-b008-c078cb6a1ea1",
              "isHook": false,
              "skipped": false
            },
            {
              "title": "Pipeline name cant't be blank",
              "fullTitle": "Nevigate the setting page and rename pipeline Pipeline name cant't be blank",
              "timedOut": null,
              "duration": 2905,
              "state": "passed",
              "speed": "fast",
              "pass": true,
              "fail": false,
              "pending": false,
              "context": null,
              "code": "cy.wait(\"@getPipeline\", {\n  timeout: 10000\n}).then(({\n  response\n}) => {\n  let pipLabel = response.body.result.values.map(ele => ele.label);\n  budropdown(globalSel.settinglayoutbox, `button ${globalSel.buttonTypography}`, pipLabel[0]);\n  busimpledropdown(pipelineSel.options, messages.pipAction, globalSel.rename, messages.renamePip);\n  butextField(pipelineSel.renamepiptextfield, \"input\").clear();\n  cy.get(globalSel.helpertext).should(\"have.text\", messages.blankPip);\n  buButton(globalSel.renametestid).should(\"be.disabled\").and(\"have.text\", \"Rename\");\n});",
              "err": {},
              "uuid": "d3044872-f1d8-4ac8-95ac-dd2957790750",
              "parentUUID": "16d4cc74-5133-4e8c-b008-c078cb6a1ea1",
              "isHook": false,
              "skipped": false
            }
          ],
          "suites": [],
          "passes": [
            "be9cf721-b982-4904-89a6-0937553d82b5",
            "15df2710-eaed-4c7b-823a-527aff4dfbfe",
            "d3044872-f1d8-4ac8-95ac-dd2957790750"
          ],
          "failures": [],
          "pending": [],
          "skipped": [],
          "duration": 14188,
          "root": false,
          "rootEmpty": false,
          "_timeout": 2000
        }
      ],
      "passes": [],
      "failures": [],
      "pending": [],
      "skipped": [],
      "duration": 0,
      "root": true,
      "rootEmpty": true,
      "_timeout": 2000
    },
    {
      "uuid": "37faebdd-5911-496d-88b8-7662a17e6e6c",
      "title": "",
      "fullFile": "cypress\\e2e\\lms\\setting\\1_pipeline\\3_reorder.js",
      "file": "cypress\\e2e\\lms\\setting\\1_pipeline\\3_reorder.js",
      "beforeHooks": [],
      "afterHooks": [],
      "tests": [],
      "suites": [
        {
          "uuid": "181845e8-1cbf-400c-9d7f-17eb448e8ad3",
          "title": "Navigate the setting page and reorder pipeline",
          "fullFile": "cypress\\e2e\\lms\\setting\\1_pipeline\\3_reorder.js",
          "file": "cypress\\e2e\\lms\\setting\\1_pipeline\\3_reorder.js",
          "beforeHooks": [],
          "afterHooks": [],
          "tests": [
            {
              "title": "Reorder pipeline",
              "fullTitle": "Navigate the setting page and reorder pipeline Reorder pipeline",
              "timedOut": null,
              "duration": 8898,
              "state": "passed",
              "speed": "medium",
              "pass": true,
              "fail": false,
              "pending": false,
              "context": null,
              "code": "const movements = 1;\nconst subHeadingText = `You can Create/ Rename/ Delete Pipeline for ${asset} only.`;\nbuCaption(pipelineSel.captionbox, pipelineSel.captionHeading, `${asset}s`, pipelineSel.captionSubHeading, subHeadingText);\n// cy.get(\"#app-routes p\").contains(\"leads\")\n// cy.get('.MuiTypography-caption').contains(\"You can Create/ Rename/ Delete Pipeline for lead only.\")\ncy.wait(1000);\nbusimpledropdown(pipelineSel.options, messages.pipAction, globalSel.reorder, messages.reorderPip);\n// cy.get('.MuiPaper-root > :nth-child(2) > div > .MuiButtonBase-root').should(\"have.text\", \"Options\").click()\n// cy.get(\"#reorder\").click()\n// get the pipeline-id using intercept and wait method\ncy.wait(\"@getPipeline\").then(({\n  response\n}) => {\n  let pipId = response.body.result.values.map(ele => ele.id);\n  cy.get(`[data-rbd-draggable-id=${pipId[0]}]`).as('item');\n  cy.get('@item').invoke('attr', 'data-rbd-drag-handle-draggable-id').as('item-id');\n  cy.get('@item').invoke('attr', 'tabindex').as('item-index').should('equal', '0');\n  // lift the element\n  cy.get('@item').focus().trigger('keydown', {\n    keyCode: 32\n  }).get('@item'); // need to re-query for a clone\n  cy.wrap(Array.from({\n    length: movements\n  })).each(() => {\n    cy.get('@item').trigger('keydown', {\n      keyCode: 40,\n      force: true\n    }).wait(1000);\n  });\n  // drop an element\n  cy.get('@item').trigger('keydown', {\n    keyCode: 32,\n    force: true\n  });\n  cy.get('@item-id').then(() => {\n    cy.get(`[data-rbd-draggable-id=${pipId[0]}]`).invoke('attr', 'tabindex');\n  });\n  // cy.get('#cancel').should(\"have.text\", \"Cancel\")\n  // cy.get(\"#save\").click()\n  buButton(globalSel.canceltestid).should(\"have.text\", \"Cancel\");\n  buButton(globalSel.savetestid).should(\"have.text\", \"Save\").click({\n    force: true\n  });\n});",
              "err": {},
              "uuid": "3b121124-1e2c-4bcd-84e6-8ac148cadb3e",
              "parentUUID": "181845e8-1cbf-400c-9d7f-17eb448e8ad3",
              "isHook": false,
              "skipped": false
            }
          ],
          "suites": [],
          "passes": [
            "3b121124-1e2c-4bcd-84e6-8ac148cadb3e"
          ],
          "failures": [],
          "pending": [],
          "skipped": [],
          "duration": 8898,
          "root": false,
          "rootEmpty": false,
          "_timeout": 2000
        }
      ],
      "passes": [],
      "failures": [],
      "pending": [],
      "skipped": [],
      "duration": 0,
      "root": true,
      "rootEmpty": true,
      "_timeout": 2000
    },
    {
      "uuid": "c09520e2-c6cf-4bf8-a7eb-2bad2560e918",
      "title": "",
      "fullFile": "cypress\\e2e\\lms\\setting\\1_pipeline\\4_stage.js",
      "file": "cypress\\e2e\\lms\\setting\\1_pipeline\\4_stage.js",
      "beforeHooks": [],
      "afterHooks": [],
      "tests": [],
      "suites": [
        {
          "uuid": "228f7560-d9c7-45da-9cb8-75b214c4f985",
          "title": "Stage functionality test for pipeline",
          "fullFile": "cypress\\e2e\\lms\\setting\\1_pipeline\\4_stage.js",
          "file": "cypress\\e2e\\lms\\setting\\1_pipeline\\4_stage.js",
          "beforeHooks": [],
          "afterHooks": [],
          "tests": [
            {
              "title": "Add new stage",
              "fullTitle": "Stage functionality test for pipeline Add new stage",
              "timedOut": null,
              "duration": 10270,
              "state": "passed",
              "speed": "slow",
              "pass": true,
              "fail": false,
              "pending": false,
              "context": null,
              "code": "const stageName = `${faker.commerce.productName()}-${new Date().valueOf()}`;\nconst subHeadingText = `You can Create/ Rename/ Delete Pipeline for ${asset} only.`;\nbuCaption(pipelineSel.captionbox, pipelineSel.captionHeading, `${asset}s`, pipelineSel.captionSubHeading, subHeadingText);\nonesecondWait();\nbuButton(`[data-testid=\"Add a ${asset} Stage\"]`).should(\"have.text\", `Add a ${asset} Stage`).click();\ncyGet(`${globalSel.inputItemtextfield}`).find(`input[value='']`).type(stageName);\nonesecondWait();\nbuSaveButton().should(\"have.text\", \"Save\").click();\ncyGet(globalSel.SnackbarMessage).invoke('text').should('include', messages.requestSuccess);",
              "err": {},
              "uuid": "02e8be55-4b7f-4e14-b155-e3cfddbd2d4a",
              "parentUUID": "228f7560-d9c7-45da-9cb8-75b214c4f985",
              "isHook": false,
              "skipped": false
            },
            {
              "title": "Stage can't be empty.",
              "fullTitle": "Stage functionality test for pipeline Stage can't be empty.",
              "timedOut": null,
              "duration": 2496,
              "state": "passed",
              "speed": "fast",
              "pass": true,
              "fail": false,
              "pending": false,
              "context": null,
              "code": "buButton(`[data-testid=\"Add a ${asset} Stage\"]`).should(\"have.text\", `Add a ${asset} Stage`).click();\nbuSaveButton().should(\"be.disabled\").trigger(\"mouseover\", {\n  force: true\n});\ncyGet(globalSel.tooltip).invoke('text').should('include', \"Stage can't be empty.\");",
              "err": {},
              "uuid": "7392d772-90c0-4c11-961f-4635008a76af",
              "parentUUID": "228f7560-d9c7-45da-9cb8-75b214c4f985",
              "isHook": false,
              "skipped": false
            },
            {
              "title": "Stage can't be duplicate.",
              "fullTitle": "Stage functionality test for pipeline Stage can't be duplicate.",
              "timedOut": null,
              "duration": 3816,
              "state": "passed",
              "speed": "fast",
              "pass": true,
              "fail": false,
              "pending": false,
              "context": null,
              "code": "buButton(`[data-testid=\"Add a ${asset} Stage\"]`).should(\"have.text\", `Add a ${asset} Stage`).click();\ncy.wait(\"@getStage\", {\n  timeout: 10000\n}).then(({\n  response\n}) => {\n  const stageName = response.body.result.values.map(ele => ele.label);\n  cyGet(`${globalSel.inputItemtextfield}`).find(`input[value='']`).click().type(stageName[0]);\n});\nbuSaveButton().should(\"be.disabled\").trigger(\"mouseover\", {\n  force: true\n});\ncyGet(globalSel.tooltip).invoke('text').should('include', \"Duplicate stage name.\");",
              "err": {},
              "uuid": "56714189-c5dd-4f26-b050-7efae3de7d6e",
              "parentUUID": "228f7560-d9c7-45da-9cb8-75b214c4f985",
              "isHook": false,
              "skipped": false
            },
            {
              "title": "edit stage",
              "fullTitle": "Stage functionality test for pipeline edit stage",
              "timedOut": null,
              "duration": 4331,
              "state": "passed",
              "speed": "fast",
              "pass": true,
              "fail": false,
              "pending": false,
              "context": null,
              "code": "const stageName = `${faker.commerce.productName()}-${new Date().valueOf()}`;\ncyGet(`${globalSel.inputItemtextfield} input`).last().clear();\ncyGet(`${globalSel.inputItemtextfield} input`).last().type(stageName);\nbuSaveButton().should(\"have.text\", \"Save\").click();\ncyGet(globalSel.SnackbarMessage).invoke('text').should('include', messages.requestSuccess);",
              "err": {},
              "uuid": "0409a075-7cad-4eb2-8a80-a75e80c8feac",
              "parentUUID": "228f7560-d9c7-45da-9cb8-75b214c4f985",
              "isHook": false,
              "skipped": false
            },
            {
              "title": "delete stage",
              "fullTitle": "Stage functionality test for pipeline delete stage",
              "timedOut": null,
              "duration": 6165,
              "state": "passed",
              "speed": "medium",
              "pass": true,
              "fail": false,
              "pending": false,
              "context": null,
              "code": "let stageName = `${faker.commerce.productName()}-${new Date().valueOf()}`;\nconst msg2 = \"Are you sure! Want to delete this Stage?\";\nbuButton(`[data-testid=\"Add a ${asset} Stage\"]`).click();\ncyGet(`${globalSel.inputItemtextfield}`).find(`input[value='']`).click().type(stageName);\nbuSaveButton().should(\"have.text\", \"Save\").click();\nonesecondWait();\ncyGet(`${pipelineSel.stageDelIconBtn}`).last().click();\nbuCaption(globalSel.dialogTitle, globalSel.dialogTitleText, \"Delete Stage\", pipelineSel.deletestagecaption, msg2);\nbuButton(`[data-testid=\"Delete Stage\"]`).click();",
              "err": {},
              "uuid": "131a9771-e167-4c89-bc71-5bce182f0b47",
              "parentUUID": "228f7560-d9c7-45da-9cb8-75b214c4f985",
              "isHook": false,
              "skipped": false
            },
            {
              "title": "Stage should not be deleted which contains record",
              "fullTitle": "Stage functionality test for pipeline Stage should not be deleted which contains record",
              "timedOut": null,
              "duration": 3283,
              "state": "passed",
              "speed": "fast",
              "pass": true,
              "fail": false,
              "pending": false,
              "context": null,
[...]
                "diff": ""
              },
              "uuid": "acb7e1a3-c24a-4759-a7c3-84971c1e1da5",
              "parentUUID": "966951a4-b1e0-48d2-892e-4f3b2d692a14",
              "isHook": false,
              "skipped": false
            },
            {
              "title": "Delete field from field tab",
              "fullTitle": "Nevigate the setting page and delete and restore field Delete field from field tab",
              "timedOut": null,
              "duration": 1209,
              "state": "failed",
              "speed": null,
              "pass": false,
              "fail": true,
              "pending": false,
              "context": null,
              "code": "let title = \"Delete 1 field ?\";\nlet desc = \"Are you sure you want to  delete 1 field ?\";\ncy.visit(`${updatedUrl}/setting/properties`);\ncy.get('[data-testid=\"busimpletabs-tab-6lg4m8h6g\"]', {\n  timeout: 10000\n}).contains(\"Deleted fields\").click();\ncy.wait(\"@binList\", {\n  timeout: 10000\n}).then(({\n  response\n}) => {\n  expect(response.body.result.values).be.length.greaterThan(0);\n  cy.get('[data-testid=\"actions-box-it835w1xf\"] button').first().click();\n  cy.get(\"#delete\").click();\n  roleDialog(lead.dialogTitle, title, lead.dialogDesc, desc, `[role=\"dialog\"] ${lead.typeBtn}`, \"Delete\");\n});",
              "err": {
                "message": "AssertionError: expected [] to have a length above 0 but got 0",
                "estack": "AssertionError: expected [] to have a length above 0 but got 0\n    at Context.eval (webpack://bu-testing/./cypress/e2e/lms/setting/9_bin/field.js:90:58)\n    at getRet (http://lms.buopso.lcl/__cypress/runner/cypress_runner.js:121066:20)\n    at tryCatcher (http://lms.buopso.lcl/__cypress/runner/cypress_runner.js:1777:23)\n    at Promise.attempt.Promise.try (http://lms.buopso.lcl/__cypress/runner/cypress_runner.js:4285:29)\n    at Context.thenFn (http://lms.buopso.lcl/__cypress/runner/cypress_runner.js:121077:66)\n    at Context.then (http://lms.buopso.lcl/__cypress/runner/cypress_runner.js:121328:21)",
                "diff": ""
              },
              "uuid": "74c93f9f-1d9b-4f9d-878e-9d4c6459b379",
              "parentUUID": "966951a4-b1e0-48d2-892e-4f3b2d692a14",
              "isHook": false,
              "skipped": false
            },
            {
              "title": "Filter single line field and verify column with rows us",
              "fullTitle": "Nevigate the setting page and delete and restore field Filter single line field and verify column with rows us",
              "timedOut": null,
              "duration": 5411,
              "state": "passed",
              "speed": "medium",
              "pass": true,
              "fail": false,
              "pending": false,
              "context": null,
              "code": "cy.visit(`${updatedUrl}/setting/bin`);\ncy.get('[data-testid=\"busimpletabs-tab-6lg4m8h6g\"]', {\n  timeout: 10000\n}).contains(\"Field\").click();\ncy.recordCountOnPage(\"10\");\ncy.get('[aria-label=\"Select field type\"]').click();\nfieldTypeFilterSel(\"Multi line text\");\ncy.get('.MuiButton-endIcon').click();\ncy.wait(\"@binList\");\ncy.wait(\"@binList\");\ncy.wait(\"@binList\", {\n  timeout: 10000\n}).then(({\n  response\n}) => {\n  expect(response.body.result.values).be.length.greaterThan(0);\n  let binFieldLabel = response.body.result.values.map(ele => ele.label);\n  let deletedType = response.body.result.values.map(ele => {\n    return ele.type.charAt(0).toUpperCase() + ele.type.slice(1);\n  });\n  let deletedBy = response.body.result.values.map(ele => ele.deletedBy);\n  let userName = deletedBy.map(key => {\n    let label = key.label;\n    return label;\n  });\n  let fieldTypeArray = Array(binFieldLabel.length).fill(\"Multi line text\");\n  verifyTablecolNrow(lead.thead, 2, \"Field name\", lead.tbody, binFieldLabel);\n  verifyTablecolNrow(lead.thead, 3, \"Field type\", lead.tbody, fieldTypeArray);\n  verifyTablecolNrow(lead.thead, 4, \"Deleted by\", lead.tbody, userName);\n  verifyTablecolNrow(lead.thead, 5, \"Deleted type\", lead.tbody, deletedType);\n});",
              "err": {},
              "uuid": "139f79cf-72c7-45b1-8379-2fa7ca6294b5",
              "parentUUID": "966951a4-b1e0-48d2-892e-4f3b2d692a14",
              "isHook": false,
              "skipped": false
            },
            {
              "title": "Restore field from bin tab",
              "fullTitle": "Nevigate the setting page and delete and restore field Restore field from bin tab",
              "timedOut": null,
              "duration": 2953,
              "state": "passed",
              "speed": "fast",
              "pass": true,
              "fail": false,
              "pending": false,
              "context": null,
              "code": "let title = \"Restore 1 field ?\";\nlet desc = \"Are you sure you want to restore 1 field ? \";\ncy.visit(`${updatedUrl}/setting/bin`);\ncy.get('[data-testid=\"busimpletabs-tab-6lg4m8h6g\"]', {\n  timeout: 10000\n}).contains(\"Field\").click();\ncy.wait(\"@binList\", {\n  timeout: 10000\n}).then(({\n  response\n}) => {\n  expect(response.body.result.values).be.length.greaterThan(0);\n  cy.get('[data-testid=\"actions-box-it835w1xf\"] button').first().click();\n  cy.get(\"#restore\").click();\n  roleDialog(lead.dialogTitle, title, lead.dialogDesc, desc, `[role=\"dialog\"] ${lead.typeBtn}`, \"Restore\");\n});",
              "err": {},
              "uuid": "aae93c5c-6e22-4f85-8ad8-fae6adb90371",
              "parentUUID": "966951a4-b1e0-48d2-892e-4f3b2d692a14",
              "isHook": false,
              "skipped": false
            },
            {
              "title": "Delete field from bin tab",
              "fullTitle": "Nevigate the setting page and delete and restore field Delete field from bin tab",
              "timedOut": null,
              "duration": 3181,
              "state": "passed",
              "speed": "fast",
              "pass": true,
              "fail": false,
              "pending": false,
              "context": null,
              "code": "let title = \"Delete 1  field ?\";\nlet desc = \"Are you sure you want to delete 1 field ? \";\ncy.visit(`${updatedUrl}/setting/bin`);\ncy.get('[data-testid=\"busimpletabs-tab-6lg4m8h6g\"]', {\n  timeout: 10000\n}).contains(\"Field\").click();\ncy.wait(\"@binList\", {\n  timeout: 10000\n}).then(({\n  response\n}) => {\n  expect(response.body.result.values).be.length.greaterThan(0);\n  cy.get('[data-testid=\"actions-box-it835w1xf\"] button').first().click();\n  cy.get(\"#delete\").click();\n  roleDialog(lead.dialogTitle, title, lead.dialogDesc, desc, `[role=\"dialog\"] ${lead.typeBtn}`, \"Delete\");\n});",
              "err": {},
              "uuid": "78a6e151-8324-448f-8a7c-91361102b4c2",
              "parentUUID": "966951a4-b1e0-48d2-892e-4f3b2d692a14",
              "isHook": false,
              "skipped": false
            }
          ],
          "suites": [],
          "passes": [
            "64cfe7c8-0763-4fa1-aa73-d9dd0ca7363d",
            "139f79cf-72c7-45b1-8379-2fa7ca6294b5",
            "aae93c5c-6e22-4f85-8ad8-fae6adb90371",
            "78a6e151-8324-448f-8a7c-91361102b4c2"
          ],
          "failures": [
            "acb7e1a3-c24a-4759-a7c3-84971c1e1da5",
            "74c93f9f-1d9b-4f9d-878e-9d4c6459b379"
          ],
          "pending": [],
          "skipped": [],
          "duration": 24590,
          "root": false,
          "rootEmpty": false,
          "_timeout": 2000
        }
      ],
      "passes": [],
      "failures": [],
      "pending": [],
      "skipped": [],
      "duration": 0,
      "root": true,
      "rootEmpty": true,
      "_timeout": 2000
    },
    {
      "uuid": "33f438c5-779b-493b-96b9-17a67985f5b0",
      "title": "",
      "fullFile": "cypress\\e2e\\lms\\setting\\9_bin\\record.js",
      "file": "cypress\\e2e\\lms\\setting\\9_bin\\record.js",
      "beforeHooks": [],
      "afterHooks": [],
      "tests": [],
      "suites": [
        {
          "uuid": "8a478de9-6395-4853-ab27-39e7a5e9ba26",
          "title": "Test the functionality of restore lead from bin",
          "fullFile": "cypress\\e2e\\lms\\setting\\9_bin\\record.js",
          "file": "cypress\\e2e\\lms\\setting\\9_bin\\record.js",
          "beforeHooks": [],
          "afterHooks": [],
          "tests": [
            {
              "title": "Check if the Cancel button is working when restoring lead from bin",
              "fullTitle": "Test the functionality of restore lead from bin Check if the Cancel button is working when restoring lead from bin",
              "timedOut": null,
              "duration": 7633,
              "state": "passed",
              "speed": "medium",
              "pass": true,
              "fail": false,
              "pending": false,
              "context": null,
              "code": "cy.get(lead.typeBtn).contains(\"Delete\").should(\"be.disabled\");\ncy.get(lead.typeBtn).contains(\"Restore\").should(\"be.disabled\");\ncy.wait(\"@binRecord\").then(({\n  response\n}) => {\n  let recordLength = response.body.result.values.length;\n  let totalRecord = response.body.result.pages.totalRecords;\n  uidFeild = response.body.result.view.columns.find(fld => fld.prop === \"uid\");\n  const msg1 = `Restore ${recordLength} ${asset} ?`;\n  const msg2 = `Are you sure you want to restore ${recordLength} ${asset} ? `;\n  if (totalRecord === 0) {\n    cy.contains(`tr`, uidFeild.label).find(`input[type=\"checkbox\"]`).should(\"be.disabled\");\n    expect(totalRecord).to.be.eq(0);\n  } else {\n    cy.contains(`tr`, uidFeild.label).find(`input[type=\"checkbox\"]`).check();\n    cy.get(lead.typeBtn).contains(\"Restore\").click();\n    cy.roleDialog(lead.dialogTitle, msg1, lead.dialogDesc, msg2, lead.typeBtn, \"Cancel\");\n    cy.wait(500);\n    cy.get(lead.countOnGrid).contains(totalRecord);\n  }\n});",
              "err": {},
              "uuid": "7d393242-911a-4643-8991-fa24f84f5bf4",
              "parentUUID": "8a478de9-6395-4853-ab27-39e7a5e9ba26",
              "isHook": false,
              "skipped": false
            },
            {
              "title": "Restore the lead from bin",
              "fullTitle": "Test the functionality of restore lead from bin Restore the lead from bin",
              "timedOut": null,
              "duration": 2205,
              "state": "failed",
              "speed": null,
              "pass": false,
              "fail": true,
              "pending": false,
              "context": null,
              "code": "cy.wait(\"@binRecord\").then(({\n  response\n}) => {\n  let recordLength = response.body.result.values.length;\n  let totalRecord = response.body.result.pages.totalRecords;\n  let remainsRecord = totalRecord - recordLength;\n  let msg1 = `Restore ${recordLength} lead ?`;\n  let msg2 = `Are you sure you want to restore ${recordLength} lead ? `;\n  if (recordLength === 0) {\n    cy.contains(`tr`, uidFeild.label).find(`input[type=\"checkbox\"]`).should(\"be.disabled\");\n    expect(recordLength).to.be.eq(0);\n  } else {\n    cy.contains(`tr`, uidFeild.label).find(`input[type=\"checkbox\"]`).check();\n    cy.get(lead.typeBtn).contains(\"Restore\").click();\n    cy.roleDialog(lead.dialogTitle, msg1, lead.dialogDesc, msg2, `.MuiDialogActions-root ${lead.typeBtn}`, \"Restore\");\n    cy.get('.MuiSnackbarContent-message').should(\"have.text\", \"Request successful.\");\n    cy.get(lead.countOnGrid).contains(remainsRecord);\n  }\n});",
              "err": {
                "message": "TypeError: Cannot read properties of undefined (reading 'label')",
                "estack": "TypeError: Cannot read properties of undefined (reading 'label')\n    at Context.eval (webpack://bu-testing/./cypress/e2e/lms/setting/9_bin/record.js:51:43)\n    at getRet (http://lms.buopso.lcl/__cypress/runner/cypress_runner.js:121066:20)\n    at tryCatcher (http://lms.buopso.lcl/__cypress/runner/cypress_runner.js:1777:23)\n    at Promise.attempt.Promise.try (http://lms.buopso.lcl/__cypress/runner/cypress_runner.js:4285:29)\n    at Context.thenFn (http://lms.buopso.lcl/__cypress/runner/cypress_runner.js:121077:66)\n    at Context.then (http://lms.buopso.lcl/__cypress/runner/cypress_runner.js:121328:21)\n    at wrapped (http://lms.buopso.lcl/__cypress/runner/cypress_runner.js:141671:19)\n    at <unknown> (http://lms.buopso.lcl/__cypress/runner/cypress_runner.js:147616:15)\n    at tryCatcher (http://lms.buopso.lcl/__cypress/runner/cypress_runner.js:1777:23)",
                "diff": null
              },
              "uuid": "3328e42c-bdb5-49fe-b6c4-3cdf3aeccbe5",
              "parentUUID": "8a478de9-6395-4853-ab27-39e7a5e9ba26",
              "isHook": false,
              "skipped": false
            },
            {
              "title": "Check if the Cancel button is working when deleting lead from bin",
              "fullTitle": "Test the functionality of restore lead from bin Check if the Cancel button is working when deleting lead from bin",
              "timedOut": null,
              "duration": 1734,
              "state": "failed",
              "speed": null,
              "pass": false,
              "fail": true,
              "pending": false,
              "context": null,
              "code": "cy.wait(\"@binRecord\").then(({\n  response\n}) => {\n  let recordLength = response.body.result.values.length;\n  let totalRecord = response.body.result.pages.totalRecords;\n  let msg1 = `Delete ${recordLength} ${asset} ?`;\n  let msg2 = `Are you sure you want to delete ${recordLength} ${asset} ? `;\n  if (recordLength === 0) {\n    cy.contains(`tr`, uidFeild.label).find(`input[type=\"checkbox\"]`).should(\"be.disabled\");\n    expect(recordLength).to.be.eq(0);\n  } else {\n    cy.contains(`tr`, uidFeild.label).find(`input[type=\"checkbox\"]`).check();\n    cy.get(lead.typeBtn).contains(\"Delete\").click();\n    cy.roleDialog(lead.dialogTitle, msg1, lead.dialogDesc, msg2, lead.typeBtn, \"Cancel\");\n    cy.wait(500);\n    cy.get(lead.countOnGrid).contains(totalRecord);\n  }\n});",
              "err": {
                "message": "TypeError: Cannot read properties of undefined (reading 'label')",
                "estack": "TypeError: Cannot read properties of undefined (reading 'label')\n    at Context.eval (webpack://bu-testing/./cypress/e2e/lms/setting/9_bin/record.js:70:43)\n    at getRet (http://lms.buopso.lcl/__cypress/runner/cypress_runner.js:121066:20)\n    at tryCatcher (http://lms.buopso.lcl/__cypress/runner/cypress_runner.js:1777:23)\n    at Promise.attempt.Promise.try (http://lms.buopso.lcl/__cypress/runner/cypress_runner.js:4285:29)\n    at Context.thenFn (http://lms.buopso.lcl/__cypress/runner/cypress_runner.js:121077:66)\n    at Context.then (http://lms.buopso.lcl/__cypress/runner/cypress_runner.js:121328:21)\n    at wrapped (http://lms.buopso.lcl/__cypress/runner/cypress_runner.js:141671:19)\n    at <unknown> (http://lms.buopso.lcl/__cypress/runner/cypress_runner.js:147616:15)\n    at tryCatcher (http://lms.buopso.lcl/__cypress/runner/cypress_runner.js:1777:23)",
                "diff": null
              },
              "uuid": "ff61a2d8-f9b8-4d6a-9b37-c17fd79ceefc",
              "parentUUID": "8a478de9-6395-4853-ab27-39e7a5e9ba26",
              "isHook": false,
              "skipped": false
            },
            {
              "title": "Delete the lead from bin",
              "fullTitle": "Test the functionality of restore lead from bin Delete the lead from bin",
              "timedOut": null,
              "duration": 1915,
              "state": "failed",
              "speed": null,
              "pass": false,
              "fail": true,
              "pending": false,
              "context": null,
              "code": "cy.wait(\"@binRecord\").then(({\n  response\n}) => {\n  let recordLength = response.body.result.values.length;\n  let totalRecord = response.body.result.pages.totalRecords;\n  let remainsRecord = totalRecord - recordLength;\n  let msg1 = `Delete ${recordLength} ${asset} ?`;\n  let msg2 = `Are you sure you want to delete ${recordLength} ${asset} ? `;\n  if (recordLength === 0) {\n    cy.contains(`tr`, uidFeild.label).find(`input[type=\"checkbox\"]`).should(\"be.disabled\");\n    expect(recordLength).to.be.eq(0);\n  } else {\n    cy.contains(`tr`, uidFeild.label).find(`input[type=\"checkbox\"]`).check();\n    cy.get(lead.typeBtn).contains(\"Delete\").click();\n    cy.roleDialog(lead.dialogTitle, msg1, lead.dialogDesc, msg2, `[role=\"dialog\"] ${lead.typeBtn}`, \"Delete\");\n    cy.get('.MuiSnackbarContent-message').should(\"have.text\", \"Deleted successfully.\");\n    cy.get(lead.countOnGrid).contains(remainsRecord);\n  }\n});",
              "err": {
                "message": "TypeError: Cannot read properties of undefined (reading 'label')",
                "estack": "TypeError: Cannot read properties of undefined (reading 'label')\n    at Context.eval (webpack://bu-testing/./cypress/e2e/lms/setting/9_bin/record.js:90:43)\n    at getRet (http://lms.buopso.lcl/__cypress/runner/cypress_runner.js:121066:20)\n    at tryCatcher (http://lms.buopso.lcl/__cypress/runner/cypress_runner.js:1777:23)\n    at Promise.attempt.Promise.try (http://lms.buopso.lcl/__cypress/runner/cypress_runner.js:4285:29)\n    at Context.thenFn (http://lms.buopso.lcl/__cypress/runner/cypress_runner.js:121077:66)\n    at Context.then (http://lms.buopso.lcl/__cypress/runner/cypress_runner.js:121328:21)\n    at wrapped (http://lms.buopso.lcl/__cypress/runner/cypress_runner.js:141671:19)\n    at <unknown> (http://lms.buopso.lcl/__cypress/runner/cypress_runner.js:147616:15)\n    at tryCatcher (http://lms.buopso.lcl/__cypress/runner/cypress_runner.js:1777:23)",
                "diff": null
              },
              "uuid": "4c4a2c40-a804-4f28-b827-45b371aaa1ca",
              "parentUUID": "8a478de9-6395-4853-ab27-39e7a5e9ba26",
              "isHook": false,
              "skipped": false
            }
          ],
          "suites": [],
          "passes": [
            "7d393242-911a-4643-8991-fa24f84f5bf4"
          ],
          "failures": [
            "3328e42c-bdb5-49fe-b6c4-3cdf3aeccbe5",
            "ff61a2d8-f9b8-4d6a-9b37-c17fd79ceefc",
            "4c4a2c40-a804-4f28-b827-45b371aaa1ca"
          ],
          "pending": [],
          "skipped": [],
          "duration": 13487,
          "root": false,
          "rootEmpty": false,
          "_timeout": 2000
        }
      ],
      "passes": [],
      "failures": [],
      "pending": [],
      "skipped": [],
      "duration": 0,
      "root": true,
      "rootEmpty": true,
      "_timeout": 2000
    }
  ],
  "meta": {
    "mocha": {
      "version": "7.2.0"
    },
    "mochawesome": {
      "options": {
        "quiet": false,
        "reportFilename": "[datetime]",
        "saveHtml": false,
        "saveJson": true,
        "consoleReporter": "spec",
        "useInlineDiffs": false,
        "code": true
      },
      "version": "7.1.3"
    },
    "marge": {
      "options": {
        "charts": true,
        "reportPageTitle": "Buopso-UI-Report",
        "embeddedScreenshots": true,
        "inlineAssets": true,
        "saveAllAttempts": false,
        "overwrite": false,
        "reportFilename": "[datetime]",
        "timestamp": "isoDateTime",
        "html": false,
        "json": true,
        "reportDir": "cypress\\reports\\.jsons",
        "saveJson": true
      },
      "version": "6.2.0"
    }
  }
}