{
  "stats": {
    "suites": 45,
    "tests": 193,
    "passes": 149,
    "pending": 7,
    "failures": 36,
    "testsRegistered": 193,
    "passPercent": 77.20207253886011,
    "pendingPercent": 3.626943005181347,
    "other": 0,
    "hasOther": false,
    "skipped": 1,
    "hasSkipped": true,
    "start": "2025-07-24T12:28:27.346Z",
    "end": "2025-07-24T13:00:48.149Z",
    "duration": 1940803
  },
  "results": [
    {
      "uuid": "e6940792-0177-42b8-819f-40bc00c0014e",
      "title": "",
      "fullFile": "cypress\\e2e\\auth\\login.js",
      "file": "cypress\\e2e\\auth\\login.js",
      "beforeHooks": [],
      "afterHooks": [],
      "tests": [],
      "suites": [
        {
          "uuid": "b9f51d30-ffa6-4614-b1bd-2f666b3bbdc6",
          "title": "Test case for login",
          "fullFile": "cypress\\e2e\\auth\\login.js",
          "file": "cypress\\e2e\\auth\\login.js",
          "beforeHooks": [],
          "afterHooks": [],
          "tests": [
            {
              "title": "Pass invalid email",
              "fullTitle": "Test case for login Pass invalid email",
              "timedOut": null,
              "duration": 2770,
              "state": "passed",
              "speed": "fast",
              "pass": true,
              "fail": false,
              "pending": false,
              "context": null,
              "code": "cy.get(\"form\").within(() => {\n  cy.get(\"@email\").type(\"abc.xyzgmail.com\");\n  cy.get('.MuiFormHelperText-root').should(\"contain\", \"Please provide proper username\");\n  cy.get(\"@password\").type(Cypress.env(\"password\"));\n  cy.root().submit();\n});\ncy.get('.MuiSnackbarContent-message').should(\"contain\", \"Please enter a valid email.\");",
              "err": {},
              "uuid": "cb0907ee-d01a-4158-b544-8787a4297469",
              "parentUUID": "b9f51d30-ffa6-4614-b1bd-2f666b3bbdc6",
              "isHook": false,
              "skipped": false
            },
            {
              "title": "Pass wrong email",
              "fullTitle": "Test case for login Pass wrong email",
              "timedOut": null,
              "duration": 955,
              "state": "passed",
              "speed": "fast",
              "pass": true,
              "fail": false,
              "pending": false,
              "context": null,
              "code": "cy.get(\"form\").within(() => {\n  cy.get(\"@email\").type(\"abc@xyx.com\");\n  cy.get(\"@password\").type(Cypress.env(\"password\"));\n  cy.root().submit();\n});\ncy.get('.MuiSnackbarContent-message').should(\"contain\", \"user not found.\");",
              "err": {},
              "uuid": "f9fe051e-c141-4b39-b6d3-28e0e989c082",
              "parentUUID": "b9f51d30-ffa6-4614-b1bd-2f666b3bbdc6",
              "isHook": false,
              "skipped": false
            },
            {
              "title": "Pass invalid password",
              "fullTitle": "Test case for login Pass invalid password",
              "timedOut": null,
              "duration": 1900,
              "state": "passed",
              "speed": "fast",
              "pass": true,
              "fail": false,
              "pending": false,
              "context": null,
              "code": "cy.get(\"form\").within(() => {\n  cy.get(\"@email\").type(Cypress.env(\"email\"));\n  cy.get(\"@password\").type(132134344);\n  cy.root().submit();\n});\ncy.get('.MuiSnackbarContent-message').should(\"contain\", \"Invalid username or password.\");",
              "err": {},
              "uuid": "0b580f5f-82ad-4786-9881-48f5882febd6",
              "parentUUID": "b9f51d30-ffa6-4614-b1bd-2f666b3bbdc6",
              "isHook": false,
              "skipped": false
            },
            {
              "title": "Pass wrong password",
              "fullTitle": "Test case for login Pass wrong password",
              "timedOut": null,
              "duration": 2248,
              "state": "passed",
              "speed": "fast",
              "pass": true,
              "fail": false,
              "pending": false,
              "context": null,
              "code": "cy.get(\"form\").within(() => {\n  cy.get(\"@email\").type(Cypress.env(\"email\"));\n  cy.get(\"@password\").type(\"AAsdf1234\");\n  cy.root().submit();\n});\ncy.get('.MuiSnackbarContent-message').should(\"contain\", \"Invalid username or password.\");",
              "err": {},
              "uuid": "2e171d10-36b6-46a7-8992-f236af9cf73b",
              "parentUUID": "b9f51d30-ffa6-4614-b1bd-2f666b3bbdc6",
              "isHook": false,
              "skipped": false
            },
            {
              "title": "Pass the valid email in upper-case",
              "fullTitle": "Test case for login Pass the valid email in upper-case",
              "timedOut": null,
              "duration": 4668,
              "state": "passed",
              "speed": "fast",
              "pass": true,
              "fail": false,
              "pending": false,
              "context": null,
              "code": "let email = Cypress.env(\"email\").toUpperCase();\ncy.get(\"form\").within(() => {\n  cy.get(\"@email\").type(email);\n  cy.get(\"@password\").type(Cypress.env(\"password\"));\n  cy.root().submit();\n});\ncy.wait(\"@loginApi\").then(({\n  response\n}) => {\n  if (response.body.result === \"session_exists\") {\n    cy.get('[role=\"presentation\"] .MuiDialog-container .MuiPaper-root button').contains(\"Ok\").click();\n  }\n});\ncy.get('[aria-label=\"User Profile\"] > .MuiButtonBase-root').click();\ncy.get('.MuiPaper-root .MuiTypography-root').contains(\"Sign out\").click();",
              "err": {},
              "uuid": "dd796e65-35fc-421c-b845-f497bb110f17",
              "parentUUID": "b9f51d30-ffa6-4614-b1bd-2f666b3bbdc6",
              "isHook": false,
              "skipped": false
            }
          ],
          "suites": [],
          "passes": [
            "cb0907ee-d01a-4158-b544-8787a4297469",
            "f9fe051e-c141-4b39-b6d3-28e0e989c082",
            "0b580f5f-82ad-4786-9881-48f5882febd6",
            "2e171d10-36b6-46a7-8992-f236af9cf73b",
            "dd796e65-35fc-421c-b845-f497bb110f17"
          ],
          "failures": [],
          "pending": [],
          "skipped": [],
          "duration": 12541,
          "root": false,
          "rootEmpty": false,
          "_timeout": 2000
        }
      ],
      "passes": [],
      "failures": [],
      "pending": [],
      "skipped": [],
      "duration": 0,
      "root": true,
      "rootEmpty": true,
      "_timeout": 2000
    },
    {
      "uuid": "4353e141-50e6-47b5-8059-f127766d4bbb",
      "title": "",
      "fullFile": "cypress\\e2e\\one\\allSoftware.js",
      "file": "cypress\\e2e\\one\\allSoftware.js",
      "beforeHooks": [],
      "afterHooks": [],
      "tests": [],
      "suites": [
        {
          "uuid": "2e450de6-743d-4f35-9d3d-0a30e04ebd4d",
          "title": "Test case for allSoftware",
          "fullFile": "cypress\\e2e\\one\\allSoftware.js",
          "file": "cypress\\e2e\\one\\allSoftware.js",
          "beforeHooks": [],
          "afterHooks": [],
          "tests": [
            {
              "title": "Asset : Lead Management Software(lms)",
              "fullTitle": "Test case for allSoftware Asset : Lead Management Software(lms)",
              "timedOut": null,
              "duration": 5717,
              "state": "passed",
              "speed": "medium",
              "pass": true,
              "fail": false,
              "pending": false,
              "context": null,
              "code": "let lmsDes = 'Efficiently manage and assign lead information.';\ncy.Modules(`#lms ${one.moduleNameID}`, _helper.modules.lms, `#lms ${one.moduleDescID}`, lmsDes, `#lms ${one.modOpnbtnID}`, one.moduleHeader, _helper.modules.lms);",
              "err": {},
              "uuid": "f23779a1-271f-4b58-95d2-ca486e44db1d",
              "parentUUID": "2e450de6-743d-4f35-9d3d-0a30e04ebd4d",
              "isHook": false,
              "skipped": false
            },
            {
              "title": "Asset : Customer relationship management Software(crm)",
              "fullTitle": "Test case for allSoftware Asset : Customer relationship management Software(crm)",
              "timedOut": null,
              "duration": 2218,
              "state": "passed",
              "speed": "fast",
              "pass": true,
              "fail": false,
              "pending": false,
              "context": null,
              "code": "let crmDes = 'Drive sales success, build stronger client relationships, and grow revenue with our CRM.';\ncy.Modules(`#crm  ${one.moduleNameID}`, _helper.modules.crm, `#crm  ${one.moduleDescID}`, crmDes, `#crm  ${one.modOpnbtnID}`, one.moduleHeader, _helper.modules.crm);",
              "err": {},
              "uuid": "05354c1e-0433-4573-a043-2804452f60d2",
              "parentUUID": "2e450de6-743d-4f35-9d3d-0a30e04ebd4d",
              "isHook": false,
              "skipped": false
            },
            {
              "title": "Asset : Approval Management Software(cnf)",
              "fullTitle": "Test case for allSoftware Asset : Approval Management Software(cnf)",
              "timedOut": null,
              "duration": 2402,
              "state": "passed",
              "speed": "fast",
              "pass": true,
              "fail": false,
              "pending": false,
              "context": null,
              "code": "let aprDes = 'The approver can approve public and private data as required.';\ncy.Modules(`#cnf  ${one.moduleNameID}`, _helper.modules.apr, `#cnf  ${one.moduleDescID}`, aprDes, `#cnf ${one.modOpnbtnID}`, one.moduleHeader, _helper.modules.apr);",
              "err": {},
              "uuid": "815e3473-e4d0-4d3e-8e15-4e62064801b6",
              "parentUUID": "2e450de6-743d-4f35-9d3d-0a30e04ebd4d",
              "isHook": false,
              "skipped": false
            },
            {
              "title": "Asset : Buopso Form",
              "fullTitle": "Test case for allSoftware Asset : Buopso Form",
              "timedOut": null,
              "duration": 2444,
              "state": "passed",
              "speed": "fast",
              "pass": true,
              "fail": false,
              "pending": false,
              "context": null,
              "code": "let formsDes = 'Build your form as required and gather the form data.';\ncy.Modules(`#forms  ${one.moduleNameID}`, _helper.modules.buForms, `#forms  ${one.moduleDescID}`, formsDes, `#forms  ${one.modOpnbtnID}`, one.moduleHeader, _helper.modules.buForms);",
              "err": {},
              "uuid": "eae6fe81-775b-4857-b119-5c11c8cbe41c",
              "parentUUID": "2e450de6-743d-4f35-9d3d-0a30e04ebd4d",
              "isHook": false,
              "skipped": false
            },
            {
              "title": "Asset : Task Management",
              "fullTitle": "Test case for allSoftware Asset : Task Management",
              "timedOut": null,
              "duration": 2351,
              "state": "passed",
              "speed": "fast",
              "pass": true,
              "fail": false,
              "pending": false,
              "context": null,
              "code": "let taskDes = 'Task management system. Manage task records and assign tasks to the user.';\ncy.Modules(`#task  ${one.moduleNameID}`, _helper.modules.taskManagement, `#task  ${one.moduleDescID}`, taskDes, `#task  ${one.modOpnbtnID}`, one.moduleHeader, _helper.modules.taskManagement);",
              "err": {},
              "uuid": "30cece20-6431-4614-b9f0-bef7e46da0d1",
              "parentUUID": "2e450de6-743d-4f35-9d3d-0a30e04ebd4d",
              "isHook": false,
              "skipped": false
            },
            {
              "title": "Asset : Invoice",
              "fullTitle": "Test case for allSoftware Asset : Invoice",
              "timedOut": null,
              "duration": 3524,
              "state": "passed",
              "speed": "fast",
              "pass": true,
              "fail": false,
              "pending": false,
              "context": null,
              "code": "let InvoiceDes = 'Invoice for customers and manage payment and ledger history.';\ncy.Modules(`#invoice ${one.moduleNameID}`, _helper.modules.invoice, `#invoice  ${one.moduleDescID}`, InvoiceDes, `#invoice ${one.modOpnbtnID}`, one.moduleHeader, _helper.modules.invoice);",
              "err": {},
              "uuid": "50ea2e5f-f643-471c-850a-df0bfa8799bd",
              "parentUUID": "2e450de6-743d-4f35-9d3d-0a30e04ebd4d",
              "isHook": false,
              "skipped": false
            }
          ],
          "suites": [],
          "passes": [
            "f23779a1-271f-4b58-95d2-ca486e44db1d",
            "05354c1e-0433-4573-a043-2804452f60d2",
            "815e3473-e4d0-4d3e-8e15-4e62064801b6",
            "eae6fe81-775b-4857-b119-5c11c8cbe41c",
            "30cece20-6431-4614-b9f0-bef7e46da0d1",
            "50ea2e5f-f643-471c-850a-df0bfa8799bd"
          ],
          "failures": [],
          "pending": [],
          "skipped": [],
          "duration": 18656,
          "root": false,
          "rootEmpty": false,
          "_timeout": 2000
        }
      ],
      "passes": [],
      "failures": [],
      "pending": [],
      "skipped": [],
      "duration": 0,
      "root": true,
      "rootEmpty": true,
      "_timeout": 2000
    },
    {
      "uuid": "a40f4733-7af6-463e-ae0a-e253e6fe9607",
      "title": "",
      "fullFile": "cypress\\e2e\\one\\myAccount\\addUser.js",
      "file": "cypress\\e2e\\one\\myAccount\\addUser.js",
      "beforeHooks": [],
      "afterHooks": [],
      "tests": [],
      "suites": [
        {
          "uuid": "f912d0a0-2938-4d4d-a4e9-c1740e518fc7",
          "title": "Add User functionality test",
          "fullFile": "cypress\\e2e\\one\\myAccount\\addUser.js",
          "file": "cypress\\e2e\\one\\myAccount\\addUser.js",
          "beforeHooks": [],
          "afterHooks": [],
          "tests": [
            {
              "title": "Test with a valid unique Valid email",
              "fullTitle": "Add User functionality test Test with a valid unique Valid email",
              "timedOut": null,
              "duration": 9444,
              "state": "passed",
              "speed": "medium",
              "pass": true,
              "fail": false,
              "pending": false,
              "context": null,
              "code": "cyGet('[placeholder=\"Email id\"]').type(uniqueEmail);\ncy.contains(\"Select permission template\").click();\ncy.wait(\"@getTemplate\", {\n  timeout: 10000\n}).then(({\n  response\n}) => {\n  let teplateName = response.body.result.values.map(ele => ele.label);\n  // cy.log(teplateName)\n  cy.wrap(teplateName).as(\"templates\");\n  if (response.body.result.values.length > 0) {\n    cy.assetDropdownSel(teplateName[0]).should(\"have.text\", teplateName[0]);\n  }\n  customElements;\n});\ncyGet(\"@templates\").then(response => {\n  templateLabel = response;\n});\ncyGet(lead.typeBtn).contains(\"Save\").click();\n// cy.pause()\ncyGet('.MuiSnackbarContent-message').should(\"have.text\", messages.requestSuccess);",
              "err": {},
              "uuid": "c4dddd0d-f542-40de-930f-1a304781931f",
              "parentUUID": "f912d0a0-2938-4d4d-a4e9-c1740e518fc7",
              "isHook": false,
              "skipped": false
            },
            {
              "title": "Test with a invalid email",
              "fullTitle": "Add User functionality test Test with a invalid email",
              "timedOut": null,
              "duration": 2606,
              "state": "passed",
              "speed": "fast",
              "pass": true,
              "fail": false,
              "pending": false,
              "context": null,
              "code": "let randomString_1 = Math.random().toString(36).substring(2, 11);\nlet uniqueEmail_1 = `testuser${randomString_1}example.com`;\ncy.get('[placeholder=\"Email id\"]').type(uniqueEmail_1);\ncy.contains(\"Select permission template\").click();\ncy.get('[data-testid=\"chipinput-chip-nkx7xamrs\"]').trigger('mouseover');\ncy.wait(500);\ncy.get('.MuiTooltip-tooltip').should('have.text', 'Email is not valid.');",
              "err": {},
              "uuid": "a48d9b0f-6e0a-4a7c-b71f-b79ff61ba6e0",
              "parentUUID": "f912d0a0-2938-4d4d-a4e9-c1740e518fc7",
              "isHook": false,
              "skipped": false
            },
            {
              "title": "Test with a Exist email",
              "fullTitle": "Add User functionality test Test with a Exist email",
              "timedOut": null,
              "duration": 2337,
              "state": "passed",
              "speed": "fast",
              "pass": true,
              "fail": false,
              "pending": false,
              "context": null,
              "code": "cy.get('[placeholder=\"Email id\"]').type(uniqueEmail);\ncy.contains(\"Select permission template\").click();\ncy.get('[data-testid=\"chipinput-chip-nkx7xamrs\"]').trigger('mouseover');\ncy.get('.MuiTooltip-tooltip').should('have.text', 'User already exist.');\ncy.get(lead.typeBtn).contains(\"Save\").should(\"be.disabled\");",
              "err": {},
              "uuid": "5256b5bb-1906-47ed-b75a-3cf9b51f50be",
              "parentUUID": "f912d0a0-2938-4d4d-a4e9-c1740e518fc7",
              "isHook": false,
              "skipped": false
            },
            {
              "title": "Test For addTemplate from Add user page",
              "fullTitle": "Add User functionality test Test For addTemplate from Add user page",
              "timedOut": null,
              "duration": 1853,
              "state": "passed",
              "speed": "fast",
              "pass": true,
              "fail": false,
              "pending": false,
              "context": null,
              "code": "//  cy.componentLabel(lead.formLabel, \"Select permission template\", \"button\").click()\ncy.get('[data-testid=\"button-typography-8x5inumxs\"]').first().click(); //select the template\n// cy.assetDropdownSel(templateLabel[0]).click()\ncy.get('[data-testid=\"dropdown-footer\"]').contains('Add template').click(); // add new template\n// cy.contains('Add template').click();\ncy.url().should('eq', `${Cypress.env(\"url\")}/template`);\ncy.contains('Create').should('be.visible').should('not.be.disabled').click();",
              "err": {},
              "uuid": "53ac3237-3843-4137-9605-8285c8d977e6",
              "parentUUID": "f912d0a0-2938-4d4d-a4e9-c1740e518fc7",
              "isHook": false,
              "skipped": false
            }
          ],
          "suites": [],
          "passes": [
            "c4dddd0d-f542-40de-930f-1a304781931f",
            "a48d9b0f-6e0a-4a7c-b71f-b79ff61ba6e0",
            "5256b5bb-1906-47ed-b75a-3cf9b51f50be",
            "53ac3237-3843-4137-9605-8285c8d977e6"
          ],
          "failures": [],
          "pending": [],
          "skipped": [],
          "duration": 16240,
          "root": false,
          "rootEmpty": false,
          "_timeout": 2000
        }
      ],
      "passes": [],
      "failures": [],
      "pending": [],
      "skipped": [],
      "duration": 0,
      "root": true,
      "rootEmpty": true,
      "_timeout": 2000
    },
    {
      "uuid": "6af46746-413a-4b7a-9327-2d7dda23308e",
      "title": "",
      "fullFile": "cypress\\e2e\\one\\myAccount\\manageTemplate.js",
      "file": "cypress\\e2e\\one\\myAccount\\manageTemplate.js",
      "beforeHooks": [],
      "afterHooks": [],
      "tests": [],
      "suites": [
        {
          "uuid": "1bee9fba-5197-4bbb-8238-428edfeffc0f",
          "title": "Manage User functionality test",
          "fullFile": "cypress\\e2e\\one\\myAccount\\manageTemplate.js",
          "file": "cypress\\e2e\\one\\myAccount\\manageTemplate.js",
          "beforeHooks": [],
          "afterHooks": [],
          "tests": [
            {
              "title": "Check system default required field should be already required and should not be changeable  ",
              "fullTitle": "Manage User functionality test Check system default required field should be already required and should not be changeable  ",
              "timedOut": null,
              "duration": 0,
              "state": "pending",
              "speed": null,
              "pass": false,
              "fail": false,
              "pending": true,
              "context": null,
              "code": "cy.get('[placeholder=\"search....\"]').type(uniqueTemplateName);\ncy.get('table> tbody').children(\"tr\").contains(uniqueTemplateName).next().click();\ncy.get(\"#edit\").click();\ncy.wait(1000);\ncy.get('input[placeholder=\"Enter template name\"]').clear().type(uniqueTemplateNameupdated);\ncy.get('[role=\"list\"] [type=\"button\"]').click();\ncy.wait('@getPipelines', {\n  timeout: 10000\n}).then(interception => {\n  const responseBody = interception.response.body;\n  const leadName = responseBody.result.values[0].label;\n  cy.get(`${lead.chooseOptions} > :nth-child(2)`).click();\n  cy.contains(leadName).click();\n  cy.get('[data-testid=\"recordaccesstable-tablebody-circtrpwp\"] > [data-testid=\"ownershiprow-tablerow-6gy8mx6fe\"] > :nth-child(4) > [data-testid=\"ownershiprow-checkbox-y6wgiibo8\"] > .PrivateSwitchBase-input');\n  cy.get('[data-testid=\"ownershiprow-tablecell-jgp2w36xa\"] button').eq(1).click();\n  cy.wait(\"@tempFieldsList\", {\n    timeout: 10000\n  }).then(({\n    response\n  }) => {\n    const fieldLabel = response.body.result.values.map(ele => ele.label);\n    const fieldId = response.body.result.values.map(ele => ele.id);\n    cy.log(fieldLabel[0]);\n    cy.get('input[placeholder=\"Search...\"]').type(fieldLabel[0]);\n    cy.get(`[data-rbd-draggable-id=\"${fieldId[0]}\"] > .MuiGrid-root > :nth-child(2) > :nth-child(1) button`).click();\n    cy.contains('Required').should('have.class', 'Mui-disabled');\n    cy.get('[data-testid=\"bupopper-dialogactions-0zh9xps0l\"]').find('[data-testid=\"Cancel\"]').click();\n    cy.get('#send').click();\n    cy.get(lead.typeBtn).contains(\"Save\").click();\n  });\n  // })\n});",
              "err": {},
              "uuid": "baf4537a-7cae-45b7-ae9e-ea69e79a9471",
              "parentUUID": "1bee9fba-5197-4bbb-8238-428edfeffc0f",
              "isHook": false,
              "skipped": false
            }
          ],
          "suites": [
            {
              "uuid": "86c48eb6-3a78-4f71-a37c-ae62cedaae54",
              "title": "Add Template",
              "fullFile": "",
              "file": "",
              "beforeHooks": [],
              "afterHooks": [],
              "tests": [
                {
                  "title": "Verify the selected software and available softwares on the Create Template page",
                  "fullTitle": "Manage User functionality test Add Template Verify the selected software and available softwares on the Create Template page",
                  "timedOut": null,
                  "duration": 7665,
                  "state": "passed",
                  "speed": "medium",
                  "pass": true,
                  "fail": false,
                  "pending": false,
                  "context": null,
                  "code": "cy.visit(`${Cypress.env(\"url\")}/profile?tab=manageTemplate`);\ncyGet(globalSel.createtestid).contains(\"Create\").click();\ncy.wait(\"@modulePermission\", {\n  timeout: 10000\n}).then(({\n  response\n}) => {\n  const [firstModule, ...availableModules] = response.body.result.add;\n  cyGet(`[data-testid=\"permissionsoftwarelist-typography-ftrzexyr7\"]`).should(\"contain.text\", \"Selected software\");\n  cyGet(`[data-testid=\"permissionsoftwarelist-menulist-aafxej4yj\"]`).first().find('[data-testid=\"permissionsoftwarelist-typography-zackmqq0q\"]').should('contain.text', formatModuleName(firstModule)); // e.g. Lead Management\n  availableModules.forEach(module => {\n    cyGet('[data-testid=\"permissionsoftwarelist-menulist-2qkcm4j30\"]').find(`[data-testid=\"permissionsoftwarelist-typography-86cpoqkhp\"]`).should('contain.text', formatModuleName(module));\n  });\n});",
                  "err": {},
                  "uuid": "686e9fbb-4a77-46a5-8ad1-ae728782254b",
                  "parentUUID": "86c48eb6-3a78-4f71-a37c-ae62cedaae54",
                  "isHook": false,
                  "skipped": false
                },
                {
                  "title": "Add user template",
                  "fullTitle": "Manage User functionality test Add Template Add user template",
                  "timedOut": null,
                  "duration": 9824,
                  "state": "passed",
                  "speed": "medium",
                  "pass": true,
                  "fail": false,
                  "pending": false,
                  "context": null,
                  "code": "cy.visit(`${Cypress.env(\"url\")}/profile?tab=manageTemplate`);\ncyGet(globalSel.createtestid).contains(\"Create\").click();\n// Fill template name\nbutextField(`[data-testid=\"index-textfield-fm1l89cxe\"]`, `label`).contains(\"Template name\");\nbutextField(`[data-testid=\"index-textfield-fm1l89cxe\"]`, `input[placeholder=\"Enter template name\"]`).type(uniqueTemplateName);\n// Open dropdown and select pipeline\nbudropdown(`[data-testid=\"managepermission-stack-m3in09ace\"] > :first`, `[data-testid=\"button-typography-8x5inumxs\"]`, `Select Pipeline`);\ncy.wait(\"@getPipelines\", {\n  timeout: 10000\n}).then(({\n  response\n}) => {\n  const pipelines = response.body.result.values.map(ele => ele.label);\n  const firstPipeline = pipelines[0];\n  // Search if more than 5 pipelines\n  if (pipelines.length > 5) {\n    buSearchbox(globalSel.search, firstPipeline);\n  }\n  budropdownOption(firstPipeline).first().click();\n  // Verify ownership permissions UI\n  cyGet('[data-testid=\"ownershiprow-iconbutton-ph6ah241c\"]').click();\n  cy.contains('thead', 'Permission');\n  cy.contains('thead', 'Owner only');\n  cy.contains('thead', 'Everything');\n  cy.contains('thead', 'Select fields');\n  cy.contains('tr', firstPipeline);\n  // View permission should be checked and disabled\n  cy.contains('tr', 'View').find('input[type=\"checkbox\"]').eq(0).should('be.checked').and('be.disabled');\n  // Save\n  buSaveButton().click();\n});",
                  "err": {},
                  "uuid": "f927c053-e0ef-49b0-975a-b8c2418e611c",
                  "parentUUID": "86c48eb6-3a78-4f71-a37c-ae62cedaae54",
                  "isHook": false,
                  "skipped": false
                }
              ],
              "suites": [],
              "passes": [
                "686e9fbb-4a77-46a5-8ad1-ae728782254b",
                "f927c053-e0ef-49b0-975a-b8c2418e611c"
              ],
              "failures": [],
              "pending": [],
              "skipped": [],
              "duration": 17489,
              "root": false,
              "rootEmpty": false,
              "_timeout": 2000
            },
            {
              "uuid": "a740bd45-4418-4f5c-b9e4-27217fce3379",
              "title": "Assign and Edit Template",
              "fullFile": "",
              "file": "",
              "beforeHooks": [],
              "afterHooks": [],
              "tests": [
                {
                  "title": "Assign Template to user",
                  "fullTitle": "Manage User functionality test Assign and Edit Template Assign Template to user",
                  "timedOut": null,
                  "duration": 13494,
                  "state": "passed",
                  "speed": "slow",
                  "pass": true,
                  "fail": false,
                  "pending": false,
                  "context": null,
                  "code": "cy.visit(`${Cypress.env(\"url\")}/profile?tab=manageUsers`);\ncy.wait(\"@userGrid\", {\n  timeout: 10000\n}).then(({\n  response\n}) => {\n  var _user, _user2;\n  user = response.body.result.values.find(ele => ele.role === \"std\");\n  if (!user) {\n    this.skip();\n  }\n  cy.intercept('GET', `**/crew/users//${user.id}`).as('getUserById');\n  cyGet(`[data-testid=\"activitybar-textfield-8eiuz4v4a\"] input`).type((_user = user) === null || _user === void 0 ? void 0 : _user.label);\n  onesecondWait();\n  cy.contains('tr', (_user2 = user) === null || _user2 === void 0 ? void 0 : _user2.label).find(`[data-testid=\"Action\"]`).click();\n  cyGet(\"#edit\").click({\n    force: true\n  });\n  twosecondWait();\n  cy.wait(\"@getUserById\").then(({\n    response\n  }) => {\n    const assignedTemplate = response.body.result.profile.template.label;\n    cyGet(`[data-testid=\"chipinput-iconbutton-ycchky4nm\"]`).click();\n    cy.wait(\"@getTempalte\", {\n      timeout: 10000\n    }).then(({\n      response\n    }) => {\n      const totalTemplates = response.body.result.pages.totalRecords;\n      const templates = response.body.result.values.map(ele => ele.label);\n      if (assignedTemplate === \"No template\") {\n        userTemplate = templates[0];\n        if (totalTemplates > 5) {\n          buSearchbox(globalSel.search, userTemplate);\n        }\n        budropdownOption(userTemplate, `[data-testid=\"buchip-chip-5r51zm55o\"]`).click();\n      } else {\n        userTemplate = templates.find(ele => ele !== assignedTemplate);\n        if (totalTemplates > 5) {\n          buSearchbox(globalSel.search, userTemplate);\n        }\n        budropdownOption(userTemplate, `[data-testid=\"buchip-chip-5r51zm55o\"]`).click();\n      }\n      twosecondWait();\n      buSaveButton().click();\n      cyGet('.MuiSnackbarContent-message').should(\"contain.text\", \"User Permissions Updated\");\n      logout();\n      // cy.clearCookies();\n    });\n  });\n});",
                  "err": {},
                  "uuid": "6e13ac39-18ca-47b4-bb97-4d3ed0d7ad54",
                  "parentUUID": "a740bd45-4418-4f5c-b9e4-27217fce3379",
                  "isHook": false,
                  "skipped": false
                },
                {
                  "title": "Verify if the standard user has permission to create a record.",
                  "fullTitle": "Manage User functionality test Assign and Edit Template Verify if the standard user has permission to create a record.",
                  "timedOut": null,
                  "duration": 15820,
                  "state": "passed",
                  "speed": "slow",
                  "pass": true,
                  "fail": false,
                  "pending": false,
                  "context": null,
                  "code": "cy.visit(`${Cypress.env(\"url\")}/profile?tab=manageTemplate`);\npermission(userTemplate).then(permissionResult => {\n  var _user3;\n  const assignedPipeline = Object.keys(permissionResult.auth.lms.lead.manageRecords);\n  const recordPermission = permissionResult.auth.lms.lead.manageRecords[assignedPipeline[0]];\n  const create = recordPermission.create;\n  setPermissionOnRoleSwitch(create, false, \"Create\", 0);\n  // Login with standard user\n  cy.login((_user3 = user) === null || _user3 === void 0 ? void 0 : _user3.email);\n  cy.visit(`${Cypress.env(\"lmsUrl\")}/leads`);\n  cyGet(`[data-testid=\"Create Lead\"]`).should(\"not.be.disabled\");\n  logout();\n  cy.clearCookies();\n});",
                  "err": {},
                  "uuid": "c12a1bf8-b2e6-4d06-b7ac-3de3bf4fdb5f",
                  "parentUUID": "a740bd45-4418-4f5c-b9e4-27217fce3379",
                  "isHook": false,
                  "skipped": false
                },
                {
                  "title": "Verify if the standard user has permission to import the record.",
                  "fullTitle": "Manage User functionality test Assign and Edit Template Verify if the standard user has permission to import the record.",
                  "timedOut": null,
                  "duration": 4920,
                  "state": "failed",
                  "speed": null,
                  "pass": false,
                  "fail": true,
                  "pending": false,
                  "context": null,
                  "code": "cy.visit(`${Cypress.env(\"url\")}/profile?tab=manageTemplate`);\npermission(userTemplate).then(permissionResult => {\n  var _user4;\n  const assignedPipeline = Object.keys(permissionResult.auth.lms.lead.manageRecords);\n  const recordPermission = permissionResult.auth.lms.lead.manageRecords[assignedPipeline[0]];\n  const imp = recordPermission.import;\n  setPermissionOnRoleSwitch(imp, false, \"Import\", 0);\n  // Login with standard user\n  cy.login((_user4 = user) === null || _user4 === void 0 ? void 0 : _user4.email);\n  cy.visit(`${Cypress.env(\"lmsUrl\")}/leads`);\n  cyGet(`[data-testid=\"Import\"]`).should(\"not.be.disabled\");\n  logout();\n  cy.clearCookies();\n});",
                  "err": {
                    "message": "TypeError: Cannot read properties of undefined (reading 'id')",
                    "estack": "TypeError: Cannot read properties of undefined (reading 'id')\n    at Context.eval (webpack://bu-testing/./cypress/helpers/permissions.js:9:57)",
                    "diff": null
                  },
                  "uuid": "fa4ef3a5-77c3-4c83-8a8f-20953fd8f59f",
                  "parentUUID": "a740bd45-4418-4f5c-b9e4-27217fce3379",
                  "isHook": false,
                  "skipped": false
                },
                {
                  "title": "Verify if the standard user has permission to activity of record.",
                  "fullTitle": "Manage User functionality test Assign and Edit Template Verify if the standard user has permission to activity of record.",
                  "timedOut": null,
                  "duration": 28278,
                  "state": "failed",
                  "speed": null,
                  "pass": false,
                  "fail": true,
                  "pending": false,
                  "context": null,
                  "code": "cy.visit(`${Cypress.env(\"url\")}/profile?tab=manageTemplate`);\npermission(userTemplate).then(permissionResult => {\n  var _user5;\n  const assignedPipeline = Object.keys(permissionResult.auth.lms.lead.manageRecords);\n  const recordPermission = permissionResult.auth.lms.lead.manageRecords[assignedPipeline[0]];\n  const activity = recordPermission.activity;\n  setPermissionOnRoleSwitch(activity, false, \"Activity\", 0);\n  // Login with standard user\n  cy.login((_user5 = user) === null || _user5 === void 0 ? void 0 : _user5.email);\n  cy.visit(`${Cypress.env(\"lmsUrl\")}/leads`);\n  cyGet(`[data-testid=\"buelementgroup-box-n1f8dc7ag\"] [aria-label=\"Split view\"]`).click();\n  cyGet(`[data-testid=\"communicationbar-box-951cbwqi4\"]`).find(`[aria-label=\"Activities\"]`);\n  logout();\n  cy.clearCookies();\n});",
                  "err": {
                    "message": "AssertionError: Timed out retrying after 10000ms: Expected to find element: `[data-testid=\"buelementgroup-box-n1f8dc7ag\"] [aria-label=\"Split view\"]`, but never found it.",
                    "estack": "AssertionError: Timed out retrying after 10000ms: Expected to find element: `[data-testid=\"buelementgroup-box-n1f8dc7ag\"] [aria-label=\"Split view\"]`, but never found it.\n    at cyGet (webpack://bu-testing/./cypress/helpers/global.js:10:47)\n    at Context.eval (webpack://bu-testing/./cypress/e2e/one/myAccount/manageTemplate.js:192:8)",
                    "diff": null
                  },
                  "uuid": "d3cf37b5-ae27-4ca9-9ca3-24de05703a81",
                  "parentUUID": "a740bd45-4418-4f5c-b9e4-27217fce3379",
                  "isHook": false,
                  "skipped": false
                },
                {
                  "title": "Verify if the standard user has permission to Whatsapp.",
                  "fullTitle": "Manage User functionality test Assign and Edit Template Verify if the standard user has permission to Whatsapp.",
                  "timedOut": null,
                  "duration": 33415,
                  "state": "passed",
                  "speed": "slow",
                  "pass": true,
                  "fail": false,
                  "pending": false,
                  "context": null,
                  "code": "cy.visit(`${Cypress.env(\"url\")}/profile?tab=manageTemplate`);\npermission(userTemplate).then(permissionResult => {\n  var _user6;\n  const assignedPipeline = Object.keys(permissionResult.auth.lms.lead.manageRecords);\n  const recordPermission = permissionResult.auth.lms.lead.manageRecords[assignedPipeline[0]];\n  const wa = recordPermission.wa;\n  setPermissionOnRoleSwitch(wa, false, \"Whatsapp\", 0);\n  // Login with standard user\n  cy.login((_user6 = user) === null || _user6 === void 0 ? void 0 : _user6.email);\n  // twosecondWait()\n  cy.visit(`${Cypress.env(\"lmsUrl\")}/leads`);\n  cyGet(`[data-testid=\"buelementgroup-box-n1f8dc7ag\"] [aria-label=\"Split view\"]`).click();\n  cyGet('[data-testid=\"communicationbar-box-951cbwqi4\"]').find(`[aria-label=\"Whatsapp\"]`);\n  logout();\n  cy.clearCookies();\n});",
                  "err": {},
                  "uuid": "e8d36ad4-afd0-49ab-813d-1ea2f6af8c79",
                  "parentUUID": "a740bd45-4418-4f5c-b9e4-27217fce3379",
                  "isHook": false,
                  "skipped": false
                },
                {
                  "title": "Verify if the standard user has not permission to create a record.",
                  "fullTitle": "Manage User functionality test Assign and Edit Template Verify if the standard user has not permission to create a record.",
                  "timedOut": null,
                  "duration": 25069,
                  "state": "passed",
                  "speed": "slow",
                  "pass": true,
                  "fail": false,
                  "pending": false,
                  "context": null,
                  "code": "cy.visit(`${Cypress.env(\"url\")}/profile?tab=manageTemplate`);\npermission(userTemplate).then(permissionResult => {\n  var _user7;\n  const assignedPipeline = Object.keys(permissionResult.auth.lms.lead.manageRecords);\n  const recordPermission = permissionResult.auth.lms.lead.manageRecords[assignedPipeline[0]];\n  const create = recordPermission.create;\n  setPermissionOnRoleSwitch(create, true, \"Create\", 0);\n  // Login with standard user\n  cy.login((_user7 = user) === null || _user7 === void 0 ? void 0 : _user7.email);\n  cy.visit(`${Cypress.env(\"lmsUrl\")}/leads`);\n  cyGet(`[data-testid=\"Create Lead\"]`).should(\"be.disabled\");\n  logout();\n  cy.clearCookies();\n});",
                  "err": {},
                  "uuid": "d2f69f16-f3fc-49ba-901e-d645d3f60f99",
                  "parentUUID": "a740bd45-4418-4f5c-b9e4-27217fce3379",
                  "isHook": false,
                  "skipped": false
                },
                {
                  "title": "Verify if the standard user has not permission to import the record.",
                  "fullTitle": "Manage User functionality test Assign and Edit Template Verify if the standard user has not permission to import the record.",
                  "timedOut": null,
                  "duration": 27779,
                  "state": "passed",
                  "speed": "slow",
                  "pass": true,
                  "fail": false,
                  "pending": false,
                  "context": null,
                  "code": "cy.visit(`${Cypress.env(\"url\")}/profile?tab=manageTemplate`);\npermission(userTemplate).then(permissionResult => {\n  var _user8;\n  const assignedPipeline = Object.keys(permissionResult.auth.lms.lead.manageRecords);\n  const recordPermission = permissionResult.auth.lms.lead.manageRecords[assignedPipeline[0]];\n  const imp = recordPermission.import;\n  setPermissionOnRoleSwitch(imp, true, \"Import\", 0);\n  // Login with standard user\n  cy.login((_user8 = user) === null || _user8 === void 0 ? void 0 : _user8.email);\n  cy.visit(`${Cypress.env(\"lmsUrl\")}/leads`);\n  cyGet(`[data-testid=\"Import\"]`).should(\"be.disabled\");\n  logout();\n  cy.clearCookies();\n});",
                  "err": {},
                  "uuid": "f7e1e3d7-f251-4db7-a4f2-9fed1cd72436",
                  "parentUUID": "a740bd45-4418-4f5c-b9e4-27217fce3379",
                  "isHook": false,
                  "skipped": false
                }
              ],
              "suites": [],
              "passes": [
                "6e13ac39-18ca-47b4-bb97-4d3ed0d7ad54",
                "c12a1bf8-b2e6-4d06-b7ac-3de3bf4fdb5f",
                "e8d36ad4-afd0-49ab-813d-1ea2f6af8c79",
                "d2f69f16-f3fc-49ba-901e-d645d3f60f99",
                "f7e1e3d7-f251-4db7-a4f2-9fed1cd72436"
              ],
              "failures": [
                "fa4ef3a5-77c3-4c83-8a8f-20953fd8f59f",
                "d3cf37b5-ae27-4ca9-9ca3-24de05703a81"
              ],
              "pending": [],
              "skipped": [],
              "duration": 148775,
              "root": false,
              "rootEmpty": false,
              "_timeout": 2000
            },
            {
              "uuid": "6ffa7a65-bba9-44d5-902c-49d6288deac9",
              "title": "Delete TemPlate functionality",
              "fullFile": "",
              "file": "",
              "beforeHooks": [],
              "afterHooks": [],
              "tests": [
                {
                  "title": "Delete Template",
                  "fullTitle": "Manage User functionality test Delete TemPlate functionality Delete Template",
                  "timedOut": null,
                  "duration": 20152,
                  "state": "failed",
                  "speed": null,
                  "pass": false,
                  "fail": true,
                  "pending": false,
                  "context": null,
                  "code": "let msg1 = \"Delete template\";\nlet msg2 = \"Are you sure you want to delete this Template ?\";\ncy.visit(`${Cypress.env(\"url\")}/profile?tab=manageTemplate`);\ncy.wait(\"@templateGrid\", {\n  timeout: 10000\n}).then(({\n  response\n}) => {\n  const unAssignedTemplate = response.body.result.values.filter(ele => ele.assignedTo.length === 0);\n  if (unAssignedTemplate.length > 0) {\n    cyGet(`[data-testid=\"templatelist-textfield-e9dj43sha\"] input`).type(unAssignedTemplate[0].label);\n    cy.contains('tr', unAssignedTemplate[0].label).find(`[data-testid=\"Action\"]`).click();\n    cyGet(\"#delete\").click();\n    buCaption(`[role=\"dialog\"]`, `#customized-dialog-title p`, msg1, `[role=\"dialog\"] [data-testid=\"deletetemplate-typography-5sxlboqg8\"]`, msg2);\n    cyGet(`[data-testid=\"Delete\"]`).click();\n  } else {\n    cy.log(`Teplate not available for delete`);\n  }\n});",
                  "err": {
                    "message": "AssertionError: Timed out retrying after 10000ms: Expected to find element: `#delete`, but never found it.",
                    "estack": "AssertionError: Timed out retrying after 10000ms: Expected to find element: `#delete`, but never found it.\n    at cyGet (webpack://bu-testing/./cypress/helpers/global.js:10:47)\n    at Context.eval (webpack://bu-testing/./cypress/e2e/one/myAccount/manageTemplate.js:294:10)",
                    "diff": null
                  },
                  "uuid": "e6075f9d-0906-4584-a1bb-595a02c58ff4",
                  "parentUUID": "6ffa7a65-bba9-44d5-902c-49d6288deac9",
                  "isHook": false,
                  "skipped": false
                },
                {
                  "title": "Assigned Tempale should not be delete",
                  "fullTitle": "Manage User functionality test Delete TemPlate functionality Assigned Tempale should not be delete",
                  "timedOut": null,
                  "duration": 8276,
                  "state": "passed",
                  "speed": "medium",
                  "pass": true,
                  "fail": false,
                  "pending": false,
                  "context": null,
                  "code": "cy.visit(`${Cypress.env(\"url\")}/profile?tab=manageTemplate`);\ncy.wait(\"@templateGrid\", {\n  timeout: 10000\n}).then(({\n  response\n}) => {\n  const assignedTemplate = response.body.result.values.filter(ele => ele.assignedTo.length > 0);\n  if (assignedTemplate.length > 0) {\n    cyGet(`[data-testid=\"templatelist-textfield-e9dj43sha\"] input`).type(assignedTemplate[0].label);\n    cy.contains('tr', assignedTemplate[0].label).find(`[data-testid=\"Action\"]`).click();\n    cy.get(\"#delete\").should(\"have.attr\", \"aria-disabled\", \"true\");\n  } else {\n    cy.log(`Teplate not available for delete`);\n  }\n});",
                  "err": {},
                  "uuid": "60920562-acbc-4cb4-be40-068046fe06f9",
                  "parentUUID": "6ffa7a65-bba9-44d5-902c-49d6288deac9",
                  "isHook": false,
                  "skipped": false
                }
              ],
              "suites": [],
              "passes": [
                "60920562-acbc-4cb4-be40-068046fe06f9"
              ],
              "failures": [
                "e6075f9d-0906-4584-a1bb-595a02c58ff4"
              ],
              "pending": [],
              "skipped": [],
              "duration": 28428,
              "root": false,
              "rootEmpty": false,
              "_timeout": 2000
            }
          ],
          "passes": [],
          "failures": [],
          "pending": [
            "baf4537a-7cae-45b7-ae9e-ea69e79a9471"
          ],
          "skipped": [],
          "duration": 0,
          "root": false,
          "rootEmpty": false,
          "_timeout": 2000
        }
      ],
      "passes": [],
      "failures": [],
      "pending": [],
      "skipped": [],
      "duration": 0,
      "root": true,
      "rootEmpty": true,
      "_timeout": 2000
    },
    {
      "uuid": "237f564a-d7d2-4b05-a3f9-1470adfcf9de",
      "title": "",
      "fullFile": "cypress\\e2e\\one\\myAccount\\manageUser.js",
      "file": "cypress\\e2e\\one\\myAccount\\manageUser.js",
      "beforeHooks": [],
      "afterHooks": [],
      "tests": [],
      "suites": [
        {
          "uuid": "cb826ca9-5c46-4179-9a44-69df2afefb81",
          "title": "search User functionality test",
          "fullFile": "cypress\\e2e\\one\\myAccount\\manageUser.js",
          "file": "cypress\\e2e\\one\\myAccount\\manageUser.js",
          "beforeHooks": [],
          "afterHooks": [],
          "tests": [
            {
              "title": "Search user by search user functionality on second page",
              "fullTitle": "search User functionality test Search user by search user functionality on second page",
              "timedOut": null,
              "duration": 7780,
              "state": "passed",
              "speed": "medium",
              "pass": true,
              "fail": false,
              "pending": false,
              "context": null,
              "code": "cy.wait(\"@userList\", {\n  timeout: 10000\n}).then(({\n  response\n}) => {\n  const userName = response.body.result.values.filter(ele => ele.status > 0);\n  const user = userName.slice(-1)[0];\n  cy.get('[placeholder=\"search....\"]').type(user.label);\n  cy.wait(\"@userList\", {\n    timeout: 10000\n  }).then(({\n    response\n  }) => {\n    expect(response.body.result.values[0]).has.property(\"label\", user.label);\n  });\n});",
              "err": {},
              "uuid": "fc05655a-0fc5-40f0-b37d-2355e4722c3b",
              "parentUUID": "cb826ca9-5c46-4179-9a44-69df2afefb81",
              "isHook": false,
              "skipped": false
            }
          ],
          "suites": [],
          "passes": [
            "fc05655a-0fc5-40f0-b37d-2355e4722c3b"
          ],
          "failures": [],
          "pending": [],
          "skipped": [],
          "duration": 7780,
          "root": false,
          "rootEmpty": false,
          "_timeout": 2000
        }
      ],
      "passes": [],
      "failures": [],
      "pending": [],
      "skipped": [],
      "duration": 0,
      "root": true,
      "rootEmpty": true,
      "_timeout": 2000
    },
    {
      "uuid": "d1bb7e48-6e14-4220-a65d-d7efc33c786f",
      "title": "",
      "fullFile": "cypress\\e2e\\one\\myAccount\\profile.js",
      "file": "cypress\\e2e\\one\\myAccount\\profile.js",
      "beforeHooks": [],
      "afterHooks": [],
      "tests": [],
      "suites": [
        {
          "uuid": "494ef5ad-be9e-4ffa-9a91-3f25eb710959",
          "title": "Verify My Profile Page",
          "fullFile": "cypress\\e2e\\one\\myAccount\\profile.js",
          "file": "cypress\\e2e\\one\\myAccount\\profile.js",
          "beforeHooks": [],
          "afterHooks": [],
          "tests": [
            {
              "title": "Update user name and verify with profile",
              "fullTitle": "Verify My Profile Page Update user name and verify with profile",
              "timedOut": null,
              "duration": 7697,
              "state": "passed",
              "speed": "medium",
              "pass": true,
              "fail": false,
              "pending": false,
              "context": null,
              "code": "const UpdatedUsername = faker.person.fullName();\ncyGet(\"#name-label\").should(\"have.text\", \"Name *\");\ncyGet('input#name').should(\"have.attr\", \"required\");\ncyGet('input#name').clear().type(UpdatedUsername);\ncyGet('.MuiSnackbarContent-message').should(\"have.text\", \"Updated successfully.\");\ncy.reload();\ncy.wait(500);\ncy.contains(`${UpdatedUsername}'s Profile`).should('be.visible');",
              "err": {},
              "uuid": "9960c76f-8e14-4245-a5df-d2f2756d7f61",
              "parentUUID": "494ef5ad-be9e-4ffa-9a91-3f25eb710959",
              "isHook": false,
              "skipped": false
            },
            {
              "title": "User name should be required",
              "fullTitle": "Verify My Profile Page User name should be required",
              "timedOut": null,
              "duration": 1233,
              "state": "passed",
              "speed": "fast",
              "pass": true,
              "fail": false,
              "pending": false,
              "context": null,
              "code": "cy.get('input[placeholder=\"Name\"]').clear();\ncy.get('#name-helper-text').should('have.text', \"Field is required!\");",
              "err": {},
              "uuid": "15b94351-a14e-490b-9fff-2684bf941b5c",
              "parentUUID": "494ef5ad-be9e-4ffa-9a91-3f25eb710959",
              "isHook": false,
              "skipped": false
            },
            {
              "title": "Verify email Address",
              "fullTitle": "Verify My Profile Page Verify email Address",
              "timedOut": null,
              "duration": 1121,
              "state": "passed",
              "speed": "fast",
              "pass": true,
              "fail": false,
              "pending": false,
              "context": null,
              "code": "cy.componentLabel('#email-label', \"Email address\", \"input\").should(\"have.value\", Cypress.env(\"email\"));",
              "err": {},
              "uuid": "8640db4a-80c2-4209-be7c-c75fe0038d85",
              "parentUUID": "494ef5ad-be9e-4ffa-9a91-3f25eb710959",
              "isHook": false,
              "skipped": false
            },
            {
              "title": "Update Mobile number",
              "fullTitle": "Verify My Profile Page Update Mobile number",
              "timedOut": null,
              "duration": 2483,
              "state": "passed",
              "speed": "fast",
              "pass": true,
              "fail": false,
              "pending": false,
              "context": null,
              "code": "cy.get('#mobile-label').should(\"have.text\", \"Mobile number *\");\n// cy.get('#mobile').should(\"have.attr\", \"required\");\ncy.get('#mobile').clear().type(faker.string.numeric(10));\ncy.get('.MuiSnackbarContent-message').should(\"have.text\", \"Updated successfully.\");",
              "err": {},
              "uuid": "e0a31991-acec-40a5-b79f-fb7c9a1d523a",
              "parentUUID": "494ef5ad-be9e-4ffa-9a91-3f25eb710959",
              "isHook": false,
              "skipped": false
            },
            {
              "title": "Mobile number should be in mobile number format",
              "fullTitle": "Verify My Profile Page Mobile number should be in mobile number format",
              "timedOut": null,
              "duration": 2502,
              "state": "passed",
              "speed": "fast",
              "pass": true,
              "fail": false,
              "pending": false,
              "context": null,
              "code": "cy.get('#mobile').clear();\ncy.get('#mobile').type('wesfd');\ncy.get('#mobile-helper-text').should('have.text', \"Mobile number is not valid\");\ncy.get('.MuiSnackbarContent-message').should('have.text', \"Invalid mobile\");",
              "err": {},
              "uuid": "730c3a62-d9ea-4399-a5b4-48d8cb47f378",
              "parentUUID": "494ef5ad-be9e-4ffa-9a91-3f25eb710959",
              "isHook": false,
              "skipped": false
            },
            {
              "title": "Verify that total listed user is equal to Total users",
              "fullTitle": "Verify My Profile Page Verify that total listed user is equal to Total users",
              "timedOut": null,
              "duration": 1076,
              "state": "passed",
              "speed": "fast",
              "pass": true,
              "fail": false,
              "pending": false,
              "context": null,
              "code": "cy.wait(\"@usersList\").then(({\n  response\n}) => {\n  let totalCount = response.body.result.pages.totalRecords;\n  cy.get('[role=\"tabpanel\"] > :nth-child(1) > :nth-child(2) > :nth-child(1) > :nth-child(1) > :nth-child(2) ').contains(totalCount);\n});",
              "err": {},
              "uuid": "8a7cab0c-f523-49b4-8c73-e47b9197e3a3",
              "parentUUID": "494ef5ad-be9e-4ffa-9a91-3f25eb710959",
              "isHook": false,
              "skipped": false
            }
          ],
          "suites": [],
          "passes": [
            "9960c76f-8e14-4245-a5df-d2f2756d7f61",
            "15b94351-a14e-490b-9fff-2684bf941b5c",
            "8640db4a-80c2-4209-be7c-c75fe0038d85",
            "e0a31991-acec-40a5-b79f-fb7c9a1d523a",
            "730c3a62-d9ea-4399-a5b4-48d8cb47f378",
            "8a7cab0c-f523-49b4-8c73-e47b9197e3a3"
          ],
          "failures": [],
          "pending": [],
          "skipped": [],
          "duration": 16112,
          "root": false,
          "rootEmpty": false,
          "_timeout": 2000
        }
      ],
      "passes": [],
      "failures": [],
      "pending": [],
      "skipped": [],
      "duration": 0,
      "root": true,
      "rootEmpty": true,
      "_timeout": 2000
    },
    {
      "uuid": "98216cc5-e413-4560-ba6f-1fa90eb51d62",
      "title": "",
      "fullFile": "cypress\\e2e\\lms\\setting\\1_pipeline\\1_create.js",
      "file": "cypress\\e2e\\lms\\setting\\1_pipeline\\1_create.js",
      "beforeHooks": [],
      "afterHooks": [],
      "tests": [],
      "suites": [
        {
          "uuid": "765385bd-fa6e-4515-aa08-6c210f0dca9e",
          "title": "Nevigate the setting page and create pipeline",
          "fullFile": "cypress\\e2e\\lms\\setting\\1_pipeline\\1_create.js",
          "file": "cypress\\e2e\\lms\\setting\\1_pipeline\\1_create.js",
          "beforeHooks": [],
          "afterHooks": [],
          "tests": [
            {
              "title": "Pipeline name can't be blank",
              "fullTitle": "Nevigate the setting page and create pipeline Pipeline name can't be blank",
              "timedOut": null,
              "duration": 7497,
              "state": "passed",
              "speed": "medium",
              "pass": true,
              "fail": false,
              "pending": false,
              "context": null,
              "code": "busimpledropdown(pipelineSel.options, messages.pipAction, globalSel.create, messages.newPip);\nbutextField(pipelineSel.piptextfield, \"input\").click();\ncy.get('.MuiFormHelperText-root').should(\"contain\", `${messages.blankPip}.`);\nbuButton(globalSel.savetestid).should(\"be.disabled\").click({\n  force: true\n});\ncy.get('.MuiTooltip-tooltip').should(\"contain\", `${messages.blankPip}.`);",
              "err": {},
              "uuid": "fb9594f0-3961-4b1f-a2f1-c0b3a54a1cef",
              "parentUUID": "765385bd-fa6e-4515-aa08-6c210f0dca9e",
              "isHook": false,
              "skipped": false
            },
            {
              "title": "Pipeline already exist ",
              "fullTitle": "Nevigate the setting page and create pipeline Pipeline already exist ",
              "timedOut": null,
              "duration": 4005,
              "state": "passed",
              "speed": "fast",
              "pass": true,
              "fail": false,
              "pending": false,
              "context": null,
              "code": "cy.wait(\"@getPipeline\").then(({\n  response\n}) => {\n  let piplabel = response.body.result.values[0].label;\n  busimpledropdown(pipelineSel.options, messages.pipAction, globalSel.create, messages.newPip);\n  butextField(pipelineSel.piptextfield, \"input\").type(piplabel);\n});\ncy.get('.MuiFormHelperText-root').should(\"have.text\", messages.existsPip);\nbuButton(globalSel.savetestid).should(\"be.disabled\").click({\n  force: true\n});\ncy.get('.MuiTooltip-tooltip').should(\"contain\", messages.existsPip);",
              "err": {},
              "uuid": "42b6cbed-1281-4bed-bf72-8e852877f257",
              "parentUUID": "765385bd-fa6e-4515-aa08-6c210f0dca9e",
              "isHook": false,
              "skipped": false
            },
            {
              "title": "Add new pipeline",
              "fullTitle": "Nevigate the setting page and create pipeline Add new pipeline",
              "timedOut": null,
              "duration": 3708,
              "state": "passed",
              "speed": "fast",
              "pass": true,
              "fail": false,
              "pending": false,
              "context": null,
              "code": "busimpledropdown(pipelineSel.options, messages.pipAction, globalSel.create, messages.newPip);\nbutextField(pipelineSel.piptextfield, \"input\").type(`${faker.commerce.product()}-${new Date().valueOf()}`);\nbuButton(globalSel.savetestid).should(\"not.be.disabled\").click();",
              "err": {},
              "uuid": "a99ab6b4-b412-4062-8359-3066b6b8c122",
              "parentUUID": "765385bd-fa6e-4515-aa08-6c210f0dca9e",
              "isHook": false,
              "skipped": false
            },
            {
              "title": "Should pipeline selectable",
              "fullTitle": "Nevigate the setting page and create pipeline Should pipeline selectable",
              "timedOut": null,
              "duration": 0,
              "state": "pending",
              "speed": null,
              "pass": false,
              "fail": false,
              "pending": true,
              "context": null,
              "code": "cy.wait(\"@getPipeline\").then(({\n  response\n}) => {\n  let pipelines = response.body.result.values;\n  let lastPip = pipelines[pipelines.length - 1].label;\n  // cy.log(`Total Pipelines: ${pipelines.length}`);\n  // cy.log(`Last Item: ${lastPip}`);\n  if (pipelines.length > 5) {\n    cy.get('[data-testid=\"pipeline-box-hlum28yao\"] > [data-testid=\"budropdown-box-ty1opau5a\"] > [data-testid=\"button-box-72cmtvy8r\"] > .MuiButtonBase-root > .MuiButton-icon > [data-testid=\"button-stack-alorzfaoj\"] > [data-testid=\"busvgicon-svgicon-5xuxnhkcv\"]').click();\n    cy.get('[data-testid=\"searchbox-textfield-8k19ikenc\"]').type(lastPip);\n  } else {\n    cy.get('[data-testid=\"pipeline-box-hlum28yao\"] > [data-testid=\"budropdown-box-ty1opau5a\"] > [data-testid=\"button-box-72cmtvy8r\"] > .MuiButtonBase-root > .MuiButton-icon > [data-testid=\"button-stack-alorzfaoj\"] > [data-testid=\"busvgicon-svgicon-5xuxnhkcv\"]').click();\n    cy.contains(lastPip).click();\n  }\n});",
              "err": {},
              "uuid": "fde6330e-c031-47a1-91ff-c4f94e17116f",
              "parentUUID": "765385bd-fa6e-4515-aa08-6c210f0dca9e",
              "isHook": false,
              "skipped": false
            }
          ],
          "suites": [],
          "passes": [
            "fb9594f0-3961-4b1f-a2f1-c0b3a54a1cef",
            "42b6cbed-1281-4bed-bf72-8e852877f257",
            "a99ab6b4-b412-4062-8359-3066b6b8c122"
          ],
          "failures": [],
          "pending": [
            "fde6330e-c031-47a1-91ff-c4f94e17116f"
          ],
          "skipped": [],
          "duration": 15210,
          "root": false,
          "rootEmpty": false,
          "_timeout": 2000
        }
      ],
      "passes": [],
      "failures": [],
      "pending": [],
      "skipped": [],
      "duration": 0,
      "root": true,
      "rootEmpty": true,
      "_timeout": 2000
    },
    {
      "uuid": "8b8d2f20-e759-483f-9248-7d7e8f72dfb9",
      "title": "",
      "fullFile": "cypress\\e2e\\lms\\setting\\1_pipeline\\2_rename.js",
      "file": "cypress\\e2e\\lms\\setting\\1_pipeline\\2_rename.js",
      "beforeHooks": [],
      "afterHooks": [],
      "tests": [],
      "suites": [
        {
          "uuid": "821c6a80-46d2-49da-99c5-9f5caf3943fe",
          "title": "Nevigate the setting page and rename pipeline",
          "fullFile": "cypress\\e2e\\lms\\setting\\1_pipeline\\2_rename.js",
          "file": "cypress\\e2e\\lms\\setting\\1_pipeline\\2_rename.js",
          "beforeHooks": [],
          "afterHooks": [],
          "tests": [
            {
              "title": "Rename pipeline",
              "fullTitle": "Nevigate the setting page and rename pipeline Rename pipeline",
              "timedOut": null,
              "duration": 8001,
              "state": "passed",
              "speed": "medium",
              "pass": true,
              "fail": false,
              "pending": false,
              "context": null,
              "code": "let editedPIpLabel = `${faker.commerce.product()}-${new Date().valueOf()}`;\ncy.wait(\"@getPipeline\", {\n  timeout: 10000\n}).then(({\n  response\n}) => {\n  let pipLabel = response.body.result.values.map(ele => ele.label);\n  budropdown(globalSel.settinglayoutbox, `button ${globalSel.buttonTypography}`, pipLabel[0]);\n  busimpledropdown(pipelineSel.options, messages.pipAction, globalSel.rename, messages.renamePip);\n  cy.get(\"#customized-dialog-title p\").should(\"have.text\", messages.renamePip);\n  butextField(pipelineSel.renamepiptextfield, \"label\").should(\"have.text\", messages.renamePip);\n  butextField(pipelineSel.renamepiptextfield, \"input\").should(\"have.value\", pipLabel[0]);\n  cy.get(globalSel.helpertext).should(\"have.text\", messages.existsPip1);\n  buButton(globalSel.renametestid).should(\"be.disabled\");\n  // Rename the pipeline name\n  butextField(pipelineSel.renamepiptextfield, \"input\").clear().type(editedPIpLabel);\n  buButton(globalSel.renametestid).click();\n  cy.get('.MuiSnackbarContent-message').should(\"have.text\", messages.updated);\n});",
              "err": {},
              "uuid": "13ce7567-c58c-4142-84ac-b02230293e3d",
              "parentUUID": "821c6a80-46d2-49da-99c5-9f5caf3943fe",
              "isHook": false,
              "skipped": false
            },
            {
              "title": "Pipeline already exist",
              "fullTitle": "Nevigate the setting page and rename pipeline Pipeline already exist",
              "timedOut": null,
              "duration": 3460,
              "state": "passed",
              "speed": "fast",
              "pass": true,
              "fail": false,
              "pending": false,
              "context": null,
              "code": "cy.wait(\"@getPipeline\", {\n  timeout: 10000\n}).then(({\n  response\n}) => {\n  let pipLabel = response.body.result.values.map(ele => ele.label);\n  budropdown(globalSel.settinglayoutbox, `button ${globalSel.buttonTypography}`, pipLabel[0]);\n  busimpledropdown(pipelineSel.options, messages.pipAction, globalSel.rename, messages.renamePip);\n  butextField(pipelineSel.renamepiptextfield, \"input\").clear().type(pipLabel[1]);\n  cy.get(globalSel.helpertext).should(\"have.text\", messages.existsPip1);\n  buButton(globalSel.renametestid).should(\"be.disabled\").and(\"have.text\", \"Rename\");\n});",
              "err": {},
              "uuid": "688233f1-ad7d-4868-91a9-eda4ce3c8c4c",
              "parentUUID": "821c6a80-46d2-49da-99c5-9f5caf3943fe",
              "isHook": false,
              "skipped": false
            },
            {
              "title": "Pipeline name cant't be blank",
              "fullTitle": "Nevigate the setting page and rename pipeline Pipeline name cant't be blank",
              "timedOut": null,
              "duration": 1420,
              "state": "passed",
              "speed": "fast",
              "pass": true,
              "fail": false,
              "pending": false,
              "context": null,
              "code": "cy.wait(\"@getPipeline\", {\n  timeout: 10000\n}).then(({\n  response\n}) => {\n  let pipLabel = response.body.result.values.map(ele => ele.label);\n  budropdown(globalSel.settinglayoutbox, `button ${globalSel.buttonTypography}`, pipLabel[0]);\n  busimpledropdown(pipelineSel.options, messages.pipAction, globalSel.rename, messages.renamePip);\n  butextField(pipelineSel.renamepiptextfield, \"input\").clear();\n  cy.get(globalSel.helpertext).should(\"have.text\", messages.blankPip);\n  buButton(globalSel.renametestid).should(\"be.disabled\").and(\"have.text\", \"Rename\");\n});",
              "err": {},
              "uuid": "53fd162b-58bd-47a0-bb60-bc6f376609a7",
              "parentUUID": "821c6a80-46d2-49da-99c5-9f5caf3943fe",
              "isHook": false,
              "skipped": false
            }
          ],
          "suites": [],
          "passes": [
            "13ce7567-c58c-4142-84ac-b02230293e3d",
            "688233f1-ad7d-4868-91a9-eda4ce3c8c4c",
            "53fd162b-58bd-47a0-bb60-bc6f376609a7"
          ],
          "failures": [],
          "pending": [],
          "skipped": [],
          "duration": 12881,
          "root": false,
          "rootEmpty": false,
          "_timeout": 2000
        }
      ],
      "passes": [],
      "failures": [],
      "pending": [],
      "skipped": [],
      "duration": 0,
      "root": true,
      "rootEmpty": true,
      "_timeout": 2000
    },
    {
      "uuid": "656e4ab0-5eb5-4953-8a7b-a598df152c17",
      "title": "",
      "fullFile": "cypress\\e2e\\lms\\setting\\1_pipeline\\3_reorder.js",
      "file": "cypress\\e2e\\lms\\setting\\1_pipeline\\3_reorder.js",
      "beforeHooks": [],
      "afterHooks": [],
      "tests": [],
      "suites": [
        {
          "uuid": "46413486-6a60-4cb0-b877-917c6c590b1e",
          "title": "Navigate the setting page and reorder pipeline",
          "fullFile": "cypress\\e2e\\lms\\setting\\1_pipeline\\3_reorder.js",
          "file": "cypress\\e2e\\lms\\setting\\1_pipeline\\3_reorder.js",
          "beforeHooks": [],
          "afterHooks": [],
          "tests": [
            {
              "title": "Reorder pipeline",
              "fullTitle": "Navigate the setting page and reorder pipeline Reorder pipeline",
              "timedOut": null,
              "duration": 8243,
              "state": "passed",
              "speed": "medium",
              "pass": true,
              "fail": false,
              "pending": false,
              "context": null,
              "code": "const movements = 1;\nconst subHeadingText = `You can Create/ Rename/ Delete Pipeline for ${asset} only.`;\nbuCaption(pipelineSel.captionbox, pipelineSel.captionHeading, `${asset}s`, pipelineSel.captionSubHeading, subHeadingText);\n// cy.get(\"#app-routes p\").contains(\"leads\")\n// cy.get('.MuiTypography-caption').contains(\"You can Create/ Rename/ Delete Pipeline for lead only.\")\ncy.wait(1000);\nbusimpledropdown(pipelineSel.options, messages.pipAction, globalSel.reorder, messages.reorderPip);\n// cy.get('.MuiPaper-root > :nth-child(2) > div > .MuiButtonBase-root').should(\"have.text\", \"Options\").click()\n// cy.get(\"#reorder\").click()\n// get the pipeline-id using intercept and wait method\ncy.wait(\"@getPipeline\").then(({\n  response\n}) => {\n  let pipId = response.body.result.values.map(ele => ele.id);\n  cy.get(`[data-rbd-draggable-id=${pipId[0]}]`).as('item');\n  cy.get('@item').invoke('attr', 'data-rbd-drag-handle-draggable-id').as('item-id');\n  cy.get('@item').invoke('attr', 'tabindex').as('item-index').should('equal', '0');\n  // lift the element\n  cy.get('@item').focus().trigger('keydown', {\n    keyCode: 32\n  }).get('@item'); // need to re-query for a clone\n  cy.wrap(Array.from({\n    length: movements\n  })).each(() => {\n    cy.get('@item').trigger('keydown', {\n      keyCode: 40,\n      force: true\n    }).wait(1000);\n  });\n  // drop an element\n  cy.get('@item').trigger('keydown', {\n    keyCode: 32,\n    force: true\n  });\n  cy.get('@item-id').then(() => {\n    cy.get(`[data-rbd-draggable-id=${pipId[0]}]`).invoke('attr', 'tabindex');\n  });\n  // cy.get('#cancel').should(\"have.text\", \"Cancel\")\n  // cy.get(\"#save\").click()\n  buButton(globalSel.canceltestid).should(\"have.text\", \"Cancel\");\n  buButton(globalSel.savetestid).should(\"have.text\", \"Save\").click({\n    force: true\n  });\n});",
              "err": {},
              "uuid": "95c296d9-b700-4226-a91a-278ce34fb52a",
              "parentUUID": "46413486-6a60-4cb0-b877-917c6c590b1e",
              "isHook": false,
              "skipped": false
            }
          ],
          "suites": [],
          "passes": [
            "95c296d9-b700-4226-a91a-278ce34fb52a"
          ],
          "failures": [],
          "pending": [],
          "skipped": [],
          "duration": 8243,
          "root": false,
          "rootEmpty": false,
          "_timeout": 2000
        }
      ],
      "passes": [],
      "failures": [],
      "pending": [],
      "skipped": [],
      "duration": 0,
      "root": true,
      "rootEmpty": true,
      "_timeout": 2000
    },
    {
      "uuid": "0d644e80-1b3a-43e1-993f-0d6393c46f8c",
      "title": "",
      "fullFile": "cypress\\e2e\\lms\\setting\\1_pipeline\\4_stage.js",
      "file": "cypress\\e2e\\lms\\setting\\1_pipeline\\4_stage.js",
      "beforeHooks": [],
      "afterHooks": [],
      "tests": [],
      "suites": [
        {
          "uuid": "1d20c4ae-3ea1-420f-b3e7-4f4decba143e",
          "title": "Stage functionality test for pipeline",
          "fullFile": "cypress\\e2e\\lms\\setting\\1_pipeline\\4_stage.js",
          "file": "cypress\\e2e\\lms\\setting\\1_pipeline\\4_stage.js",
          "beforeHooks": [],
          "afterHooks": [],
          "tests": [
            {
              "title": "Add new stage",
              "fullTitle": "Stage functionality test for pipeline Add new stage",
              "timedOut": null,
              "duration": 9217,
              "state": "passed",
              "speed": "medium",
              "pass": true,
              "fail": false,
              "pending": false,
              "context": null,
              "code": "const stageName = `${faker.commerce.productName()}-${new Date().valueOf()}`;\nconst subHeadingText = `You can Create/ Rename/ Delete Pipeline for ${asset} only.`;\nbuCaption(pipelineSel.captionbox, pipelineSel.captionHeading, `${asset}s`, pipelineSel.captionSubHeading, subHeadingText);\nonesecondWait();\nbuButton(`[data-testid=\"Add a ${asset} Stage\"]`).should(\"have.text\", `Add a ${asset} Stage`).click();\ncyGet(`${globalSel.inputItemtextfield}`).find(`input[value='']`).type(stageName);\nonesecondWait();\nbuSaveButton().should(\"have.text\", \"Save\").click();\ncyGet(globalSel.SnackbarMessage).invoke('text').should('include', messages.requestSuccess);",
              "err": {},
              "uuid": "c9d3fa76-ea58-4764-ae43-d33a8e8fdc70",
              "parentUUID": "1d20c4ae-3ea1-420f-b3e7-4f4decba143e",
              "isHook": false,
              "skipped": false
            },
            {
              "title": "Stage can't be empty.",
              "fullTitle": "Stage functionality test for pipeline Stage can't be empty.",
              "timedOut": null,
              "duration": 1309,
              "state": "passed",
              "speed": "fast",
              "pass": true,
              "fail": false,
              "pending": false,
              "context": null,
              "code": "buButton(`[data-testid=\"Add a ${asset} Stage\"]`).should(\"have.text\", `Add a ${asset} Stage`).click();\nbuSaveButton().should(\"be.disabled\").trigger(\"mouseover\", {\n  force: true\n});\ncyGet(globalSel.tooltip).invoke('text').should('include', \"Stage can't be empty.\");",
              "err": {},
              "uuid": "55572970-20fa-441b-880e-4299b9932b1f",
              "parentUUID": "1d20c4ae-3ea1-420f-b3e7-4f4decba143e",
              "isHook": false,
              "skipped": false
            },
            {
              "title": "Stage can't be duplicate.",
              "fullTitle": "Stage functionality test for pipeline Stage can't be duplicate.",
              "timedOut": null,
              "duration": 2526,
              "state": "passed",
              "speed": "fast",
              "pass": true,
              "fail": false,
              "pending": false,
              "context": null,
              "code": "buButton(`[data-testid=\"Add a ${asset} Stage\"]`).should(\"have.text\", `Add a ${asset} Stage`).click();\ncy.wait(\"@getStage\", {\n  timeout: 10000\n}).then(({\n  response\n}) => {\n  const stageName = response.body.result.values.map(ele => ele.label);\n  cyGet(`${globalSel.inputItemtextfield}`).find(`input[value='']`).click().type(stageName[0]);\n});\nbuSaveButton().should(\"be.disabled\").trigger(\"mouseover\", {\n  force: true\n});\ncyGet(globalSel.tooltip).invoke('text').should('include', \"Duplicate stage name.\");",
              "err": {},
              "uuid": "a2176944-82b8-46dc-add3-cf043062dc2c",
              "parentUUID": "1d20c4ae-3ea1-420f-b3e7-4f4decba143e",
              "isHook": false,
              "skipped": false
            },
            {
              "title": "edit stage",
              "fullTitle": "Stage functionality test for pipeline edit stage",
              "timedOut": null,
              "duration": 3827,
              "state": "passed",
              "speed": "fast",
              "pass": true,
              "fail": false,
              "pending": false,
              "context": null,
              "code": "const stageName = `${faker.commerce.productName()}-${new Date().valueOf()}`;\ncyGet(`${globalSel.inputItemtextfield} input`).last().clear();\ncyGet(`${globalSel.inputItemtextfield} input`).last().type(stageName);\nbuSaveButton().should(\"have.text\", \"Save\").click();\ncyGet(globalSel.SnackbarMessage).invoke('text').should('include', messages.requestSuccess);",
              "err": {},
              "uuid": "b449cf8b-992a-4ef4-ba71-a1254c4900bf",
              "parentUUID": "1d20c4ae-3ea1-420f-b3e7-4f4decba143e",
              "isHook": false,
              "skipped": false
            },
            {
              "title": "delete stage",
              "fullTitle": "Stage functionality test for pipeline delete stage",
              "timedOut": null,
              "duration": 4964,
              "state": "passed",
              "speed": "fast",
              "pass": true,
              "fail": false,
              "pending": false,
              "context": null,
              "code": "let stageName = `${faker.commerce.productName()}-${new Date().valueOf()}`;\nconst msg2 = \"Are you sure! Want to delete this Stage?\";\nbuButton(`[data-testid=\"Add a ${asset} Stage\"]`).click();\ncyGet(`${globalSel.inputItemtextfield}`).find(`input[value='']`).click().type(stageName);\nbuSaveButton().should(\"have.text\", \"Save\").click();\nonesecondWait();\ncyGet(`${pipelineSel.stageDelIconBtn}`).last().click();\nbuCaption(globalSel.dialogTitle, globalSel.dialogTitleText, \"Delete Stage\", pipelineSel.deletestagecaption, msg2);\nbuButton(`[data-testid=\"Delete Stage\"]`).click();",
              "err": {},
              "uuid": "62c871bc-c2c3-4151-968c-ecd907271ac5",
              "parentUUID": "1d20c4ae-3ea1-420f-b3e7-4f4decba143e",
              "isHook": false,
              "skipped": false
            },
            {
              "title": "Stage should not be deleted which contains record",
              "fullTitle": "Stage functionality test for pipeline Stage should not be deleted which contains record",
              "timedOut": null,
              "duration": 1386,
              "state": "passed",
              "speed": "fast",
              "pass": true,
              "fail": false,
              "pending": false,
              "context": null,
              "code": "cy.wait(\"@getStage\", {\n  timeout: 10000\n}).then(({\n  response\n}) => {\n  const stageWithCount = response.body.result.values.find(ele => ele.count > 0 && ele.winChance != \"Won\");\n  if (!stageWithCount) {\n    this.skip();\n  }\n  const msg2 = `You need to move ${stageWithCount === null || stageWithCount === void 0 ? void 0 : stageWithCount.count} ${asset} to delete this stage.`;\n  cyGet(`[data-rbd-draggable-id=\"${stageWithCount === null || stageWithCount === void 0 ? void 0 : stageWithCount.id}\"] ${pipelineSel.stageDelIconBtn}`).click({\n    force: true\n  });\n  buCaption(globalSel.dialogTitle, globalSel.dialogTitleText, delNmvStg, pipelineSel.deletestageConfirmatiion, msg2);\n  budropdown(globalSel.dialogContent, globalSel.fieldlabelBox, fieldLabel);\n  budropdownInput(`[data-testid=\"input-muiinput-t8mkcx347\"] input`, stageWithCount === null || stageWithCount === void 0 ? void 0 : stageWithCount.label);\n  buButton(`[data-testid=\"Move ${asset} and delete Stage\"]`).should(\"be.disabled\");\n});",
              "err": {},
              "uuid": "9ac1a504-efb9-4931-a056-b6a87ee7c59d",
              "parentUUID": "1d20c4ae-3ea1-420f-b3e7-4f4decba143e",
              "isHook": false,
              "skipped": false
            },
            {
              "title": "move record and delete stage",
              "fullTitle": "Stage functionality test for pipeline move record and delete stage",
              "timedOut": null,
              "duration": 2797,
              "state": "passed",
              "speed": "fast",
              "pass": true,
              "fail": false,
              "pending": false,
              "context": null,
[...]
              "err": {},
              "uuid": "fb758e52-10cf-48e4-a831-1c90143bc6e4",
              "parentUUID": "9be5370a-ea32-482b-a29c-fd63d2530feb",
              "isHook": false,
              "skipped": false
            },
            {
              "title": "Restore field from field tab",
              "fullTitle": "Nevigate the setting page and delete and restore field Restore field from field tab",
              "timedOut": null,
              "duration": 2008,
              "state": "failed",
              "speed": null,
              "pass": false,
              "fail": true,
              "pending": false,
              "context": null,
              "code": "let title = \"Restore 1 field ?\";\nlet desc = \"Are you sure you want to  restore 1 field ?\";\ncy.visit(`${updatedUrl}/setting/properties`);\ncy.get('[data-testid=\"busimpletabs-tab-6lg4m8h6g\"]', {\n  timeout: 10000\n}).contains(\"Deleted fields\").click();\ncy.wait(\"@binList\", {\n  timeout: 10000\n}).then(({\n  response\n}) => {\n  expect(response.body.result.values).be.length.greaterThan(0);\n  cy.get('[data-testid=\"actions-box-it835w1xf\"] button').first().click();\n  cy.get(\"#restore\").click();\n  roleDialog(lead.dialogTitle, title, lead.dialogDesc, desc, `[data-testid=\"Restore\"]`, \"Restore\");\n});",
              "err": {
                "message": "AssertionError: expected [] to have a length above 0 but got 0",
                "estack": "AssertionError: expected [] to have a length above 0 but got 0\n    at Context.eval (webpack://bu-testing/./cypress/e2e/lms/setting/9_bin/field.js:77:58)",
                "diff": ""
              },
              "uuid": "490869cc-fdc9-4ceb-8526-68beeaee7253",
              "parentUUID": "9be5370a-ea32-482b-a29c-fd63d2530feb",
              "isHook": false,
              "skipped": false
            },
            {
              "title": "Delete field from field tab",
              "fullTitle": "Nevigate the setting page and delete and restore field Delete field from field tab",
              "timedOut": null,
              "duration": 1128,
              "state": "failed",
              "speed": null,
              "pass": false,
              "fail": true,
              "pending": false,
              "context": null,
              "code": "let title = \"Delete 1 field ?\";\nlet desc = \"Are you sure you want to  delete 1 field ?\";\ncy.visit(`${updatedUrl}/setting/properties`);\ncy.get('[data-testid=\"busimpletabs-tab-6lg4m8h6g\"]', {\n  timeout: 10000\n}).contains(\"Deleted fields\").click();\ncy.wait(\"@binList\", {\n  timeout: 10000\n}).then(({\n  response\n}) => {\n  expect(response.body.result.values).be.length.greaterThan(0);\n  cy.get('[data-testid=\"actions-box-it835w1xf\"] button').first().click();\n  cy.get(\"#delete\").click();\n  roleDialog(lead.dialogTitle, title, lead.dialogDesc, desc, `[role=\"dialog\"] ${lead.typeBtn}`, \"Delete\");\n});",
              "err": {
                "message": "AssertionError: expected [] to have a length above 0 but got 0",
                "estack": "AssertionError: expected [] to have a length above 0 but got 0\n    at Context.eval (webpack://bu-testing/./cypress/e2e/lms/setting/9_bin/field.js:90:58)",
                "diff": ""
              },
              "uuid": "cf35ac4a-2993-475d-a0e3-bbf52919a357",
              "parentUUID": "9be5370a-ea32-482b-a29c-fd63d2530feb",
              "isHook": false,
              "skipped": false
            },
            {
              "title": "Filter single line field and verify column with rows us",
              "fullTitle": "Nevigate the setting page and delete and restore field Filter single line field and verify column with rows us",
              "timedOut": null,
              "duration": 4566,
              "state": "failed",
              "speed": null,
              "pass": false,
              "fail": true,
              "pending": false,
              "context": null,
              "code": "cy.visit(`${updatedUrl}/setting/bin`);\ncy.get('[data-testid=\"busimpletabs-tab-6lg4m8h6g\"]', {\n  timeout: 10000\n}).contains(\"Field\").click();\ncy.recordCountOnPage(\"10\");\ncy.get('[aria-label=\"Select field type\"]').click();\nfieldTypeFilterSel(\"Multi line text\");\ncy.get('.MuiButton-endIcon').click();\ncy.wait(\"@binList\");\ncy.wait(\"@binList\");\ncy.wait(\"@binList\", {\n  timeout: 10000\n}).then(({\n  response\n}) => {\n  expect(response.body.result.values).be.length.greaterThan(0);\n  let binFieldLabel = response.body.result.values.map(ele => ele.label);\n  let deletedType = response.body.result.values.map(ele => {\n    return ele.type.charAt(0).toUpperCase() + ele.type.slice(1);\n  });\n  let deletedBy = response.body.result.values.map(ele => ele.deletedBy);\n  let userName = deletedBy.map(key => {\n    let label = key.label;\n    return label;\n  });\n  let fieldTypeArray = Array(binFieldLabel.length).fill(\"Multi line text\");\n  verifyTablecolNrow(lead.thead, 2, \"Field name\", lead.tbody, binFieldLabel);\n  verifyTablecolNrow(lead.thead, 3, \"Field type\", lead.tbody, fieldTypeArray);\n  verifyTablecolNrow(lead.thead, 4, \"Deleted by\", lead.tbody, userName);\n  verifyTablecolNrow(lead.thead, 5, \"Deleted type\", lead.tbody, deletedType);\n});",
              "err": {
                "message": "AssertionError: expected [] to have a length above 0 but got 0",
                "estack": "AssertionError: expected [] to have a length above 0 but got 0\n    at Context.eval (webpack://bu-testing/./cypress/e2e/lms/setting/9_bin/field.js:107:58)",
                "diff": ""
              },
              "uuid": "eaaec4df-c6ad-4138-90dc-eca61977c751",
              "parentUUID": "9be5370a-ea32-482b-a29c-fd63d2530feb",
              "isHook": false,
              "skipped": false
            },
            {
              "title": "Restore field from bin tab",
              "fullTitle": "Nevigate the setting page and delete and restore field Restore field from bin tab",
              "timedOut": null,
              "duration": 2038,
              "state": "failed",
              "speed": null,
              "pass": false,
              "fail": true,
              "pending": false,
              "context": null,
              "code": "let title = \"Restore 1 field ?\";\nlet desc = \"Are you sure you want to restore 1 field ? \";\ncy.visit(`${updatedUrl}/setting/bin`);\ncy.get('[data-testid=\"busimpletabs-tab-6lg4m8h6g\"]', {\n  timeout: 10000\n}).contains(\"Field\").click();\ncy.wait(\"@binList\", {\n  timeout: 10000\n}).then(({\n  response\n}) => {\n  expect(response.body.result.values).be.length.greaterThan(0);\n  cy.get('[data-testid=\"actions-box-it835w1xf\"] button').first().click();\n  cy.get(\"#restore\").click();\n  roleDialog(lead.dialogTitle, title, lead.dialogDesc, desc, `[role=\"dialog\"] ${lead.typeBtn}`, \"Restore\");\n});",
              "err": {
                "message": "AssertionError: expected [] to have a length above 0 but got 0",
                "estack": "AssertionError: expected [] to have a length above 0 but got 0\n    at Context.eval (webpack://bu-testing/./cypress/e2e/lms/setting/9_bin/field.js:131:58)",
                "diff": ""
              },
              "uuid": "60c2441f-c3b4-4d2d-b8cc-5f816f392ace",
              "parentUUID": "9be5370a-ea32-482b-a29c-fd63d2530feb",
              "isHook": false,
              "skipped": false
            },
            {
              "title": "Delete field from bin tab",
              "fullTitle": "Nevigate the setting page and delete and restore field Delete field from bin tab",
              "timedOut": null,
              "duration": 1149,
              "state": "failed",
              "speed": null,
              "pass": false,
              "fail": true,
              "pending": false,
              "context": null,
              "code": "let title = \"Delete 1  field ?\";\nlet desc = \"Are you sure you want to delete 1 field ? \";\ncy.visit(`${updatedUrl}/setting/bin`);\ncy.get('[data-testid=\"busimpletabs-tab-6lg4m8h6g\"]', {\n  timeout: 10000\n}).contains(\"Field\").click();\ncy.wait(\"@binList\", {\n  timeout: 10000\n}).then(({\n  response\n}) => {\n  expect(response.body.result.values).be.length.greaterThan(0);\n  cy.get('[data-testid=\"actions-box-it835w1xf\"] button').first().click();\n  cy.get(\"#delete\").click();\n  roleDialog(lead.dialogTitle, title, lead.dialogDesc, desc, `[role=\"dialog\"] ${lead.typeBtn}`, \"Delete\");\n});",
              "err": {
                "message": "AssertionError: expected [] to have a length above 0 but got 0",
                "estack": "AssertionError: expected [] to have a length above 0 but got 0\n    at Context.eval (webpack://bu-testing/./cypress/e2e/lms/setting/9_bin/field.js:144:58)",
                "diff": ""
              },
              "uuid": "50b331cf-506a-47bc-b9d3-6b29934c1cfb",
              "parentUUID": "9be5370a-ea32-482b-a29c-fd63d2530feb",
              "isHook": false,
              "skipped": false
            }
          ],
          "suites": [],
          "passes": [
            "fb758e52-10cf-48e4-a831-1c90143bc6e4"
          ],
          "failures": [
            "490869cc-fdc9-4ceb-8526-68beeaee7253",
            "cf35ac4a-2993-475d-a0e3-bbf52919a357",
            "eaaec4df-c6ad-4138-90dc-eca61977c751",
            "60c2441f-c3b4-4d2d-b8cc-5f816f392ace",
            "50b331cf-506a-47bc-b9d3-6b29934c1cfb"
          ],
          "pending": [],
          "skipped": [],
          "duration": 20724,
          "root": false,
          "rootEmpty": false,
          "_timeout": 2000
        }
      ],
      "passes": [],
      "failures": [],
      "pending": [],
      "skipped": [],
      "duration": 0,
      "root": true,
      "rootEmpty": true,
      "_timeout": 2000
    },
    {
      "uuid": "b3f32bb1-90f5-4d13-b107-8f052b3a39f2",
      "title": "",
      "fullFile": "cypress\\e2e\\lms\\setting\\9_bin\\record.js",
      "file": "cypress\\e2e\\lms\\setting\\9_bin\\record.js",
      "beforeHooks": [],
      "afterHooks": [],
      "tests": [],
      "suites": [
        {
          "uuid": "bbe829a8-23e1-42b2-b92c-fd0b0f5b059c",
          "title": "Test the functionality of restore approval from bin",
          "fullFile": "cypress\\e2e\\lms\\setting\\9_bin\\record.js",
          "file": "cypress\\e2e\\lms\\setting\\9_bin\\record.js",
          "beforeHooks": [],
          "afterHooks": [],
          "tests": [
            {
              "title": "Check if the Cancel button is working when restoring approval from bin",
              "fullTitle": "Test the functionality of restore approval from bin Check if the Cancel button is working when restoring approval from bin",
              "timedOut": null,
              "duration": 8340,
              "state": "passed",
              "speed": "medium",
              "pass": true,
              "fail": false,
              "pending": false,
              "context": null,
              "code": "cy.get(lead.typeBtn).contains(\"Delete\").should(\"be.disabled\");\ncy.get(lead.typeBtn).contains(\"Restore\").should(\"be.disabled\");\ncy.wait(\"@binRecord\").then(({\n  response\n}) => {\n  let recordLength = response.body.result.values.length;\n  let totalRecord = response.body.result.pages.totalRecords;\n  uidFeild = response.body.result.view.columns.find(fld => fld.prop === \"uid\");\n  const msg1 = `Restore ${recordLength} ${asset} ?`;\n  const msg2 = `Are you sure you want to restore ${recordLength} ${asset} ? `;\n  if (totalRecord === 0) {\n    cy.contains(`tr`, uidFeild.label).find(`input[type=\"checkbox\"]`).should(\"be.disabled\");\n    expect(totalRecord).to.be.eq(0);\n  } else {\n    cy.contains(`tr`, uidFeild.label).find(`input[type=\"checkbox\"]`).check();\n    cy.get(lead.typeBtn).contains(\"Restore\").click();\n    cy.roleDialog(lead.dialogTitle, msg1, lead.dialogDesc, msg2, lead.typeBtn, \"Cancel\");\n    cy.wait(500);\n    cy.get(lead.countOnGrid).contains(totalRecord);\n  }\n});",
              "err": {},
              "uuid": "d72e69eb-59fe-4dc5-a3ef-e809f2e673b5",
              "parentUUID": "bbe829a8-23e1-42b2-b92c-fd0b0f5b059c",
              "isHook": false,
              "skipped": false
            },
            {
              "title": "Restore the approval from bin",
              "fullTitle": "Test the functionality of restore approval from bin Restore the approval from bin",
              "timedOut": null,
              "duration": 6440,
              "state": "failed",
              "speed": null,
              "pass": false,
              "fail": true,
              "pending": false,
              "context": null,
              "code": "cy.wait(\"@binRecord\").then(({\n  response\n}) => {\n  let recordLength = response.body.result.values.length;\n  let totalRecord = response.body.result.pages.totalRecords;\n  let remainsRecord = totalRecord - recordLength;\n  let msg1 = `Restore ${recordLength} lead ?`;\n  let msg2 = `Are you sure you want to restore ${recordLength} lead ? `;\n  if (recordLength === 0) {\n    cy.contains(`tr`, uidFeild.label).find(`input[type=\"checkbox\"]`).should(\"be.disabled\");\n    expect(recordLength).to.be.eq(0);\n  } else {\n    cy.contains(`tr`, uidFeild.label).find(`input[type=\"checkbox\"]`).check();\n    cy.get(lead.typeBtn).contains(\"Restore\").click();\n    cy.roleDialog(lead.dialogTitle, msg1, lead.dialogDesc, msg2, `.MuiDialogActions-root ${lead.typeBtn}`, \"Restore\");\n    cy.get('.MuiSnackbarContent-message').should(\"have.text\", \"Request successful.\");\n    cy.get(lead.countOnGrid).contains(remainsRecord);\n  }\n});",
              "err": {
                "message": "AssertionError: Timed out retrying after 4000ms: expected '<p.MuiTypography-root.MuiTypography-body2.css-u4fxa1>' to have text 'Restore 10 lead ?', but the text was 'Restore 10 approval ?'",
                "estack": "AssertionError: Timed out retrying after 4000ms: expected '<p.MuiTypography-root.MuiTypography-body2.css-u4fxa1>' to have text 'Restore 10 lead ?', but the text was 'Restore 10 approval ?'\n    at Context.eval (webpack://bu-testing/./cypress/support/commands.js:210:21)",
                "diff": "- 'Restore 10 approval ?'\n+ 'Restore 10 lead ?'\n"
              },
              "uuid": "42a7ec3d-d0dc-4d5f-a2ae-4bcbe7518041",
              "parentUUID": "bbe829a8-23e1-42b2-b92c-fd0b0f5b059c",
              "isHook": false,
              "skipped": false
            },
            {
              "title": "Check if the Cancel button is working when deleting approval from bin",
              "fullTitle": "Test the functionality of restore approval from bin Check if the Cancel button is working when deleting approval from bin",
              "timedOut": null,
              "duration": 3701,
              "state": "passed",
              "speed": "fast",
              "pass": true,
              "fail": false,
              "pending": false,
              "context": null,
              "code": "cy.wait(\"@binRecord\").then(({\n  response\n}) => {\n  let recordLength = response.body.result.values.length;\n  let totalRecord = response.body.result.pages.totalRecords;\n  let msg1 = `Delete ${recordLength} ${asset} ?`;\n  let msg2 = `Are you sure you want to delete ${recordLength} ${asset} ? `;\n  if (recordLength === 0) {\n    cy.contains(`tr`, uidFeild.label).find(`input[type=\"checkbox\"]`).should(\"be.disabled\");\n    expect(recordLength).to.be.eq(0);\n  } else {\n    cy.contains(`tr`, uidFeild.label).find(`input[type=\"checkbox\"]`).check();\n    cy.get(lead.typeBtn).contains(\"Delete\").click();\n    cy.roleDialog(lead.dialogTitle, msg1, lead.dialogDesc, msg2, lead.typeBtn, \"Cancel\");\n    cy.wait(500);\n    cy.get(lead.countOnGrid).contains(totalRecord);\n  }\n});",
              "err": {},
              "uuid": "f38788c7-bff6-40e4-8212-7de075170b99",
              "parentUUID": "bbe829a8-23e1-42b2-b92c-fd0b0f5b059c",
              "isHook": false,
              "skipped": false
            },
            {
              "title": "Delete the approval from bin",
              "fullTitle": "Test the functionality of restore approval from bin Delete the approval from bin",
              "timedOut": null,
              "duration": 3137,
              "state": "passed",
              "speed": "fast",
              "pass": true,
              "fail": false,
              "pending": false,
              "context": null,
              "code": "cy.wait(\"@binRecord\").then(({\n  response\n}) => {\n  let recordLength = response.body.result.values.length;\n  let totalRecord = response.body.result.pages.totalRecords;\n  let remainsRecord = totalRecord - recordLength;\n  let msg1 = `Delete ${recordLength} ${asset} ?`;\n  let msg2 = `Are you sure you want to delete ${recordLength} ${asset} ? `;\n  if (recordLength === 0) {\n    cy.contains(`tr`, uidFeild.label).find(`input[type=\"checkbox\"]`).should(\"be.disabled\");\n    expect(recordLength).to.be.eq(0);\n  } else {\n    cy.contains(`tr`, uidFeild.label).find(`input[type=\"checkbox\"]`).check();\n    cy.get(lead.typeBtn).contains(\"Delete\").click();\n    cy.roleDialog(lead.dialogTitle, msg1, lead.dialogDesc, msg2, `[role=\"dialog\"] ${lead.typeBtn}`, \"Delete\");\n    cy.get('.MuiSnackbarContent-message').should(\"have.text\", \"Deleted successfully.\");\n    cy.get(lead.countOnGrid).contains(remainsRecord);\n  }\n});",
              "err": {},
              "uuid": "c406db0b-ac4d-4ad0-8811-f9be90889f63",
              "parentUUID": "bbe829a8-23e1-42b2-b92c-fd0b0f5b059c",
              "isHook": false,
              "skipped": false
            }
          ],
          "suites": [],
          "passes": [
            "d72e69eb-59fe-4dc5-a3ef-e809f2e673b5",
            "f38788c7-bff6-40e4-8212-7de075170b99",
            "c406db0b-ac4d-4ad0-8811-f9be90889f63"
          ],
          "failures": [
            "42a7ec3d-d0dc-4d5f-a2ae-4bcbe7518041"
          ],
          "pending": [],
          "skipped": [],
          "duration": 21618,
          "root": false,
          "rootEmpty": false,
          "_timeout": 2000
        }
      ],
      "passes": [],
      "failures": [],
      "pending": [],
      "skipped": [],
      "duration": 0,
      "root": true,
      "rootEmpty": true,
      "_timeout": 2000
    }
  ],
  "meta": {
    "mocha": {
      "version": "7.0.1"
    },
    "mochawesome": {
      "options": {
        "quiet": false,
        "reportFilename": "[datetime]",
        "saveHtml": false,
        "saveJson": true,
        "consoleReporter": "spec",
        "useInlineDiffs": false,
        "code": true
      },
      "version": "7.1.3"
    },
    "marge": {
      "options": {
        "charts": true,
        "reportPageTitle": "Buopso-UI-Report",
        "embeddedScreenshots": true,
        "inlineAssets": true,
        "saveAllAttempts": false,
        "overwrite": false,
        "reportFilename": "[datetime]",
        "timestamp": "isoDateTime",
        "html": false,
        "json": true,
        "reportDir": "cypress\\reports\\.jsons",
        "saveJson": true
      },
      "version": "6.2.0"
    }
  }
}